1763298269 | ceiling fan (59.2%) | Top-3: fence: 14.1%; harp: 35.9%; canoe: 42.6%
1763298272 | helicopter (60.5%) | Top-3: headphones: 14.7%; bird: 23.4%; book: 11.1%
1763298279 | bread (66.4%) | Top-3: binoculars: 17.2%; arm: 14.5%; flashlight: 15.7%
1763298282 | birthday cake (61.9%) | Top-3: frying pan: 41.9%; axe: 39.1%; frog: 35.1%
1763298290 | bridge (78.9%) | Top-3: The Great Wall of China: 45.8%; grass: 42.2%; chair: 61.2%
1763298293 | helmet (59.6%) | Top-3: flip flops: 30.5%; beach: 15.9%; airplane: 58.8%
1763298296 | hand (59.4%) | Top-3: carrot: 38.5%; axe: 16.6%; binoculars: 52.0%
1763298298 | ceiling fan (71.0%) | Top-3: hot air balloon: 65.2%; bus: 47.5%; belt: 17.2%
1763298301 | dolphin (94.0%) | Top-3: bread: 65.8%; flashlight: 81.1%; chair: 10.5%
1763298304 | cat (66.8%) | Top-3: camera: 54.8%; flower: 61.3%; baseball bat: 24.2%
1763298306 | ceiling fan (58.3%) | Top-3: cell phone: 30.8%; cactus: 51.9%; camel: 48.0%
1763298309 | fan (85.9%) | Top-3: headphones: 44.2%; bear: 30.6%; ear: 83.1%
1763298311 | ear (90.8%) | Top-3: baseball: 47.0%; bee: 52.5%; canoe: 76.5%
1763298319 | feather (79.9%) | Top-3: hand: 43.0%; finger: 42.3%; guitar: 78.1%
1763298322 | bicycle (50.6%) | Top-3: couch: 11.3%; bench: 18.5%; bee: 46.1%
1763298325 | axe (74.3%) | Top-3: cookie: 67.1%; flip flops: 66.9%; camel: 65.9%
1763298328 | fan (93.0%) | Top-3: ambulance: 19.4%; belt: 12.9%; camera: 59.3%
1763298331 | book (87.0%) | Top-3: bulldozer: 27.8%; hot air balloon: 34.2%; brain: 65.9%
1763298334 | boomerang (64.3%) | Top-3: carrot: 58.2%; hand: 36.3%; basketball: 37.8%
1763299630 | The Eiffel Tower (57.0%) | Top-3: hot air balloon: 45.3%; cell phone: 36.0%; bird: 41.1%
1763299633 | camel (58.5%) | Top-3: bat: 31.8%; elephant: 52.2%; The Mona Lisa: 12.8%
1763299637 | bicycle (85.1%) | Top-3: basket: 31.4%; dolphin: 48.0%; computer: 77.7%
1763299638 | hammer (86.2%) | Top-3: airplane: 83.0%; giraffe: 82.6%; duck: 59.4%
1763299640 | butterfly (72.3%) | Top-3: bracelet: 42.3%; finger: 28.7%; duck: 50.2%
1763299643 | aircraft carrier (83.2%) | Top-3: hexagon: 76.9%; bowtie: 37.4%; fence: 30.2%
1763299651 | bush (80.6%) | Top-3: bread: 15.1%; flip flops: 30.6%; fan: 52.1%
1763299654 | basketball (55.1%) | Top-3: camel: 53.7%; floor lamp: 16.5%; The Eiffel Tower: 25.6%
1763299658 | hot air balloon (56.1%) | Top-3: guitar: 42.3%; computer: 40.3%; bee: 28.6%
1763299668 | broccoli (80.6%) | Top-3: alarm clock: 46.5%; bowtie: 80.4%; The Eiffel Tower: 20.4%
1763299672 | drill (74.1%) | Top-3: eraser: 15.5%; finger: 40.8%; floor lamp: 63.4%
1763299674 | flamingo (57.4%) | Top-3: carrot: 56.3%; bucket: 47.7%; fence: 26.8%
1763299676 | arm (52.1%) | Top-3: ceiling fan: 10.8%; flamingo: 15.7%; bush: 26.5%
1763299679 | aircraft carrier (75.2%) | Top-3: flip flops: 65.2%; broccoli: 19.9%; envelope: 54.7%
1763299682 | bicycle (94.8%) | Top-3: drill: 24.9%; ambulance: 52.3%; baseball: 49.9%
1763299685 | bicycle (81.5%) | Top-3: dolphin: 65.8%; camel: 27.9%; hammer: 37.7%
1763299689 | flashlight (72.5%) | Top-3: church: 65.3%; flip flops: 48.4%; frog: 17.6%
1763299692 | butterfly (88.7%) | Top-3: frog: 11.8%; bat: 31.1%; beach: 24.1%
1763299702 | alarm clock (94.7%) | Top-3: dumbbell: 76.7%; eraser: 86.3%; flower: 60.0%
