2025-11-16 09:49:53,139 - PictionaryLive - INFO - ======================================================================
2025-11-16 09:49:53,139 - PictionaryLive - INFO - PICTIONARY LIVE - Inicializando
2025-11-16 09:49:53,139 - PictionaryLive - INFO - ======================================================================
2025-11-16 09:49:53,139 - PictionaryLive - INFO - MediaPipe Hands inicializado
2025-11-16 09:49:53,139 - PictionaryLive - INFO -   Thresholds: detection=0.4, tracking=0.4
2025-11-16 09:49:53,152 - PictionaryLive - INFO - Modelo info cargado: 228 clases
2025-11-16 09:49:53,154 - PictionaryLive - WARNING - Error al cargar sketch_classifier_model.keras: Keras cannot be imported. Check that it is installed.
2025-11-16 09:49:53,156 - PictionaryLive - WARNING - Error al cargar sketch_classifier_model.h5: maximum recursion depth exceeded
2025-11-16 09:49:53,156 - PictionaryLive - INFO - No se encontró modelo, usando predicciones demo
2025-11-16 09:49:53,157 - PictionaryLive - INFO - 
======================================================================
2025-11-16 09:49:53,157 - PictionaryLive - INFO - VALIDACIÓN DE SETUP
2025-11-16 09:49:53,157 - PictionaryLive - INFO - ======================================================================
2025-11-16 09:49:53,193 - PictionaryLive - INFO - ======================================================================

2025-11-16 09:49:53,193 - PictionaryLive - INFO - Aplicación inicializada correctamente
2025-11-16 09:49:53,193 - PictionaryLive - INFO - 
[DRY RUN] Información del modelo:
2025-11-16 09:49:53,193 - PictionaryLive - INFO -   Input shape: (28, 28, 1)
2025-11-16 09:49:53,193 - PictionaryLive - INFO -   Total de clases: 228
2025-11-16 09:49:53,194 - PictionaryLive - INFO -   Primeras 10 clases: ['The Eiffel Tower', 'The Great Wall of China', 'The Mona Lisa', 'aircraft carrier', 'airplane', 'alarm clock', 'ambulance', 'arm', 'asparagus', 'axe']
