2025-11-16 12:06:19,724 - PictionaryLive - INFO - ======================================================================
2025-11-16 12:06:19,724 - PictionaryLive - INFO - PICTIONARY LIVE - Inicializando
2025-11-16 12:06:19,724 - PictionaryLive - INFO - ======================================================================
2025-11-16 12:06:19,724 - PictionaryLive - INFO - MediaPipe Hands inicializado
2025-11-16 12:06:19,724 - PictionaryLive - INFO -   Thresholds: detection=0.2, tracking=0.2
2025-11-16 12:06:19,724 - PictionaryLive - INFO - Modelo info cargado: 3 clases
2025-11-16 12:06:19,724 - PictionaryLive - INFO - No se encontró modelo, usando predicciones demo
2025-11-16 12:06:19,724 - PictionaryLive - INFO - 
======================================================================
2025-11-16 12:06:19,724 - PictionaryLive - INFO - VALIDACIÓN DE SETUP
2025-11-16 12:06:19,724 - PictionaryLive - INFO - ======================================================================
2025-11-16 12:06:19,724 - PictionaryLive - INFO -   [OK] IA folder
2025-11-16 12:06:19,724 - PictionaryLive - INFO -   [OK] model_info.json
2025-11-16 12:06:19,724 - PictionaryLive - INFO -   [OK] Hand Detector
2025-11-16 12:06:19,724 - PictionaryLive - INFO -   [OK] Classifier
2025-11-16 12:06:19,724 - PictionaryLive - INFO -   [OK] Camara 0 (640x480)
2025-11-16 12:06:19,724 - PictionaryLive - INFO - ======================================================================

2025-11-16 12:06:19,724 - PictionaryLive - INFO - Aplicación inicializada correctamente
2025-11-16 12:06:19,738 - PictionaryLive - INFO - ======================================================================
2025-11-16 12:06:19,738 - PictionaryLive - INFO - PICTIONARY LIVE - Inicializando
2025-11-16 12:06:19,738 - PictionaryLive - INFO - ======================================================================
2025-11-16 12:06:19,738 - PictionaryLive - INFO - MediaPipe Hands inicializado
2025-11-16 12:06:19,738 - PictionaryLive - INFO -   Thresholds: detection=0.2, tracking=0.2
2025-11-16 12:06:19,738 - PictionaryLive - INFO - Modelo info cargado: 3 clases
2025-11-16 12:06:19,738 - PictionaryLive - INFO - No se encontró modelo, usando predicciones demo
2025-11-16 12:06:19,738 - PictionaryLive - INFO - 
======================================================================
2025-11-16 12:06:19,738 - PictionaryLive - INFO - VALIDACIÓN DE SETUP
2025-11-16 12:06:19,738 - PictionaryLive - INFO - ======================================================================
2025-11-16 12:06:19,738 - PictionaryLive - INFO -   [OK] IA folder
2025-11-16 12:06:19,738 - PictionaryLive - INFO -   [OK] model_info.json
2025-11-16 12:06:19,738 - PictionaryLive - INFO -   [OK] Hand Detector
2025-11-16 12:06:19,738 - PictionaryLive - INFO -   [OK] Classifier
2025-11-16 12:06:19,738 - PictionaryLive - INFO -   [OK] Camara 0 (640x480)
2025-11-16 12:06:19,738 - PictionaryLive - INFO - ======================================================================

2025-11-16 12:06:19,738 - PictionaryLive - INFO - Aplicación inicializada correctamente
2025-11-16 12:06:19,738 - PictionaryLive - INFO - 
======================================================================
2025-11-16 12:06:19,738 - PictionaryLive - INFO - VALIDACIÓN DE SETUP
2025-11-16 12:06:19,738 - PictionaryLive - INFO - ======================================================================
2025-11-16 12:06:19,738 - PictionaryLive - INFO -   [OK] IA folder
2025-11-16 12:06:19,738 - PictionaryLive - INFO -   [OK] model_info.json
2025-11-16 12:06:19,738 - PictionaryLive - INFO -   [OK] Hand Detector
2025-11-16 12:06:19,738 - PictionaryLive - INFO -   [OK] Classifier
2025-11-16 12:06:19,738 - PictionaryLive - INFO -   [OK] Camara 0 (640x480)
2025-11-16 12:06:19,738 - PictionaryLive - INFO - ======================================================================

2025-11-16 12:06:19,762 - PictionaryLive - INFO - ======================================================================
2025-11-16 12:06:19,762 - PictionaryLive - INFO - PICTIONARY LIVE - Inicializando
2025-11-16 12:06:19,762 - PictionaryLive - INFO - ======================================================================
2025-11-16 12:06:19,762 - PictionaryLive - INFO - MediaPipe Hands inicializado
2025-11-16 12:06:19,762 - PictionaryLive - INFO -   Thresholds: detection=0.2, tracking=0.2
2025-11-16 12:06:19,771 - PictionaryLive - INFO - Modelo info cargado: 3 clases
2025-11-16 12:06:19,772 - PictionaryLive - INFO - No se encontró modelo, usando predicciones demo
2025-11-16 12:06:19,772 - PictionaryLive - INFO - 
======================================================================
2025-11-16 12:06:19,772 - PictionaryLive - INFO - VALIDACIÓN DE SETUP
2025-11-16 12:06:19,772 - PictionaryLive - INFO - ======================================================================
2025-11-16 12:06:19,773 - PictionaryLive - INFO -   [OK] IA folder
2025-11-16 12:06:19,773 - PictionaryLive - INFO -   [OK] model_info.json
2025-11-16 12:06:19,773 - PictionaryLive - INFO -   [OK] Hand Detector
2025-11-16 12:06:19,773 - PictionaryLive - INFO -   [OK] Classifier
2025-11-16 12:06:19,774 - PictionaryLive - WARNING -   [FAIL] Camara 0
2025-11-16 12:06:19,780 - PictionaryLive - INFO - ======================================================================
2025-11-16 12:06:19,780 - PictionaryLive - INFO - PICTIONARY LIVE - Inicializando
2025-11-16 12:06:19,780 - PictionaryLive - INFO - ======================================================================
2025-11-16 12:06:19,789 - PictionaryLive - INFO - MediaPipe Hands inicializado
2025-11-16 12:06:19,789 - PictionaryLive - INFO -   Thresholds: detection=0.2, tracking=0.2
2025-11-16 12:06:19,791 - PictionaryLive - INFO - Modelo info cargado: 3 clases
2025-11-16 12:06:19,792 - PictionaryLive - INFO - No se encontró modelo, usando predicciones demo
2025-11-16 12:06:19,792 - PictionaryLive - INFO - 
======================================================================
2025-11-16 12:06:19,792 - PictionaryLive - INFO - VALIDACIÓN DE SETUP
2025-11-16 12:06:19,792 - PictionaryLive - INFO - ======================================================================
2025-11-16 12:06:19,793 - PictionaryLive - INFO -   [OK] IA folder
2025-11-16 12:06:19,793 - PictionaryLive - INFO -   [OK] model_info.json
2025-11-16 12:06:19,793 - PictionaryLive - INFO -   [OK] Hand Detector
2025-11-16 12:06:19,793 - PictionaryLive - INFO -   [OK] Classifier
2025-11-16 12:06:19,793 - PictionaryLive - INFO - ======================================================================

2025-11-16 12:06:19,793 - PictionaryLive - INFO - Aplicación inicializada correctamente
2025-11-16 12:06:19,793 - PictionaryLive - INFO - 
[DRY RUN] Informacion del modelo:
2025-11-16 12:06:19,793 - PictionaryLive - INFO -   Input shape: (28, 28, 1)
2025-11-16 12:06:19,793 - PictionaryLive - INFO -   Total de clases: 3
2025-11-16 12:06:19,793 - PictionaryLive - INFO -   Primeras 10 clases: ['apple', 'banana', 'car']
2025-11-16 12:06:19,793 - PictionaryLive - INFO - [DRY RUN] Setup validado correctamente - Listo para usar

2025-11-16 12:06:19,802 - PictionaryLive - INFO - ======================================================================
2025-11-16 12:06:19,802 - PictionaryLive - INFO - PICTIONARY LIVE - Inicializando
2025-11-16 12:06:19,802 - PictionaryLive - INFO - ======================================================================
2025-11-16 12:06:19,809 - PictionaryLive - INFO - MediaPipe Hands inicializado
2025-11-16 12:06:19,810 - PictionaryLive - INFO -   Thresholds: detection=0.2, tracking=0.2
2025-11-16 12:06:19,811 - PictionaryLive - INFO - Modelo info cargado: 3 clases
2025-11-16 12:06:19,812 - PictionaryLive - INFO - No se encontró modelo, usando predicciones demo
2025-11-16 12:06:19,812 - PictionaryLive - INFO - 
======================================================================
2025-11-16 12:06:19,812 - PictionaryLive - INFO - VALIDACIÓN DE SETUP
2025-11-16 12:06:19,812 - PictionaryLive - INFO - ======================================================================
2025-11-16 12:06:19,812 - PictionaryLive - INFO -   [OK] IA folder
2025-11-16 12:06:19,813 - PictionaryLive - INFO -   [OK] model_info.json
2025-11-16 12:06:19,813 - PictionaryLive - INFO -   [OK] Hand Detector
2025-11-16 12:06:19,813 - PictionaryLive - INFO -   [OK] Classifier
2025-11-16 12:06:19,813 - PictionaryLive - INFO -   [OK] Camara 0 (640x480)
2025-11-16 12:06:19,814 - PictionaryLive - INFO - ======================================================================

2025-11-16 12:06:19,815 - PictionaryLive - INFO - Aplicación inicializada correctamente
2025-11-16 12:06:19,815 - PictionaryLive - INFO - Cámara inicializada: 640x480 @ 30FPS
2025-11-16 12:06:19,815 - PictionaryLive - INFO - [VIVO] Iniciando captura. Presiona 'q' para salir, 's' para guardar.
2025-11-16 12:06:19,870 - PictionaryLive - INFO - No se detectó mano en este frame
2025-11-16 12:06:19,888 - PictionaryLive - INFO - No se detectó mano en este frame
2025-11-16 12:06:19,888 - PictionaryLive - INFO - Usuario presionó 'q' - saliendo
2025-11-16 12:06:19,888 - PictionaryLive - INFO - 
Aplicación cerrada
2025-11-16 12:06:19,904 - PictionaryLive - INFO - ======================================================================
2025-11-16 12:06:19,904 - PictionaryLive - INFO - PICTIONARY LIVE - Inicializando
2025-11-16 12:06:19,904 - PictionaryLive - INFO - ======================================================================
2025-11-16 12:06:19,904 - PictionaryLive - INFO - MediaPipe Hands inicializado
2025-11-16 12:06:19,904 - PictionaryLive - INFO -   Thresholds: detection=0.2, tracking=0.2
2025-11-16 12:06:19,904 - PictionaryLive - INFO - Modelo info cargado: 3 clases
2025-11-16 12:06:19,920 - PictionaryLive - INFO - No se encontró modelo, usando predicciones demo
2025-11-16 12:06:19,920 - PictionaryLive - INFO - 
======================================================================
2025-11-16 12:06:19,920 - PictionaryLive - INFO - VALIDACIÓN DE SETUP
2025-11-16 12:06:19,920 - PictionaryLive - INFO - ======================================================================
2025-11-16 12:06:19,921 - PictionaryLive - INFO -   [OK] IA folder
2025-11-16 12:06:19,921 - PictionaryLive - INFO -   [OK] model_info.json
2025-11-16 12:06:19,921 - PictionaryLive - INFO -   [OK] Hand Detector
2025-11-16 12:06:19,921 - PictionaryLive - INFO -   [OK] Classifier
2025-11-16 12:06:19,921 - PictionaryLive - INFO -   [OK] Camara 0 (640x480)
2025-11-16 12:06:19,922 - PictionaryLive - INFO - ======================================================================

2025-11-16 12:06:19,922 - PictionaryLive - INFO - Aplicación inicializada correctamente
2025-11-16 12:06:19,922 - PictionaryLive - INFO - Cámara inicializada: 640x480 @ 30FPS
2025-11-16 12:06:19,928 - PictionaryLive - INFO - ======================================================================
2025-11-16 12:06:19,928 - PictionaryLive - INFO - PICTIONARY LIVE - Inicializando
2025-11-16 12:06:19,928 - PictionaryLive - INFO - ======================================================================
2025-11-16 12:06:19,935 - PictionaryLive - INFO - MediaPipe Hands inicializado
2025-11-16 12:06:19,935 - PictionaryLive - INFO -   Thresholds: detection=0.2, tracking=0.2
2025-11-16 12:06:19,938 - PictionaryLive - INFO - Modelo info cargado: 3 clases
2025-11-16 12:06:19,939 - PictionaryLive - INFO - No se encontró modelo, usando predicciones demo
2025-11-16 12:06:19,939 - PictionaryLive - INFO - 
======================================================================
2025-11-16 12:06:19,939 - PictionaryLive - INFO - VALIDACIÓN DE SETUP
2025-11-16 12:06:19,939 - PictionaryLive - INFO - ======================================================================
2025-11-16 12:06:19,940 - PictionaryLive - INFO -   [OK] IA folder
2025-11-16 12:06:19,940 - PictionaryLive - INFO -   [OK] model_info.json
2025-11-16 12:06:19,940 - PictionaryLive - INFO -   [OK] Hand Detector
2025-11-16 12:06:19,941 - PictionaryLive - INFO -   [OK] Classifier
2025-11-16 12:06:19,941 - PictionaryLive - WARNING -   [FAIL] Camara 0
2025-11-16 12:06:19,950 - PictionaryLive - INFO - ======================================================================
2025-11-16 12:06:19,950 - PictionaryLive - INFO - PICTIONARY LIVE - Inicializando
2025-11-16 12:06:19,950 - PictionaryLive - INFO - ======================================================================
2025-11-16 12:06:19,955 - PictionaryLive - INFO - MediaPipe Hands inicializado
2025-11-16 12:06:19,955 - PictionaryLive - INFO -   Thresholds: detection=0.2, tracking=0.2
2025-11-16 12:06:19,955 - PictionaryLive - INFO - Modelo info cargado: 3 clases
2025-11-16 12:06:19,955 - PictionaryLive - INFO - No se encontró modelo, usando predicciones demo
2025-11-16 12:06:19,955 - PictionaryLive - INFO - 
======================================================================
2025-11-16 12:06:19,955 - PictionaryLive - INFO - VALIDACIÓN DE SETUP
2025-11-16 12:06:19,955 - PictionaryLive - INFO - ======================================================================
2025-11-16 12:06:19,955 - PictionaryLive - INFO -   [OK] IA folder
2025-11-16 12:06:19,955 - PictionaryLive - INFO -   [OK] model_info.json
2025-11-16 12:06:19,955 - PictionaryLive - INFO -   [OK] Hand Detector
2025-11-16 12:06:19,955 - PictionaryLive - INFO -   [OK] Classifier
2025-11-16 12:06:27,771 - PictionaryLive - INFO -   [OK] Camara 0 (640x480)
2025-11-16 12:06:27,781 - PictionaryLive - INFO - ======================================================================

2025-11-16 12:06:27,781 - PictionaryLive - INFO - Aplicación inicializada correctamente
2025-11-16 12:06:27,782 - PictionaryLive - INFO - [OK] Captura guardada: frame_20251116_120627.png
