2025-11-16 11:45:08,722 - PictionaryLive - INFO - ======================================================================
2025-11-16 11:45:08,722 - PictionaryLive - INFO - PICTIONARY LIVE - Inicializando
2025-11-16 11:45:08,722 - PictionaryLive - INFO - ======================================================================
2025-11-16 11:45:08,736 - PictionaryLive - INFO - MediaPipe Hands inicializado
2025-11-16 11:45:08,736 - PictionaryLive - INFO -   Thresholds: detection=0.2, tracking=0.2
2025-11-16 11:45:08,736 - PictionaryLive - INFO - Modelo info cargado: 228 clases
2025-11-16 11:45:08,766 - PictionaryLive - WARNING - Error al cargar sketch_classifier_model.keras: File not found: filepath=IA\sketch_classifier_model.keras. Please ensure the file is an accessible `.keras` zip file.
2025-11-16 11:45:09,288 - PictionaryLive - INFO - Modelo cargado: sketch_classifier_model.h5
2025-11-16 11:45:09,302 - PictionaryLive - INFO - 
======================================================================
2025-11-16 11:45:09,302 - PictionaryLive - INFO - VALIDACIÓN DE SETUP
2025-11-16 11:45:09,302 - PictionaryLive - INFO - ======================================================================
2025-11-16 11:45:09,303 - PictionaryLive - INFO -   [OK] IA folder
2025-11-16 11:45:09,303 - PictionaryLive - INFO -   [OK] model_info.json
2025-11-16 11:45:09,304 - PictionaryLive - INFO -   [OK] Hand Detector
2025-11-16 11:45:09,304 - PictionaryLive - INFO -   [OK] Classifier
2025-11-16 11:45:09,304 - PictionaryLive - INFO - ======================================================================

2025-11-16 11:45:09,304 - PictionaryLive - INFO - Aplicación inicializada correctamente
2025-11-16 11:45:09,305 - PictionaryLive - INFO - 
[DRY RUN] Informacion del modelo:
2025-11-16 11:45:09,305 - PictionaryLive - INFO -   Input shape: (28, 28, 1)
2025-11-16 11:45:09,305 - PictionaryLive - INFO -   Total de clases: 228
2025-11-16 11:45:09,305 - PictionaryLive - INFO -   Primeras 10 clases: ['The Eiffel Tower', 'The Great Wall of China', 'The Mona Lisa', 'aircraft carrier', 'airplane', 'alarm clock', 'ambulance', 'arm', 'asparagus', 'axe']
2025-11-16 11:45:09,306 - PictionaryLive - INFO - [DRY RUN] Setup validado correctamente - Listo para usar

