2025-11-16 12:10:49,272 - PictionaryLive - INFO - ======================================================================
2025-11-16 12:10:49,272 - PictionaryLive - INFO - PICTIONARY LIVE - Inicializando
2025-11-16 12:10:49,272 - PictionaryLive - INFO - ======================================================================
2025-11-16 12:10:49,272 - PictionaryLive - INFO - MediaPipe Hands inicializado
2025-11-16 12:10:49,287 - PictionaryLive - INFO -   Thresholds: detection=0.2, tracking=0.2
2025-11-16 12:10:49,288 - PictionaryLive - INFO - Modelo info cargado: 3 clases
2025-11-16 12:10:49,288 - PictionaryLive - INFO - No se encontró modelo, usando predicciones demo
2025-11-16 12:10:49,288 - PictionaryLive - INFO - 
======================================================================
2025-11-16 12:10:49,288 - PictionaryLive - INFO - VALIDACIÓN DE SETUP
2025-11-16 12:10:49,290 - PictionaryLive - INFO - ======================================================================
2025-11-16 12:10:49,290 - PictionaryLive - INFO -   [OK] IA folder
2025-11-16 12:10:49,290 - PictionaryLive - INFO -   [OK] model_info.json
2025-11-16 12:10:49,290 - PictionaryLive - INFO -   [OK] Hand Detector
2025-11-16 12:10:49,290 - PictionaryLive - INFO -   [OK] Classifier
2025-11-16 12:10:49,290 - PictionaryLive - INFO -   [OK] Camara 0 (640x480)
2025-11-16 12:10:49,291 - PictionaryLive - INFO - ======================================================================

2025-11-16 12:10:49,291 - PictionaryLive - INFO - Aplicación inicializada correctamente
2025-11-16 12:10:49,294 - PictionaryLive - INFO - ======================================================================
2025-11-16 12:10:49,294 - PictionaryLive - INFO - PICTIONARY LIVE - Inicializando
2025-11-16 12:10:49,294 - PictionaryLive - INFO - ======================================================================
2025-11-16 12:10:49,294 - PictionaryLive - INFO - MediaPipe Hands inicializado
2025-11-16 12:10:49,294 - PictionaryLive - INFO -   Thresholds: detection=0.2, tracking=0.2
2025-11-16 12:10:49,305 - PictionaryLive - INFO - Modelo info cargado: 3 clases
2025-11-16 12:10:49,306 - PictionaryLive - INFO - No se encontró modelo, usando predicciones demo
2025-11-16 12:10:49,306 - PictionaryLive - INFO - 
======================================================================
2025-11-16 12:10:49,306 - PictionaryLive - INFO - VALIDACIÓN DE SETUP
2025-11-16 12:10:49,306 - PictionaryLive - INFO - ======================================================================
2025-11-16 12:10:49,306 - PictionaryLive - INFO -   [OK] IA folder
2025-11-16 12:10:49,306 - PictionaryLive - INFO -   [OK] model_info.json
2025-11-16 12:10:49,306 - PictionaryLive - INFO -   [OK] Hand Detector
2025-11-16 12:10:49,306 - PictionaryLive - INFO -   [OK] Classifier
2025-11-16 12:10:49,307 - PictionaryLive - INFO -   [OK] Camara 0 (640x480)
2025-11-16 12:10:49,307 - PictionaryLive - INFO - ======================================================================

2025-11-16 12:10:49,307 - PictionaryLive - INFO - Aplicación inicializada correctamente
2025-11-16 12:10:49,307 - PictionaryLive - INFO - 
======================================================================
2025-11-16 12:10:49,307 - PictionaryLive - INFO - VALIDACIÓN DE SETUP
2025-11-16 12:10:49,307 - PictionaryLive - INFO - ======================================================================
2025-11-16 12:10:49,308 - PictionaryLive - INFO -   [OK] IA folder
2025-11-16 12:10:49,308 - PictionaryLive - INFO -   [OK] model_info.json
2025-11-16 12:10:49,308 - PictionaryLive - INFO -   [OK] Hand Detector
2025-11-16 12:10:49,308 - PictionaryLive - INFO -   [OK] Classifier
2025-11-16 12:10:49,308 - PictionaryLive - INFO -   [OK] Camara 0 (640x480)
2025-11-16 12:10:49,308 - PictionaryLive - INFO - ======================================================================

2025-11-16 12:10:49,314 - PictionaryLive - INFO - ======================================================================
2025-11-16 12:10:49,315 - PictionaryLive - INFO - PICTIONARY LIVE - Inicializando
2025-11-16 12:10:49,315 - PictionaryLive - INFO - ======================================================================
2025-11-16 12:10:49,323 - PictionaryLive - INFO - MediaPipe Hands inicializado
2025-11-16 12:10:49,324 - PictionaryLive - INFO -   Thresholds: detection=0.2, tracking=0.2
2025-11-16 12:10:49,326 - PictionaryLive - INFO - Modelo info cargado: 3 clases
2025-11-16 12:10:49,326 - PictionaryLive - INFO - No se encontró modelo, usando predicciones demo
2025-11-16 12:10:49,326 - PictionaryLive - INFO - 
======================================================================
2025-11-16 12:10:49,326 - PictionaryLive - INFO - VALIDACIÓN DE SETUP
2025-11-16 12:10:49,326 - PictionaryLive - INFO - ======================================================================
2025-11-16 12:10:49,327 - PictionaryLive - INFO -   [OK] IA folder
2025-11-16 12:10:49,327 - PictionaryLive - INFO -   [OK] model_info.json
2025-11-16 12:10:49,327 - PictionaryLive - INFO -   [OK] Hand Detector
2025-11-16 12:10:49,327 - PictionaryLive - INFO -   [OK] Classifier
2025-11-16 12:10:49,327 - PictionaryLive - WARNING -   [FAIL] Camara 0
2025-11-16 12:10:49,333 - PictionaryLive - INFO - ======================================================================
2025-11-16 12:10:49,333 - PictionaryLive - INFO - PICTIONARY LIVE - Inicializando
2025-11-16 12:10:49,333 - PictionaryLive - INFO - ======================================================================
2025-11-16 12:10:49,342 - PictionaryLive - INFO - MediaPipe Hands inicializado
2025-11-16 12:10:49,342 - PictionaryLive - INFO -   Thresholds: detection=0.2, tracking=0.2
2025-11-16 12:10:49,343 - PictionaryLive - INFO - Modelo info cargado: 3 clases
2025-11-16 12:10:49,344 - PictionaryLive - INFO - No se encontró modelo, usando predicciones demo
2025-11-16 12:10:49,344 - PictionaryLive - INFO - 
======================================================================
2025-11-16 12:10:49,344 - PictionaryLive - INFO - VALIDACIÓN DE SETUP
2025-11-16 12:10:49,344 - PictionaryLive - INFO - ======================================================================
2025-11-16 12:10:49,345 - PictionaryLive - INFO -   [OK] IA folder
2025-11-16 12:10:49,345 - PictionaryLive - INFO -   [OK] model_info.json
2025-11-16 12:10:49,345 - PictionaryLive - INFO -   [OK] Hand Detector
2025-11-16 12:10:49,345 - PictionaryLive - INFO -   [OK] Classifier
2025-11-16 12:10:49,345 - PictionaryLive - INFO - ======================================================================

2025-11-16 12:10:49,345 - PictionaryLive - INFO - Aplicación inicializada correctamente
2025-11-16 12:10:49,345 - PictionaryLive - INFO - 
[DRY RUN] Informacion del modelo:
2025-11-16 12:10:49,346 - PictionaryLive - INFO -   Input shape: (28, 28, 1)
2025-11-16 12:10:49,346 - PictionaryLive - INFO -   Total de clases: 3
2025-11-16 12:10:49,346 - PictionaryLive - INFO -   Primeras 10 clases: ['apple', 'banana', 'car']
2025-11-16 12:10:49,346 - PictionaryLive - INFO - [DRY RUN] Setup validado correctamente - Listo para usar

2025-11-16 12:10:49,357 - PictionaryLive - INFO - ======================================================================
2025-11-16 12:10:49,358 - PictionaryLive - INFO - PICTIONARY LIVE - Inicializando
2025-11-16 12:10:49,358 - PictionaryLive - INFO - ======================================================================
2025-11-16 12:10:49,366 - PictionaryLive - INFO - MediaPipe Hands inicializado
2025-11-16 12:10:49,366 - PictionaryLive - INFO -   Thresholds: detection=0.2, tracking=0.2
2025-11-16 12:10:49,370 - PictionaryLive - INFO - Modelo info cargado: 3 clases
2025-11-16 12:10:49,370 - PictionaryLive - INFO - No se encontró modelo, usando predicciones demo
2025-11-16 12:10:49,370 - PictionaryLive - INFO - 
======================================================================
2025-11-16 12:10:49,370 - PictionaryLive - INFO - VALIDACIÓN DE SETUP
2025-11-16 12:10:49,370 - PictionaryLive - INFO - ======================================================================
2025-11-16 12:10:49,371 - PictionaryLive - INFO -   [OK] IA folder
2025-11-16 12:10:49,371 - PictionaryLive - INFO -   [OK] model_info.json
2025-11-16 12:10:49,371 - PictionaryLive - INFO -   [OK] Hand Detector
2025-11-16 12:10:49,371 - PictionaryLive - INFO -   [OK] Classifier
2025-11-16 12:10:49,371 - PictionaryLive - INFO -   [OK] Camara 0 (640x480)
2025-11-16 12:10:49,371 - PictionaryLive - INFO - ======================================================================

2025-11-16 12:10:49,371 - PictionaryLive - INFO - Aplicación inicializada correctamente
2025-11-16 12:10:49,372 - PictionaryLive - INFO - Cámara inicializada: 640x480 @ 30FPS
2025-11-16 12:10:49,372 - PictionaryLive - INFO - [VIVO] Iniciando captura. Presiona 'q' para salir, 's' para guardar.
2025-11-16 12:10:49,424 - PictionaryLive - INFO - No se detectó mano en este frame
2025-11-16 12:10:49,438 - PictionaryLive - INFO - No se detectó mano en este frame
2025-11-16 12:10:49,438 - PictionaryLive - INFO - Usuario presionó 'q' - saliendo
2025-11-16 12:10:49,438 - PictionaryLive - INFO - 
Aplicación cerrada
2025-11-16 12:10:49,438 - PictionaryLive - INFO - ======================================================================
2025-11-16 12:10:49,438 - PictionaryLive - INFO - PICTIONARY LIVE - Inicializando
2025-11-16 12:10:49,438 - PictionaryLive - INFO - ======================================================================
2025-11-16 12:10:49,454 - PictionaryLive - INFO - MediaPipe Hands inicializado
2025-11-16 12:10:49,454 - PictionaryLive - INFO -   Thresholds: detection=0.2, tracking=0.2
2025-11-16 12:10:49,456 - PictionaryLive - INFO - Modelo info cargado: 3 clases
2025-11-16 12:10:49,456 - PictionaryLive - INFO - No se encontró modelo, usando predicciones demo
2025-11-16 12:10:49,457 - PictionaryLive - INFO - 
======================================================================
2025-11-16 12:10:49,457 - PictionaryLive - INFO - VALIDACIÓN DE SETUP
2025-11-16 12:10:49,457 - PictionaryLive - INFO - ======================================================================
2025-11-16 12:10:49,457 - PictionaryLive - INFO -   [OK] IA folder
2025-11-16 12:10:49,457 - PictionaryLive - INFO -   [OK] model_info.json
2025-11-16 12:10:49,457 - PictionaryLive - INFO -   [OK] Hand Detector
2025-11-16 12:10:49,457 - PictionaryLive - INFO -   [OK] Classifier
2025-11-16 12:10:49,457 - PictionaryLive - INFO -   [OK] Camara 0 (640x480)
2025-11-16 12:10:49,458 - PictionaryLive - INFO - ======================================================================

2025-11-16 12:10:49,458 - PictionaryLive - INFO - Aplicación inicializada correctamente
2025-11-16 12:10:49,458 - PictionaryLive - INFO - Cámara inicializada: 640x480 @ 30FPS
2025-11-16 12:10:49,463 - PictionaryLive - INFO - ======================================================================
2025-11-16 12:10:49,463 - PictionaryLive - INFO - PICTIONARY LIVE - Inicializando
2025-11-16 12:10:49,463 - PictionaryLive - INFO - ======================================================================
2025-11-16 12:10:49,469 - PictionaryLive - INFO - MediaPipe Hands inicializado
2025-11-16 12:10:49,469 - PictionaryLive - INFO -   Thresholds: detection=0.2, tracking=0.2
2025-11-16 12:10:49,472 - PictionaryLive - INFO - Modelo info cargado: 3 clases
2025-11-16 12:10:49,473 - PictionaryLive - INFO - No se encontró modelo, usando predicciones demo
2025-11-16 12:10:49,473 - PictionaryLive - INFO - 
======================================================================
2025-11-16 12:10:49,473 - PictionaryLive - INFO - VALIDACIÓN DE SETUP
2025-11-16 12:10:49,473 - PictionaryLive - INFO - ======================================================================
2025-11-16 12:10:49,473 - PictionaryLive - INFO -   [OK] IA folder
2025-11-16 12:10:49,473 - PictionaryLive - INFO -   [OK] model_info.json
2025-11-16 12:10:49,473 - PictionaryLive - INFO -   [OK] Hand Detector
2025-11-16 12:10:49,473 - PictionaryLive - INFO -   [OK] Classifier
2025-11-16 12:10:49,473 - PictionaryLive - WARNING -   [FAIL] Camara 0
2025-11-16 12:10:49,479 - PictionaryLive - INFO - ======================================================================
2025-11-16 12:10:49,479 - PictionaryLive - INFO - PICTIONARY LIVE - Inicializando
2025-11-16 12:10:49,479 - PictionaryLive - INFO - ======================================================================
2025-11-16 12:10:49,480 - PictionaryLive - INFO - MediaPipe Hands inicializado
2025-11-16 12:10:49,480 - PictionaryLive - INFO -   Thresholds: detection=0.2, tracking=0.2
2025-11-16 12:10:49,490 - PictionaryLive - INFO - Modelo info cargado: 3 clases
2025-11-16 12:10:49,490 - PictionaryLive - INFO - No se encontró modelo, usando predicciones demo
2025-11-16 12:10:49,490 - PictionaryLive - INFO - 
======================================================================
2025-11-16 12:10:49,490 - PictionaryLive - INFO - VALIDACIÓN DE SETUP
2025-11-16 12:10:49,490 - PictionaryLive - INFO - ======================================================================
2025-11-16 12:10:49,491 - PictionaryLive - INFO -   [OK] IA folder
2025-11-16 12:10:49,491 - PictionaryLive - INFO -   [OK] model_info.json
2025-11-16 12:10:49,491 - PictionaryLive - INFO -   [OK] Hand Detector
2025-11-16 12:10:49,491 - PictionaryLive - INFO -   [OK] Classifier
2025-11-16 12:10:57,286 - PictionaryLive - INFO -   [OK] Camara 0 (640x480)
2025-11-16 12:10:57,299 - PictionaryLive - INFO - ======================================================================

2025-11-16 12:10:57,299 - PictionaryLive - INFO - Aplicación inicializada correctamente
2025-11-16 12:10:57,299 - PictionaryLive - INFO - [OK] Captura guardada: frame_20251116_121057.png
