2025-11-16 10:34:45,038 - PictionaryLive - INFO - ======================================================================
2025-11-16 10:34:45,038 - PictionaryLive - INFO - PICTIONARY LIVE - Inicializando
2025-11-16 10:34:45,038 - PictionaryLive - INFO - ======================================================================
2025-11-16 10:34:45,045 - PictionaryLive - INFO - MediaPipe Hands inicializado
2025-11-16 10:34:45,046 - PictionaryLive - INFO -   Thresholds: detection=0.2, tracking=0.2
2025-11-16 10:34:45,046 - PictionaryLive - INFO - Modelo info cargado: 228 clases
2025-11-16 10:34:45,048 - PictionaryLive - WARNING - Error al cargar sketch_classifier_model.keras: Keras cannot be imported. Check that it is installed.
2025-11-16 10:34:45,050 - PictionaryLive - WARNING - Error al cargar sketch_classifier_model.h5: maximum recursion depth exceeded
2025-11-16 10:34:45,051 - PictionaryLive - INFO - No se encontró modelo, usando predicciones demo
2025-11-16 10:34:45,051 - PictionaryLive - INFO - 
======================================================================
2025-11-16 10:34:45,051 - PictionaryLive - INFO - VALIDACIÓN DE SETUP
2025-11-16 10:34:45,051 - PictionaryLive - INFO - ======================================================================
2025-11-16 10:34:45,052 - PictionaryLive - INFO -   [OK] IA folder
2025-11-16 10:34:45,052 - PictionaryLive - INFO -   [OK] model_info.json
2025-11-16 10:34:45,052 - PictionaryLive - INFO -   [OK] Hand Detector
2025-11-16 10:34:45,052 - PictionaryLive - INFO -   [OK] Classifier
2025-11-16 10:34:51,497 - PictionaryLive - INFO -   [OK] Camara 0 (640x480)
2025-11-16 10:34:51,505 - PictionaryLive - INFO - ======================================================================

2025-11-16 10:34:51,505 - PictionaryLive - INFO - Aplicación inicializada correctamente
2025-11-16 10:35:14,848 - PictionaryLive - INFO - Cámara inicializada: 320x240 @ 30FPS
2025-11-16 10:35:14,848 - PictionaryLive - INFO - [VIVO] Iniciando captura. Presiona 'q' para salir, 's' para guardar.
2025-11-16 10:35:16,206 - PictionaryLive - INFO - No se detectó mano en este frame
2025-11-16 10:35:16,258 - PictionaryLive - INFO - No se detectó mano en este frame
2025-11-16 10:35:16,294 - PictionaryLive - INFO - No se detectó mano en este frame
2025-11-16 10:35:16,328 - PictionaryLive - INFO - No se detectó mano en este frame
2025-11-16 10:35:16,365 - PictionaryLive - INFO - No se detectó mano en este frame
2025-11-16 10:35:16,401 - PictionaryLive - INFO - No se detectó mano en este frame
2025-11-16 10:35:16,429 - PictionaryLive - INFO - No se detectó mano en este frame
2025-11-16 10:35:16,466 - PictionaryLive - INFO - No se detectó mano en este frame
2025-11-16 10:35:16,496 - PictionaryLive - INFO - No se detectó mano en este frame
2025-11-16 10:35:16,547 - PictionaryLive - INFO - No se detectó mano en este frame
2025-11-16 10:35:16,578 - PictionaryLive - INFO - No se detectó mano en este frame
2025-11-16 10:35:16,612 - PictionaryLive - INFO - No se detectó mano en este frame
2025-11-16 10:35:16,649 - PictionaryLive - INFO - No se detectó mano en este frame
2025-11-16 10:35:16,679 - PictionaryLive - INFO - No se detectó mano en este frame
2025-11-16 10:35:16,712 - PictionaryLive - INFO - No se detectó mano en este frame
2025-11-16 10:35:16,746 - PictionaryLive - INFO - No se detectó mano en este frame
2025-11-16 10:35:16,779 - PictionaryLive - INFO - No se detectó mano en este frame
2025-11-16 10:35:16,812 - PictionaryLive - INFO - No se detectó mano en este frame
2025-11-16 10:35:16,845 - PictionaryLive - INFO - No se detectó mano en este frame
2025-11-16 10:35:16,884 - PictionaryLive - INFO - No se detectó mano en este frame
2025-11-16 10:35:16,912 - PictionaryLive - INFO - No se detectó mano en este frame
2025-11-16 10:35:16,945 - PictionaryLive - INFO - No se detectó mano en este frame
2025-11-16 10:35:16,979 - PictionaryLive - INFO - No se detectó mano en este frame
2025-11-16 10:35:17,012 - PictionaryLive - INFO - No se detectó mano en este frame
2025-11-16 10:35:17,045 - PictionaryLive - INFO - No se detectó mano en este frame
2025-11-16 10:35:17,090 - PictionaryLive - INFO - No se detectó mano en este frame
2025-11-16 10:35:17,116 - PictionaryLive - INFO - No se detectó mano en este frame
2025-11-16 10:35:17,150 - PictionaryLive - INFO - No se detectó mano en este frame
2025-11-16 10:35:17,179 - PictionaryLive - INFO - No se detectó mano en este frame
2025-11-16 10:35:17,212 - PictionaryLive - INFO - No se detectó mano en este frame
2025-11-16 10:35:17,246 - PictionaryLive - INFO - No se detectó mano en este frame
2025-11-16 10:35:17,284 - PictionaryLive - INFO - No se detectó mano en este frame
2025-11-16 10:35:17,312 - PictionaryLive - INFO - No se detectó mano en este frame
2025-11-16 10:35:17,345 - PictionaryLive - INFO - No se detectó mano en este frame
2025-11-16 10:35:17,379 - PictionaryLive - INFO - No se detectó mano en este frame
2025-11-16 10:35:17,412 - PictionaryLive - INFO - No se detectó mano en este frame
2025-11-16 10:35:17,445 - PictionaryLive - INFO - No se detectó mano en este frame
2025-11-16 10:35:17,479 - PictionaryLive - INFO - No se detectó mano en este frame
2025-11-16 10:35:17,512 - PictionaryLive - INFO - No se detectó mano en este frame
2025-11-16 10:35:17,545 - PictionaryLive - INFO - No se detectó mano en este frame
2025-11-16 10:35:17,579 - PictionaryLive - INFO - No se detectó mano en este frame
2025-11-16 10:35:17,612 - PictionaryLive - INFO - No se detectó mano en este frame
2025-11-16 10:35:17,645 - PictionaryLive - INFO - No se detectó mano en este frame
2025-11-16 10:35:17,679 - PictionaryLive - INFO - No se detectó mano en este frame
2025-11-16 10:35:17,717 - PictionaryLive - INFO - No se detectó mano en este frame
2025-11-16 10:35:17,746 - PictionaryLive - INFO - No se detectó mano en este frame
2025-11-16 10:35:17,779 - PictionaryLive - INFO - No se detectó mano en este frame
2025-11-16 10:35:17,812 - PictionaryLive - INFO - No se detectó mano en este frame
2025-11-16 10:35:17,851 - PictionaryLive - INFO - No se detectó mano en este frame
2025-11-16 10:35:17,879 - PictionaryLive - INFO - No se detectó mano en este frame
2025-11-16 10:35:17,912 - PictionaryLive - INFO - No se detectó mano en este frame
2025-11-16 10:35:17,946 - PictionaryLive - INFO - No se detectó mano en este frame
2025-11-16 10:35:17,979 - PictionaryLive - INFO - No se detectó mano en este frame
2025-11-16 10:35:18,012 - PictionaryLive - INFO - No se detectó mano en este frame
2025-11-16 10:35:18,051 - PictionaryLive - INFO - No se detectó mano en este frame
2025-11-16 10:35:18,079 - PictionaryLive - INFO - No se detectó mano en este frame
2025-11-16 10:35:18,112 - PictionaryLive - INFO - No se detectó mano en este frame
2025-11-16 10:35:18,151 - PictionaryLive - INFO - No se detectó mano en este frame
2025-11-16 10:35:18,179 - PictionaryLive - INFO - No se detectó mano en este frame
2025-11-16 10:35:18,244 - PictionaryLive - INFO - No se detectó mano en este frame
2025-11-16 10:35:18,278 - PictionaryLive - INFO - No se detectó mano en este frame
2025-11-16 10:35:18,312 - PictionaryLive - INFO - No se detectó mano en este frame
2025-11-16 10:35:18,345 - PictionaryLive - INFO - No se detectó mano en este frame
2025-11-16 10:35:18,384 - PictionaryLive - INFO - No se detectó mano en este frame
2025-11-16 10:35:18,412 - PictionaryLive - INFO - No se detectó mano en este frame
2025-11-16 10:35:18,446 - PictionaryLive - INFO - No se detectó mano en este frame
2025-11-16 10:35:18,479 - PictionaryLive - INFO - No se detectó mano en este frame
2025-11-16 10:35:18,512 - PictionaryLive - INFO - No se detectó mano en este frame
2025-11-16 10:35:18,545 - PictionaryLive - INFO - No se detectó mano en este frame
2025-11-16 10:35:18,579 - PictionaryLive - INFO - No se detectó mano en este frame
2025-11-16 10:35:18,628 - PictionaryLive - INFO - No se detectó mano en este frame
2025-11-16 10:35:18,722 - PictionaryLive - INFO - No se detectó mano en este frame
2025-11-16 10:35:18,762 - PictionaryLive - INFO - No se detectó mano en este frame
2025-11-16 10:35:18,795 - PictionaryLive - INFO - No se detectó mano en este frame
2025-11-16 10:35:18,828 - PictionaryLive - INFO - No se detectó mano en este frame
2025-11-16 10:35:18,862 - PictionaryLive - INFO - No se detectó mano en este frame
2025-11-16 10:35:18,899 - PictionaryLive - INFO - No se detectó mano en este frame
2025-11-16 10:35:18,929 - PictionaryLive - INFO - No se detectó mano en este frame
2025-11-16 10:35:18,962 - PictionaryLive - INFO - No se detectó mano en este frame
2025-11-16 10:35:18,995 - PictionaryLive - INFO - No se detectó mano en este frame
2025-11-16 10:35:19,031 - PictionaryLive - INFO - No se detectó mano en este frame
2025-11-16 10:35:19,062 - PictionaryLive - INFO - No se detectó mano en este frame
2025-11-16 10:35:19,096 - PictionaryLive - INFO - No se detectó mano en este frame
2025-11-16 10:35:19,129 - PictionaryLive - INFO - No se detectó mano en este frame
2025-11-16 10:35:19,168 - PictionaryLive - INFO - No se detectó mano en este frame
2025-11-16 10:35:19,196 - PictionaryLive - INFO - No se detectó mano en este frame
2025-11-16 10:35:19,234 - PictionaryLive - INFO - No se detectó mano en este frame
2025-11-16 10:35:19,262 - PictionaryLive - INFO - No se detectó mano en este frame
2025-11-16 10:35:19,295 - PictionaryLive - INFO - No se detectó mano en este frame
2025-11-16 10:35:19,329 - PictionaryLive - INFO - No se detectó mano en este frame
2025-11-16 10:35:19,367 - PictionaryLive - INFO - No se detectó mano en este frame
2025-11-16 10:35:19,395 - PictionaryLive - INFO - No se detectó mano en este frame
2025-11-16 10:35:19,429 - PictionaryLive - INFO - No se detectó mano en este frame
2025-11-16 10:35:19,468 - PictionaryLive - INFO - No se detectó mano en este frame
2025-11-16 10:35:19,496 - PictionaryLive - INFO - No se detectó mano en este frame
2025-11-16 10:35:19,531 - PictionaryLive - INFO - No se detectó mano en este frame
2025-11-16 10:35:19,568 - PictionaryLive - INFO - No se detectó mano en este frame
2025-11-16 10:35:19,596 - PictionaryLive - INFO - No se detectó mano en este frame
2025-11-16 10:35:19,634 - PictionaryLive - INFO - No se detectó mano en este frame
2025-11-16 10:35:19,662 - PictionaryLive - INFO - No se detectó mano en este frame
2025-11-16 10:35:19,696 - PictionaryLive - INFO - No se detectó mano en este frame
2025-11-16 10:35:19,729 - PictionaryLive - INFO - No se detectó mano en este frame
2025-11-16 10:35:19,767 - PictionaryLive - INFO - No se detectó mano en este frame
2025-11-16 10:35:19,795 - PictionaryLive - INFO - No se detectó mano en este frame
2025-11-16 10:35:19,829 - PictionaryLive - INFO - No se detectó mano en este frame
2025-11-16 10:35:19,862 - PictionaryLive - INFO - No se detectó mano en este frame
2025-11-16 10:35:19,895 - PictionaryLive - INFO - No se detectó mano en este frame
2025-11-16 10:35:19,929 - PictionaryLive - INFO - No se detectó mano en este frame
2025-11-16 10:35:19,968 - PictionaryLive - INFO - No se detectó mano en este frame
2025-11-16 10:35:19,996 - PictionaryLive - INFO - No se detectó mano en este frame
2025-11-16 10:35:20,031 - PictionaryLive - INFO - No se detectó mano en este frame
2025-11-16 10:35:20,062 - PictionaryLive - INFO - No se detectó mano en este frame
2025-11-16 10:35:20,096 - PictionaryLive - INFO - No se detectó mano en este frame
2025-11-16 10:35:20,129 - PictionaryLive - INFO - No se detectó mano en este frame
2025-11-16 10:35:20,167 - PictionaryLive - INFO - No se detectó mano en este frame
2025-11-16 10:35:20,196 - PictionaryLive - INFO - No se detectó mano en este frame
2025-11-16 10:35:20,229 - PictionaryLive - INFO - No se detectó mano en este frame
2025-11-16 10:35:20,267 - PictionaryLive - INFO - No se detectó mano en este frame
2025-11-16 10:35:20,296 - PictionaryLive - INFO - No se detectó mano en este frame
2025-11-16 10:35:20,329 - PictionaryLive - INFO - No se detectó mano en este frame
2025-11-16 10:35:20,363 - PictionaryLive - INFO - No se detectó mano en este frame
2025-11-16 10:35:20,396 - PictionaryLive - INFO - No se detectó mano en este frame
2025-11-16 10:35:20,434 - PictionaryLive - INFO - No se detectó mano en este frame
2025-11-16 10:35:20,462 - PictionaryLive - INFO - No se detectó mano en este frame
2025-11-16 10:35:20,495 - PictionaryLive - INFO - No se detectó mano en este frame
2025-11-16 10:35:20,531 - PictionaryLive - INFO - No se detectó mano en este frame
2025-11-16 10:35:20,562 - PictionaryLive - INFO - No se detectó mano en este frame
2025-11-16 10:35:20,596 - PictionaryLive - INFO - No se detectó mano en este frame
2025-11-16 10:35:20,629 - PictionaryLive - INFO - No se detectó mano en este frame
2025-11-16 10:35:20,662 - PictionaryLive - INFO - No se detectó mano en este frame
2025-11-16 10:35:20,701 - PictionaryLive - INFO - No se detectó mano en este frame
2025-11-16 10:35:20,729 - PictionaryLive - INFO - No se detectó mano en este frame
2025-11-16 10:35:20,762 - PictionaryLive - INFO - No se detectó mano en este frame
2025-11-16 10:35:20,795 - PictionaryLive - INFO - No se detectó mano en este frame
2025-11-16 10:35:20,834 - PictionaryLive - INFO - No se detectó mano en este frame
2025-11-16 10:35:20,863 - PictionaryLive - INFO - No se detectó mano en este frame
2025-11-16 10:35:20,895 - PictionaryLive - INFO - No se detectó mano en este frame
2025-11-16 10:35:20,929 - PictionaryLive - INFO - No se detectó mano en este frame
2025-11-16 10:35:20,962 - PictionaryLive - INFO - No se detectó mano en este frame
2025-11-16 10:35:20,995 - PictionaryLive - INFO - No se detectó mano en este frame
2025-11-16 10:35:21,031 - PictionaryLive - INFO - No se detectó mano en este frame
2025-11-16 10:35:21,062 - PictionaryLive - INFO - No se detectó mano en este frame
2025-11-16 10:35:21,095 - PictionaryLive - INFO - No se detectó mano en este frame
2025-11-16 10:35:21,129 - PictionaryLive - INFO - No se detectó mano en este frame
2025-11-16 10:35:21,162 - PictionaryLive - INFO - No se detectó mano en este frame
2025-11-16 10:35:21,196 - PictionaryLive - INFO - No se detectó mano en este frame
2025-11-16 10:35:21,229 - PictionaryLive - INFO - No se detectó mano en este frame
2025-11-16 10:35:21,262 - PictionaryLive - INFO - No se detectó mano en este frame
2025-11-16 10:35:21,301 - PictionaryLive - INFO - No se detectó mano en este frame
2025-11-16 10:35:21,329 - PictionaryLive - INFO - No se detectó mano en este frame
2025-11-16 10:35:21,362 - PictionaryLive - INFO - No se detectó mano en este frame
2025-11-16 10:35:21,395 - PictionaryLive - INFO - No se detectó mano en este frame
2025-11-16 10:35:21,429 - PictionaryLive - INFO - No se detectó mano en este frame
2025-11-16 10:35:21,462 - PictionaryLive - INFO - No se detectó mano en este frame
2025-11-16 10:35:21,495 - PictionaryLive - INFO - No se detectó mano en este frame
2025-11-16 10:35:21,531 - PictionaryLive - INFO - No se detectó mano en este frame
2025-11-16 10:35:21,562 - PictionaryLive - INFO - No se detectó mano en este frame
2025-11-16 10:35:21,596 - PictionaryLive - INFO - No se detectó mano en este frame
2025-11-16 10:35:21,634 - PictionaryLive - INFO - No se detectó mano en este frame
2025-11-16 10:35:21,662 - PictionaryLive - INFO - No se detectó mano en este frame
2025-11-16 10:35:21,701 - PictionaryLive - INFO - No se detectó mano en este frame
2025-11-16 10:35:21,730 - PictionaryLive - INFO - No se detectó mano en este frame
2025-11-16 10:35:21,778 - PictionaryLive - INFO - No se detectó mano en este frame
2025-11-16 10:35:21,812 - PictionaryLive - INFO - No se detectó mano en este frame
2025-11-16 10:35:21,846 - PictionaryLive - INFO - No se detectó mano en este frame
2025-11-16 10:35:21,879 - PictionaryLive - INFO - No se detectó mano en este frame
2025-11-16 10:35:21,912 - PictionaryLive - INFO - No se detectó mano en este frame
2025-11-16 10:35:21,946 - PictionaryLive - INFO - No se detectó mano en este frame
2025-11-16 10:35:21,979 - PictionaryLive - INFO - No se detectó mano en este frame
2025-11-16 10:35:22,012 - PictionaryLive - INFO - No se detectó mano en este frame
2025-11-16 10:35:22,051 - PictionaryLive - INFO - No se detectó mano en este frame
2025-11-16 10:35:22,079 - PictionaryLive - INFO - No se detectó mano en este frame
2025-11-16 10:35:22,118 - PictionaryLive - INFO - No se detectó mano en este frame
2025-11-16 10:35:22,151 - PictionaryLive - INFO - No se detectó mano en este frame
2025-11-16 10:35:22,212 - PictionaryLive - INFO - No se detectó mano en este frame
2025-11-16 10:35:22,278 - PictionaryLive - INFO - No se detectó mano en este frame
2025-11-16 10:35:22,318 - PictionaryLive - INFO - No se detectó mano en este frame
2025-11-16 10:35:22,351 - PictionaryLive - INFO - No se detectó mano en este frame
2025-11-16 10:35:22,379 - PictionaryLive - INFO - No se detectó mano en este frame
2025-11-16 10:35:22,417 - PictionaryLive - INFO - No se detectó mano en este frame
2025-11-16 10:35:22,446 - PictionaryLive - INFO - No se detectó mano en este frame
2025-11-16 10:35:22,479 - PictionaryLive - INFO - No se detectó mano en este frame
2025-11-16 10:35:22,545 - PictionaryLive - INFO - No se detectó mano en este frame
2025-11-16 10:35:22,578 - PictionaryLive - INFO - No se detectó mano en este frame
2025-11-16 10:35:22,612 - PictionaryLive - INFO - No se detectó mano en este frame
2025-11-16 10:35:22,645 - PictionaryLive - INFO - No se detectó mano en este frame
2025-11-16 10:35:22,678 - PictionaryLive - INFO - No se detectó mano en este frame
2025-11-16 10:35:22,712 - PictionaryLive - INFO - No se detectó mano en este frame
2025-11-16 10:35:22,749 - PictionaryLive - INFO - No se detectó mano en este frame
2025-11-16 10:35:22,779 - PictionaryLive - INFO - No se detectó mano en este frame
2025-11-16 10:35:22,812 - PictionaryLive - INFO - No se detectó mano en este frame
2025-11-16 10:35:22,846 - PictionaryLive - INFO - No se detectó mano en este frame
2025-11-16 10:35:22,883 - PictionaryLive - INFO - No se detectó mano en este frame
2025-11-16 10:35:22,912 - PictionaryLive - INFO - No se detectó mano en este frame
2025-11-16 10:35:22,946 - PictionaryLive - INFO - No se detectó mano en este frame
2025-11-16 10:35:23,027 - PictionaryLive - INFO - No se detectó mano en este frame
2025-11-16 10:35:23,078 - PictionaryLive - INFO - No se detectó mano en este frame
2025-11-16 10:35:23,116 - PictionaryLive - INFO - No se detectó mano en este frame
2025-11-16 10:35:23,151 - PictionaryLive - INFO - No se detectó mano en este frame
2025-11-16 10:35:23,179 - PictionaryLive - INFO - No se detectó mano en este frame
2025-11-16 10:35:23,212 - PictionaryLive - INFO - No se detectó mano en este frame
2025-11-16 10:35:23,246 - PictionaryLive - INFO - No se detectó mano en este frame
2025-11-16 10:35:23,284 - PictionaryLive - INFO - No se detectó mano en este frame
2025-11-16 10:35:23,312 - PictionaryLive - INFO - No se detectó mano en este frame
2025-11-16 10:35:23,346 - PictionaryLive - INFO - No se detectó mano en este frame
2025-11-16 10:35:23,384 - PictionaryLive - INFO - No se detectó mano en este frame
2025-11-16 10:35:23,412 - PictionaryLive - INFO - No se detectó mano en este frame
2025-11-16 10:35:23,446 - PictionaryLive - INFO - No se detectó mano en este frame
2025-11-16 10:35:23,479 - PictionaryLive - INFO - No se detectó mano en este frame
2025-11-16 10:35:23,512 - PictionaryLive - INFO - No se detectó mano en este frame
2025-11-16 10:35:23,546 - PictionaryLive - INFO - No se detectó mano en este frame
2025-11-16 10:35:23,579 - PictionaryLive - INFO - No se detectó mano en este frame
2025-11-16 10:35:23,618 - PictionaryLive - INFO - No se detectó mano en este frame
2025-11-16 10:35:23,646 - PictionaryLive - INFO - No se detectó mano en este frame
2025-11-16 10:35:23,679 - PictionaryLive - INFO - No se detectó mano en este frame
2025-11-16 10:35:23,712 - PictionaryLive - INFO - No se detectó mano en este frame
2025-11-16 10:35:23,753 - PictionaryLive - INFO - No se detectó mano en este frame
2025-11-16 10:35:23,788 - PictionaryLive - INFO - No se detectó mano en este frame
2025-11-16 10:35:23,863 - PictionaryLive - INFO - No se detectó mano en este frame
2025-11-16 10:35:23,896 - PictionaryLive - INFO - No se detectó mano en este frame
2025-11-16 10:35:23,929 - PictionaryLive - INFO - No se detectó mano en este frame
2025-11-16 10:35:23,972 - PictionaryLive - INFO - No se detectó mano en este frame
2025-11-16 10:35:24,002 - PictionaryLive - INFO - No se detectó mano en este frame
2025-11-16 10:35:24,042 - PictionaryLive - INFO - No se detectó mano en este frame
2025-11-16 10:35:24,102 - PictionaryLive - INFO - No se detectó mano en este frame
2025-11-16 10:35:24,129 - PictionaryLive - INFO - No se detectó mano en este frame
2025-11-16 10:35:24,168 - PictionaryLive - INFO - No se detectó mano en este frame
2025-11-16 10:35:24,196 - PictionaryLive - INFO - No se detectó mano en este frame
2025-11-16 10:35:24,229 - PictionaryLive - INFO - No se detectó mano en este frame
2025-11-16 10:35:24,262 - PictionaryLive - INFO - No se detectó mano en este frame
2025-11-16 10:35:24,313 - PictionaryLive - INFO - No se detectó mano en este frame
2025-11-16 10:35:24,350 - PictionaryLive - INFO - No se detectó mano en este frame
2025-11-16 10:35:24,388 - PictionaryLive - INFO - No se detectó mano en este frame
2025-11-16 10:35:24,417 - PictionaryLive - INFO - No se detectó mano en este frame
2025-11-16 10:35:24,463 - PictionaryLive - INFO - No se detectó mano en este frame
2025-11-16 10:35:24,500 - PictionaryLive - INFO - No se detectó mano en este frame
2025-11-16 10:35:24,541 - PictionaryLive - INFO - No se detectó mano en este frame
2025-11-16 10:35:24,580 - PictionaryLive - INFO - No se detectó mano en este frame
2025-11-16 10:35:24,616 - PictionaryLive - INFO - No se detectó mano en este frame
2025-11-16 10:35:24,657 - PictionaryLive - INFO - No se detectó mano en este frame
2025-11-16 10:35:24,683 - PictionaryLive - INFO - No se detectó mano en este frame
2025-11-16 10:35:24,718 - PictionaryLive - INFO - No se detectó mano en este frame
2025-11-16 10:35:24,751 - PictionaryLive - INFO - No se detectó mano en este frame
2025-11-16 10:35:24,779 - PictionaryLive - INFO - No se detectó mano en este frame
2025-11-16 10:35:24,812 - PictionaryLive - INFO - No se detectó mano en este frame
2025-11-16 10:35:24,846 - PictionaryLive - INFO - No se detectó mano en este frame
2025-11-16 10:35:24,888 - PictionaryLive - INFO - No se detectó mano en este frame
2025-11-16 10:35:24,915 - PictionaryLive - INFO - No se detectó mano en este frame
2025-11-16 10:35:24,947 - PictionaryLive - INFO - No se detectó mano en este frame
2025-11-16 10:35:24,977 - PictionaryLive - INFO - No se detectó mano en este frame
2025-11-16 10:35:25,017 - PictionaryLive - INFO - No se detectó mano en este frame
2025-11-16 10:35:25,045 - PictionaryLive - INFO - No se detectó mano en este frame
2025-11-16 10:35:25,079 - PictionaryLive - INFO - No se detectó mano en este frame
2025-11-16 10:35:25,112 - PictionaryLive - INFO - No se detectó mano en este frame
2025-11-16 10:35:25,150 - PictionaryLive - INFO - No se detectó mano en este frame
2025-11-16 10:35:25,180 - PictionaryLive - INFO - No se detectó mano en este frame
2025-11-16 10:35:25,212 - PictionaryLive - INFO - No se detectó mano en este frame
2025-11-16 10:35:25,246 - PictionaryLive - INFO - No se detectó mano en este frame
2025-11-16 10:35:25,280 - PictionaryLive - INFO - No se detectó mano en este frame
2025-11-16 10:35:25,318 - PictionaryLive - INFO - No se detectó mano en este frame
2025-11-16 10:35:25,346 - PictionaryLive - INFO - No se detectó mano en este frame
2025-11-16 10:35:25,426 - PictionaryLive - INFO - No se detectó mano en este frame
2025-11-16 10:35:25,478 - PictionaryLive - INFO - No se detectó mano en este frame
2025-11-16 10:35:25,517 - PictionaryLive - INFO - No se detectó mano en este frame
2025-11-16 10:35:25,552 - PictionaryLive - INFO - No se detectó mano en este frame
2025-11-16 10:35:25,579 - PictionaryLive - INFO - No se detectó mano en este frame
2025-11-16 10:35:25,612 - PictionaryLive - INFO - No se detectó mano en este frame
2025-11-16 10:35:25,646 - PictionaryLive - INFO - No se detectó mano en este frame
2025-11-16 10:35:25,678 - PictionaryLive - INFO - No se detectó mano en este frame
2025-11-16 10:35:25,712 - PictionaryLive - INFO - No se detectó mano en este frame
2025-11-16 10:35:25,745 - PictionaryLive - INFO - No se detectó mano en este frame
2025-11-16 10:35:25,778 - PictionaryLive - INFO - No se detectó mano en este frame
2025-11-16 10:35:25,812 - PictionaryLive - INFO - No se detectó mano en este frame
2025-11-16 10:35:25,845 - PictionaryLive - INFO - No se detectó mano en este frame
2025-11-16 10:35:25,878 - PictionaryLive - INFO - No se detectó mano en este frame
2025-11-16 10:35:25,912 - PictionaryLive - INFO - No se detectó mano en este frame
2025-11-16 10:35:25,945 - PictionaryLive - INFO - No se detectó mano en este frame
2025-11-16 10:35:25,978 - PictionaryLive - INFO - No se detectó mano en este frame
2025-11-16 10:35:26,012 - PictionaryLive - INFO - No se detectó mano en este frame
2025-11-16 10:35:26,045 - PictionaryLive - INFO - No se detectó mano en este frame
2025-11-16 10:35:26,079 - PictionaryLive - INFO - No se detectó mano en este frame
2025-11-16 10:35:26,112 - PictionaryLive - INFO - No se detectó mano en este frame
2025-11-16 10:35:26,145 - PictionaryLive - INFO - No se detectó mano en este frame
2025-11-16 10:35:26,178 - PictionaryLive - INFO - No se detectó mano en este frame
2025-11-16 10:35:26,212 - PictionaryLive - INFO - No se detectó mano en este frame
2025-11-16 10:35:26,245 - PictionaryLive - INFO - No se detectó mano en este frame
2025-11-16 10:35:26,278 - PictionaryLive - INFO - No se detectó mano en este frame
2025-11-16 10:35:26,312 - PictionaryLive - INFO - No se detectó mano en este frame
2025-11-16 10:35:26,345 - PictionaryLive - INFO - No se detectó mano en este frame
2025-11-16 10:35:26,378 - PictionaryLive - INFO - No se detectó mano en este frame
2025-11-16 10:35:26,412 - PictionaryLive - INFO - No se detectó mano en este frame
2025-11-16 10:35:26,451 - PictionaryLive - INFO - No se detectó mano en este frame
2025-11-16 10:35:26,478 - PictionaryLive - INFO - No se detectó mano en este frame
2025-11-16 10:35:26,517 - PictionaryLive - INFO - No se detectó mano en este frame
2025-11-16 10:35:26,545 - PictionaryLive - INFO - No se detectó mano en este frame
2025-11-16 10:35:26,579 - PictionaryLive - INFO - No se detectó mano en este frame
2025-11-16 10:35:26,612 - PictionaryLive - INFO - No se detectó mano en este frame
2025-11-16 10:35:26,645 - PictionaryLive - INFO - No se detectó mano en este frame
2025-11-16 10:35:26,679 - PictionaryLive - INFO - No se detectó mano en este frame
2025-11-16 10:35:26,712 - PictionaryLive - INFO - No se detectó mano en este frame
2025-11-16 10:35:26,745 - PictionaryLive - INFO - No se detectó mano en este frame
2025-11-16 10:35:26,779 - PictionaryLive - INFO - No se detectó mano en este frame
2025-11-16 10:35:26,812 - PictionaryLive - INFO - No se detectó mano en este frame
2025-11-16 10:35:26,846 - PictionaryLive - INFO - No se detectó mano en este frame
2025-11-16 10:35:26,879 - PictionaryLive - INFO - No se detectó mano en este frame
2025-11-16 10:35:26,912 - PictionaryLive - INFO - No se detectó mano en este frame
2025-11-16 10:35:26,945 - PictionaryLive - INFO - No se detectó mano en este frame
2025-11-16 10:35:26,979 - PictionaryLive - INFO - No se detectó mano en este frame
2025-11-16 10:35:27,012 - PictionaryLive - INFO - No se detectó mano en este frame
2025-11-16 10:35:27,045 - PictionaryLive - INFO - No se detectó mano en este frame
2025-11-16 10:35:27,079 - PictionaryLive - INFO - No se detectó mano en este frame
2025-11-16 10:35:27,118 - PictionaryLive - INFO - No se detectó mano en este frame
2025-11-16 10:35:27,145 - PictionaryLive - INFO - No se detectó mano en este frame
2025-11-16 10:35:27,179 - PictionaryLive - INFO - No se detectó mano en este frame
2025-11-16 10:35:27,212 - PictionaryLive - INFO - No se detectó mano en este frame
2025-11-16 10:35:27,251 - PictionaryLive - INFO - No se detectó mano en este frame
2025-11-16 10:35:27,279 - PictionaryLive - INFO - No se detectó mano en este frame
2025-11-16 10:35:27,312 - PictionaryLive - INFO - No se detectó mano en este frame
2025-11-16 10:35:27,345 - PictionaryLive - INFO - No se detectó mano en este frame
2025-11-16 10:35:27,379 - PictionaryLive - INFO - No se detectó mano en este frame
2025-11-16 10:35:27,412 - PictionaryLive - INFO - No se detectó mano en este frame
2025-11-16 10:35:27,445 - PictionaryLive - INFO - No se detectó mano en este frame
2025-11-16 10:35:27,479 - PictionaryLive - INFO - No se detectó mano en este frame
2025-11-16 10:35:27,512 - PictionaryLive - INFO - No se detectó mano en este frame
2025-11-16 10:35:27,545 - PictionaryLive - INFO - No se detectó mano en este frame
2025-11-16 10:35:27,584 - PictionaryLive - INFO - No se detectó mano en este frame
2025-11-16 10:35:27,617 - PictionaryLive - INFO - No se detectó mano en este frame
2025-11-16 10:35:27,645 - PictionaryLive - INFO - No se detectó mano en este frame
2025-11-16 10:35:27,679 - PictionaryLive - INFO - No se detectó mano en este frame
2025-11-16 10:35:27,712 - PictionaryLive - INFO - No se detectó mano en este frame
2025-11-16 10:35:27,750 - PictionaryLive - INFO - No se detectó mano en este frame
2025-11-16 10:35:27,779 - PictionaryLive - INFO - No se detectó mano en este frame
2025-11-16 10:35:27,812 - PictionaryLive - INFO - No se detectó mano en este frame
2025-11-16 10:35:27,845 - PictionaryLive - INFO - No se detectó mano en este frame
2025-11-16 10:35:27,879 - PictionaryLive - INFO - No se detectó mano en este frame
2025-11-16 10:35:27,912 - PictionaryLive - INFO - No se detectó mano en este frame
2025-11-16 10:35:27,951 - PictionaryLive - INFO - No se detectó mano en este frame
2025-11-16 10:35:27,995 - PictionaryLive - WARNING - No se pudo obtener confianza de mano: 'google._upb._message.RepeatedCompositeContainer' object has no attribute 'score'
2025-11-16 10:35:27,995 - PictionaryLive - INFO - Mano(s) detectada(s): 1, confianza: 0.00, velocidad: 0.0000
2025-11-16 10:35:28,045 - PictionaryLive - WARNING - No se pudo obtener confianza de mano: 'google._upb._message.RepeatedCompositeContainer' object has no attribute 'score'
2025-11-16 10:35:28,045 - PictionaryLive - INFO - Mano(s) detectada(s): 1, confianza: 0.00, velocidad: 0.0030
2025-11-16 10:35:28,095 - PictionaryLive - WARNING - No se pudo obtener confianza de mano: 'google._upb._message.RepeatedCompositeContainer' object has no attribute 'score'
2025-11-16 10:35:28,095 - PictionaryLive - INFO - Mano(s) detectada(s): 1, confianza: 0.00, velocidad: 0.0352
2025-11-16 10:35:28,145 - PictionaryLive - WARNING - No se pudo obtener confianza de mano: 'google._upb._message.RepeatedCompositeContainer' object has no attribute 'score'
2025-11-16 10:35:28,145 - PictionaryLive - INFO - Mano(s) detectada(s): 1, confianza: 0.00, velocidad: 0.0081
2025-11-16 10:35:28,195 - PictionaryLive - WARNING - No se pudo obtener confianza de mano: 'google._upb._message.RepeatedCompositeContainer' object has no attribute 'score'
2025-11-16 10:35:28,195 - PictionaryLive - INFO - Mano(s) detectada(s): 1, confianza: 0.00, velocidad: 0.0507
2025-11-16 10:35:28,246 - PictionaryLive - WARNING - No se pudo obtener confianza de mano: 'google._upb._message.RepeatedCompositeContainer' object has no attribute 'score'
2025-11-16 10:35:28,246 - PictionaryLive - INFO - Mano(s) detectada(s): 1, confianza: 0.00, velocidad: 0.0067
2025-11-16 10:35:28,312 - PictionaryLive - WARNING - No se pudo obtener confianza de mano: 'google._upb._message.RepeatedCompositeContainer' object has no attribute 'score'
2025-11-16 10:35:28,312 - PictionaryLive - INFO - Mano(s) detectada(s): 1, confianza: 0.00, velocidad: 0.0017
2025-11-16 10:35:28,362 - PictionaryLive - WARNING - No se pudo obtener confianza de mano: 'google._upb._message.RepeatedCompositeContainer' object has no attribute 'score'
2025-11-16 10:35:28,362 - PictionaryLive - INFO - Mano(s) detectada(s): 1, confianza: 0.00, velocidad: 0.0185
2025-11-16 10:35:28,412 - PictionaryLive - WARNING - No se pudo obtener confianza de mano: 'google._upb._message.RepeatedCompositeContainer' object has no attribute 'score'
2025-11-16 10:35:28,427 - PictionaryLive - INFO - Mano(s) detectada(s): 1, confianza: 0.00, velocidad: 0.0020
2025-11-16 10:35:28,479 - PictionaryLive - WARNING - No se pudo obtener confianza de mano: 'google._upb._message.RepeatedCompositeContainer' object has no attribute 'score'
2025-11-16 10:35:28,479 - PictionaryLive - INFO - Mano(s) detectada(s): 1, confianza: 0.00, velocidad: 0.0139
2025-11-16 10:35:28,529 - PictionaryLive - WARNING - No se pudo obtener confianza de mano: 'google._upb._message.RepeatedCompositeContainer' object has no attribute 'score'
2025-11-16 10:35:28,529 - PictionaryLive - INFO - Mano(s) detectada(s): 1, confianza: 0.00, velocidad: 0.0042
2025-11-16 10:35:28,579 - PictionaryLive - WARNING - No se pudo obtener confianza de mano: 'google._upb._message.RepeatedCompositeContainer' object has no attribute 'score'
2025-11-16 10:35:28,579 - PictionaryLive - INFO - Mano(s) detectada(s): 1, confianza: 0.00, velocidad: 0.0035
2025-11-16 10:35:28,629 - PictionaryLive - WARNING - No se pudo obtener confianza de mano: 'google._upb._message.RepeatedCompositeContainer' object has no attribute 'score'
2025-11-16 10:35:28,629 - PictionaryLive - INFO - Mano(s) detectada(s): 1, confianza: 0.00, velocidad: 0.0042
2025-11-16 10:35:28,679 - PictionaryLive - WARNING - No se pudo obtener confianza de mano: 'google._upb._message.RepeatedCompositeContainer' object has no attribute 'score'
2025-11-16 10:35:28,679 - PictionaryLive - INFO - Mano(s) detectada(s): 1, confianza: 0.00, velocidad: 0.0012
2025-11-16 10:35:28,729 - PictionaryLive - WARNING - No se pudo obtener confianza de mano: 'google._upb._message.RepeatedCompositeContainer' object has no attribute 'score'
2025-11-16 10:35:28,729 - PictionaryLive - INFO - Mano(s) detectada(s): 1, confianza: 0.00, velocidad: 0.0005
2025-11-16 10:35:28,779 - PictionaryLive - WARNING - No se pudo obtener confianza de mano: 'google._upb._message.RepeatedCompositeContainer' object has no attribute 'score'
2025-11-16 10:35:28,779 - PictionaryLive - INFO - Mano(s) detectada(s): 1, confianza: 0.00, velocidad: 0.0076
2025-11-16 10:35:28,829 - PictionaryLive - WARNING - No se pudo obtener confianza de mano: 'google._upb._message.RepeatedCompositeContainer' object has no attribute 'score'
2025-11-16 10:35:28,829 - PictionaryLive - INFO - Mano(s) detectada(s): 1, confianza: 0.00, velocidad: 0.0153
2025-11-16 10:35:28,879 - PictionaryLive - WARNING - No se pudo obtener confianza de mano: 'google._upb._message.RepeatedCompositeContainer' object has no attribute 'score'
2025-11-16 10:35:28,879 - PictionaryLive - INFO - Mano(s) detectada(s): 1, confianza: 0.00, velocidad: 0.0039
2025-11-16 10:35:28,929 - PictionaryLive - WARNING - No se pudo obtener confianza de mano: 'google._upb._message.RepeatedCompositeContainer' object has no attribute 'score'
2025-11-16 10:35:28,929 - PictionaryLive - INFO - Mano(s) detectada(s): 1, confianza: 0.00, velocidad: 0.0156
2025-11-16 10:35:29,002 - PictionaryLive - WARNING - No se pudo obtener confianza de mano: 'google._upb._message.RepeatedCompositeContainer' object has no attribute 'score'
2025-11-16 10:35:29,011 - PictionaryLive - INFO - Mano(s) detectada(s): 1, confianza: 0.00, velocidad: 0.0170
2025-11-16 10:35:29,062 - PictionaryLive - WARNING - No se pudo obtener confianza de mano: 'google._upb._message.RepeatedCompositeContainer' object has no attribute 'score'
2025-11-16 10:35:29,062 - PictionaryLive - INFO - Mano(s) detectada(s): 1, confianza: 0.00, velocidad: 0.0051
2025-11-16 10:35:29,112 - PictionaryLive - WARNING - No se pudo obtener confianza de mano: 'google._upb._message.RepeatedCompositeContainer' object has no attribute 'score'
2025-11-16 10:35:29,112 - PictionaryLive - INFO - Mano(s) detectada(s): 1, confianza: 0.00, velocidad: 0.0168
2025-11-16 10:35:29,162 - PictionaryLive - WARNING - No se pudo obtener confianza de mano: 'google._upb._message.RepeatedCompositeContainer' object has no attribute 'score'
2025-11-16 10:35:29,162 - PictionaryLive - INFO - Mano(s) detectada(s): 1, confianza: 0.00, velocidad: 0.0025
2025-11-16 10:35:29,212 - PictionaryLive - WARNING - No se pudo obtener confianza de mano: 'google._upb._message.RepeatedCompositeContainer' object has no attribute 'score'
2025-11-16 10:35:29,212 - PictionaryLive - INFO - Mano(s) detectada(s): 1, confianza: 0.00, velocidad: 0.0564
2025-11-16 10:35:29,262 - PictionaryLive - WARNING - No se pudo obtener confianza de mano: 'google._upb._message.RepeatedCompositeContainer' object has no attribute 'score'
2025-11-16 10:35:29,262 - PictionaryLive - INFO - Mano(s) detectada(s): 1, confianza: 0.00, velocidad: 0.0146
2025-11-16 10:35:29,312 - PictionaryLive - WARNING - No se pudo obtener confianza de mano: 'google._upb._message.RepeatedCompositeContainer' object has no attribute 'score'
2025-11-16 10:35:29,312 - PictionaryLive - INFO - Mano(s) detectada(s): 1, confianza: 0.00, velocidad: 0.0492
2025-11-16 10:35:29,362 - PictionaryLive - WARNING - No se pudo obtener confianza de mano: 'google._upb._message.RepeatedCompositeContainer' object has no attribute 'score'
2025-11-16 10:35:29,362 - PictionaryLive - INFO - Mano(s) detectada(s): 1, confianza: 0.00, velocidad: 0.0046
2025-11-16 10:35:29,412 - PictionaryLive - WARNING - No se pudo obtener confianza de mano: 'google._upb._message.RepeatedCompositeContainer' object has no attribute 'score'
2025-11-16 10:35:29,412 - PictionaryLive - INFO - Mano(s) detectada(s): 1, confianza: 0.00, velocidad: 0.0114
2025-11-16 10:35:29,462 - PictionaryLive - WARNING - No se pudo obtener confianza de mano: 'google._upb._message.RepeatedCompositeContainer' object has no attribute 'score'
2025-11-16 10:35:29,462 - PictionaryLive - INFO - Mano(s) detectada(s): 1, confianza: 0.00, velocidad: 0.0709
2025-11-16 10:35:29,512 - PictionaryLive - WARNING - No se pudo obtener confianza de mano: 'google._upb._message.RepeatedCompositeContainer' object has no attribute 'score'
2025-11-16 10:35:29,512 - PictionaryLive - INFO - Mano(s) detectada(s): 1, confianza: 0.00, velocidad: 0.0331
2025-11-16 10:35:29,562 - PictionaryLive - WARNING - No se pudo obtener confianza de mano: 'google._upb._message.RepeatedCompositeContainer' object has no attribute 'score'
2025-11-16 10:35:29,562 - PictionaryLive - INFO - Mano(s) detectada(s): 1, confianza: 0.00, velocidad: 0.0960
2025-11-16 10:35:29,612 - PictionaryLive - INFO - No se detectó mano en este frame
2025-11-16 10:35:29,646 - PictionaryLive - INFO - No se detectó mano en este frame
2025-11-16 10:35:29,696 - PictionaryLive - INFO - No se detectó mano en este frame
2025-11-16 10:35:29,745 - PictionaryLive - INFO - No se detectó mano en este frame
2025-11-16 10:35:29,778 - PictionaryLive - INFO - No se detectó mano en este frame
2025-11-16 10:35:29,812 - PictionaryLive - INFO - No se detectó mano en este frame
2025-11-16 10:35:29,845 - PictionaryLive - INFO - No se detectó mano en este frame
2025-11-16 10:35:29,898 - PictionaryLive - INFO - No se detectó mano en este frame
2025-11-16 10:35:29,948 - PictionaryLive - INFO - No se detectó mano en este frame
2025-11-16 10:35:29,997 - PictionaryLive - INFO - No se detectó mano en este frame
2025-11-16 10:35:30,028 - PictionaryLive - INFO - No se detectó mano en este frame
2025-11-16 10:35:30,062 - PictionaryLive - INFO - No se detectó mano en este frame
2025-11-16 10:35:30,095 - PictionaryLive - INFO - No se detectó mano en este frame
2025-11-16 10:35:30,128 - PictionaryLive - INFO - No se detectó mano en este frame
2025-11-16 10:35:30,179 - PictionaryLive - INFO - No se detectó mano en este frame
2025-11-16 10:35:30,231 - PictionaryLive - INFO - No se detectó mano en este frame
2025-11-16 10:35:30,261 - PictionaryLive - INFO - No se detectó mano en este frame
2025-11-16 10:35:30,295 - PictionaryLive - INFO - No se detectó mano en este frame
2025-11-16 10:35:30,328 - PictionaryLive - INFO - No se detectó mano en este frame
2025-11-16 10:35:30,362 - PictionaryLive - INFO - No se detectó mano en este frame
2025-11-16 10:35:30,395 - PictionaryLive - INFO - No se detectó mano en este frame
2025-11-16 10:35:30,428 - PictionaryLive - INFO - No se detectó mano en este frame
2025-11-16 10:35:30,462 - PictionaryLive - INFO - No se detectó mano en este frame
2025-11-16 10:35:30,495 - PictionaryLive - INFO - No se detectó mano en este frame
2025-11-16 10:35:30,527 - PictionaryLive - INFO - No se detectó mano en este frame
2025-11-16 10:35:30,562 - PictionaryLive - INFO - No se detectó mano en este frame
2025-11-16 10:35:30,595 - PictionaryLive - INFO - No se detectó mano en este frame
2025-11-16 10:35:30,627 - PictionaryLive - INFO - No se detectó mano en este frame
2025-11-16 10:35:30,667 - PictionaryLive - INFO - No se detectó mano en este frame
2025-11-16 10:35:30,695 - PictionaryLive - INFO - No se detectó mano en este frame
2025-11-16 10:35:30,728 - PictionaryLive - INFO - No se detectó mano en este frame
2025-11-16 10:35:30,766 - PictionaryLive - INFO - No se detectó mano en este frame
2025-11-16 10:35:30,795 - PictionaryLive - INFO - No se detectó mano en este frame
2025-11-16 10:35:30,829 - PictionaryLive - INFO - No se detectó mano en este frame
2025-11-16 10:35:30,862 - PictionaryLive - INFO - No se detectó mano en este frame
2025-11-16 10:35:30,895 - PictionaryLive - INFO - No se detectó mano en este frame
2025-11-16 10:35:30,927 - PictionaryLive - INFO - No se detectó mano en este frame
2025-11-16 10:35:30,967 - PictionaryLive - INFO - No se detectó mano en este frame
2025-11-16 10:35:30,995 - PictionaryLive - INFO - No se detectó mano en este frame
2025-11-16 10:35:31,029 - PictionaryLive - INFO - No se detectó mano en este frame
2025-11-16 10:35:31,062 - PictionaryLive - INFO - No se detectó mano en este frame
2025-11-16 10:35:31,112 - PictionaryLive - INFO - No se detectó mano en este frame
2025-11-16 10:35:31,145 - PictionaryLive - INFO - No se detectó mano en este frame
2025-11-16 10:35:31,178 - PictionaryLive - INFO - No se detectó mano en este frame
2025-11-16 10:35:31,212 - PictionaryLive - INFO - No se detectó mano en este frame
2025-11-16 10:35:31,245 - PictionaryLive - INFO - No se detectó mano en este frame
2025-11-16 10:35:31,278 - PictionaryLive - INFO - No se detectó mano en este frame
2025-11-16 10:35:31,331 - PictionaryLive - INFO - No se detectó mano en este frame
2025-11-16 10:35:31,381 - PictionaryLive - INFO - No se detectó mano en este frame
2025-11-16 10:35:31,412 - PictionaryLive - INFO - No se detectó mano en este frame
2025-11-16 10:35:31,474 - PictionaryLive - INFO - No se detectó mano en este frame
2025-11-16 10:35:31,511 - PictionaryLive - INFO - No se detectó mano en este frame
2025-11-16 10:35:31,561 - PictionaryLive - INFO - No se detectó mano en este frame
2025-11-16 10:35:31,595 - PictionaryLive - INFO - No se detectó mano en este frame
2025-11-16 10:35:31,650 - PictionaryLive - INFO - No se detectó mano en este frame
2025-11-16 10:35:31,696 - PictionaryLive - INFO - No se detectó mano en este frame
2025-11-16 10:35:31,746 - PictionaryLive - INFO - No se detectó mano en este frame
2025-11-16 10:35:31,797 - PictionaryLive - INFO - No se detectó mano en este frame
2025-11-16 10:35:31,850 - PictionaryLive - INFO - No se detectó mano en este frame
2025-11-16 10:35:31,878 - PictionaryLive - INFO - No se detectó mano en este frame
2025-11-16 10:35:31,912 - PictionaryLive - INFO - No se detectó mano en este frame
2025-11-16 10:35:31,945 - PictionaryLive - INFO - No se detectó mano en este frame
2025-11-16 10:35:31,978 - PictionaryLive - INFO - No se detectó mano en este frame
2025-11-16 10:35:32,045 - PictionaryLive - INFO - No se detectó mano en este frame
2025-11-16 10:35:32,110 - PictionaryLive - INFO - No se detectó mano en este frame
2025-11-16 10:35:32,145 - PictionaryLive - INFO - No se detectó mano en este frame
2025-11-16 10:35:32,178 - PictionaryLive - INFO - No se detectó mano en este frame
2025-11-16 10:35:32,212 - PictionaryLive - INFO - No se detectó mano en este frame
2025-11-16 10:35:32,290 - PictionaryLive - INFO - No se detectó mano en este frame
2025-11-16 10:35:32,307 - PictionaryLive - INFO - No se detectó mano en este frame
2025-11-16 10:35:32,346 - PictionaryLive - INFO - No se detectó mano en este frame
2025-11-16 10:35:32,379 - PictionaryLive - INFO - No se detectó mano en este frame
2025-11-16 10:35:32,417 - PictionaryLive - INFO - No se detectó mano en este frame
2025-11-16 10:35:32,445 - PictionaryLive - INFO - No se detectó mano en este frame
2025-11-16 10:35:32,479 - PictionaryLive - INFO - No se detectó mano en este frame
2025-11-16 10:35:32,512 - PictionaryLive - INFO - No se detectó mano en este frame
2025-11-16 10:35:32,545 - PictionaryLive - INFO - No se detectó mano en este frame
2025-11-16 10:35:32,579 - PictionaryLive - INFO - No se detectó mano en este frame
2025-11-16 10:35:32,612 - PictionaryLive - INFO - No se detectó mano en este frame
2025-11-16 10:35:32,645 - PictionaryLive - INFO - No se detectó mano en este frame
2025-11-16 10:35:32,679 - PictionaryLive - INFO - No se detectó mano en este frame
2025-11-16 10:35:32,712 - PictionaryLive - INFO - No se detectó mano en este frame
2025-11-16 10:35:32,745 - PictionaryLive - INFO - No se detectó mano en este frame
2025-11-16 10:35:32,779 - PictionaryLive - INFO - No se detectó mano en este frame
2025-11-16 10:35:32,812 - PictionaryLive - INFO - No se detectó mano en este frame
2025-11-16 10:35:32,845 - PictionaryLive - INFO - No se detectó mano en este frame
2025-11-16 10:35:32,884 - PictionaryLive - INFO - No se detectó mano en este frame
2025-11-16 10:35:32,912 - PictionaryLive - INFO - No se detectó mano en este frame
2025-11-16 10:35:32,951 - PictionaryLive - INFO - No se detectó mano en este frame
2025-11-16 10:35:32,979 - PictionaryLive - INFO - No se detectó mano en este frame
2025-11-16 10:35:33,012 - PictionaryLive - INFO - No se detectó mano en este frame
2025-11-16 10:35:33,045 - PictionaryLive - INFO - No se detectó mano en este frame
2025-11-16 10:35:33,078 - PictionaryLive - INFO - No se detectó mano en este frame
2025-11-16 10:35:33,112 - PictionaryLive - INFO - No se detectó mano en este frame
2025-11-16 10:35:33,145 - PictionaryLive - INFO - No se detectó mano en este frame
2025-11-16 10:35:33,179 - PictionaryLive - INFO - No se detectó mano en este frame
2025-11-16 10:35:33,212 - PictionaryLive - INFO - No se detectó mano en este frame
2025-11-16 10:35:33,262 - PictionaryLive - INFO - No se detectó mano en este frame
2025-11-16 10:35:33,314 - PictionaryLive - INFO - No se detectó mano en este frame
2025-11-16 10:35:33,365 - PictionaryLive - WARNING - No se pudo obtener confianza de mano: 'google._upb._message.RepeatedCompositeContainer' object has no attribute 'score'
2025-11-16 10:35:33,365 - PictionaryLive - INFO - Mano(s) detectada(s): 1, confianza: 0.00, velocidad: 0.0000
2025-11-16 10:35:33,411 - PictionaryLive - WARNING - No se pudo obtener confianza de mano: 'google._upb._message.RepeatedCompositeContainer' object has no attribute 'score'
2025-11-16 10:35:33,411 - PictionaryLive - INFO - Mano(s) detectada(s): 1, confianza: 0.00, velocidad: 0.0219
2025-11-16 10:35:33,462 - PictionaryLive - WARNING - No se pudo obtener confianza de mano: 'google._upb._message.RepeatedCompositeContainer' object has no attribute 'score'
2025-11-16 10:35:33,462 - PictionaryLive - INFO - Mano(s) detectada(s): 1, confianza: 0.00, velocidad: 0.0116
2025-11-16 10:35:33,528 - PictionaryLive - WARNING - No se pudo obtener confianza de mano: 'google._upb._message.RepeatedCompositeContainer' object has no attribute 'score'
2025-11-16 10:35:33,528 - PictionaryLive - INFO - Mano(s) detectada(s): 1, confianza: 0.00, velocidad: 0.0126
2025-11-16 10:35:33,581 - PictionaryLive - WARNING - No se pudo obtener confianza de mano: 'google._upb._message.RepeatedCompositeContainer' object has no attribute 'score'
2025-11-16 10:35:33,581 - PictionaryLive - INFO - Mano(s) detectada(s): 1, confianza: 0.00, velocidad: 0.0037
2025-11-16 10:35:33,629 - PictionaryLive - WARNING - No se pudo obtener confianza de mano: 'google._upb._message.RepeatedCompositeContainer' object has no attribute 'score'
2025-11-16 10:35:33,629 - PictionaryLive - INFO - Mano(s) detectada(s): 1, confianza: 0.00, velocidad: 0.0009
2025-11-16 10:35:33,679 - PictionaryLive - WARNING - No se pudo obtener confianza de mano: 'google._upb._message.RepeatedCompositeContainer' object has no attribute 'score'
2025-11-16 10:35:33,679 - PictionaryLive - INFO - Mano(s) detectada(s): 1, confianza: 0.00, velocidad: 0.0261
2025-11-16 10:35:33,746 - PictionaryLive - WARNING - No se pudo obtener confianza de mano: 'google._upb._message.RepeatedCompositeContainer' object has no attribute 'score'
2025-11-16 10:35:33,746 - PictionaryLive - INFO - Mano(s) detectada(s): 1, confianza: 0.00, velocidad: 0.0266
2025-11-16 10:35:33,796 - PictionaryLive - WARNING - No se pudo obtener confianza de mano: 'google._upb._message.RepeatedCompositeContainer' object has no attribute 'score'
2025-11-16 10:35:33,796 - PictionaryLive - INFO - Mano(s) detectada(s): 1, confianza: 0.00, velocidad: 0.0042
2025-11-16 10:35:33,846 - PictionaryLive - WARNING - No se pudo obtener confianza de mano: 'google._upb._message.RepeatedCompositeContainer' object has no attribute 'score'
2025-11-16 10:35:33,846 - PictionaryLive - INFO - Mano(s) detectada(s): 1, confianza: 0.00, velocidad: 0.0102
2025-11-16 10:35:33,896 - PictionaryLive - WARNING - No se pudo obtener confianza de mano: 'google._upb._message.RepeatedCompositeContainer' object has no attribute 'score'
2025-11-16 10:35:33,896 - PictionaryLive - INFO - Mano(s) detectada(s): 1, confianza: 0.00, velocidad: 0.0021
2025-11-16 10:35:33,946 - PictionaryLive - WARNING - No se pudo obtener confianza de mano: 'google._upb._message.RepeatedCompositeContainer' object has no attribute 'score'
2025-11-16 10:35:33,946 - PictionaryLive - INFO - Mano(s) detectada(s): 1, confianza: 0.00, velocidad: 0.0049
2025-11-16 10:35:33,996 - PictionaryLive - WARNING - No se pudo obtener confianza de mano: 'google._upb._message.RepeatedCompositeContainer' object has no attribute 'score'
2025-11-16 10:35:33,996 - PictionaryLive - INFO - Mano(s) detectada(s): 1, confianza: 0.00, velocidad: 0.0030
2025-11-16 10:35:34,046 - PictionaryLive - WARNING - No se pudo obtener confianza de mano: 'google._upb._message.RepeatedCompositeContainer' object has no attribute 'score'
2025-11-16 10:35:34,046 - PictionaryLive - INFO - Mano(s) detectada(s): 1, confianza: 0.00, velocidad: 0.0280
2025-11-16 10:35:34,096 - PictionaryLive - WARNING - No se pudo obtener confianza de mano: 'google._upb._message.RepeatedCompositeContainer' object has no attribute 'score'
2025-11-16 10:35:34,096 - PictionaryLive - INFO - Mano(s) detectada(s): 1, confianza: 0.00, velocidad: 0.0343
2025-11-16 10:35:34,146 - PictionaryLive - WARNING - No se pudo obtener confianza de mano: 'google._upb._message.RepeatedCompositeContainer' object has no attribute 'score'
2025-11-16 10:35:34,146 - PictionaryLive - INFO - Mano(s) detectada(s): 1, confianza: 0.00, velocidad: 0.0047
2025-11-16 10:35:34,195 - PictionaryLive - WARNING - No se pudo obtener confianza de mano: 'google._upb._message.RepeatedCompositeContainer' object has no attribute 'score'
2025-11-16 10:35:34,195 - PictionaryLive - INFO - Mano(s) detectada(s): 1, confianza: 0.00, velocidad: 0.0453
2025-11-16 10:35:34,246 - PictionaryLive - WARNING - No se pudo obtener confianza de mano: 'google._upb._message.RepeatedCompositeContainer' object has no attribute 'score'
2025-11-16 10:35:34,246 - PictionaryLive - INFO - Mano(s) detectada(s): 1, confianza: 0.00, velocidad: 0.0061
2025-11-16 10:35:34,296 - PictionaryLive - WARNING - No se pudo obtener confianza de mano: 'google._upb._message.RepeatedCompositeContainer' object has no attribute 'score'
2025-11-16 10:35:34,296 - PictionaryLive - INFO - Mano(s) detectada(s): 1, confianza: 0.00, velocidad: 0.0892
2025-11-16 10:35:34,346 - PictionaryLive - WARNING - No se pudo obtener confianza de mano: 'google._upb._message.RepeatedCompositeContainer' object has no attribute 'score'
2025-11-16 10:35:34,346 - PictionaryLive - INFO - Mano(s) detectada(s): 1, confianza: 0.00, velocidad: 0.0447
2025-11-16 10:35:34,399 - PictionaryLive - WARNING - No se pudo obtener confianza de mano: 'google._upb._message.RepeatedCompositeContainer' object has no attribute 'score'
2025-11-16 10:35:34,399 - PictionaryLive - INFO - Mano(s) detectada(s): 1, confianza: 0.00, velocidad: 0.0052
2025-11-16 10:35:34,446 - PictionaryLive - WARNING - No se pudo obtener confianza de mano: 'google._upb._message.RepeatedCompositeContainer' object has no attribute 'score'
2025-11-16 10:35:34,446 - PictionaryLive - INFO - Mano(s) detectada(s): 1, confianza: 0.00, velocidad: 0.0445
2025-11-16 10:35:34,496 - PictionaryLive - WARNING - No se pudo obtener confianza de mano: 'google._upb._message.RepeatedCompositeContainer' object has no attribute 'score'
2025-11-16 10:35:34,496 - PictionaryLive - INFO - Mano(s) detectada(s): 1, confianza: 0.00, velocidad: 0.0088
2025-11-16 10:35:34,546 - PictionaryLive - WARNING - No se pudo obtener confianza de mano: 'google._upb._message.RepeatedCompositeContainer' object has no attribute 'score'
2025-11-16 10:35:34,546 - PictionaryLive - INFO - Mano(s) detectada(s): 1, confianza: 0.00, velocidad: 0.0141
2025-11-16 10:35:34,596 - PictionaryLive - WARNING - No se pudo obtener confianza de mano: 'google._upb._message.RepeatedCompositeContainer' object has no attribute 'score'
2025-11-16 10:35:34,596 - PictionaryLive - INFO - Mano(s) detectada(s): 1, confianza: 0.00, velocidad: 0.0184
2025-11-16 10:35:34,646 - PictionaryLive - WARNING - No se pudo obtener confianza de mano: 'google._upb._message.RepeatedCompositeContainer' object has no attribute 'score'
2025-11-16 10:35:34,646 - PictionaryLive - INFO - Mano(s) detectada(s): 1, confianza: 0.00, velocidad: 0.0167
2025-11-16 10:35:34,711 - PictionaryLive - WARNING - No se pudo obtener confianza de mano: 'google._upb._message.RepeatedCompositeContainer' object has no attribute 'score'
2025-11-16 10:35:34,711 - PictionaryLive - INFO - Mano(s) detectada(s): 1, confianza: 0.00, velocidad: 0.0336
2025-11-16 10:35:34,777 - PictionaryLive - WARNING - No se pudo obtener confianza de mano: 'google._upb._message.RepeatedCompositeContainer' object has no attribute 'score'
2025-11-16 10:35:34,778 - PictionaryLive - INFO - Mano(s) detectada(s): 1, confianza: 0.00, velocidad: 0.0034
2025-11-16 10:35:34,828 - PictionaryLive - WARNING - No se pudo obtener confianza de mano: 'google._upb._message.RepeatedCompositeContainer' object has no attribute 'score'
2025-11-16 10:35:34,828 - PictionaryLive - INFO - Mano(s) detectada(s): 1, confianza: 0.00, velocidad: 0.0342
2025-11-16 10:35:34,879 - PictionaryLive - WARNING - No se pudo obtener confianza de mano: 'google._upb._message.RepeatedCompositeContainer' object has no attribute 'score'
2025-11-16 10:35:34,879 - PictionaryLive - INFO - Mano(s) detectada(s): 1, confianza: 0.00, velocidad: 0.0201
2025-11-16 10:35:34,929 - PictionaryLive - WARNING - No se pudo obtener confianza de mano: 'google._upb._message.RepeatedCompositeContainer' object has no attribute 'score'
2025-11-16 10:35:34,929 - PictionaryLive - INFO - Mano(s) detectada(s): 1, confianza: 0.00, velocidad: 0.0294
2025-11-16 10:35:34,979 - PictionaryLive - WARNING - No se pudo obtener confianza de mano: 'google._upb._message.RepeatedCompositeContainer' object has no attribute 'score'
2025-11-16 10:35:34,979 - PictionaryLive - INFO - Mano(s) detectada(s): 1, confianza: 0.00, velocidad: 0.0019
2025-11-16 10:35:35,046 - PictionaryLive - WARNING - No se pudo obtener confianza de mano: 'google._upb._message.RepeatedCompositeContainer' object has no attribute 'score'
2025-11-16 10:35:35,046 - PictionaryLive - INFO - Mano(s) detectada(s): 2, confianza: 0.00, velocidad: 0.0009
2025-11-16 10:35:35,094 - PictionaryLive - WARNING - No se pudo obtener confianza de mano: 'google._upb._message.RepeatedCompositeContainer' object has no attribute 'score'
2025-11-16 10:35:35,095 - PictionaryLive - INFO - Mano(s) detectada(s): 1, confianza: 0.00, velocidad: 0.0167
2025-11-16 10:35:35,161 - PictionaryLive - WARNING - No se pudo obtener confianza de mano: 'google._upb._message.RepeatedCompositeContainer' object has no attribute 'score'
2025-11-16 10:35:35,161 - PictionaryLive - INFO - Mano(s) detectada(s): 2, confianza: 0.00, velocidad: 0.0304
2025-11-16 10:35:35,197 - PictionaryLive - WARNING - No se pudo obtener confianza de mano: 'google._upb._message.RepeatedCompositeContainer' object has no attribute 'score'
2025-11-16 10:35:35,198 - PictionaryLive - INFO - Mano(s) detectada(s): 1, confianza: 0.00, velocidad: 0.0152
2025-11-16 10:35:35,246 - PictionaryLive - WARNING - No se pudo obtener confianza de mano: 'google._upb._message.RepeatedCompositeContainer' object has no attribute 'score'
2025-11-16 10:35:35,246 - PictionaryLive - INFO - Mano(s) detectada(s): 1, confianza: 0.00, velocidad: 0.0006
2025-11-16 10:35:35,296 - PictionaryLive - WARNING - No se pudo obtener confianza de mano: 'google._upb._message.RepeatedCompositeContainer' object has no attribute 'score'
2025-11-16 10:35:35,296 - PictionaryLive - INFO - Mano(s) detectada(s): 1, confianza: 0.00, velocidad: 0.0345
2025-11-16 10:35:35,346 - PictionaryLive - WARNING - No se pudo obtener confianza de mano: 'google._upb._message.RepeatedCompositeContainer' object has no attribute 'score'
2025-11-16 10:35:35,346 - PictionaryLive - INFO - Mano(s) detectada(s): 1, confianza: 0.00, velocidad: 0.0056
2025-11-16 10:35:35,395 - PictionaryLive - WARNING - No se pudo obtener confianza de mano: 'google._upb._message.RepeatedCompositeContainer' object has no attribute 'score'
2025-11-16 10:35:35,395 - PictionaryLive - INFO - Mano(s) detectada(s): 1, confianza: 0.00, velocidad: 0.0749
2025-11-16 10:35:35,446 - PictionaryLive - WARNING - No se pudo obtener confianza de mano: 'google._upb._message.RepeatedCompositeContainer' object has no attribute 'score'
2025-11-16 10:35:35,446 - PictionaryLive - INFO - Mano(s) detectada(s): 1, confianza: 0.00, velocidad: 0.0225
2025-11-16 10:35:35,498 - PictionaryLive - WARNING - No se pudo obtener confianza de mano: 'google._upb._message.RepeatedCompositeContainer' object has no attribute 'score'
2025-11-16 10:35:35,499 - PictionaryLive - INFO - Mano(s) detectada(s): 1, confianza: 0.00, velocidad: 0.0043
2025-11-16 10:35:35,546 - PictionaryLive - WARNING - No se pudo obtener confianza de mano: 'google._upb._message.RepeatedCompositeContainer' object has no attribute 'score'
2025-11-16 10:35:35,546 - PictionaryLive - INFO - Mano(s) detectada(s): 1, confianza: 0.00, velocidad: 0.0186
2025-11-16 10:35:35,596 - PictionaryLive - WARNING - No se pudo obtener confianza de mano: 'google._upb._message.RepeatedCompositeContainer' object has no attribute 'score'
2025-11-16 10:35:35,596 - PictionaryLive - INFO - Mano(s) detectada(s): 1, confianza: 0.00, velocidad: 0.0033
2025-11-16 10:35:35,646 - PictionaryLive - WARNING - No se pudo obtener confianza de mano: 'google._upb._message.RepeatedCompositeContainer' object has no attribute 'score'
2025-11-16 10:35:35,646 - PictionaryLive - INFO - Mano(s) detectada(s): 1, confianza: 0.00, velocidad: 0.0343
2025-11-16 10:35:35,696 - PictionaryLive - WARNING - No se pudo obtener confianza de mano: 'google._upb._message.RepeatedCompositeContainer' object has no attribute 'score'
2025-11-16 10:35:35,696 - PictionaryLive - INFO - Mano(s) detectada(s): 1, confianza: 0.00, velocidad: 0.0030
2025-11-16 10:35:35,746 - PictionaryLive - WARNING - No se pudo obtener confianza de mano: 'google._upb._message.RepeatedCompositeContainer' object has no attribute 'score'
2025-11-16 10:35:35,746 - PictionaryLive - INFO - Mano(s) detectada(s): 1, confianza: 0.00, velocidad: 0.0732
2025-11-16 10:35:35,796 - PictionaryLive - WARNING - No se pudo obtener confianza de mano: 'google._upb._message.RepeatedCompositeContainer' object has no attribute 'score'
2025-11-16 10:35:35,796 - PictionaryLive - INFO - Mano(s) detectada(s): 1, confianza: 0.00, velocidad: 0.0094
2025-11-16 10:35:35,846 - PictionaryLive - WARNING - No se pudo obtener confianza de mano: 'google._upb._message.RepeatedCompositeContainer' object has no attribute 'score'
2025-11-16 10:35:35,846 - PictionaryLive - INFO - Mano(s) detectada(s): 1, confianza: 0.00, velocidad: 0.0427
2025-11-16 10:35:35,896 - PictionaryLive - WARNING - No se pudo obtener confianza de mano: 'google._upb._message.RepeatedCompositeContainer' object has no attribute 'score'
2025-11-16 10:35:35,896 - PictionaryLive - INFO - Mano(s) detectada(s): 1, confianza: 0.00, velocidad: 0.0019
2025-11-16 10:35:35,946 - PictionaryLive - WARNING - No se pudo obtener confianza de mano: 'google._upb._message.RepeatedCompositeContainer' object has no attribute 'score'
2025-11-16 10:35:35,946 - PictionaryLive - INFO - Mano(s) detectada(s): 1, confianza: 0.00, velocidad: 0.0658
2025-11-16 10:35:35,996 - PictionaryLive - WARNING - No se pudo obtener confianza de mano: 'google._upb._message.RepeatedCompositeContainer' object has no attribute 'score'
2025-11-16 10:35:35,996 - PictionaryLive - INFO - Mano(s) detectada(s): 1, confianza: 0.00, velocidad: 0.0123
2025-11-16 10:35:36,049 - PictionaryLive - WARNING - No se pudo obtener confianza de mano: 'google._upb._message.RepeatedCompositeContainer' object has no attribute 'score'
2025-11-16 10:35:36,049 - PictionaryLive - INFO - Mano(s) detectada(s): 1, confianza: 0.00, velocidad: 0.0015
2025-11-16 10:35:36,096 - PictionaryLive - WARNING - No se pudo obtener confianza de mano: 'google._upb._message.RepeatedCompositeContainer' object has no attribute 'score'
2025-11-16 10:35:36,096 - PictionaryLive - INFO - Mano(s) detectada(s): 1, confianza: 0.00, velocidad: 0.0162
2025-11-16 10:35:36,146 - PictionaryLive - WARNING - No se pudo obtener confianza de mano: 'google._upb._message.RepeatedCompositeContainer' object has no attribute 'score'
2025-11-16 10:35:36,146 - PictionaryLive - INFO - Mano(s) detectada(s): 1, confianza: 0.00, velocidad: 0.0038
2025-11-16 10:35:36,196 - PictionaryLive - WARNING - No se pudo obtener confianza de mano: 'google._upb._message.RepeatedCompositeContainer' object has no attribute 'score'
2025-11-16 10:35:36,196 - PictionaryLive - INFO - Mano(s) detectada(s): 1, confianza: 0.00, velocidad: 0.0122
2025-11-16 10:35:36,246 - PictionaryLive - WARNING - No se pudo obtener confianza de mano: 'google._upb._message.RepeatedCompositeContainer' object has no attribute 'score'
2025-11-16 10:35:36,246 - PictionaryLive - INFO - Mano(s) detectada(s): 1, confianza: 0.00, velocidad: 0.0022
2025-11-16 10:35:36,296 - PictionaryLive - WARNING - No se pudo obtener confianza de mano: 'google._upb._message.RepeatedCompositeContainer' object has no attribute 'score'
2025-11-16 10:35:36,296 - PictionaryLive - INFO - Mano(s) detectada(s): 1, confianza: 0.00, velocidad: 0.0284
2025-11-16 10:35:36,346 - PictionaryLive - WARNING - No se pudo obtener confianza de mano: 'google._upb._message.RepeatedCompositeContainer' object has no attribute 'score'
2025-11-16 10:35:36,346 - PictionaryLive - INFO - Mano(s) detectada(s): 1, confianza: 0.00, velocidad: 0.0061
2025-11-16 10:35:36,399 - PictionaryLive - WARNING - No se pudo obtener confianza de mano: 'google._upb._message.RepeatedCompositeContainer' object has no attribute 'score'
2025-11-16 10:35:36,399 - PictionaryLive - INFO - Mano(s) detectada(s): 1, confianza: 0.00, velocidad: 0.0011
2025-11-16 10:35:36,446 - PictionaryLive - WARNING - No se pudo obtener confianza de mano: 'google._upb._message.RepeatedCompositeContainer' object has no attribute 'score'
2025-11-16 10:35:36,446 - PictionaryLive - INFO - Mano(s) detectada(s): 1, confianza: 0.00, velocidad: 0.0120
2025-11-16 10:35:36,446 - PictionaryLive - INFO - Predicción: crab (86.2%)
2025-11-16 10:35:36,496 - PictionaryLive - WARNING - No se pudo obtener confianza de mano: 'google._upb._message.RepeatedCompositeContainer' object has no attribute 'score'
2025-11-16 10:35:36,496 - PictionaryLive - INFO - Mano(s) detectada(s): 1, confianza: 0.00, velocidad: 0.0012
2025-11-16 10:35:36,546 - PictionaryLive - WARNING - No se pudo obtener confianza de mano: 'google._upb._message.RepeatedCompositeContainer' object has no attribute 'score'
2025-11-16 10:35:36,546 - PictionaryLive - INFO - Mano(s) detectada(s): 1, confianza: 0.00, velocidad: 0.0112
2025-11-16 10:35:36,596 - PictionaryLive - WARNING - No se pudo obtener confianza de mano: 'google._upb._message.RepeatedCompositeContainer' object has no attribute 'score'
2025-11-16 10:35:36,596 - PictionaryLive - INFO - Mano(s) detectada(s): 1, confianza: 0.00, velocidad: 0.0028
2025-11-16 10:35:36,646 - PictionaryLive - WARNING - No se pudo obtener confianza de mano: 'google._upb._message.RepeatedCompositeContainer' object has no attribute 'score'
2025-11-16 10:35:36,646 - PictionaryLive - INFO - Mano(s) detectada(s): 1, confianza: 0.00, velocidad: 0.0135
2025-11-16 10:35:36,696 - PictionaryLive - WARNING - No se pudo obtener confianza de mano: 'google._upb._message.RepeatedCompositeContainer' object has no attribute 'score'
2025-11-16 10:35:36,696 - PictionaryLive - INFO - Mano(s) detectada(s): 1, confianza: 0.00, velocidad: 0.0092
2025-11-16 10:35:36,746 - PictionaryLive - WARNING - No se pudo obtener confianza de mano: 'google._upb._message.RepeatedCompositeContainer' object has no attribute 'score'
2025-11-16 10:35:36,746 - PictionaryLive - INFO - Mano(s) detectada(s): 1, confianza: 0.00, velocidad: 0.0015
2025-11-16 10:35:36,796 - PictionaryLive - WARNING - No se pudo obtener confianza de mano: 'google._upb._message.RepeatedCompositeContainer' object has no attribute 'score'
2025-11-16 10:35:36,796 - PictionaryLive - INFO - Mano(s) detectada(s): 1, confianza: 0.00, velocidad: 0.0130
2025-11-16 10:35:36,846 - PictionaryLive - WARNING - No se pudo obtener confianza de mano: 'google._upb._message.RepeatedCompositeContainer' object has no attribute 'score'
2025-11-16 10:35:36,846 - PictionaryLive - INFO - Mano(s) detectada(s): 1, confianza: 0.00, velocidad: 0.0040
2025-11-16 10:35:36,896 - PictionaryLive - WARNING - No se pudo obtener confianza de mano: 'google._upb._message.RepeatedCompositeContainer' object has no attribute 'score'
2025-11-16 10:35:36,896 - PictionaryLive - INFO - Mano(s) detectada(s): 1, confianza: 0.00, velocidad: 0.0130
2025-11-16 10:35:36,946 - PictionaryLive - WARNING - No se pudo obtener confianza de mano: 'google._upb._message.RepeatedCompositeContainer' object has no attribute 'score'
2025-11-16 10:35:36,946 - PictionaryLive - INFO - Mano(s) detectada(s): 1, confianza: 0.00, velocidad: 0.0074
2025-11-16 10:35:36,996 - PictionaryLive - WARNING - No se pudo obtener confianza de mano: 'google._upb._message.RepeatedCompositeContainer' object has no attribute 'score'
2025-11-16 10:35:36,996 - PictionaryLive - INFO - Mano(s) detectada(s): 1, confianza: 0.00, velocidad: 0.0173
2025-11-16 10:35:37,046 - PictionaryLive - WARNING - No se pudo obtener confianza de mano: 'google._upb._message.RepeatedCompositeContainer' object has no attribute 'score'
2025-11-16 10:35:37,046 - PictionaryLive - INFO - Mano(s) detectada(s): 1, confianza: 0.00, velocidad: 0.0019
2025-11-16 10:35:37,096 - PictionaryLive - WARNING - No se pudo obtener confianza de mano: 'google._upb._message.RepeatedCompositeContainer' object has no attribute 'score'
2025-11-16 10:35:37,096 - PictionaryLive - INFO - Mano(s) detectada(s): 1, confianza: 0.00, velocidad: 0.0047
2025-11-16 10:35:37,146 - PictionaryLive - WARNING - No se pudo obtener confianza de mano: 'google._upb._message.RepeatedCompositeContainer' object has no attribute 'score'
2025-11-16 10:35:37,146 - PictionaryLive - INFO - Mano(s) detectada(s): 1, confianza: 0.00, velocidad: 0.0082
2025-11-16 10:35:37,196 - PictionaryLive - WARNING - No se pudo obtener confianza de mano: 'google._upb._message.RepeatedCompositeContainer' object has no attribute 'score'
2025-11-16 10:35:37,196 - PictionaryLive - INFO - Mano(s) detectada(s): 1, confianza: 0.00, velocidad: 0.0029
2025-11-16 10:35:37,246 - PictionaryLive - WARNING - No se pudo obtener confianza de mano: 'google._upb._message.RepeatedCompositeContainer' object has no attribute 'score'
2025-11-16 10:35:37,246 - PictionaryLive - INFO - Mano(s) detectada(s): 1, confianza: 0.00, velocidad: 0.0038
2025-11-16 10:35:37,296 - PictionaryLive - WARNING - No se pudo obtener confianza de mano: 'google._upb._message.RepeatedCompositeContainer' object has no attribute 'score'
2025-11-16 10:35:37,296 - PictionaryLive - INFO - Mano(s) detectada(s): 1, confianza: 0.00, velocidad: 0.0017
2025-11-16 10:35:37,346 - PictionaryLive - WARNING - No se pudo obtener confianza de mano: 'google._upb._message.RepeatedCompositeContainer' object has no attribute 'score'
2025-11-16 10:35:37,346 - PictionaryLive - INFO - Mano(s) detectada(s): 1, confianza: 0.00, velocidad: 0.0052
2025-11-16 10:35:37,396 - PictionaryLive - WARNING - No se pudo obtener confianza de mano: 'google._upb._message.RepeatedCompositeContainer' object has no attribute 'score'
2025-11-16 10:35:37,396 - PictionaryLive - INFO - Mano(s) detectada(s): 1, confianza: 0.00, velocidad: 0.0013
2025-11-16 10:35:37,446 - PictionaryLive - WARNING - No se pudo obtener confianza de mano: 'google._upb._message.RepeatedCompositeContainer' object has no attribute 'score'
2025-11-16 10:35:37,446 - PictionaryLive - INFO - Mano(s) detectada(s): 1, confianza: 0.00, velocidad: 0.0283
2025-11-16 10:35:37,529 - PictionaryLive - WARNING - No se pudo obtener confianza de mano: 'google._upb._message.RepeatedCompositeContainer' object has no attribute 'score'
2025-11-16 10:35:37,529 - PictionaryLive - INFO - Mano(s) detectada(s): 1, confianza: 0.00, velocidad: 0.0494
2025-11-16 10:35:37,579 - PictionaryLive - WARNING - No se pudo obtener confianza de mano: 'google._upb._message.RepeatedCompositeContainer' object has no attribute 'score'
2025-11-16 10:35:37,579 - PictionaryLive - INFO - Mano(s) detectada(s): 1, confianza: 0.00, velocidad: 0.0048
2025-11-16 10:35:37,628 - PictionaryLive - WARNING - No se pudo obtener confianza de mano: 'google._upb._message.RepeatedCompositeContainer' object has no attribute 'score'
2025-11-16 10:35:37,628 - PictionaryLive - INFO - Mano(s) detectada(s): 1, confianza: 0.00, velocidad: 0.0352
2025-11-16 10:35:37,679 - PictionaryLive - WARNING - No se pudo obtener confianza de mano: 'google._upb._message.RepeatedCompositeContainer' object has no attribute 'score'
2025-11-16 10:35:37,679 - PictionaryLive - INFO - Mano(s) detectada(s): 1, confianza: 0.00, velocidad: 0.0010
2025-11-16 10:35:37,729 - PictionaryLive - WARNING - No se pudo obtener confianza de mano: 'google._upb._message.RepeatedCompositeContainer' object has no attribute 'score'
2025-11-16 10:35:37,729 - PictionaryLive - INFO - Mano(s) detectada(s): 1, confianza: 0.00, velocidad: 0.1704
2025-11-16 10:35:37,794 - PictionaryLive - WARNING - No se pudo obtener confianza de mano: 'google._upb._message.RepeatedCompositeContainer' object has no attribute 'score'
2025-11-16 10:35:37,795 - PictionaryLive - INFO - Mano(s) detectada(s): 1, confianza: 0.00, velocidad: 0.2307
2025-11-16 10:35:37,846 - PictionaryLive - WARNING - No se pudo obtener confianza de mano: 'google._upb._message.RepeatedCompositeContainer' object has no attribute 'score'
2025-11-16 10:35:37,846 - PictionaryLive - INFO - Mano(s) detectada(s): 1, confianza: 0.00, velocidad: 0.0161
2025-11-16 10:35:37,896 - PictionaryLive - WARNING - No se pudo obtener confianza de mano: 'google._upb._message.RepeatedCompositeContainer' object has no attribute 'score'
2025-11-16 10:35:37,896 - PictionaryLive - INFO - Mano(s) detectada(s): 1, confianza: 0.00, velocidad: 0.0539
2025-11-16 10:35:37,946 - PictionaryLive - WARNING - No se pudo obtener confianza de mano: 'google._upb._message.RepeatedCompositeContainer' object has no attribute 'score'
2025-11-16 10:35:37,946 - PictionaryLive - INFO - Mano(s) detectada(s): 1, confianza: 0.00, velocidad: 0.1633
2025-11-16 10:35:37,996 - PictionaryLive - WARNING - No se pudo obtener confianza de mano: 'google._upb._message.RepeatedCompositeContainer' object has no attribute 'score'
2025-11-16 10:35:37,996 - PictionaryLive - INFO - Mano(s) detectada(s): 1, confianza: 0.00, velocidad: 0.0403
2025-11-16 10:35:38,046 - PictionaryLive - WARNING - No se pudo obtener confianza de mano: 'google._upb._message.RepeatedCompositeContainer' object has no attribute 'score'
2025-11-16 10:35:38,046 - PictionaryLive - INFO - Mano(s) detectada(s): 1, confianza: 0.00, velocidad: 0.0231
2025-11-16 10:35:38,096 - PictionaryLive - WARNING - No se pudo obtener confianza de mano: 'google._upb._message.RepeatedCompositeContainer' object has no attribute 'score'
2025-11-16 10:35:38,096 - PictionaryLive - INFO - Mano(s) detectada(s): 1, confianza: 0.00, velocidad: 0.1001
2025-11-16 10:35:38,146 - PictionaryLive - WARNING - No se pudo obtener confianza de mano: 'google._upb._message.RepeatedCompositeContainer' object has no attribute 'score'
2025-11-16 10:35:38,146 - PictionaryLive - INFO - Mano(s) detectada(s): 1, confianza: 0.00, velocidad: 0.0007
2025-11-16 10:35:38,196 - PictionaryLive - WARNING - No se pudo obtener confianza de mano: 'google._upb._message.RepeatedCompositeContainer' object has no attribute 'score'
2025-11-16 10:35:38,196 - PictionaryLive - INFO - Mano(s) detectada(s): 1, confianza: 0.00, velocidad: 0.0220
2025-11-16 10:35:38,262 - PictionaryLive - WARNING - No se pudo obtener confianza de mano: 'google._upb._message.RepeatedCompositeContainer' object has no attribute 'score'
2025-11-16 10:35:38,262 - PictionaryLive - INFO - Mano(s) detectada(s): 1, confianza: 0.00, velocidad: 0.0358
2025-11-16 10:35:38,329 - PictionaryLive - WARNING - No se pudo obtener confianza de mano: 'google._upb._message.RepeatedCompositeContainer' object has no attribute 'score'
2025-11-16 10:35:38,329 - PictionaryLive - INFO - Mano(s) detectada(s): 1, confianza: 0.00, velocidad: 0.0644
2025-11-16 10:35:38,383 - PictionaryLive - WARNING - No se pudo obtener confianza de mano: 'google._upb._message.RepeatedCompositeContainer' object has no attribute 'score'
2025-11-16 10:35:38,384 - PictionaryLive - INFO - Mano(s) detectada(s): 1, confianza: 0.00, velocidad: 0.0282
2025-11-16 10:35:38,429 - PictionaryLive - WARNING - No se pudo obtener confianza de mano: 'google._upb._message.RepeatedCompositeContainer' object has no attribute 'score'
2025-11-16 10:35:38,429 - PictionaryLive - INFO - Mano(s) detectada(s): 1, confianza: 0.00, velocidad: 0.0025
2025-11-16 10:35:38,479 - PictionaryLive - WARNING - No se pudo obtener confianza de mano: 'google._upb._message.RepeatedCompositeContainer' object has no attribute 'score'
2025-11-16 10:35:38,479 - PictionaryLive - INFO - Mano(s) detectada(s): 1, confianza: 0.00, velocidad: 0.0256
2025-11-16 10:35:38,529 - PictionaryLive - WARNING - No se pudo obtener confianza de mano: 'google._upb._message.RepeatedCompositeContainer' object has no attribute 'score'
2025-11-16 10:35:38,529 - PictionaryLive - INFO - Mano(s) detectada(s): 1, confianza: 0.00, velocidad: 0.0037
2025-11-16 10:35:38,579 - PictionaryLive - WARNING - No se pudo obtener confianza de mano: 'google._upb._message.RepeatedCompositeContainer' object has no attribute 'score'
2025-11-16 10:35:38,579 - PictionaryLive - INFO - Mano(s) detectada(s): 1, confianza: 0.00, velocidad: 0.0601
2025-11-16 10:35:38,629 - PictionaryLive - WARNING - No se pudo obtener confianza de mano: 'google._upb._message.RepeatedCompositeContainer' object has no attribute 'score'
2025-11-16 10:35:38,629 - PictionaryLive - INFO - Mano(s) detectada(s): 1, confianza: 0.00, velocidad: 0.1132
2025-11-16 10:35:38,679 - PictionaryLive - WARNING - No se pudo obtener confianza de mano: 'google._upb._message.RepeatedCompositeContainer' object has no attribute 'score'
2025-11-16 10:35:38,679 - PictionaryLive - INFO - Mano(s) detectada(s): 1, confianza: 0.00, velocidad: 0.0086
2025-11-16 10:35:38,729 - PictionaryLive - WARNING - No se pudo obtener confianza de mano: 'google._upb._message.RepeatedCompositeContainer' object has no attribute 'score'
2025-11-16 10:35:38,729 - PictionaryLive - INFO - Mano(s) detectada(s): 1, confianza: 0.00, velocidad: 0.0274
2025-11-16 10:35:38,779 - PictionaryLive - WARNING - No se pudo obtener confianza de mano: 'google._upb._message.RepeatedCompositeContainer' object has no attribute 'score'
2025-11-16 10:35:38,779 - PictionaryLive - INFO - Mano(s) detectada(s): 1, confianza: 0.00, velocidad: 0.0012
2025-11-16 10:35:38,829 - PictionaryLive - WARNING - No se pudo obtener confianza de mano: 'google._upb._message.RepeatedCompositeContainer' object has no attribute 'score'
2025-11-16 10:35:38,829 - PictionaryLive - INFO - Mano(s) detectada(s): 1, confianza: 0.00, velocidad: 0.0725
2025-11-16 10:35:38,879 - PictionaryLive - WARNING - No se pudo obtener confianza de mano: 'google._upb._message.RepeatedCompositeContainer' object has no attribute 'score'
2025-11-16 10:35:38,879 - PictionaryLive - INFO - Mano(s) detectada(s): 1, confianza: 0.00, velocidad: 0.0428
2025-11-16 10:35:38,929 - PictionaryLive - WARNING - No se pudo obtener confianza de mano: 'google._upb._message.RepeatedCompositeContainer' object has no attribute 'score'
2025-11-16 10:35:38,929 - PictionaryLive - INFO - Mano(s) detectada(s): 1, confianza: 0.00, velocidad: 0.0018
2025-11-16 10:35:38,979 - PictionaryLive - INFO - No se detectó mano en este frame
2025-11-16 10:35:39,028 - PictionaryLive - WARNING - No se pudo obtener confianza de mano: 'google._upb._message.RepeatedCompositeContainer' object has no attribute 'score'
2025-11-16 10:35:39,028 - PictionaryLive - INFO - Mano(s) detectada(s): 1, confianza: 0.00, velocidad: 0.0000
2025-11-16 10:35:39,079 - PictionaryLive - INFO - No se detectó mano en este frame
2025-11-16 10:35:39,112 - PictionaryLive - INFO - No se detectó mano en este frame
2025-11-16 10:35:39,146 - PictionaryLive - INFO - No se detectó mano en este frame
2025-11-16 10:35:39,184 - PictionaryLive - INFO - No se detectó mano en este frame
2025-11-16 10:35:39,212 - PictionaryLive - INFO - No se detectó mano en este frame
2025-11-16 10:35:39,246 - PictionaryLive - INFO - No se detectó mano en este frame
2025-11-16 10:35:39,279 - PictionaryLive - INFO - No se detectó mano en este frame
2025-11-16 10:35:39,312 - PictionaryLive - INFO - No se detectó mano en este frame
2025-11-16 10:35:39,351 - PictionaryLive - INFO - No se detectó mano en este frame
2025-11-16 10:35:39,379 - PictionaryLive - INFO - No se detectó mano en este frame
2025-11-16 10:35:39,412 - PictionaryLive - INFO - No se detectó mano en este frame
2025-11-16 10:35:39,491 - PictionaryLive - INFO - No se detectó mano en este frame
2025-11-16 10:35:39,516 - PictionaryLive - INFO - No se detectó mano en este frame
2025-11-16 10:35:39,551 - PictionaryLive - INFO - No se detectó mano en este frame
2025-11-16 10:35:39,579 - PictionaryLive - INFO - No se detectó mano en este frame
2025-11-16 10:35:39,612 - PictionaryLive - INFO - No se detectó mano en este frame
2025-11-16 10:35:39,646 - PictionaryLive - INFO - No se detectó mano en este frame
2025-11-16 10:35:39,679 - PictionaryLive - INFO - No se detectó mano en este frame
2025-11-16 10:35:39,712 - PictionaryLive - INFO - No se detectó mano en este frame
2025-11-16 10:35:39,745 - PictionaryLive - INFO - No se detectó mano en este frame
2025-11-16 10:35:39,780 - PictionaryLive - INFO - No se detectó mano en este frame
2025-11-16 10:35:39,818 - PictionaryLive - INFO - No se detectó mano en este frame
2025-11-16 10:35:39,850 - PictionaryLive - INFO - No se detectó mano en este frame
2025-11-16 10:35:39,890 - PictionaryLive - INFO - No se detectó mano en este frame
2025-11-16 10:35:39,922 - PictionaryLive - INFO - No se detectó mano en este frame
2025-11-16 10:35:39,951 - PictionaryLive - INFO - No se detectó mano en este frame
2025-11-16 10:35:39,987 - PictionaryLive - INFO - No se detectó mano en este frame
2025-11-16 10:35:40,027 - PictionaryLive - INFO - No se detectó mano en este frame
2025-11-16 10:35:40,065 - PictionaryLive - INFO - No se detectó mano en este frame
2025-11-16 10:35:40,092 - PictionaryLive - INFO - No se detectó mano en este frame
2025-11-16 10:35:40,122 - PictionaryLive - INFO - No se detectó mano en este frame
2025-11-16 10:35:40,150 - PictionaryLive - INFO - No se detectó mano en este frame
2025-11-16 10:35:40,182 - PictionaryLive - INFO - No se detectó mano en este frame
2025-11-16 10:35:40,207 - PictionaryLive - INFO - No se detectó mano en este frame
2025-11-16 10:35:40,235 - PictionaryLive - INFO - No se detectó mano en este frame
2025-11-16 10:35:40,261 - PictionaryLive - INFO - No se detectó mano en este frame
2025-11-16 10:35:40,299 - PictionaryLive - INFO - No se detectó mano en este frame
2025-11-16 10:35:40,337 - PictionaryLive - INFO - No se detectó mano en este frame
2025-11-16 10:35:40,390 - PictionaryLive - INFO - No se detectó mano en este frame
2025-11-16 10:35:40,414 - PictionaryLive - INFO - No se detectó mano en este frame
2025-11-16 10:35:40,451 - PictionaryLive - INFO - No se detectó mano en este frame
2025-11-16 10:35:40,479 - PictionaryLive - INFO - No se detectó mano en este frame
2025-11-16 10:35:40,518 - PictionaryLive - INFO - No se detectó mano en este frame
2025-11-16 10:35:40,545 - PictionaryLive - INFO - No se detectó mano en este frame
2025-11-16 10:35:40,579 - PictionaryLive - INFO - No se detectó mano en este frame
2025-11-16 10:35:40,618 - PictionaryLive - INFO - No se detectó mano en este frame
2025-11-16 10:35:40,645 - PictionaryLive - INFO - No se detectó mano en este frame
2025-11-16 10:35:40,684 - PictionaryLive - INFO - No se detectó mano en este frame
2025-11-16 10:35:40,713 - PictionaryLive - INFO - No se detectó mano en este frame
2025-11-16 10:35:40,745 - PictionaryLive - INFO - No se detectó mano en este frame
2025-11-16 10:35:40,784 - PictionaryLive - INFO - No se detectó mano en este frame
2025-11-16 10:35:40,815 - PictionaryLive - INFO - No se detectó mano en este frame
2025-11-16 10:35:40,851 - PictionaryLive - INFO - No se detectó mano en este frame
2025-11-16 10:35:40,879 - PictionaryLive - INFO - No se detectó mano en este frame
2025-11-16 10:35:40,917 - PictionaryLive - INFO - No se detectó mano en este frame
2025-11-16 10:35:40,945 - PictionaryLive - INFO - No se detectó mano en este frame
2025-11-16 10:35:40,979 - PictionaryLive - INFO - No se detectó mano en este frame
2025-11-16 10:35:41,014 - PictionaryLive - INFO - No se detectó mano en este frame
2025-11-16 10:35:41,045 - PictionaryLive - INFO - No se detectó mano en este frame
2025-11-16 10:35:41,079 - PictionaryLive - INFO - No se detectó mano en este frame
2025-11-16 10:35:41,114 - PictionaryLive - INFO - No se detectó mano en este frame
2025-11-16 10:35:41,145 - PictionaryLive - INFO - No se detectó mano en este frame
2025-11-16 10:35:41,179 - PictionaryLive - INFO - No se detectó mano en este frame
2025-11-16 10:35:41,214 - PictionaryLive - INFO - No se detectó mano en este frame
2025-11-16 10:35:41,251 - PictionaryLive - INFO - No se detectó mano en este frame
2025-11-16 10:35:41,279 - PictionaryLive - INFO - No se detectó mano en este frame
2025-11-16 10:35:41,315 - PictionaryLive - INFO - No se detectó mano en este frame
2025-11-16 10:35:41,351 - PictionaryLive - INFO - No se detectó mano en este frame
2025-11-16 10:35:41,379 - PictionaryLive - INFO - No se detectó mano en este frame
2025-11-16 10:35:41,415 - PictionaryLive - INFO - No se detectó mano en este frame
2025-11-16 10:35:41,445 - PictionaryLive - INFO - No se detectó mano en este frame
2025-11-16 10:35:41,479 - PictionaryLive - INFO - No se detectó mano en este frame
2025-11-16 10:35:41,515 - PictionaryLive - INFO - No se detectó mano en este frame
2025-11-16 10:35:41,545 - PictionaryLive - INFO - No se detectó mano en este frame
2025-11-16 10:35:41,579 - PictionaryLive - INFO - No se detectó mano en este frame
2025-11-16 10:35:41,617 - PictionaryLive - INFO - No se detectó mano en este frame
2025-11-16 10:35:41,645 - PictionaryLive - INFO - No se detectó mano en este frame
2025-11-16 10:35:41,684 - PictionaryLive - INFO - No se detectó mano en este frame
2025-11-16 10:35:41,715 - PictionaryLive - INFO - No se detectó mano en este frame
2025-11-16 10:35:41,745 - PictionaryLive - INFO - No se detectó mano en este frame
2025-11-16 10:35:41,779 - PictionaryLive - INFO - No se detectó mano en este frame
2025-11-16 10:35:41,817 - PictionaryLive - INFO - No se detectó mano en este frame
2025-11-16 10:35:41,846 - PictionaryLive - INFO - No se detectó mano en este frame
2025-11-16 10:35:41,884 - PictionaryLive - INFO - No se detectó mano en este frame
2025-11-16 10:35:41,917 - PictionaryLive - INFO - No se detectó mano en este frame
2025-11-16 10:35:41,945 - PictionaryLive - INFO - No se detectó mano en este frame
2025-11-16 10:35:41,979 - PictionaryLive - INFO - No se detectó mano en este frame
2025-11-16 10:35:42,017 - PictionaryLive - INFO - No se detectó mano en este frame
2025-11-16 10:35:42,045 - PictionaryLive - INFO - No se detectó mano en este frame
2025-11-16 10:35:42,079 - PictionaryLive - INFO - No se detectó mano en este frame
2025-11-16 10:35:42,116 - PictionaryLive - INFO - No se detectó mano en este frame
2025-11-16 10:35:42,145 - PictionaryLive - INFO - No se detectó mano en este frame
2025-11-16 10:35:42,179 - PictionaryLive - INFO - No se detectó mano en este frame
2025-11-16 10:35:42,218 - PictionaryLive - INFO - No se detectó mano en este frame
2025-11-16 10:35:42,251 - PictionaryLive - INFO - No se detectó mano en este frame
2025-11-16 10:35:42,279 - PictionaryLive - INFO - No se detectó mano en este frame
2025-11-16 10:35:42,316 - PictionaryLive - INFO - No se detectó mano en este frame
2025-11-16 10:35:42,345 - PictionaryLive - INFO - No se detectó mano en este frame
2025-11-16 10:35:42,384 - PictionaryLive - INFO - No se detectó mano en este frame
2025-11-16 10:35:42,416 - PictionaryLive - INFO - No se detectó mano en este frame
2025-11-16 10:35:42,445 - PictionaryLive - INFO - No se detectó mano en este frame
2025-11-16 10:35:42,479 - PictionaryLive - INFO - No se detectó mano en este frame
2025-11-16 10:35:42,516 - PictionaryLive - INFO - No se detectó mano en este frame
2025-11-16 10:35:42,545 - PictionaryLive - INFO - No se detectó mano en este frame
2025-11-16 10:35:42,579 - PictionaryLive - INFO - No se detectó mano en este frame
2025-11-16 10:35:42,741 - PictionaryLive - INFO - No se detectó mano en este frame
2025-11-16 10:35:42,786 - PictionaryLive - INFO - No se detectó mano en este frame
2025-11-16 10:35:42,814 - PictionaryLive - INFO - No se detectó mano en este frame
2025-11-16 10:35:42,846 - PictionaryLive - INFO - No se detectó mano en este frame
2025-11-16 10:35:42,881 - PictionaryLive - INFO - No se detectó mano en este frame
2025-11-16 10:35:42,910 - PictionaryLive - INFO - No se detectó mano en este frame
2025-11-16 10:35:42,944 - PictionaryLive - INFO - No se detectó mano en este frame
2025-11-16 10:35:42,984 - PictionaryLive - INFO - No se detectó mano en este frame
2025-11-16 10:35:43,021 - PictionaryLive - INFO - No se detectó mano en este frame
2025-11-16 10:35:43,053 - PictionaryLive - INFO - No se detectó mano en este frame
2025-11-16 10:35:43,081 - PictionaryLive - INFO - No se detectó mano en este frame
2025-11-16 10:35:43,114 - PictionaryLive - INFO - No se detectó mano en este frame
2025-11-16 10:35:43,154 - PictionaryLive - INFO - No se detectó mano en este frame
2025-11-16 10:35:43,180 - PictionaryLive - INFO - No se detectó mano en este frame
2025-11-16 10:35:43,208 - PictionaryLive - INFO - No se detectó mano en este frame
2025-11-16 10:35:43,233 - PictionaryLive - INFO - No se detectó mano en este frame
2025-11-16 10:35:43,272 - PictionaryLive - INFO - No se detectó mano en este frame
2025-11-16 10:35:43,304 - PictionaryLive - INFO - No se detectó mano en este frame
2025-11-16 10:35:43,331 - PictionaryLive - INFO - No se detectó mano en este frame
2025-11-16 10:35:43,359 - PictionaryLive - INFO - No se detectó mano en este frame
2025-11-16 10:35:43,389 - PictionaryLive - INFO - No se detectó mano en este frame
2025-11-16 10:35:43,416 - PictionaryLive - INFO - No se detectó mano en este frame
2025-11-16 10:35:43,444 - PictionaryLive - INFO - No se detectó mano en este frame
2025-11-16 10:35:43,486 - PictionaryLive - INFO - No se detectó mano en este frame
2025-11-16 10:35:43,513 - PictionaryLive - INFO - No se detectó mano en este frame
2025-11-16 10:35:43,534 - PictionaryLive - INFO - No se detectó mano en este frame
2025-11-16 10:35:43,579 - PictionaryLive - INFO - No se detectó mano en este frame
2025-11-16 10:35:43,611 - PictionaryLive - INFO - No se detectó mano en este frame
2025-11-16 10:35:43,641 - PictionaryLive - INFO - No se detectó mano en este frame
2025-11-16 10:35:43,680 - PictionaryLive - INFO - No se detectó mano en este frame
2025-11-16 10:35:43,714 - PictionaryLive - INFO - No se detectó mano en este frame
2025-11-16 10:35:43,754 - PictionaryLive - INFO - No se detectó mano en este frame
2025-11-16 10:35:43,783 - PictionaryLive - INFO - No se detectó mano en este frame
2025-11-16 10:35:43,819 - PictionaryLive - INFO - No se detectó mano en este frame
2025-11-16 10:35:43,850 - PictionaryLive - INFO - No se detectó mano en este frame
2025-11-16 10:35:43,890 - PictionaryLive - INFO - No se detectó mano en este frame
2025-11-16 10:35:43,921 - PictionaryLive - INFO - No se detectó mano en este frame
2025-11-16 10:35:43,955 - PictionaryLive - INFO - No se detectó mano en este frame
2025-11-16 10:35:43,994 - PictionaryLive - INFO - No se detectó mano en este frame
2025-11-16 10:35:44,019 - PictionaryLive - INFO - No se detectó mano en este frame
2025-11-16 10:35:44,050 - PictionaryLive - INFO - No se detectó mano en este frame
2025-11-16 10:35:44,084 - PictionaryLive - INFO - No se detectó mano en este frame
2025-11-16 10:35:44,118 - PictionaryLive - INFO - No se detectó mano en este frame
2025-11-16 10:35:44,149 - PictionaryLive - INFO - No se detectó mano en este frame
2025-11-16 10:35:44,181 - PictionaryLive - INFO - No se detectó mano en este frame
2025-11-16 10:35:44,220 - PictionaryLive - INFO - No se detectó mano en este frame
2025-11-16 10:35:44,248 - PictionaryLive - INFO - No se detectó mano en este frame
2025-11-16 10:35:44,285 - PictionaryLive - INFO - No se detectó mano en este frame
2025-11-16 10:35:44,318 - PictionaryLive - INFO - No se detectó mano en este frame
2025-11-16 10:35:44,354 - PictionaryLive - INFO - No se detectó mano en este frame
2025-11-16 10:35:44,391 - PictionaryLive - INFO - No se detectó mano en este frame
2025-11-16 10:35:44,421 - PictionaryLive - INFO - No se detectó mano en este frame
2025-11-16 10:35:44,449 - PictionaryLive - INFO - No se detectó mano en este frame
2025-11-16 10:35:44,476 - PictionaryLive - INFO - No se detectó mano en este frame
2025-11-16 10:35:44,506 - PictionaryLive - INFO - No se detectó mano en este frame
2025-11-16 10:35:44,535 - PictionaryLive - INFO - No se detectó mano en este frame
2025-11-16 10:35:44,565 - PictionaryLive - INFO - No se detectó mano en este frame
2025-11-16 10:35:44,595 - PictionaryLive - INFO - No se detectó mano en este frame
2025-11-16 10:35:44,645 - PictionaryLive - INFO - No se detectó mano en este frame
2025-11-16 10:35:44,673 - PictionaryLive - INFO - No se detectó mano en este frame
2025-11-16 10:35:44,709 - PictionaryLive - INFO - No se detectó mano en este frame
2025-11-16 10:35:44,737 - PictionaryLive - INFO - No se detectó mano en este frame
2025-11-16 10:35:44,773 - PictionaryLive - INFO - No se detectó mano en este frame
2025-11-16 10:35:44,801 - PictionaryLive - INFO - No se detectó mano en este frame
2025-11-16 10:35:44,851 - PictionaryLive - INFO - No se detectó mano en este frame
2025-11-16 10:35:44,884 - PictionaryLive - INFO - No se detectó mano en este frame
2025-11-16 10:35:44,916 - PictionaryLive - INFO - No se detectó mano en este frame
2025-11-16 10:35:44,945 - PictionaryLive - INFO - No se detectó mano en este frame
2025-11-16 10:35:44,976 - PictionaryLive - INFO - No se detectó mano en este frame
2025-11-16 10:35:45,012 - PictionaryLive - INFO - No se detectó mano en este frame
2025-11-16 10:35:45,045 - PictionaryLive - INFO - No se detectó mano en este frame
2025-11-16 10:35:45,078 - PictionaryLive - INFO - No se detectó mano en este frame
2025-11-16 10:35:45,121 - PictionaryLive - INFO - No se detectó mano en este frame
2025-11-16 10:35:45,147 - PictionaryLive - INFO - No se detectó mano en este frame
2025-11-16 10:35:45,184 - PictionaryLive - INFO - No se detectó mano en este frame
2025-11-16 10:35:45,220 - PictionaryLive - INFO - No se detectó mano en este frame
2025-11-16 10:35:45,247 - PictionaryLive - INFO - No se detectó mano en este frame
2025-11-16 10:35:45,267 - PictionaryLive - INFO - No se detectó mano en este frame
2025-11-16 10:35:45,303 - PictionaryLive - INFO - No se detectó mano en este frame
2025-11-16 10:35:45,329 - PictionaryLive - INFO - No se detectó mano en este frame
2025-11-16 10:35:45,367 - PictionaryLive - INFO - No se detectó mano en este frame
2025-11-16 10:35:45,396 - PictionaryLive - INFO - No se detectó mano en este frame
2025-11-16 10:35:45,434 - PictionaryLive - INFO - No se detectó mano en este frame
2025-11-16 10:35:45,462 - PictionaryLive - INFO - No se detectó mano en este frame
2025-11-16 10:35:45,496 - PictionaryLive - INFO - No se detectó mano en este frame
2025-11-16 10:35:45,529 - PictionaryLive - INFO - No se detectó mano en este frame
2025-11-16 10:35:45,562 - PictionaryLive - INFO - No se detectó mano en este frame
2025-11-16 10:35:45,595 - PictionaryLive - INFO - No se detectó mano en este frame
2025-11-16 10:35:45,629 - PictionaryLive - INFO - No se detectó mano en este frame
2025-11-16 10:35:45,668 - PictionaryLive - INFO - No se detectó mano en este frame
2025-11-16 10:35:45,695 - PictionaryLive - INFO - No se detectó mano en este frame
2025-11-16 10:35:45,729 - PictionaryLive - INFO - No se detectó mano en este frame
2025-11-16 10:35:45,767 - PictionaryLive - INFO - No se detectó mano en este frame
2025-11-16 10:35:45,812 - PictionaryLive - INFO - No se detectó mano en este frame
2025-11-16 10:35:45,845 - PictionaryLive - INFO - No se detectó mano en este frame
2025-11-16 10:35:45,878 - PictionaryLive - INFO - No se detectó mano en este frame
2025-11-16 10:35:45,912 - PictionaryLive - INFO - No se detectó mano en este frame
2025-11-16 10:35:45,951 - PictionaryLive - INFO - No se detectó mano en este frame
2025-11-16 10:35:45,979 - PictionaryLive - INFO - No se detectó mano en este frame
2025-11-16 10:35:46,012 - PictionaryLive - INFO - No se detectó mano en este frame
2025-11-16 10:35:46,051 - PictionaryLive - INFO - No se detectó mano en este frame
2025-11-16 10:35:46,079 - PictionaryLive - INFO - No se detectó mano en este frame
2025-11-16 10:35:46,112 - PictionaryLive - INFO - No se detectó mano en este frame
2025-11-16 10:35:46,145 - PictionaryLive - INFO - No se detectó mano en este frame
2025-11-16 10:35:46,178 - PictionaryLive - INFO - No se detectó mano en este frame
2025-11-16 10:35:46,212 - PictionaryLive - INFO - No se detectó mano en este frame
2025-11-16 10:35:46,245 - PictionaryLive - INFO - No se detectó mano en este frame
2025-11-16 10:35:46,285 - PictionaryLive - INFO - No se detectó mano en este frame
2025-11-16 10:35:46,325 - PictionaryLive - INFO - No se detectó mano en este frame
2025-11-16 10:35:46,362 - PictionaryLive - INFO - No se detectó mano en este frame
2025-11-16 10:35:46,397 - PictionaryLive - INFO - No se detectó mano en este frame
2025-11-16 10:35:46,430 - PictionaryLive - INFO - No se detectó mano en este frame
2025-11-16 10:35:46,463 - PictionaryLive - INFO - No se detectó mano en este frame
2025-11-16 10:35:46,500 - PictionaryLive - INFO - No se detectó mano en este frame
2025-11-16 10:35:46,527 - PictionaryLive - INFO - No se detectó mano en este frame
2025-11-16 10:35:46,552 - PictionaryLive - INFO - No se detectó mano en este frame
2025-11-16 10:35:46,580 - PictionaryLive - INFO - No se detectó mano en este frame
2025-11-16 10:35:46,618 - PictionaryLive - INFO - No se detectó mano en este frame
2025-11-16 10:35:46,647 - PictionaryLive - INFO - No se detectó mano en este frame
2025-11-16 10:35:46,680 - PictionaryLive - INFO - No se detectó mano en este frame
2025-11-16 10:35:46,713 - PictionaryLive - INFO - No se detectó mano en este frame
2025-11-16 10:35:46,745 - PictionaryLive - INFO - No se detectó mano en este frame
2025-11-16 10:35:46,784 - PictionaryLive - INFO - No se detectó mano en este frame
2025-11-16 10:35:46,813 - PictionaryLive - INFO - No se detectó mano en este frame
2025-11-16 10:35:46,847 - PictionaryLive - INFO - No se detectó mano en este frame
2025-11-16 10:35:46,880 - PictionaryLive - INFO - No se detectó mano en este frame
2025-11-16 10:35:46,918 - PictionaryLive - INFO - No se detectó mano en este frame
2025-11-16 10:35:46,948 - PictionaryLive - INFO - No se detectó mano en este frame
2025-11-16 10:35:46,984 - PictionaryLive - INFO - No se detectó mano en este frame
2025-11-16 10:35:47,013 - PictionaryLive - INFO - No se detectó mano en este frame
2025-11-16 10:35:47,053 - PictionaryLive - INFO - No se detectó mano en este frame
2025-11-16 10:35:47,095 - PictionaryLive - INFO - No se detectó mano en este frame
2025-11-16 10:35:47,130 - PictionaryLive - INFO - No se detectó mano en este frame
2025-11-16 10:35:47,165 - PictionaryLive - INFO - No se detectó mano en este frame
2025-11-16 10:35:47,196 - PictionaryLive - INFO - No se detectó mano en este frame
2025-11-16 10:35:47,235 - PictionaryLive - INFO - No se detectó mano en este frame
2025-11-16 10:35:47,263 - PictionaryLive - INFO - No se detectó mano en este frame
2025-11-16 10:35:47,297 - PictionaryLive - INFO - No se detectó mano en este frame
2025-11-16 10:35:47,329 - PictionaryLive - INFO - No se detectó mano en este frame
2025-11-16 10:35:47,363 - PictionaryLive - INFO - No se detectó mano en este frame
2025-11-16 10:35:47,401 - PictionaryLive - INFO - No se detectó mano en este frame
2025-11-16 10:35:47,429 - PictionaryLive - INFO - No se detectó mano en este frame
2025-11-16 10:35:47,467 - PictionaryLive - INFO - No se detectó mano en este frame
2025-11-16 10:35:47,496 - PictionaryLive - INFO - No se detectó mano en este frame
2025-11-16 10:35:47,530 - PictionaryLive - INFO - No se detectó mano en este frame
2025-11-16 10:35:47,563 - PictionaryLive - INFO - No se detectó mano en este frame
2025-11-16 10:35:47,601 - PictionaryLive - INFO - No se detectó mano en este frame
2025-11-16 10:35:47,629 - PictionaryLive - INFO - No se detectó mano en este frame
2025-11-16 10:35:47,663 - PictionaryLive - INFO - No se detectó mano en este frame
2025-11-16 10:35:47,701 - PictionaryLive - INFO - No se detectó mano en este frame
2025-11-16 10:35:47,729 - PictionaryLive - INFO - No se detectó mano en este frame
2025-11-16 10:35:47,768 - PictionaryLive - INFO - No se detectó mano en este frame
2025-11-16 10:35:47,796 - PictionaryLive - INFO - Interrupción por usuario (Ctrl+C)
2025-11-16 10:35:48,060 - PictionaryLive - INFO - 
Aplicación cerrada
