2025-11-16 11:25:33,067 - PictionaryLive - INFO - ======================================================================
2025-11-16 11:25:33,067 - PictionaryLive - INFO - PICTIONARY LIVE - Inicializando
2025-11-16 11:25:33,067 - PictionaryLive - INFO - ======================================================================
2025-11-16 11:25:33,083 - PictionaryLive - INFO - MediaPipe Hands inicializado
2025-11-16 11:25:33,083 - PictionaryLive - INFO -   Thresholds: detection=0.2, tracking=0.2
2025-11-16 11:25:33,084 - PictionaryLive - INFO - Modelo info cargado: 228 clases
2025-11-16 11:25:33,084 - PictionaryLive - INFO - 
======================================================================
2025-11-16 11:25:33,084 - PictionaryLive - INFO - VALIDACIÓN DE SETUP
2025-11-16 11:25:33,084 - PictionaryLive - INFO - ======================================================================
2025-11-16 11:25:33,085 - PictionaryLive - INFO -   [OK] IA folder
2025-11-16 11:25:33,085 - PictionaryLive - INFO -   [OK] model_info.json
2025-11-16 11:25:33,085 - PictionaryLive - INFO -   [OK] Hand Detector
2025-11-16 11:25:33,085 - PictionaryLive - INFO -   [OK] Classifier
2025-11-16 11:25:39,255 - PictionaryLive - INFO -   [OK] Camara 0 (640x480)
2025-11-16 11:25:39,255 - PictionaryLive - INFO - ======================================================================

2025-11-16 11:25:39,255 - PictionaryLive - INFO - Aplicación inicializada correctamente
2025-11-16 11:26:01,786 - PictionaryLive - INFO - Cámara inicializada: 640x480 @ 30FPS
2025-11-16 11:26:01,786 - PictionaryLive - INFO - [VIVO] Iniciando captura. Presiona 'q' para salir, 's' para guardar.
2025-11-16 11:26:03,125 - PictionaryLive - INFO - No se detectó mano en este frame
2025-11-16 11:26:03,168 - PictionaryLive - INFO - No se detectó mano en este frame
2025-11-16 11:26:03,209 - PictionaryLive - INFO - No se detectó mano en este frame
2025-11-16 11:26:03,251 - PictionaryLive - INFO - No se detectó mano en este frame
2025-11-16 11:26:03,284 - PictionaryLive - INFO - No se detectó mano en este frame
2025-11-16 11:26:03,324 - PictionaryLive - INFO - No se detectó mano en este frame
2025-11-16 11:26:03,351 - PictionaryLive - INFO - No se detectó mano en este frame
2025-11-16 11:26:03,389 - PictionaryLive - INFO - No se detectó mano en este frame
2025-11-16 11:26:03,423 - PictionaryLive - INFO - No se detectó mano en este frame
2025-11-16 11:26:03,462 - PictionaryLive - INFO - No se detectó mano en este frame
2025-11-16 11:26:03,490 - PictionaryLive - INFO - No se detectó mano en este frame
2025-11-16 11:26:03,527 - PictionaryLive - INFO - No se detectó mano en este frame
2025-11-16 11:26:03,557 - PictionaryLive - INFO - No se detectó mano en este frame
2025-11-16 11:26:03,591 - PictionaryLive - INFO - No se detectó mano en este frame
2025-11-16 11:26:03,618 - PictionaryLive - INFO - No se detectó mano en este frame
2025-11-16 11:26:03,651 - PictionaryLive - INFO - No se detectó mano en este frame
2025-11-16 11:26:03,684 - PictionaryLive - INFO - No se detectó mano en este frame
2025-11-16 11:26:03,719 - PictionaryLive - INFO - No se detectó mano en este frame
2025-11-16 11:26:03,768 - PictionaryLive - INFO - No se detectó mano en este frame
2025-11-16 11:26:03,823 - PictionaryLive - INFO - No se detectó mano en este frame
2025-11-16 11:26:03,867 - PictionaryLive - INFO - No se detectó mano en este frame
2025-11-16 11:26:03,917 - PictionaryLive - INFO - No se detectó mano en este frame
2025-11-16 11:26:03,956 - PictionaryLive - INFO - No se detectó mano en este frame
2025-11-16 11:26:03,989 - PictionaryLive - INFO - No se detectó mano en este frame
2025-11-16 11:26:04,018 - PictionaryLive - INFO - No se detectó mano en este frame
2025-11-16 11:26:04,068 - PictionaryLive - INFO - No se detectó mano en este frame
2025-11-16 11:26:04,107 - PictionaryLive - INFO - No se detectó mano en este frame
2025-11-16 11:26:04,140 - PictionaryLive - INFO - No se detectó mano en este frame
2025-11-16 11:26:04,172 - PictionaryLive - INFO - No se detectó mano en este frame
2025-11-16 11:26:04,213 - PictionaryLive - INFO - No se detectó mano en este frame
2025-11-16 11:26:04,241 - PictionaryLive - INFO - No se detectó mano en este frame
2025-11-16 11:26:04,277 - PictionaryLive - INFO - No se detectó mano en este frame
2025-11-16 11:26:04,306 - PictionaryLive - INFO - No se detectó mano en este frame
2025-11-16 11:26:04,341 - PictionaryLive - INFO - No se detectó mano en este frame
2025-11-16 11:26:04,369 - PictionaryLive - INFO - No se detectó mano en este frame
2025-11-16 11:26:04,420 - PictionaryLive - INFO - No se detectó mano en este frame
2025-11-16 11:26:04,456 - PictionaryLive - INFO - No se detectó mano en este frame
2025-11-16 11:26:04,497 - PictionaryLive - INFO - No se detectó mano en este frame
2025-11-16 11:26:04,519 - PictionaryLive - INFO - No se detectó mano en este frame
2025-11-16 11:26:04,558 - PictionaryLive - INFO - No se detectó mano en este frame
2025-11-16 11:26:04,590 - PictionaryLive - INFO - No se detectó mano en este frame
2025-11-16 11:26:04,622 - PictionaryLive - INFO - No se detectó mano en este frame
2025-11-16 11:26:04,654 - PictionaryLive - INFO - No se detectó mano en este frame
2025-11-16 11:26:04,694 - PictionaryLive - INFO - No se detectó mano en este frame
2025-11-16 11:26:04,732 - PictionaryLive - INFO - No se detectó mano en este frame
2025-11-16 11:26:04,764 - PictionaryLive - INFO - No se detectó mano en este frame
2025-11-16 11:26:04,791 - PictionaryLive - INFO - No se detectó mano en este frame
2025-11-16 11:26:04,821 - PictionaryLive - INFO - No se detectó mano en este frame
2025-11-16 11:26:04,850 - PictionaryLive - INFO - No se detectó mano en este frame
2025-11-16 11:26:04,902 - PictionaryLive - INFO - No se detectó mano en este frame
2025-11-16 11:26:04,932 - PictionaryLive - INFO - No se detectó mano en este frame
2025-11-16 11:26:04,965 - PictionaryLive - INFO - No se detectó mano en este frame
2025-11-16 11:26:04,990 - PictionaryLive - INFO - No se detectó mano en este frame
2025-11-16 11:26:05,024 - PictionaryLive - INFO - No se detectó mano en este frame
2025-11-16 11:26:05,056 - PictionaryLive - INFO - No se detectó mano en este frame
2025-11-16 11:26:05,084 - PictionaryLive - INFO - No se detectó mano en este frame
2025-11-16 11:26:05,125 - PictionaryLive - INFO - No se detectó mano en este frame
2025-11-16 11:26:05,156 - PictionaryLive - INFO - No se detectó mano en este frame
2025-11-16 11:26:05,187 - PictionaryLive - INFO - No se detectó mano en este frame
2025-11-16 11:26:05,215 - PictionaryLive - INFO - No se detectó mano en este frame
2025-11-16 11:26:05,246 - PictionaryLive - INFO - No se detectó mano en este frame
2025-11-16 11:26:05,273 - PictionaryLive - INFO - No se detectó mano en este frame
2025-11-16 11:26:05,307 - PictionaryLive - INFO - No se detectó mano en este frame
2025-11-16 11:26:05,335 - PictionaryLive - INFO - No se detectó mano en este frame
2025-11-16 11:26:05,382 - PictionaryLive - INFO - No se detectó mano en este frame
2025-11-16 11:26:05,421 - PictionaryLive - INFO - No se detectó mano en este frame
2025-11-16 11:26:05,453 - PictionaryLive - INFO - No se detectó mano en este frame
2025-11-16 11:26:05,486 - PictionaryLive - INFO - No se detectó mano en este frame
2025-11-16 11:26:05,526 - PictionaryLive - INFO - No se detectó mano en este frame
2025-11-16 11:26:05,562 - PictionaryLive - INFO - No se detectó mano en este frame
2025-11-16 11:26:05,596 - PictionaryLive - INFO - No se detectó mano en este frame
2025-11-16 11:26:05,630 - PictionaryLive - INFO - No se detectó mano en este frame
2025-11-16 11:26:05,661 - PictionaryLive - INFO - No se detectó mano en este frame
2025-11-16 11:26:05,692 - PictionaryLive - INFO - No se detectó mano en este frame
2025-11-16 11:26:05,729 - PictionaryLive - INFO - No se detectó mano en este frame
2025-11-16 11:26:05,762 - PictionaryLive - INFO - No se detectó mano en este frame
2025-11-16 11:26:05,796 - PictionaryLive - INFO - No se detectó mano en este frame
2025-11-16 11:26:05,829 - PictionaryLive - INFO - No se detectó mano en este frame
2025-11-16 11:26:05,863 - PictionaryLive - INFO - No se detectó mano en este frame
2025-11-16 11:26:05,891 - PictionaryLive - INFO - No se detectó mano en este frame
2025-11-16 11:26:05,930 - PictionaryLive - INFO - No se detectó mano en este frame
2025-11-16 11:26:05,961 - PictionaryLive - INFO - No se detectó mano en este frame
2025-11-16 11:26:05,995 - PictionaryLive - INFO - No se detectó mano en este frame
2025-11-16 11:26:06,027 - PictionaryLive - INFO - No se detectó mano en este frame
2025-11-16 11:26:06,069 - PictionaryLive - INFO - No se detectó mano en este frame
2025-11-16 11:26:06,111 - PictionaryLive - INFO - No se detectó mano en este frame
2025-11-16 11:26:06,143 - PictionaryLive - INFO - No se detectó mano en este frame
2025-11-16 11:26:06,171 - PictionaryLive - INFO - No se detectó mano en este frame
2025-11-16 11:26:06,202 - PictionaryLive - INFO - No se detectó mano en este frame
2025-11-16 11:26:06,244 - PictionaryLive - INFO - No se detectó mano en este frame
2025-11-16 11:26:06,276 - PictionaryLive - INFO - No se detectó mano en este frame
2025-11-16 11:26:06,319 - PictionaryLive - INFO - No se detectó mano en este frame
2025-11-16 11:26:06,348 - PictionaryLive - INFO - No se detectó mano en este frame
2025-11-16 11:26:06,389 - PictionaryLive - INFO - No se detectó mano en este frame
2025-11-16 11:26:06,430 - PictionaryLive - INFO - No se detectó mano en este frame
2025-11-16 11:26:06,459 - PictionaryLive - INFO - No se detectó mano en este frame
2025-11-16 11:26:06,501 - PictionaryLive - INFO - No se detectó mano en este frame
2025-11-16 11:26:06,546 - PictionaryLive - INFO - No se detectó mano en este frame
2025-11-16 11:26:06,575 - PictionaryLive - INFO - No se detectó mano en este frame
2025-11-16 11:26:06,609 - PictionaryLive - INFO - No se detectó mano en este frame
2025-11-16 11:26:06,645 - PictionaryLive - INFO - No se detectó mano en este frame
2025-11-16 11:26:06,688 - PictionaryLive - INFO - No se detectó mano en este frame
2025-11-16 11:26:06,742 - PictionaryLive - INFO - No se detectó mano en este frame
2025-11-16 11:26:06,776 - PictionaryLive - INFO - No se detectó mano en este frame
2025-11-16 11:26:06,825 - PictionaryLive - INFO - No se detectó mano en este frame
2025-11-16 11:26:06,862 - PictionaryLive - INFO - No se detectó mano en este frame
2025-11-16 11:26:06,886 - PictionaryLive - INFO - No se detectó mano en este frame
2025-11-16 11:26:06,927 - PictionaryLive - INFO - No se detectó mano en este frame
2025-11-16 11:26:06,960 - PictionaryLive - INFO - No se detectó mano en este frame
2025-11-16 11:26:06,992 - PictionaryLive - INFO - No se detectó mano en este frame
2025-11-16 11:26:07,030 - PictionaryLive - INFO - No se detectó mano en este frame
2025-11-16 11:26:07,060 - PictionaryLive - INFO - No se detectó mano en este frame
2025-11-16 11:26:07,095 - PictionaryLive - INFO - No se detectó mano en este frame
2025-11-16 11:26:07,127 - PictionaryLive - INFO - No se detectó mano en este frame
2025-11-16 11:26:07,154 - PictionaryLive - INFO - No se detectó mano en este frame
2025-11-16 11:26:07,196 - PictionaryLive - INFO - No se detectó mano en este frame
2025-11-16 11:26:07,228 - PictionaryLive - INFO - No se detectó mano en este frame
2025-11-16 11:26:07,259 - PictionaryLive - INFO - No se detectó mano en este frame
2025-11-16 11:26:07,300 - PictionaryLive - INFO - No se detectó mano en este frame
2025-11-16 11:26:07,343 - PictionaryLive - INFO - No se detectó mano en este frame
2025-11-16 11:26:07,376 - PictionaryLive - INFO - No se detectó mano en este frame
2025-11-16 11:26:07,419 - PictionaryLive - INFO - No se detectó mano en este frame
2025-11-16 11:26:07,450 - PictionaryLive - INFO - No se detectó mano en este frame
2025-11-16 11:26:07,492 - PictionaryLive - INFO - No se detectó mano en este frame
2025-11-16 11:26:07,530 - PictionaryLive - INFO - No se detectó mano en este frame
2025-11-16 11:26:07,576 - PictionaryLive - INFO - No se detectó mano en este frame
2025-11-16 11:26:07,600 - PictionaryLive - INFO - No se detectó mano en este frame
2025-11-16 11:26:07,640 - PictionaryLive - INFO - No se detectó mano en este frame
2025-11-16 11:26:07,719 - PictionaryLive - INFO - No se detectó mano en este frame
2025-11-16 11:26:07,760 - PictionaryLive - INFO - No se detectó mano en este frame
2025-11-16 11:26:07,783 - PictionaryLive - INFO - No se detectó mano en este frame
2025-11-16 11:26:07,826 - PictionaryLive - INFO - No se detectó mano en este frame
2025-11-16 11:26:07,861 - PictionaryLive - INFO - No se detectó mano en este frame
2025-11-16 11:26:07,892 - PictionaryLive - INFO - No se detectó mano en este frame
2025-11-16 11:26:07,930 - PictionaryLive - INFO - No se detectó mano en este frame
2025-11-16 11:26:07,959 - PictionaryLive - INFO - No se detectó mano en este frame
2025-11-16 11:26:07,994 - PictionaryLive - INFO - No se detectó mano en este frame
2025-11-16 11:26:08,025 - PictionaryLive - INFO - No se detectó mano en este frame
2025-11-16 11:26:08,054 - PictionaryLive - INFO - No se detectó mano en este frame
2025-11-16 11:26:08,095 - PictionaryLive - INFO - No se detectó mano en este frame
2025-11-16 11:26:08,126 - PictionaryLive - INFO - No se detectó mano en este frame
2025-11-16 11:26:08,155 - PictionaryLive - INFO - No se detectó mano en este frame
2025-11-16 11:26:08,183 - PictionaryLive - INFO - No se detectó mano en este frame
2025-11-16 11:26:08,233 - PictionaryLive - INFO - No se detectó mano en este frame
2025-11-16 11:26:08,278 - PictionaryLive - INFO - No se detectó mano en este frame
2025-11-16 11:26:08,308 - PictionaryLive - INFO - No se detectó mano en este frame
2025-11-16 11:26:08,346 - PictionaryLive - INFO - No se detectó mano en este frame
2025-11-16 11:26:08,376 - PictionaryLive - INFO - No se detectó mano en este frame
2025-11-16 11:26:08,405 - PictionaryLive - INFO - No se detectó mano en este frame
2025-11-16 11:26:08,442 - PictionaryLive - INFO - No se detectó mano en este frame
2025-11-16 11:26:08,476 - PictionaryLive - INFO - No se detectó mano en este frame
2025-11-16 11:26:08,505 - PictionaryLive - INFO - No se detectó mano en este frame
2025-11-16 11:26:08,543 - PictionaryLive - INFO - No se detectó mano en este frame
2025-11-16 11:26:08,576 - PictionaryLive - INFO - No se detectó mano en este frame
2025-11-16 11:26:08,603 - PictionaryLive - INFO - No se detectó mano en este frame
2025-11-16 11:26:08,645 - PictionaryLive - INFO - No se detectó mano en este frame
2025-11-16 11:26:08,678 - PictionaryLive - INFO - No se detectó mano en este frame
2025-11-16 11:26:08,710 - PictionaryLive - INFO - No se detectó mano en este frame
2025-11-16 11:26:08,744 - PictionaryLive - INFO - No se detectó mano en este frame
2025-11-16 11:26:08,778 - PictionaryLive - INFO - No se detectó mano en este frame
2025-11-16 11:26:08,813 - PictionaryLive - INFO - No se detectó mano en este frame
2025-11-16 11:26:08,856 - PictionaryLive - INFO - No se detectó mano en este frame
2025-11-16 11:26:08,887 - PictionaryLive - INFO - No se detectó mano en este frame
2025-11-16 11:26:08,925 - PictionaryLive - INFO - No se detectó mano en este frame
2025-11-16 11:26:08,960 - PictionaryLive - INFO - No se detectó mano en este frame
2025-11-16 11:26:08,991 - PictionaryLive - INFO - No se detectó mano en este frame
2025-11-16 11:26:09,029 - PictionaryLive - INFO - No se detectó mano en este frame
2025-11-16 11:26:09,059 - PictionaryLive - INFO - No se detectó mano en este frame
2025-11-16 11:26:09,088 - PictionaryLive - INFO - No se detectó mano en este frame
2025-11-16 11:26:09,119 - PictionaryLive - INFO - No se detectó mano en este frame
2025-11-16 11:26:09,160 - PictionaryLive - INFO - No se detectó mano en este frame
2025-11-16 11:26:09,191 - PictionaryLive - INFO - No se detectó mano en este frame
2025-11-16 11:26:09,225 - PictionaryLive - INFO - No se detectó mano en este frame
2025-11-16 11:26:09,254 - PictionaryLive - INFO - No se detectó mano en este frame
2025-11-16 11:26:09,289 - PictionaryLive - INFO - No se detectó mano en este frame
2025-11-16 11:26:09,325 - PictionaryLive - INFO - No se detectó mano en este frame
2025-11-16 11:26:09,358 - PictionaryLive - INFO - No se detectó mano en este frame
2025-11-16 11:26:09,388 - PictionaryLive - INFO - No se detectó mano en este frame
2025-11-16 11:26:09,417 - PictionaryLive - INFO - No se detectó mano en este frame
2025-11-16 11:26:09,461 - PictionaryLive - INFO - No se detectó mano en este frame
2025-11-16 11:26:09,492 - PictionaryLive - INFO - No se detectó mano en este frame
2025-11-16 11:26:09,520 - PictionaryLive - INFO - No se detectó mano en este frame
2025-11-16 11:26:09,556 - PictionaryLive - INFO - No se detectó mano en este frame
2025-11-16 11:26:09,603 - PictionaryLive - INFO - No se detectó mano en este frame
2025-11-16 11:26:09,636 - PictionaryLive - INFO - No se detectó mano en este frame
2025-11-16 11:26:09,669 - PictionaryLive - INFO - No se detectó mano en este frame
2025-11-16 11:26:09,715 - PictionaryLive - INFO - No se detectó mano en este frame
2025-11-16 11:26:09,767 - PictionaryLive - INFO - No se detectó mano en este frame
2025-11-16 11:26:09,809 - PictionaryLive - INFO - No se detectó mano en este frame
2025-11-16 11:26:09,845 - PictionaryLive - INFO - No se detectó mano en este frame
2025-11-16 11:26:09,871 - PictionaryLive - INFO - No se detectó mano en este frame
2025-11-16 11:26:09,913 - PictionaryLive - INFO - No se detectó mano en este frame
2025-11-16 11:26:09,956 - PictionaryLive - INFO - No se detectó mano en este frame
2025-11-16 11:26:09,998 - PictionaryLive - INFO - No se detectó mano en este frame
2025-11-16 11:26:10,043 - PictionaryLive - INFO - No se detectó mano en este frame
2025-11-16 11:26:10,076 - PictionaryLive - INFO - No se detectó mano en este frame
2025-11-16 11:26:10,111 - PictionaryLive - INFO - No se detectó mano en este frame
2025-11-16 11:26:10,136 - PictionaryLive - INFO - No se detectó mano en este frame
2025-11-16 11:26:10,177 - PictionaryLive - INFO - No se detectó mano en este frame
2025-11-16 11:26:10,213 - PictionaryLive - INFO - No se detectó mano en este frame
2025-11-16 11:26:10,255 - PictionaryLive - INFO - No se detectó mano en este frame
2025-11-16 11:26:10,283 - PictionaryLive - INFO - No se detectó mano en este frame
2025-11-16 11:26:10,326 - PictionaryLive - INFO - No se detectó mano en este frame
2025-11-16 11:26:10,359 - PictionaryLive - INFO - No se detectó mano en este frame
2025-11-16 11:26:10,392 - PictionaryLive - INFO - No se detectó mano en este frame
2025-11-16 11:26:10,417 - PictionaryLive - INFO - No se detectó mano en este frame
2025-11-16 11:26:10,460 - PictionaryLive - INFO - No se detectó mano en este frame
2025-11-16 11:26:10,487 - PictionaryLive - INFO - No se detectó mano en este frame
2025-11-16 11:26:10,516 - PictionaryLive - INFO - No se detectó mano en este frame
2025-11-16 11:26:10,558 - PictionaryLive - INFO - No se detectó mano en este frame
2025-11-16 11:26:10,588 - PictionaryLive - INFO - No se detectó mano en este frame
2025-11-16 11:26:10,622 - PictionaryLive - INFO - No se detectó mano en este frame
2025-11-16 11:26:10,658 - PictionaryLive - INFO - No se detectó mano en este frame
2025-11-16 11:26:10,693 - PictionaryLive - INFO - No se detectó mano en este frame
2025-11-16 11:26:10,734 - PictionaryLive - INFO - No se detectó mano en este frame
2025-11-16 11:26:10,767 - PictionaryLive - INFO - No se detectó mano en este frame
2025-11-16 11:26:10,809 - PictionaryLive - INFO - No se detectó mano en este frame
2025-11-16 11:26:10,842 - PictionaryLive - INFO - No se detectó mano en este frame
2025-11-16 11:26:10,876 - PictionaryLive - INFO - No se detectó mano en este frame
2025-11-16 11:26:10,935 - PictionaryLive - INFO - No se detectó mano en este frame
2025-11-16 11:26:10,983 - PictionaryLive - INFO - No se detectó mano en este frame
2025-11-16 11:26:11,027 - PictionaryLive - INFO - No se detectó mano en este frame
2025-11-16 11:26:11,060 - PictionaryLive - INFO - No se detectó mano en este frame
2025-11-16 11:26:11,093 - PictionaryLive - INFO - No se detectó mano en este frame
2025-11-16 11:26:11,133 - PictionaryLive - INFO - No se detectó mano en este frame
2025-11-16 11:26:11,178 - PictionaryLive - INFO - No se detectó mano en este frame
2025-11-16 11:26:11,210 - PictionaryLive - INFO - No se detectó mano en este frame
2025-11-16 11:26:11,233 - PictionaryLive - INFO - No se detectó mano en este frame
2025-11-16 11:26:11,275 - PictionaryLive - INFO - No se detectó mano en este frame
2025-11-16 11:26:11,303 - PictionaryLive - INFO - No se detectó mano en este frame
2025-11-16 11:26:11,345 - PictionaryLive - INFO - No se detectó mano en este frame
2025-11-16 11:26:11,384 - PictionaryLive - INFO - No se detectó mano en este frame
2025-11-16 11:26:11,417 - PictionaryLive - INFO - No se detectó mano en este frame
2025-11-16 11:26:11,460 - PictionaryLive - INFO - No se detectó mano en este frame
2025-11-16 11:26:11,489 - PictionaryLive - INFO - No se detectó mano en este frame
2025-11-16 11:26:11,518 - PictionaryLive - INFO - No se detectó mano en este frame
2025-11-16 11:26:11,556 - PictionaryLive - INFO - No se detectó mano en este frame
2025-11-16 11:26:11,584 - PictionaryLive - INFO - No se detectó mano en este frame
2025-11-16 11:26:11,623 - PictionaryLive - INFO - No se detectó mano en este frame
2025-11-16 11:26:11,656 - PictionaryLive - INFO - No se detectó mano en este frame
2025-11-16 11:26:11,692 - PictionaryLive - INFO - No se detectó mano en este frame
2025-11-16 11:26:11,718 - PictionaryLive - INFO - No se detectó mano en este frame
2025-11-16 11:26:11,756 - PictionaryLive - INFO - No se detectó mano en este frame
2025-11-16 11:26:11,784 - PictionaryLive - INFO - No se detectó mano en este frame
2025-11-16 11:26:11,823 - PictionaryLive - INFO - No se detectó mano en este frame
2025-11-16 11:26:11,863 - PictionaryLive - INFO - No se detectó mano en este frame
2025-11-16 11:26:11,894 - PictionaryLive - INFO - No se detectó mano en este frame
2025-11-16 11:26:11,922 - PictionaryLive - INFO - No se detectó mano en este frame
2025-11-16 11:26:11,956 - PictionaryLive - INFO - No se detectó mano en este frame
2025-11-16 11:26:11,984 - PictionaryLive - INFO - No se detectó mano en este frame
2025-11-16 11:26:12,022 - PictionaryLive - INFO - No se detectó mano en este frame
2025-11-16 11:26:12,051 - PictionaryLive - INFO - No se detectó mano en este frame
2025-11-16 11:26:12,090 - PictionaryLive - INFO - No se detectó mano en este frame
2025-11-16 11:26:12,130 - PictionaryLive - INFO - No se detectó mano en este frame
2025-11-16 11:26:12,157 - PictionaryLive - INFO - No se detectó mano en este frame
2025-11-16 11:26:12,195 - PictionaryLive - INFO - No se detectó mano en este frame
2025-11-16 11:26:12,226 - PictionaryLive - INFO - No se detectó mano en este frame
2025-11-16 11:26:12,258 - PictionaryLive - INFO - No se detectó mano en este frame
2025-11-16 11:26:12,293 - PictionaryLive - INFO - No se detectó mano en este frame
2025-11-16 11:26:12,317 - PictionaryLive - INFO - No se detectó mano en este frame
2025-11-16 11:26:12,359 - PictionaryLive - INFO - No se detectó mano en este frame
2025-11-16 11:26:12,387 - PictionaryLive - INFO - No se detectó mano en este frame
2025-11-16 11:26:12,418 - PictionaryLive - INFO - No se detectó mano en este frame
2025-11-16 11:26:12,460 - PictionaryLive - INFO - No se detectó mano en este frame
2025-11-16 11:26:12,491 - PictionaryLive - INFO - No se detectó mano en este frame
2025-11-16 11:26:12,522 - PictionaryLive - INFO - No se detectó mano en este frame
2025-11-16 11:26:12,560 - PictionaryLive - INFO - No se detectó mano en este frame
2025-11-16 11:26:12,592 - PictionaryLive - INFO - No se detectó mano en este frame
2025-11-16 11:26:12,640 - PictionaryLive - INFO - No se detectó mano en este frame
2025-11-16 11:26:12,666 - PictionaryLive - INFO - No se detectó mano en este frame
2025-11-16 11:26:12,709 - PictionaryLive - INFO - No se detectó mano en este frame
2025-11-16 11:26:12,742 - PictionaryLive - INFO - No se detectó mano en este frame
2025-11-16 11:26:12,776 - PictionaryLive - INFO - No se detectó mano en este frame
2025-11-16 11:26:12,803 - PictionaryLive - INFO - No se detectó mano en este frame
2025-11-16 11:26:12,838 - PictionaryLive - INFO - No se detectó mano en este frame
2025-11-16 11:26:12,876 - PictionaryLive - INFO - No se detectó mano en este frame
2025-11-16 11:26:12,920 - PictionaryLive - INFO - No se detectó mano en este frame
2025-11-16 11:26:12,998 - PictionaryLive - INFO - No se detectó mano en este frame
2025-11-16 11:26:13,036 - PictionaryLive - INFO - No se detectó mano en este frame
2025-11-16 11:26:13,067 - PictionaryLive - INFO - No se detectó mano en este frame
2025-11-16 11:26:13,109 - PictionaryLive - INFO - No se detectó mano en este frame
2025-11-16 11:26:13,146 - PictionaryLive - INFO - No se detectó mano en este frame
2025-11-16 11:26:13,176 - PictionaryLive - INFO - No se detectó mano en este frame
2025-11-16 11:26:13,211 - PictionaryLive - INFO - No se detectó mano en este frame
2025-11-16 11:26:13,257 - PictionaryLive - INFO - No se detectó mano en este frame
2025-11-16 11:26:13,286 - PictionaryLive - INFO - No se detectó mano en este frame
2025-11-16 11:26:13,327 - PictionaryLive - INFO - No se detectó mano en este frame
2025-11-16 11:26:13,367 - PictionaryLive - INFO - No se detectó mano en este frame
2025-11-16 11:26:13,408 - PictionaryLive - INFO - No se detectó mano en este frame
2025-11-16 11:26:13,437 - PictionaryLive - INFO - No se detectó mano en este frame
2025-11-16 11:26:13,479 - PictionaryLive - INFO - No se detectó mano en este frame
2025-11-16 11:26:13,517 - PictionaryLive - INFO - No se detectó mano en este frame
2025-11-16 11:26:13,560 - PictionaryLive - INFO - No se detectó mano en este frame
2025-11-16 11:26:13,608 - PictionaryLive - INFO - No se detectó mano en este frame
2025-11-16 11:26:13,642 - PictionaryLive - INFO - No se detectó mano en este frame
2025-11-16 11:26:13,687 - PictionaryLive - INFO - No se detectó mano en este frame
2025-11-16 11:26:13,727 - PictionaryLive - INFO - No se detectó mano en este frame
2025-11-16 11:26:13,760 - PictionaryLive - INFO - No se detectó mano en este frame
2025-11-16 11:26:13,783 - PictionaryLive - INFO - No se detectó mano en este frame
2025-11-16 11:26:13,828 - PictionaryLive - INFO - No se detectó mano en este frame
2025-11-16 11:26:13,871 - PictionaryLive - INFO - No se detectó mano en este frame
2025-11-16 11:26:13,900 - PictionaryLive - INFO - No se detectó mano en este frame
2025-11-16 11:26:13,933 - PictionaryLive - INFO - No se detectó mano en este frame
2025-11-16 11:26:13,963 - PictionaryLive - INFO - No se detectó mano en este frame
2025-11-16 11:26:13,994 - PictionaryLive - INFO - No se detectó mano en este frame
2025-11-16 11:26:14,025 - PictionaryLive - INFO - No se detectó mano en este frame
2025-11-16 11:26:14,051 - PictionaryLive - INFO - No se detectó mano en este frame
2025-11-16 11:26:14,110 - PictionaryLive - INFO - No se detectó mano en este frame
2025-11-16 11:26:14,143 - PictionaryLive - INFO - No se detectó mano en este frame
2025-11-16 11:26:14,172 - PictionaryLive - INFO - No se detectó mano en este frame
2025-11-16 11:26:14,208 - PictionaryLive - INFO - No se detectó mano en este frame
2025-11-16 11:26:14,243 - PictionaryLive - INFO - No se detectó mano en este frame
2025-11-16 11:26:14,270 - PictionaryLive - INFO - No se detectó mano en este frame
2025-11-16 11:26:14,306 - PictionaryLive - INFO - No se detectó mano en este frame
2025-11-16 11:26:14,342 - PictionaryLive - INFO - No se detectó mano en este frame
2025-11-16 11:26:14,376 - PictionaryLive - INFO - No se detectó mano en este frame
2025-11-16 11:26:14,409 - PictionaryLive - INFO - No se detectó mano en este frame
2025-11-16 11:26:14,442 - PictionaryLive - INFO - No se detectó mano en este frame
2025-11-16 11:26:14,476 - PictionaryLive - INFO - No se detectó mano en este frame
2025-11-16 11:26:14,518 - PictionaryLive - INFO - No se detectó mano en este frame
2025-11-16 11:26:14,556 - PictionaryLive - INFO - No se detectó mano en este frame
2025-11-16 11:26:14,594 - PictionaryLive - INFO - No se detectó mano en este frame
2025-11-16 11:26:14,623 - PictionaryLive - INFO - No se detectó mano en este frame
2025-11-16 11:26:14,661 - PictionaryLive - INFO - No se detectó mano en este frame
2025-11-16 11:26:14,699 - PictionaryLive - INFO - No se detectó mano en este frame
2025-11-16 11:26:14,745 - PictionaryLive - INFO - No se detectó mano en este frame
2025-11-16 11:26:14,772 - PictionaryLive - INFO - No se detectó mano en este frame
2025-11-16 11:26:14,811 - PictionaryLive - INFO - No se detectó mano en este frame
2025-11-16 11:26:14,843 - PictionaryLive - INFO - No se detectó mano en este frame
2025-11-16 11:26:14,871 - PictionaryLive - INFO - No se detectó mano en este frame
2025-11-16 11:26:14,902 - PictionaryLive - INFO - No se detectó mano en este frame
2025-11-16 11:26:14,939 - PictionaryLive - INFO - No se detectó mano en este frame
2025-11-16 11:26:14,977 - PictionaryLive - INFO - No se detectó mano en este frame
2025-11-16 11:26:15,011 - PictionaryLive - INFO - No se detectó mano en este frame
2025-11-16 11:26:15,044 - PictionaryLive - INFO - No se detectó mano en este frame
2025-11-16 11:26:15,078 - PictionaryLive - INFO - No se detectó mano en este frame
2025-11-16 11:26:15,111 - PictionaryLive - INFO - No se detectó mano en este frame
2025-11-16 11:26:15,142 - PictionaryLive - INFO - No se detectó mano en este frame
2025-11-16 11:26:15,178 - PictionaryLive - INFO - No se detectó mano en este frame
2025-11-16 11:26:15,207 - PictionaryLive - INFO - No se detectó mano en este frame
2025-11-16 11:26:15,243 - PictionaryLive - INFO - No se detectó mano en este frame
2025-11-16 11:26:15,278 - PictionaryLive - INFO - No se detectó mano en este frame
2025-11-16 11:26:15,309 - PictionaryLive - INFO - No se detectó mano en este frame
2025-11-16 11:26:15,344 - PictionaryLive - INFO - No se detectó mano en este frame
2025-11-16 11:26:15,376 - PictionaryLive - INFO - No se detectó mano en este frame
2025-11-16 11:26:15,409 - PictionaryLive - INFO - No se detectó mano en este frame
2025-11-16 11:26:15,463 - PictionaryLive - INFO - No se detectó mano en este frame
2025-11-16 11:26:15,510 - PictionaryLive - INFO - No se detectó mano en este frame
2025-11-16 11:26:15,544 - PictionaryLive - INFO - No se detectó mano en este frame
2025-11-16 11:26:15,605 - PictionaryLive - INFO - No se detectó mano en este frame
2025-11-16 11:26:15,646 - PictionaryLive - INFO - No se detectó mano en este frame
2025-11-16 11:26:15,679 - PictionaryLive - INFO - No se detectó mano en este frame
2025-11-16 11:26:15,720 - PictionaryLive - INFO - No se detectó mano en este frame
2025-11-16 11:26:15,759 - PictionaryLive - INFO - No se detectó mano en este frame
2025-11-16 11:26:15,787 - PictionaryLive - INFO - No se detectó mano en este frame
2025-11-16 11:26:15,817 - PictionaryLive - INFO - No se detectó mano en este frame
2025-11-16 11:26:15,850 - PictionaryLive - INFO - No se detectó mano en este frame
2025-11-16 11:26:15,893 - PictionaryLive - INFO - No se detectó mano en este frame
2025-11-16 11:26:15,935 - PictionaryLive - INFO - No se detectó mano en este frame
2025-11-16 11:26:15,977 - PictionaryLive - INFO - No se detectó mano en este frame
2025-11-16 11:26:16,007 - PictionaryLive - INFO - No se detectó mano en este frame
2025-11-16 11:26:16,087 - PictionaryLive - INFO - No se detectó mano en este frame
2025-11-16 11:26:16,125 - PictionaryLive - INFO - No se detectó mano en este frame
2025-11-16 11:26:16,163 - PictionaryLive - INFO - No se detectó mano en este frame
2025-11-16 11:26:16,194 - PictionaryLive - INFO - No se detectó mano en este frame
2025-11-16 11:26:16,227 - PictionaryLive - INFO - No se detectó mano en este frame
2025-11-16 11:26:16,244 - PictionaryLive - INFO - No se detectó mano en este frame
2025-11-16 11:26:16,295 - PictionaryLive - INFO - No se detectó mano en este frame
2025-11-16 11:26:16,325 - PictionaryLive - INFO - No se detectó mano en este frame
2025-11-16 11:26:16,355 - PictionaryLive - INFO - No se detectó mano en este frame
2025-11-16 11:26:16,391 - PictionaryLive - INFO - No se detectó mano en este frame
2025-11-16 11:26:16,426 - PictionaryLive - INFO - No se detectó mano en este frame
2025-11-16 11:26:16,468 - PictionaryLive - INFO - No se detectó mano en este frame
2025-11-16 11:26:16,500 - PictionaryLive - INFO - No se detectó mano en este frame
2025-11-16 11:26:16,542 - PictionaryLive - INFO - No se detectó mano en este frame
2025-11-16 11:26:16,578 - PictionaryLive - INFO - No se detectó mano en este frame
2025-11-16 11:26:16,624 - PictionaryLive - INFO - No se detectó mano en este frame
2025-11-16 11:26:16,650 - PictionaryLive - INFO - No se detectó mano en este frame
2025-11-16 11:26:16,694 - PictionaryLive - INFO - No se detectó mano en este frame
2025-11-16 11:26:16,725 - PictionaryLive - INFO - No se detectó mano en este frame
2025-11-16 11:26:16,753 - PictionaryLive - INFO - No se detectó mano en este frame
2025-11-16 11:26:16,793 - PictionaryLive - INFO - No se detectó mano en este frame
2025-11-16 11:26:16,825 - PictionaryLive - INFO - No se detectó mano en este frame
2025-11-16 11:26:16,852 - PictionaryLive - INFO - No se detectó mano en este frame
2025-11-16 11:26:16,889 - PictionaryLive - INFO - No se detectó mano en este frame
2025-11-16 11:26:16,928 - PictionaryLive - INFO - No se detectó mano en este frame
2025-11-16 11:26:16,959 - PictionaryLive - INFO - No se detectó mano en este frame
2025-11-16 11:26:16,985 - PictionaryLive - INFO - No se detectó mano en este frame
2025-11-16 11:26:17,027 - PictionaryLive - INFO - No se detectó mano en este frame
2025-11-16 11:26:17,059 - PictionaryLive - INFO - No se detectó mano en este frame
2025-11-16 11:26:17,092 - PictionaryLive - INFO - No se detectó mano en este frame
2025-11-16 11:26:17,118 - PictionaryLive - INFO - No se detectó mano en este frame
2025-11-16 11:26:17,149 - PictionaryLive - INFO - No se detectó mano en este frame
2025-11-16 11:26:17,186 - PictionaryLive - INFO - No se detectó mano en este frame
2025-11-16 11:26:17,218 - PictionaryLive - INFO - No se detectó mano en este frame
2025-11-16 11:26:17,251 - PictionaryLive - INFO - No se detectó mano en este frame
2025-11-16 11:26:17,295 - PictionaryLive - INFO - No se detectó mano en este frame
2025-11-16 11:26:17,327 - PictionaryLive - INFO - No se detectó mano en este frame
2025-11-16 11:26:17,359 - PictionaryLive - INFO - No se detectó mano en este frame
2025-11-16 11:26:17,391 - PictionaryLive - INFO - No se detectó mano en este frame
2025-11-16 11:26:17,435 - PictionaryLive - INFO - No se detectó mano en este frame
2025-11-16 11:26:17,464 - PictionaryLive - INFO - No se detectó mano en este frame
2025-11-16 11:26:17,493 - PictionaryLive - INFO - No se detectó mano en este frame
2025-11-16 11:26:17,527 - PictionaryLive - INFO - No se detectó mano en este frame
2025-11-16 11:26:17,558 - PictionaryLive - INFO - No se detectó mano en este frame
2025-11-16 11:26:17,591 - PictionaryLive - INFO - No se detectó mano en este frame
2025-11-16 11:26:17,625 - PictionaryLive - INFO - No se detectó mano en este frame
2025-11-16 11:26:17,664 - PictionaryLive - INFO - No se detectó mano en este frame
2025-11-16 11:26:17,700 - PictionaryLive - INFO - No se detectó mano en este frame
2025-11-16 11:26:17,724 - PictionaryLive - INFO - No se detectó mano en este frame
2025-11-16 11:26:17,779 - PictionaryLive - INFO - No se detectó mano en este frame
2025-11-16 11:26:17,809 - PictionaryLive - INFO - No se detectó mano en este frame
2025-11-16 11:26:17,860 - PictionaryLive - INFO - No se detectó mano en este frame
2025-11-16 11:26:17,891 - PictionaryLive - INFO - No se detectó mano en este frame
2025-11-16 11:26:17,943 - PictionaryLive - INFO - No se detectó mano en este frame
2025-11-16 11:26:18,007 - PictionaryLive - INFO - No se detectó mano en este frame
2025-11-16 11:26:18,046 - PictionaryLive - INFO - No se detectó mano en este frame
2025-11-16 11:26:18,084 - PictionaryLive - INFO - No se detectó mano en este frame
2025-11-16 11:26:18,117 - PictionaryLive - INFO - No se detectó mano en este frame
2025-11-16 11:26:18,161 - PictionaryLive - INFO - No se detectó mano en este frame
2025-11-16 11:26:18,191 - PictionaryLive - INFO - No se detectó mano en este frame
2025-11-16 11:26:18,227 - PictionaryLive - INFO - No se detectó mano en este frame
2025-11-16 11:26:18,258 - PictionaryLive - INFO - No se detectó mano en este frame
2025-11-16 11:26:18,292 - PictionaryLive - INFO - No se detectó mano en este frame
2025-11-16 11:26:18,320 - PictionaryLive - INFO - No se detectó mano en este frame
2025-11-16 11:26:18,359 - PictionaryLive - INFO - No se detectó mano en este frame
2025-11-16 11:26:18,393 - PictionaryLive - INFO - No se detectó mano en este frame
2025-11-16 11:26:18,425 - PictionaryLive - INFO - No se detectó mano en este frame
2025-11-16 11:26:18,459 - PictionaryLive - INFO - No se detectó mano en este frame
2025-11-16 11:26:18,493 - PictionaryLive - INFO - No se detectó mano en este frame
2025-11-16 11:26:18,532 - PictionaryLive - INFO - No se detectó mano en este frame
2025-11-16 11:26:18,573 - PictionaryLive - INFO - No se detectó mano en este frame
2025-11-16 11:26:18,600 - PictionaryLive - INFO - No se detectó mano en este frame
2025-11-16 11:26:18,643 - PictionaryLive - INFO - No se detectó mano en este frame
2025-11-16 11:26:18,681 - PictionaryLive - INFO - No se detectó mano en este frame
2025-11-16 11:26:18,714 - PictionaryLive - INFO - No se detectó mano en este frame
2025-11-16 11:26:18,750 - PictionaryLive - INFO - No se detectó mano en este frame
2025-11-16 11:26:18,794 - PictionaryLive - INFO - No se detectó mano en este frame
2025-11-16 11:26:18,825 - PictionaryLive - INFO - No se detectó mano en este frame
2025-11-16 11:26:18,859 - PictionaryLive - INFO - No se detectó mano en este frame
2025-11-16 11:26:18,889 - PictionaryLive - INFO - No se detectó mano en este frame
2025-11-16 11:26:18,930 - PictionaryLive - INFO - No se detectó mano en este frame
2025-11-16 11:26:18,967 - PictionaryLive - INFO - No se detectó mano en este frame
2025-11-16 11:26:19,009 - PictionaryLive - INFO - No se detectó mano en este frame
2025-11-16 11:26:19,045 - PictionaryLive - INFO - No se detectó mano en este frame
2025-11-16 11:26:19,075 - PictionaryLive - INFO - No se detectó mano en este frame
2025-11-16 11:26:19,110 - PictionaryLive - INFO - No se detectó mano en este frame
2025-11-16 11:26:19,158 - PictionaryLive - INFO - No se detectó mano en este frame
2025-11-16 11:26:19,184 - PictionaryLive - INFO - No se detectó mano en este frame
2025-11-16 11:26:19,225 - PictionaryLive - INFO - No se detectó mano en este frame
2025-11-16 11:26:19,266 - PictionaryLive - INFO - No se detectó mano en este frame
2025-11-16 11:26:19,310 - PictionaryLive - INFO - No se detectó mano en este frame
2025-11-16 11:26:19,341 - PictionaryLive - INFO - No se detectó mano en este frame
2025-11-16 11:26:19,372 - PictionaryLive - INFO - No se detectó mano en este frame
2025-11-16 11:26:19,400 - PictionaryLive - INFO - No se detectó mano en este frame
2025-11-16 11:26:19,442 - PictionaryLive - INFO - No se detectó mano en este frame
2025-11-16 11:26:19,476 - PictionaryLive - INFO - No se detectó mano en este frame
2025-11-16 11:26:19,512 - PictionaryLive - INFO - No se detectó mano en este frame
2025-11-16 11:26:19,553 - PictionaryLive - INFO - No se detectó mano en este frame
2025-11-16 11:26:19,586 - PictionaryLive - INFO - No se detectó mano en este frame
2025-11-16 11:26:19,617 - PictionaryLive - INFO - No se detectó mano en este frame
2025-11-16 11:26:19,654 - PictionaryLive - INFO - No se detectó mano en este frame
2025-11-16 11:26:19,687 - PictionaryLive - INFO - No se detectó mano en este frame
2025-11-16 11:26:19,724 - PictionaryLive - INFO - No se detectó mano en este frame
2025-11-16 11:26:19,754 - PictionaryLive - INFO - No se detectó mano en este frame
2025-11-16 11:26:19,787 - PictionaryLive - INFO - No se detectó mano en este frame
2025-11-16 11:26:19,824 - PictionaryLive - INFO - No se detectó mano en este frame
2025-11-16 11:26:19,854 - PictionaryLive - INFO - No se detectó mano en este frame
2025-11-16 11:26:19,895 - PictionaryLive - INFO - No se detectó mano en este frame
2025-11-16 11:26:19,923 - PictionaryLive - INFO - No se detectó mano en este frame
2025-11-16 11:26:19,957 - PictionaryLive - INFO - No se detectó mano en este frame
2025-11-16 11:26:19,992 - PictionaryLive - INFO - No se detectó mano en este frame
2025-11-16 11:26:20,020 - PictionaryLive - INFO - No se detectó mano en este frame
2025-11-16 11:26:20,054 - PictionaryLive - INFO - No se detectó mano en este frame
2025-11-16 11:26:20,084 - PictionaryLive - INFO - No se detectó mano en este frame
2025-11-16 11:26:20,120 - PictionaryLive - INFO - No se detectó mano en este frame
2025-11-16 11:26:20,155 - PictionaryLive - INFO - No se detectó mano en este frame
2025-11-16 11:26:20,190 - PictionaryLive - INFO - No se detectó mano en este frame
2025-11-16 11:26:20,217 - PictionaryLive - INFO - No se detectó mano en este frame
2025-11-16 11:26:20,267 - PictionaryLive - INFO - No se detectó mano en este frame
2025-11-16 11:26:20,338 - PictionaryLive - INFO - No se detectó mano en este frame
2025-11-16 11:26:20,400 - PictionaryLive - INFO - No se detectó mano en este frame
2025-11-16 11:26:20,445 - PictionaryLive - INFO - No se detectó mano en este frame
2025-11-16 11:26:20,483 - PictionaryLive - INFO - No se detectó mano en este frame
2025-11-16 11:26:20,528 - PictionaryLive - INFO - No se detectó mano en este frame
2025-11-16 11:26:20,560 - PictionaryLive - INFO - No se detectó mano en este frame
2025-11-16 11:26:20,592 - PictionaryLive - INFO - No se detectó mano en este frame
2025-11-16 11:26:20,617 - PictionaryLive - INFO - No se detectó mano en este frame
2025-11-16 11:26:20,658 - PictionaryLive - INFO - No se detectó mano en este frame
2025-11-16 11:26:20,694 - PictionaryLive - INFO - No se detectó mano en este frame
2025-11-16 11:26:20,726 - PictionaryLive - INFO - No se detectó mano en este frame
2025-11-16 11:26:20,760 - PictionaryLive - INFO - No se detectó mano en este frame
2025-11-16 11:26:20,792 - PictionaryLive - INFO - No se detectó mano en este frame
2025-11-16 11:26:20,827 - PictionaryLive - INFO - No se detectó mano en este frame
2025-11-16 11:26:20,858 - PictionaryLive - INFO - No se detectó mano en este frame
2025-11-16 11:26:20,897 - PictionaryLive - INFO - No se detectó mano en este frame
2025-11-16 11:26:20,989 - PictionaryLive - INFO - Usuario cerró la ventana - saliendo
2025-11-16 11:26:21,257 - PictionaryLive - INFO - 
Aplicación cerrada
