2025-11-16 11:45:24,662 - PictionaryLive - INFO - ======================================================================
2025-11-16 11:45:24,662 - PictionaryLive - INFO - PICTIONARY LIVE - Inicializando
2025-11-16 11:45:24,664 - PictionaryLive - INFO - ======================================================================
2025-11-16 11:45:24,673 - PictionaryLive - INFO - MediaPipe Hands inicializado
2025-11-16 11:45:24,674 - PictionaryLive - INFO -   Thresholds: detection=0.2, tracking=0.2
2025-11-16 11:45:24,675 - PictionaryLive - INFO - Modelo info cargado: 228 clases
2025-11-16 11:45:24,676 - PictionaryLive - WARNING - Error al cargar sketch_classifier_model.keras: File not found: filepath=IA\sketch_classifier_model.keras. Please ensure the file is an accessible `.keras` zip file.
2025-11-16 11:45:25,000 - PictionaryLive - INFO - Modelo cargado: sketch_classifier_model.h5
2025-11-16 11:45:25,000 - PictionaryLive - INFO - 
======================================================================
2025-11-16 11:45:25,001 - PictionaryLive - INFO - VALIDACIÓN DE SETUP
2025-11-16 11:45:25,001 - PictionaryLive - INFO - ======================================================================
2025-11-16 11:45:25,002 - PictionaryLive - INFO -   [OK] IA folder
2025-11-16 11:45:25,002 - PictionaryLive - INFO -   [OK] model_info.json
2025-11-16 11:45:25,003 - PictionaryLive - INFO -   [OK] Hand Detector
2025-11-16 11:45:25,003 - PictionaryLive - INFO -   [OK] Classifier
2025-11-16 11:45:32,833 - PictionaryLive - INFO -   [OK] Camara 0 (640x480)
2025-11-16 11:45:32,833 - PictionaryLive - INFO - ======================================================================

2025-11-16 11:45:32,833 - PictionaryLive - INFO - Aplicación inicializada correctamente
2025-11-16 11:46:02,750 - PictionaryLive - INFO - Cámara inicializada: 640x480 @ 30FPS
2025-11-16 11:46:02,750 - PictionaryLive - INFO - [VIVO] Iniciando captura. Presiona 'q' para salir, 's' para guardar.
2025-11-16 11:46:04,104 - PictionaryLive - INFO - No se detectó mano en este frame
2025-11-16 11:46:04,171 - PictionaryLive - INFO - No se detectó mano en este frame
2025-11-16 11:46:04,209 - PictionaryLive - INFO - No se detectó mano en este frame
2025-11-16 11:46:04,244 - PictionaryLive - INFO - No se detectó mano en este frame
2025-11-16 11:46:04,271 - PictionaryLive - INFO - No se detectó mano en este frame
2025-11-16 11:46:04,310 - PictionaryLive - INFO - No se detectó mano en este frame
2025-11-16 11:46:04,338 - PictionaryLive - INFO - No se detectó mano en este frame
2025-11-16 11:46:04,376 - PictionaryLive - INFO - No se detectó mano en este frame
2025-11-16 11:46:04,411 - PictionaryLive - INFO - No se detectó mano en este frame
2025-11-16 11:46:04,442 - PictionaryLive - INFO - No se detectó mano en este frame
2025-11-16 11:46:04,471 - PictionaryLive - INFO - No se detectó mano en este frame
2025-11-16 11:46:04,510 - PictionaryLive - INFO - No se detectó mano en este frame
2025-11-16 11:46:04,538 - PictionaryLive - INFO - No se detectó mano en este frame
2025-11-16 11:46:04,577 - PictionaryLive - INFO - No se detectó mano en este frame
2025-11-16 11:46:04,605 - PictionaryLive - INFO - No se detectó mano en este frame
2025-11-16 11:46:04,652 - PictionaryLive - INFO - No se detectó mano en este frame
2025-11-16 11:46:04,694 - PictionaryLive - INFO - No se detectó mano en este frame
2025-11-16 11:46:04,721 - PictionaryLive - INFO - No se detectó mano en este frame
2025-11-16 11:46:04,759 - PictionaryLive - INFO - No se detectó mano en este frame
2025-11-16 11:46:04,793 - PictionaryLive - INFO - No se detectó mano en este frame
2025-11-16 11:46:04,827 - PictionaryLive - INFO - No se detectó mano en este frame
2025-11-16 11:46:04,860 - PictionaryLive - INFO - No se detectó mano en este frame
2025-11-16 11:46:04,888 - PictionaryLive - INFO - No se detectó mano en este frame
2025-11-16 11:46:04,927 - PictionaryLive - INFO - No se detectó mano en este frame
2025-11-16 11:46:04,957 - PictionaryLive - INFO - No se detectó mano en este frame
2025-11-16 11:46:04,992 - PictionaryLive - INFO - No se detectó mano en este frame
2025-11-16 11:46:05,027 - PictionaryLive - INFO - No se detectó mano en este frame
2025-11-16 11:46:05,055 - PictionaryLive - INFO - No se detectó mano en este frame
2025-11-16 11:46:05,092 - PictionaryLive - INFO - No se detectó mano en este frame
2025-11-16 11:46:05,127 - PictionaryLive - INFO - No se detectó mano en este frame
2025-11-16 11:46:05,155 - PictionaryLive - INFO - No se detectó mano en este frame
2025-11-16 11:46:05,191 - PictionaryLive - INFO - No se detectó mano en este frame
2025-11-16 11:46:05,226 - PictionaryLive - INFO - No se detectó mano en este frame
2025-11-16 11:46:05,261 - PictionaryLive - INFO - No se detectó mano en este frame
2025-11-16 11:46:05,293 - PictionaryLive - INFO - No se detectó mano en este frame
2025-11-16 11:46:05,322 - PictionaryLive - INFO - No se detectó mano en este frame
2025-11-16 11:46:05,360 - PictionaryLive - INFO - No se detectó mano en este frame
2025-11-16 11:46:05,392 - PictionaryLive - INFO - No se detectó mano en este frame
2025-11-16 11:46:05,426 - PictionaryLive - INFO - No se detectó mano en este frame
2025-11-16 11:46:05,459 - PictionaryLive - INFO - No se detectó mano en este frame
2025-11-16 11:46:05,493 - PictionaryLive - INFO - No se detectó mano en este frame
2025-11-16 11:46:05,527 - PictionaryLive - INFO - No se detectó mano en este frame
2025-11-16 11:46:05,555 - PictionaryLive - INFO - No se detectó mano en este frame
2025-11-16 11:46:05,592 - PictionaryLive - INFO - No se detectó mano en este frame
2025-11-16 11:46:05,621 - PictionaryLive - INFO - No se detectó mano en este frame
2025-11-16 11:46:05,659 - PictionaryLive - INFO - No se detectó mano en este frame
2025-11-16 11:46:05,693 - PictionaryLive - INFO - No se detectó mano en este frame
2025-11-16 11:46:05,727 - PictionaryLive - INFO - No se detectó mano en este frame
2025-11-16 11:46:05,755 - PictionaryLive - INFO - No se detectó mano en este frame
2025-11-16 11:46:05,794 - PictionaryLive - INFO - No se detectó mano en este frame
2025-11-16 11:46:05,827 - PictionaryLive - INFO - No se detectó mano en este frame
2025-11-16 11:46:05,859 - PictionaryLive - INFO - No se detectó mano en este frame
2025-11-16 11:46:05,894 - PictionaryLive - INFO - No se detectó mano en este frame
2025-11-16 11:46:05,922 - PictionaryLive - INFO - No se detectó mano en este frame
2025-11-16 11:46:05,959 - PictionaryLive - INFO - No se detectó mano en este frame
2025-11-16 11:46:05,994 - PictionaryLive - INFO - No se detectó mano en este frame
2025-11-16 11:46:06,030 - PictionaryLive - INFO - No se detectó mano en este frame
2025-11-16 11:46:06,063 - PictionaryLive - INFO - No se detectó mano en este frame
2025-11-16 11:46:06,088 - PictionaryLive - INFO - No se detectó mano en este frame
2025-11-16 11:46:06,126 - PictionaryLive - INFO - No se detectó mano en este frame
2025-11-16 11:46:06,163 - PictionaryLive - INFO - No se detectó mano en este frame
2025-11-16 11:46:06,194 - PictionaryLive - INFO - No se detectó mano en este frame
2025-11-16 11:46:06,222 - PictionaryLive - INFO - No se detectó mano en este frame
2025-11-16 11:46:06,260 - PictionaryLive - INFO - No se detectó mano en este frame
2025-11-16 11:46:06,289 - PictionaryLive - INFO - No se detectó mano en este frame
2025-11-16 11:46:06,326 - PictionaryLive - INFO - No se detectó mano en este frame
2025-11-16 11:46:06,359 - PictionaryLive - INFO - No se detectó mano en este frame
2025-11-16 11:46:06,397 - PictionaryLive - INFO - No se detectó mano en este frame
2025-11-16 11:46:06,445 - PictionaryLive - INFO - No se detectó mano en este frame
2025-11-16 11:46:06,475 - PictionaryLive - INFO - No se detectó mano en este frame
2025-11-16 11:46:06,503 - PictionaryLive - INFO - No se detectó mano en este frame
2025-11-16 11:46:06,544 - PictionaryLive - INFO - No se detectó mano en este frame
2025-11-16 11:46:06,572 - PictionaryLive - INFO - No se detectó mano en este frame
2025-11-16 11:46:06,609 - PictionaryLive - INFO - No se detectó mano en este frame
2025-11-16 11:46:06,639 - PictionaryLive - INFO - No se detectó mano en este frame
2025-11-16 11:46:06,675 - PictionaryLive - INFO - No se detectó mano en este frame
2025-11-16 11:46:06,705 - PictionaryLive - INFO - No se detectó mano en este frame
2025-11-16 11:46:06,742 - PictionaryLive - INFO - No se detectó mano en este frame
2025-11-16 11:46:06,772 - PictionaryLive - INFO - No se detectó mano en este frame
2025-11-16 11:46:06,813 - PictionaryLive - INFO - No se detectó mano en este frame
2025-11-16 11:46:06,845 - PictionaryLive - INFO - No se detectó mano en este frame
2025-11-16 11:46:06,877 - PictionaryLive - INFO - No se detectó mano en este frame
2025-11-16 11:46:06,909 - PictionaryLive - INFO - No se detectó mano en este frame
2025-11-16 11:46:06,942 - PictionaryLive - INFO - No se detectó mano en este frame
2025-11-16 11:46:06,971 - PictionaryLive - INFO - No se detectó mano en este frame
2025-11-16 11:46:07,009 - PictionaryLive - INFO - No se detectó mano en este frame
2025-11-16 11:46:07,042 - PictionaryLive - INFO - No se detectó mano en este frame
2025-11-16 11:46:07,077 - PictionaryLive - INFO - No se detectó mano en este frame
2025-11-16 11:46:07,109 - PictionaryLive - INFO - No se detectó mano en este frame
2025-11-16 11:46:07,146 - PictionaryLive - INFO - No se detectó mano en este frame
2025-11-16 11:46:07,172 - PictionaryLive - INFO - No se detectó mano en este frame
2025-11-16 11:46:07,210 - PictionaryLive - INFO - No se detectó mano en este frame
2025-11-16 11:46:07,246 - PictionaryLive - INFO - No se detectó mano en este frame
2025-11-16 11:46:07,276 - PictionaryLive - INFO - No se detectó mano en este frame
2025-11-16 11:46:07,305 - PictionaryLive - INFO - No se detectó mano en este frame
2025-11-16 11:46:07,344 - PictionaryLive - INFO - No se detectó mano en este frame
2025-11-16 11:46:07,371 - PictionaryLive - INFO - No se detectó mano en este frame
2025-11-16 11:46:07,409 - PictionaryLive - INFO - No se detectó mano en este frame
2025-11-16 11:46:07,460 - PictionaryLive - INFO - No se detectó mano en este frame
2025-11-16 11:46:07,509 - PictionaryLive - INFO - No se detectó mano en este frame
2025-11-16 11:46:07,555 - PictionaryLive - INFO - No se detectó mano en este frame
2025-11-16 11:46:07,610 - PictionaryLive - INFO - No se detectó mano en este frame
2025-11-16 11:46:07,654 - PictionaryLive - INFO - No se detectó mano en este frame
2025-11-16 11:46:07,705 - PictionaryLive - INFO - No se detectó mano en este frame
2025-11-16 11:46:07,754 - PictionaryLive - INFO - No se detectó mano en este frame
2025-11-16 11:46:07,808 - PictionaryLive - ERROR - Error en detección de manos: module 'google.protobuf.message_factory' has no attribute 'GetMessageClass'
2025-11-16 11:46:07,854 - PictionaryLive - ERROR - Error en detección de manos: module 'google.protobuf.message_factory' has no attribute 'GetMessageClass'
2025-11-16 11:46:07,908 - PictionaryLive - ERROR - Error en detección de manos: module 'google.protobuf.message_factory' has no attribute 'GetMessageClass'
2025-11-16 11:46:07,977 - PictionaryLive - ERROR - Error en detección de manos: module 'google.protobuf.message_factory' has no attribute 'GetMessageClass'
2025-11-16 11:46:08,038 - PictionaryLive - ERROR - Error en detección de manos: module 'google.protobuf.message_factory' has no attribute 'GetMessageClass'
2025-11-16 11:46:08,109 - PictionaryLive - ERROR - Error en detección de manos: module 'google.protobuf.message_factory' has no attribute 'GetMessageClass'
2025-11-16 11:46:08,171 - PictionaryLive - ERROR - Error en detección de manos: module 'google.protobuf.message_factory' has no attribute 'GetMessageClass'
2025-11-16 11:46:08,240 - PictionaryLive - ERROR - Error en detección de manos: module 'google.protobuf.message_factory' has no attribute 'GetMessageClass'
2025-11-16 11:46:08,308 - PictionaryLive - ERROR - Error en detección de manos: module 'google.protobuf.message_factory' has no attribute 'GetMessageClass'
2025-11-16 11:46:08,366 - PictionaryLive - INFO - No se detectó mano en este frame
2025-11-16 11:46:08,421 - PictionaryLive - INFO - No se detectó mano en este frame
2025-11-16 11:46:08,470 - PictionaryLive - INFO - No se detectó mano en este frame
2025-11-16 11:46:08,525 - PictionaryLive - INFO - No se detectó mano en este frame
2025-11-16 11:46:08,555 - PictionaryLive - INFO - No se detectó mano en este frame
2025-11-16 11:46:08,592 - PictionaryLive - INFO - No se detectó mano en este frame
2025-11-16 11:46:08,622 - PictionaryLive - INFO - No se detectó mano en este frame
2025-11-16 11:46:08,660 - PictionaryLive - INFO - No se detectó mano en este frame
2025-11-16 11:46:08,723 - PictionaryLive - INFO - No se detectó mano en este frame
2025-11-16 11:46:08,771 - PictionaryLive - INFO - No se detectó mano en este frame
2025-11-16 11:46:08,821 - PictionaryLive - INFO - No se detectó mano en este frame
2025-11-16 11:46:08,877 - PictionaryLive - INFO - No se detectó mano en este frame
2025-11-16 11:46:08,925 - PictionaryLive - INFO - No se detectó mano en este frame
2025-11-16 11:46:08,976 - PictionaryLive - INFO - No se detectó mano en este frame
2025-11-16 11:46:09,004 - PictionaryLive - INFO - No se detectó mano en este frame
2025-11-16 11:46:09,042 - PictionaryLive - INFO - No se detectó mano en este frame
2025-11-16 11:46:09,080 - PictionaryLive - INFO - No se detectó mano en este frame
2025-11-16 11:46:09,120 - PictionaryLive - INFO - No se detectó mano en este frame
2025-11-16 11:46:09,160 - PictionaryLive - INFO - No se detectó mano en este frame
2025-11-16 11:46:09,209 - PictionaryLive - INFO - No se detectó mano en este frame
2025-11-16 11:46:09,259 - PictionaryLive - INFO - No se detectó mano en este frame
2025-11-16 11:46:09,288 - PictionaryLive - INFO - No se detectó mano en este frame
2025-11-16 11:46:09,326 - PictionaryLive - INFO - No se detectó mano en este frame
2025-11-16 11:46:09,360 - PictionaryLive - INFO - No se detectó mano en este frame
2025-11-16 11:46:09,392 - PictionaryLive - INFO - No se detectó mano en este frame
2025-11-16 11:46:09,430 - PictionaryLive - INFO - No se detectó mano en este frame
2025-11-16 11:46:09,457 - PictionaryLive - INFO - No se detectó mano en este frame
2025-11-16 11:46:09,509 - PictionaryLive - INFO - No se detectó mano en este frame
2025-11-16 11:46:09,542 - PictionaryLive - INFO - No se detectó mano en este frame
2025-11-16 11:46:09,587 - PictionaryLive - INFO - No se detectó mano en este frame
2025-11-16 11:46:09,629 - PictionaryLive - INFO - No se detectó mano en este frame
2025-11-16 11:46:09,660 - PictionaryLive - INFO - No se detectó mano en este frame
2025-11-16 11:46:09,692 - PictionaryLive - INFO - No se detectó mano en este frame
2025-11-16 11:46:09,726 - PictionaryLive - INFO - No se detectó mano en este frame
2025-11-16 11:46:09,759 - PictionaryLive - INFO - No se detectó mano en este frame
2025-11-16 11:46:09,795 - PictionaryLive - INFO - No se detectó mano en este frame
2025-11-16 11:46:09,826 - PictionaryLive - INFO - No se detectó mano en este frame
2025-11-16 11:46:09,868 - PictionaryLive - INFO - No se detectó mano en este frame
2025-11-16 11:46:09,910 - PictionaryLive - INFO - No se detectó mano en este frame
2025-11-16 11:46:09,961 - PictionaryLive - INFO - No se detectó mano en este frame
2025-11-16 11:46:10,008 - PictionaryLive - INFO - No se detectó mano en este frame
2025-11-16 11:46:10,055 - PictionaryLive - INFO - No se detectó mano en este frame
2025-11-16 11:46:10,109 - PictionaryLive - INFO - No se detectó mano en este frame
2025-11-16 11:46:10,138 - PictionaryLive - INFO - No se detectó mano en este frame
2025-11-16 11:46:10,219 - PictionaryLive - INFO - No se detectó mano en este frame
2025-11-16 11:46:10,271 - PictionaryLive - INFO - No se detectó mano en este frame
2025-11-16 11:46:10,320 - PictionaryLive - INFO - No se detectó mano en este frame
2025-11-16 11:46:10,375 - PictionaryLive - INFO - No se detectó mano en este frame
2025-11-16 11:46:10,425 - PictionaryLive - ERROR - Error en detección de manos: module 'google.protobuf.message_factory' has no attribute 'GetMessageClass'
2025-11-16 11:46:10,476 - PictionaryLive - ERROR - Error en detección de manos: module 'google.protobuf.message_factory' has no attribute 'GetMessageClass'
2025-11-16 11:46:10,527 - PictionaryLive - ERROR - Error en detección de manos: module 'google.protobuf.message_factory' has no attribute 'GetMessageClass'
2025-11-16 11:46:10,571 - PictionaryLive - ERROR - Error en detección de manos: module 'google.protobuf.message_factory' has no attribute 'GetMessageClass'
2025-11-16 11:46:10,625 - PictionaryLive - ERROR - Error en detección de manos: module 'google.protobuf.message_factory' has no attribute 'GetMessageClass'
2025-11-16 11:46:10,671 - PictionaryLive - ERROR - Error en detección de manos: module 'google.protobuf.message_factory' has no attribute 'GetMessageClass'
2025-11-16 11:46:10,726 - PictionaryLive - ERROR - Error en detección de manos: module 'google.protobuf.message_factory' has no attribute 'GetMessageClass'
2025-11-16 11:46:10,771 - PictionaryLive - ERROR - Error en detección de manos: module 'google.protobuf.message_factory' has no attribute 'GetMessageClass'
2025-11-16 11:46:10,825 - PictionaryLive - ERROR - Error en detección de manos: module 'google.protobuf.message_factory' has no attribute 'GetMessageClass'
2025-11-16 11:46:10,871 - PictionaryLive - ERROR - Error en detección de manos: module 'google.protobuf.message_factory' has no attribute 'GetMessageClass'
2025-11-16 11:46:10,928 - PictionaryLive - ERROR - Error en detección de manos: module 'google.protobuf.message_factory' has no attribute 'GetMessageClass'
2025-11-16 11:46:10,976 - PictionaryLive - ERROR - Error en detección de manos: module 'google.protobuf.message_factory' has no attribute 'GetMessageClass'
2025-11-16 11:46:11,052 - PictionaryLive - ERROR - Error en detección de manos: module 'google.protobuf.message_factory' has no attribute 'GetMessageClass'
2025-11-16 11:46:11,105 - PictionaryLive - ERROR - Error en detección de manos: module 'google.protobuf.message_factory' has no attribute 'GetMessageClass'
2025-11-16 11:46:11,155 - PictionaryLive - ERROR - Error en detección de manos: module 'google.protobuf.message_factory' has no attribute 'GetMessageClass'
2025-11-16 11:46:11,209 - PictionaryLive - ERROR - Error en detección de manos: module 'google.protobuf.message_factory' has no attribute 'GetMessageClass'
2025-11-16 11:46:11,261 - PictionaryLive - ERROR - Error en detección de manos: module 'google.protobuf.message_factory' has no attribute 'GetMessageClass'
2025-11-16 11:46:11,320 - PictionaryLive - ERROR - Error en detección de manos: module 'google.protobuf.message_factory' has no attribute 'GetMessageClass'
2025-11-16 11:46:11,372 - PictionaryLive - ERROR - Error en detección de manos: module 'google.protobuf.message_factory' has no attribute 'GetMessageClass'
2025-11-16 11:46:11,421 - PictionaryLive - ERROR - Error en detección de manos: module 'google.protobuf.message_factory' has no attribute 'GetMessageClass'
2025-11-16 11:46:11,473 - PictionaryLive - ERROR - Error en detección de manos: module 'google.protobuf.message_factory' has no attribute 'GetMessageClass'
2025-11-16 11:46:11,525 - PictionaryLive - ERROR - Error en detección de manos: module 'google.protobuf.message_factory' has no attribute 'GetMessageClass'
2025-11-16 11:46:11,580 - PictionaryLive - ERROR - Error en detección de manos: module 'google.protobuf.message_factory' has no attribute 'GetMessageClass'
2025-11-16 11:46:11,626 - PictionaryLive - ERROR - Error en detección de manos: module 'google.protobuf.message_factory' has no attribute 'GetMessageClass'
2025-11-16 11:46:11,678 - PictionaryLive - ERROR - Error en detección de manos: module 'google.protobuf.message_factory' has no attribute 'GetMessageClass'
2025-11-16 11:46:11,725 - PictionaryLive - ERROR - Error en detección de manos: module 'google.protobuf.message_factory' has no attribute 'GetMessageClass'
2025-11-16 11:46:11,776 - PictionaryLive - ERROR - Error en detección de manos: module 'google.protobuf.message_factory' has no attribute 'GetMessageClass'
2025-11-16 11:46:11,820 - PictionaryLive - ERROR - Error en detección de manos: module 'google.protobuf.message_factory' has no attribute 'GetMessageClass'
2025-11-16 11:46:11,876 - PictionaryLive - ERROR - Error en detección de manos: module 'google.protobuf.message_factory' has no attribute 'GetMessageClass'
2025-11-16 11:46:11,925 - PictionaryLive - ERROR - Error en detección de manos: module 'google.protobuf.message_factory' has no attribute 'GetMessageClass'
2025-11-16 11:46:11,979 - PictionaryLive - ERROR - Error en detección de manos: module 'google.protobuf.message_factory' has no attribute 'GetMessageClass'
2025-11-16 11:46:12,022 - PictionaryLive - ERROR - Error en detección de manos: module 'google.protobuf.message_factory' has no attribute 'GetMessageClass'
2025-11-16 11:46:12,076 - PictionaryLive - ERROR - Error en detección de manos: module 'google.protobuf.message_factory' has no attribute 'GetMessageClass'
2025-11-16 11:46:12,125 - PictionaryLive - ERROR - Error en detección de manos: module 'google.protobuf.message_factory' has no attribute 'GetMessageClass'
2025-11-16 11:46:12,176 - PictionaryLive - ERROR - Error en detección de manos: module 'google.protobuf.message_factory' has no attribute 'GetMessageClass'
2025-11-16 11:46:12,225 - PictionaryLive - ERROR - Error en detección de manos: module 'google.protobuf.message_factory' has no attribute 'GetMessageClass'
2025-11-16 11:46:12,276 - PictionaryLive - ERROR - Error en detección de manos: module 'google.protobuf.message_factory' has no attribute 'GetMessageClass'
2025-11-16 11:46:12,328 - PictionaryLive - ERROR - Error en detección de manos: module 'google.protobuf.message_factory' has no attribute 'GetMessageClass'
2025-11-16 11:46:12,376 - PictionaryLive - ERROR - Error en detección de manos: module 'google.protobuf.message_factory' has no attribute 'GetMessageClass'
2025-11-16 11:46:12,428 - PictionaryLive - ERROR - Error en detección de manos: module 'google.protobuf.message_factory' has no attribute 'GetMessageClass'
2025-11-16 11:46:12,493 - PictionaryLive - ERROR - Error en detección de manos: module 'google.protobuf.message_factory' has no attribute 'GetMessageClass'
2025-11-16 11:46:12,536 - PictionaryLive - ERROR - Error en detección de manos: module 'google.protobuf.message_factory' has no attribute 'GetMessageClass'
2025-11-16 11:46:12,576 - PictionaryLive - ERROR - Error en detección de manos: module 'google.protobuf.message_factory' has no attribute 'GetMessageClass'
2025-11-16 11:46:12,627 - PictionaryLive - ERROR - Error en detección de manos: module 'google.protobuf.message_factory' has no attribute 'GetMessageClass'
2025-11-16 11:46:12,676 - PictionaryLive - ERROR - Error en detección de manos: module 'google.protobuf.message_factory' has no attribute 'GetMessageClass'
2025-11-16 11:46:12,725 - PictionaryLive - ERROR - Error en detección de manos: module 'google.protobuf.message_factory' has no attribute 'GetMessageClass'
2025-11-16 11:46:12,776 - PictionaryLive - ERROR - Error en detección de manos: module 'google.protobuf.message_factory' has no attribute 'GetMessageClass'
2025-11-16 11:46:12,825 - PictionaryLive - ERROR - Error en detección de manos: module 'google.protobuf.message_factory' has no attribute 'GetMessageClass'
2025-11-16 11:46:12,871 - PictionaryLive - ERROR - Error en detección de manos: module 'google.protobuf.message_factory' has no attribute 'GetMessageClass'
2025-11-16 11:46:12,922 - PictionaryLive - ERROR - Error en detección de manos: module 'google.protobuf.message_factory' has no attribute 'GetMessageClass'
2025-11-16 11:46:12,978 - PictionaryLive - ERROR - Error en detección de manos: module 'google.protobuf.message_factory' has no attribute 'GetMessageClass'
2025-11-16 11:46:13,022 - PictionaryLive - ERROR - Error en detección de manos: module 'google.protobuf.message_factory' has no attribute 'GetMessageClass'
2025-11-16 11:46:13,079 - PictionaryLive - ERROR - Error en detección de manos: module 'google.protobuf.message_factory' has no attribute 'GetMessageClass'
2025-11-16 11:46:13,125 - PictionaryLive - ERROR - Error en detección de manos: module 'google.protobuf.message_factory' has no attribute 'GetMessageClass'
2025-11-16 11:46:13,175 - PictionaryLive - ERROR - Error en detección de manos: module 'google.protobuf.message_factory' has no attribute 'GetMessageClass'
2025-11-16 11:46:13,222 - PictionaryLive - ERROR - Error en detección de manos: module 'google.protobuf.message_factory' has no attribute 'GetMessageClass'
2025-11-16 11:46:13,277 - PictionaryLive - ERROR - Error en detección de manos: module 'google.protobuf.message_factory' has no attribute 'GetMessageClass'
2025-11-16 11:46:13,325 - PictionaryLive - ERROR - Error en detección de manos: module 'google.protobuf.message_factory' has no attribute 'GetMessageClass'
2025-11-16 11:46:13,373 - PictionaryLive - ERROR - Error en detección de manos: module 'google.protobuf.message_factory' has no attribute 'GetMessageClass'
2025-11-16 11:46:13,425 - PictionaryLive - ERROR - Error en detección de manos: module 'google.protobuf.message_factory' has no attribute 'GetMessageClass'
2025-11-16 11:46:13,475 - PictionaryLive - ERROR - Error en detección de manos: module 'google.protobuf.message_factory' has no attribute 'GetMessageClass'
2025-11-16 11:46:13,525 - PictionaryLive - ERROR - Error en detección de manos: module 'google.protobuf.message_factory' has no attribute 'GetMessageClass'
2025-11-16 11:46:13,575 - PictionaryLive - ERROR - Error en detección de manos: module 'google.protobuf.message_factory' has no attribute 'GetMessageClass'
2025-11-16 11:46:13,625 - PictionaryLive - ERROR - Error en detección de manos: module 'google.protobuf.message_factory' has no attribute 'GetMessageClass'
2025-11-16 11:46:13,674 - PictionaryLive - ERROR - Error en detección de manos: module 'google.protobuf.message_factory' has no attribute 'GetMessageClass'
2025-11-16 11:46:13,724 - PictionaryLive - ERROR - Error en detección de manos: module 'google.protobuf.message_factory' has no attribute 'GetMessageClass'
2025-11-16 11:46:13,775 - PictionaryLive - ERROR - Error en detección de manos: module 'google.protobuf.message_factory' has no attribute 'GetMessageClass'
2025-11-16 11:46:13,828 - PictionaryLive - ERROR - Error en detección de manos: module 'google.protobuf.message_factory' has no attribute 'GetMessageClass'
2025-11-16 11:46:13,875 - PictionaryLive - ERROR - Error en detección de manos: module 'google.protobuf.message_factory' has no attribute 'GetMessageClass'
2025-11-16 11:46:13,927 - PictionaryLive - ERROR - Error en detección de manos: module 'google.protobuf.message_factory' has no attribute 'GetMessageClass'
2025-11-16 11:46:13,974 - PictionaryLive - ERROR - Error en detección de manos: module 'google.protobuf.message_factory' has no attribute 'GetMessageClass'
2025-11-16 11:46:14,033 - PictionaryLive - ERROR - Error en detección de manos: module 'google.protobuf.message_factory' has no attribute 'GetMessageClass'
2025-11-16 11:46:14,088 - PictionaryLive - ERROR - Error en detección de manos: module 'google.protobuf.message_factory' has no attribute 'GetMessageClass'
2025-11-16 11:46:14,138 - PictionaryLive - ERROR - Error en detección de manos: module 'google.protobuf.message_factory' has no attribute 'GetMessageClass'
2025-11-16 11:46:14,188 - PictionaryLive - ERROR - Error en detección de manos: module 'google.protobuf.message_factory' has no attribute 'GetMessageClass'
2025-11-16 11:46:14,253 - PictionaryLive - ERROR - Error en detección de manos: module 'google.protobuf.message_factory' has no attribute 'GetMessageClass'
2025-11-16 11:46:14,305 - PictionaryLive - ERROR - Error en detección de manos: module 'google.protobuf.message_factory' has no attribute 'GetMessageClass'
2025-11-16 11:46:14,363 - PictionaryLive - ERROR - Error en detección de manos: module 'google.protobuf.message_factory' has no attribute 'GetMessageClass'
2025-11-16 11:46:14,410 - PictionaryLive - ERROR - Error en detección de manos: module 'google.protobuf.message_factory' has no attribute 'GetMessageClass'
2025-11-16 11:46:14,459 - PictionaryLive - ERROR - Error en detección de manos: module 'google.protobuf.message_factory' has no attribute 'GetMessageClass'
2025-11-16 11:46:14,510 - PictionaryLive - ERROR - Error en detección de manos: module 'google.protobuf.message_factory' has no attribute 'GetMessageClass'
2025-11-16 11:46:14,559 - PictionaryLive - ERROR - Error en detección de manos: module 'google.protobuf.message_factory' has no attribute 'GetMessageClass'
2025-11-16 11:46:14,609 - PictionaryLive - ERROR - Error en detección de manos: module 'google.protobuf.message_factory' has no attribute 'GetMessageClass'
2025-11-16 11:46:14,655 - PictionaryLive - ERROR - Error en detección de manos: module 'google.protobuf.message_factory' has no attribute 'GetMessageClass'
2025-11-16 11:46:14,708 - PictionaryLive - ERROR - Error en detección de manos: module 'google.protobuf.message_factory' has no attribute 'GetMessageClass'
2025-11-16 11:46:14,759 - PictionaryLive - ERROR - Error en detección de manos: module 'google.protobuf.message_factory' has no attribute 'GetMessageClass'
2025-11-16 11:46:14,812 - PictionaryLive - ERROR - Error en detección de manos: module 'google.protobuf.message_factory' has no attribute 'GetMessageClass'
2025-11-16 11:46:14,859 - PictionaryLive - ERROR - Error en detección de manos: module 'google.protobuf.message_factory' has no attribute 'GetMessageClass'
2025-11-16 11:46:14,905 - PictionaryLive - ERROR - Error en detección de manos: module 'google.protobuf.message_factory' has no attribute 'GetMessageClass'
2025-11-16 11:46:14,959 - PictionaryLive - ERROR - Error en detección de manos: module 'google.protobuf.message_factory' has no attribute 'GetMessageClass'
2025-11-16 11:46:15,010 - PictionaryLive - ERROR - Error en detección de manos: module 'google.protobuf.message_factory' has no attribute 'GetMessageClass'
2025-11-16 11:46:15,055 - PictionaryLive - ERROR - Error en detección de manos: module 'google.protobuf.message_factory' has no attribute 'GetMessageClass'
2025-11-16 11:46:15,109 - PictionaryLive - ERROR - Error en detección de manos: module 'google.protobuf.message_factory' has no attribute 'GetMessageClass'
2025-11-16 11:46:15,155 - PictionaryLive - ERROR - Error en detección de manos: module 'google.protobuf.message_factory' has no attribute 'GetMessageClass'
2025-11-16 11:46:15,210 - PictionaryLive - ERROR - Error en detección de manos: module 'google.protobuf.message_factory' has no attribute 'GetMessageClass'
2025-11-16 11:46:15,255 - PictionaryLive - ERROR - Error en detección de manos: module 'google.protobuf.message_factory' has no attribute 'GetMessageClass'
2025-11-16 11:46:15,309 - PictionaryLive - ERROR - Error en detección de manos: module 'google.protobuf.message_factory' has no attribute 'GetMessageClass'
2025-11-16 11:46:15,372 - PictionaryLive - ERROR - Error en detección de manos: module 'google.protobuf.message_factory' has no attribute 'GetMessageClass'
2025-11-16 11:46:15,411 - PictionaryLive - ERROR - Error en detección de manos: module 'google.protobuf.message_factory' has no attribute 'GetMessageClass'
2025-11-16 11:46:15,486 - PictionaryLive - INFO - No se detectó mano en este frame
2025-11-16 11:46:15,556 - PictionaryLive - INFO - No se detectó mano en este frame
2025-11-16 11:46:15,592 - PictionaryLive - INFO - No se detectó mano en este frame
2025-11-16 11:46:15,627 - PictionaryLive - INFO - No se detectó mano en este frame
2025-11-16 11:46:15,662 - PictionaryLive - INFO - No se detectó mano en este frame
2025-11-16 11:46:15,692 - PictionaryLive - INFO - No se detectó mano en este frame
2025-11-16 11:46:15,726 - PictionaryLive - INFO - No se detectó mano en este frame
2025-11-16 11:46:15,777 - PictionaryLive - INFO - No se detectó mano en este frame
2025-11-16 11:46:15,826 - PictionaryLive - INFO - No se detectó mano en este frame
2025-11-16 11:46:15,855 - PictionaryLive - INFO - No se detectó mano en este frame
2025-11-16 11:46:15,893 - PictionaryLive - INFO - No se detectó mano en este frame
2025-11-16 11:46:15,926 - PictionaryLive - INFO - No se detectó mano en este frame
2025-11-16 11:46:15,959 - PictionaryLive - INFO - No se detectó mano en este frame
2025-11-16 11:46:15,998 - PictionaryLive - INFO - No se detectó mano en este frame
2025-11-16 11:46:16,037 - PictionaryLive - INFO - No se detectó mano en este frame
2025-11-16 11:46:16,080 - PictionaryLive - INFO - No se detectó mano en este frame
2025-11-16 11:46:16,110 - PictionaryLive - INFO - No se detectó mano en este frame
2025-11-16 11:46:16,143 - PictionaryLive - INFO - No se detectó mano en este frame
2025-11-16 11:46:16,178 - PictionaryLive - INFO - No se detectó mano en este frame
2025-11-16 11:46:16,205 - PictionaryLive - INFO - No se detectó mano en este frame
2025-11-16 11:46:16,243 - PictionaryLive - INFO - No se detectó mano en este frame
2025-11-16 11:46:16,278 - PictionaryLive - INFO - No se detectó mano en este frame
2025-11-16 11:46:16,312 - PictionaryLive - INFO - No se detectó mano en este frame
2025-11-16 11:46:16,344 - PictionaryLive - INFO - No se detectó mano en este frame
2025-11-16 11:46:16,378 - PictionaryLive - INFO - No se detectó mano en este frame
2025-11-16 11:46:16,414 - PictionaryLive - INFO - No se detectó mano en este frame
2025-11-16 11:46:16,442 - PictionaryLive - INFO - No se detectó mano en este frame
2025-11-16 11:46:16,478 - PictionaryLive - INFO - No se detectó mano en este frame
2025-11-16 11:46:16,512 - PictionaryLive - INFO - No se detectó mano en este frame
2025-11-16 11:46:16,544 - PictionaryLive - INFO - No se detectó mano en este frame
2025-11-16 11:46:16,578 - PictionaryLive - INFO - No se detectó mano en este frame
2025-11-16 11:46:16,610 - PictionaryLive - INFO - No se detectó mano en este frame
2025-11-16 11:46:16,643 - PictionaryLive - INFO - No se detectó mano en este frame
2025-11-16 11:46:16,678 - PictionaryLive - INFO - No se detectó mano en este frame
2025-11-16 11:46:16,709 - PictionaryLive - INFO - No se detectó mano en este frame
2025-11-16 11:46:16,744 - PictionaryLive - INFO - No se detectó mano en este frame
2025-11-16 11:46:16,778 - PictionaryLive - INFO - No se detectó mano en este frame
2025-11-16 11:46:16,810 - PictionaryLive - INFO - No se detectó mano en este frame
2025-11-16 11:46:16,845 - PictionaryLive - INFO - No se detectó mano en este frame
2025-11-16 11:46:16,878 - PictionaryLive - INFO - No se detectó mano en este frame
2025-11-16 11:46:16,905 - PictionaryLive - INFO - No se detectó mano en este frame
2025-11-16 11:46:16,942 - PictionaryLive - INFO - No se detectó mano en este frame
2025-11-16 11:46:16,979 - PictionaryLive - INFO - No se detectó mano en este frame
2025-11-16 11:46:17,009 - PictionaryLive - INFO - No se detectó mano en este frame
2025-11-16 11:46:17,045 - PictionaryLive - INFO - No se detectó mano en este frame
2025-11-16 11:46:17,071 - PictionaryLive - INFO - No se detectó mano en este frame
2025-11-16 11:46:17,105 - PictionaryLive - INFO - No se detectó mano en este frame
2025-11-16 11:46:17,147 - PictionaryLive - INFO - No se detectó mano en este frame
2025-11-16 11:46:17,179 - PictionaryLive - INFO - No se detectó mano en este frame
2025-11-16 11:46:17,210 - PictionaryLive - INFO - No se detectó mano en este frame
2025-11-16 11:46:17,246 - PictionaryLive - INFO - No se detectó mano en este frame
2025-11-16 11:46:17,280 - PictionaryLive - INFO - No se detectó mano en este frame
2025-11-16 11:46:17,310 - PictionaryLive - INFO - No se detectó mano en este frame
2025-11-16 11:46:17,344 - PictionaryLive - INFO - No se detectó mano en este frame
2025-11-16 11:46:17,376 - PictionaryLive - INFO - No se detectó mano en este frame
2025-11-16 11:46:17,410 - PictionaryLive - INFO - No se detectó mano en este frame
2025-11-16 11:46:17,443 - PictionaryLive - INFO - No se detectó mano en este frame
2025-11-16 11:46:17,478 - PictionaryLive - INFO - No se detectó mano en este frame
2025-11-16 11:46:17,517 - PictionaryLive - INFO - No se detectó mano en este frame
2025-11-16 11:46:17,538 - PictionaryLive - INFO - No se detectó mano en este frame
2025-11-16 11:46:17,580 - PictionaryLive - INFO - No se detectó mano en este frame
2025-11-16 11:46:17,614 - PictionaryLive - INFO - No se detectó mano en este frame
2025-11-16 11:46:17,642 - PictionaryLive - INFO - No se detectó mano en este frame
2025-11-16 11:46:17,671 - PictionaryLive - INFO - No se detectó mano en este frame
2025-11-16 11:46:17,704 - PictionaryLive - INFO - No se detectó mano en este frame
2025-11-16 11:46:17,738 - PictionaryLive - INFO - No se detectó mano en este frame
2025-11-16 11:46:17,776 - PictionaryLive - INFO - No se detectó mano en este frame
2025-11-16 11:46:17,813 - PictionaryLive - INFO - No se detectó mano en este frame
2025-11-16 11:46:17,842 - PictionaryLive - INFO - No se detectó mano en este frame
2025-11-16 11:46:17,871 - PictionaryLive - INFO - No se detectó mano en este frame
2025-11-16 11:46:17,909 - PictionaryLive - INFO - No se detectó mano en este frame
2025-11-16 11:46:17,938 - PictionaryLive - INFO - No se detectó mano en este frame
2025-11-16 11:46:17,976 - PictionaryLive - INFO - No se detectó mano en este frame
2025-11-16 11:46:18,005 - PictionaryLive - INFO - No se detectó mano en este frame
2025-11-16 11:46:18,048 - PictionaryLive - INFO - No se detectó mano en este frame
2025-11-16 11:46:18,076 - PictionaryLive - INFO - No se detectó mano en este frame
2025-11-16 11:46:18,109 - PictionaryLive - INFO - No se detectó mano en este frame
2025-11-16 11:46:18,160 - PictionaryLive - INFO - No se detectó mano en este frame
2025-11-16 11:46:18,209 - PictionaryLive - INFO - No se detectó mano en este frame
2025-11-16 11:46:18,261 - PictionaryLive - ERROR - Error en detección de manos: module 'google.protobuf.message_factory' has no attribute 'GetMessageClass'
2025-11-16 11:46:18,305 - PictionaryLive - ERROR - Error en detección de manos: module 'google.protobuf.message_factory' has no attribute 'GetMessageClass'
2025-11-16 11:46:18,359 - PictionaryLive - ERROR - Error en detección de manos: module 'google.protobuf.message_factory' has no attribute 'GetMessageClass'
2025-11-16 11:46:18,405 - PictionaryLive - ERROR - Error en detección de manos: module 'google.protobuf.message_factory' has no attribute 'GetMessageClass'
2025-11-16 11:46:18,459 - PictionaryLive - ERROR - Error en detección de manos: module 'google.protobuf.message_factory' has no attribute 'GetMessageClass'
2025-11-16 11:46:18,509 - PictionaryLive - ERROR - Error en detección de manos: module 'google.protobuf.message_factory' has no attribute 'GetMessageClass'
2025-11-16 11:46:18,558 - PictionaryLive - ERROR - Error en detección de manos: module 'google.protobuf.message_factory' has no attribute 'GetMessageClass'
2025-11-16 11:46:18,605 - PictionaryLive - ERROR - Error en detección de manos: module 'google.protobuf.message_factory' has no attribute 'GetMessageClass'
2025-11-16 11:46:18,659 - PictionaryLive - ERROR - Error en detección de manos: module 'google.protobuf.message_factory' has no attribute 'GetMessageClass'
2025-11-16 11:46:18,711 - PictionaryLive - ERROR - Error en detección de manos: module 'google.protobuf.message_factory' has no attribute 'GetMessageClass'
2025-11-16 11:46:18,771 - PictionaryLive - ERROR - Error en detección de manos: module 'google.protobuf.message_factory' has no attribute 'GetMessageClass'
2025-11-16 11:46:18,835 - PictionaryLive - ERROR - Error en detección de manos: module 'google.protobuf.message_factory' has no attribute 'GetMessageClass'
2025-11-16 11:46:18,905 - PictionaryLive - ERROR - Error en detección de manos: module 'google.protobuf.message_factory' has no attribute 'GetMessageClass'
2025-11-16 11:46:18,970 - PictionaryLive - ERROR - Error en detección de manos: module 'google.protobuf.message_factory' has no attribute 'GetMessageClass'
2025-11-16 11:46:19,027 - PictionaryLive - ERROR - Error en detección de manos: module 'google.protobuf.message_factory' has no attribute 'GetMessageClass'
2025-11-16 11:46:19,075 - PictionaryLive - ERROR - Error en detección de manos: module 'google.protobuf.message_factory' has no attribute 'GetMessageClass'
2025-11-16 11:46:19,120 - PictionaryLive - ERROR - Error en detección de manos: module 'google.protobuf.message_factory' has no attribute 'GetMessageClass'
2025-11-16 11:46:19,171 - PictionaryLive - ERROR - Error en detección de manos: module 'google.protobuf.message_factory' has no attribute 'GetMessageClass'
2025-11-16 11:46:19,221 - PictionaryLive - ERROR - Error en detección de manos: module 'google.protobuf.message_factory' has no attribute 'GetMessageClass'
2025-11-16 11:46:19,286 - PictionaryLive - ERROR - Error en detección de manos: module 'google.protobuf.message_factory' has no attribute 'GetMessageClass'
2025-11-16 11:46:19,353 - PictionaryLive - ERROR - Error en detección de manos: module 'google.protobuf.message_factory' has no attribute 'GetMessageClass'
2025-11-16 11:46:19,405 - PictionaryLive - ERROR - Error en detección de manos: module 'google.protobuf.message_factory' has no attribute 'GetMessageClass'
2025-11-16 11:46:19,460 - PictionaryLive - ERROR - Error en detección de manos: module 'google.protobuf.message_factory' has no attribute 'GetMessageClass'
2025-11-16 11:46:19,509 - PictionaryLive - ERROR - Error en detección de manos: module 'google.protobuf.message_factory' has no attribute 'GetMessageClass'
2025-11-16 11:46:19,571 - PictionaryLive - ERROR - Error en detección de manos: module 'google.protobuf.message_factory' has no attribute 'GetMessageClass'
2025-11-16 11:46:19,621 - PictionaryLive - ERROR - Error en detección de manos: module 'google.protobuf.message_factory' has no attribute 'GetMessageClass'
2025-11-16 11:46:19,675 - PictionaryLive - ERROR - Error en detección de manos: module 'google.protobuf.message_factory' has no attribute 'GetMessageClass'
2025-11-16 11:46:19,722 - PictionaryLive - ERROR - Error en detección de manos: module 'google.protobuf.message_factory' has no attribute 'GetMessageClass'
2025-11-16 11:46:19,777 - PictionaryLive - ERROR - Error en detección de manos: module 'google.protobuf.message_factory' has no attribute 'GetMessageClass'
2025-11-16 11:46:19,825 - PictionaryLive - ERROR - Error en detección de manos: module 'google.protobuf.message_factory' has no attribute 'GetMessageClass'
2025-11-16 11:46:19,871 - PictionaryLive - ERROR - Error en detección de manos: module 'google.protobuf.message_factory' has no attribute 'GetMessageClass'
2025-11-16 11:46:19,925 - PictionaryLive - ERROR - Error en detección de manos: module 'google.protobuf.message_factory' has no attribute 'GetMessageClass'
2025-11-16 11:46:19,971 - PictionaryLive - ERROR - Error en detección de manos: module 'google.protobuf.message_factory' has no attribute 'GetMessageClass'
2025-11-16 11:46:20,025 - PictionaryLive - ERROR - Error en detección de manos: module 'google.protobuf.message_factory' has no attribute 'GetMessageClass'
2025-11-16 11:46:20,078 - PictionaryLive - ERROR - Error en detección de manos: module 'google.protobuf.message_factory' has no attribute 'GetMessageClass'
2025-11-16 11:46:20,122 - PictionaryLive - ERROR - Error en detección de manos: module 'google.protobuf.message_factory' has no attribute 'GetMessageClass'
2025-11-16 11:46:20,171 - PictionaryLive - ERROR - Error en detección de manos: module 'google.protobuf.message_factory' has no attribute 'GetMessageClass'
2025-11-16 11:46:20,227 - PictionaryLive - ERROR - Error en detección de manos: module 'google.protobuf.message_factory' has no attribute 'GetMessageClass'
2025-11-16 11:46:20,271 - PictionaryLive - ERROR - Error en detección de manos: module 'google.protobuf.message_factory' has no attribute 'GetMessageClass'
2025-11-16 11:46:20,324 - PictionaryLive - ERROR - Error en detección de manos: module 'google.protobuf.message_factory' has no attribute 'GetMessageClass'
2025-11-16 11:46:20,375 - PictionaryLive - ERROR - Error en detección de manos: module 'google.protobuf.message_factory' has no attribute 'GetMessageClass'
2025-11-16 11:46:20,426 - PictionaryLive - ERROR - Error en detección de manos: module 'google.protobuf.message_factory' has no attribute 'GetMessageClass'
2025-11-16 11:46:20,475 - PictionaryLive - ERROR - Error en detección de manos: module 'google.protobuf.message_factory' has no attribute 'GetMessageClass'
2025-11-16 11:46:20,529 - PictionaryLive - ERROR - Error en detección de manos: module 'google.protobuf.message_factory' has no attribute 'GetMessageClass'
2025-11-16 11:46:20,573 - PictionaryLive - ERROR - Error en detección de manos: module 'google.protobuf.message_factory' has no attribute 'GetMessageClass'
2025-11-16 11:46:20,622 - PictionaryLive - ERROR - Error en detección de manos: module 'google.protobuf.message_factory' has no attribute 'GetMessageClass'
2025-11-16 11:46:20,676 - PictionaryLive - ERROR - Error en detección de manos: module 'google.protobuf.message_factory' has no attribute 'GetMessageClass'
2025-11-16 11:46:20,725 - PictionaryLive - ERROR - Error en detección de manos: module 'google.protobuf.message_factory' has no attribute 'GetMessageClass'
2025-11-16 11:46:20,788 - PictionaryLive - ERROR - Error en detección de manos: module 'google.protobuf.message_factory' has no attribute 'GetMessageClass'
2025-11-16 11:46:20,843 - PictionaryLive - ERROR - Error en detección de manos: module 'google.protobuf.message_factory' has no attribute 'GetMessageClass'
2025-11-16 11:46:20,903 - PictionaryLive - ERROR - Error en detección de manos: module 'google.protobuf.message_factory' has no attribute 'GetMessageClass'
2025-11-16 11:46:20,970 - PictionaryLive - ERROR - Error en detección de manos: module 'google.protobuf.message_factory' has no attribute 'GetMessageClass'
2025-11-16 11:46:21,021 - PictionaryLive - ERROR - Error en detección de manos: module 'google.protobuf.message_factory' has no attribute 'GetMessageClass'
2025-11-16 11:46:21,074 - PictionaryLive - ERROR - Error en detección de manos: module 'google.protobuf.message_factory' has no attribute 'GetMessageClass'
2025-11-16 11:46:21,125 - PictionaryLive - ERROR - Error en detección de manos: module 'google.protobuf.message_factory' has no attribute 'GetMessageClass'
2025-11-16 11:46:21,176 - PictionaryLive - ERROR - Error en detección de manos: module 'google.protobuf.message_factory' has no attribute 'GetMessageClass'
2025-11-16 11:46:21,225 - PictionaryLive - ERROR - Error en detección de manos: module 'google.protobuf.message_factory' has no attribute 'GetMessageClass'
2025-11-16 11:46:21,275 - PictionaryLive - ERROR - Error en detección de manos: module 'google.protobuf.message_factory' has no attribute 'GetMessageClass'
2025-11-16 11:46:21,325 - PictionaryLive - ERROR - Error en detección de manos: module 'google.protobuf.message_factory' has no attribute 'GetMessageClass'
2025-11-16 11:46:21,378 - PictionaryLive - ERROR - Error en detección de manos: module 'google.protobuf.message_factory' has no attribute 'GetMessageClass'
2025-11-16 11:46:21,425 - PictionaryLive - ERROR - Error en detección de manos: module 'google.protobuf.message_factory' has no attribute 'GetMessageClass'
2025-11-16 11:46:21,476 - PictionaryLive - ERROR - Error en detección de manos: module 'google.protobuf.message_factory' has no attribute 'GetMessageClass'
2025-11-16 11:46:21,521 - PictionaryLive - ERROR - Error en detección de manos: module 'google.protobuf.message_factory' has no attribute 'GetMessageClass'
2025-11-16 11:46:21,577 - PictionaryLive - ERROR - Error en detección de manos: module 'google.protobuf.message_factory' has no attribute 'GetMessageClass'
2025-11-16 11:46:21,625 - PictionaryLive - ERROR - Error en detección de manos: module 'google.protobuf.message_factory' has no attribute 'GetMessageClass'
2025-11-16 11:46:21,675 - PictionaryLive - ERROR - Error en detección de manos: module 'google.protobuf.message_factory' has no attribute 'GetMessageClass'
2025-11-16 11:46:21,721 - PictionaryLive - INFO - No se detectó mano en este frame
2025-11-16 11:46:21,755 - PictionaryLive - INFO - No se detectó mano en este frame
2025-11-16 11:46:21,796 - PictionaryLive - INFO - No se detectó mano en este frame
2025-11-16 11:46:21,820 - PictionaryLive - INFO - No se detectó mano en este frame
2025-11-16 11:46:21,859 - PictionaryLive - INFO - No se detectó mano en este frame
2025-11-16 11:46:21,888 - PictionaryLive - INFO - No se detectó mano en este frame
2025-11-16 11:46:21,926 - PictionaryLive - INFO - No se detectó mano en este frame
2025-11-16 11:46:21,955 - PictionaryLive - INFO - No se detectó mano en este frame
2025-11-16 11:46:21,992 - PictionaryLive - INFO - No se detectó mano en este frame
2025-11-16 11:46:22,033 - PictionaryLive - INFO - No se detectó mano en este frame
2025-11-16 11:46:22,070 - PictionaryLive - INFO - No se detectó mano en este frame
2025-11-16 11:46:22,105 - PictionaryLive - INFO - No se detectó mano en este frame
2025-11-16 11:46:22,144 - PictionaryLive - INFO - No se detectó mano en este frame
2025-11-16 11:46:22,220 - PictionaryLive - INFO - No se detectó mano en este frame
2025-11-16 11:46:22,261 - PictionaryLive - INFO - No se detectó mano en este frame
2025-11-16 11:46:22,288 - PictionaryLive - INFO - No se detectó mano en este frame
2025-11-16 11:46:22,329 - PictionaryLive - INFO - No se detectó mano en este frame
2025-11-16 11:46:22,366 - PictionaryLive - INFO - No se detectó mano en este frame
2025-11-16 11:46:22,394 - PictionaryLive - INFO - No se detectó mano en este frame
2025-11-16 11:46:22,427 - PictionaryLive - INFO - No se detectó mano en este frame
2025-11-16 11:46:22,455 - PictionaryLive - INFO - No se detectó mano en este frame
2025-11-16 11:46:22,498 - PictionaryLive - INFO - No se detectó mano en este frame
2025-11-16 11:46:22,530 - PictionaryLive - INFO - No se detectó mano en este frame
2025-11-16 11:46:22,564 - PictionaryLive - INFO - No se detectó mano en este frame
2025-11-16 11:46:22,592 - PictionaryLive - INFO - No se detectó mano en este frame
2025-11-16 11:46:22,626 - PictionaryLive - INFO - No se detectó mano en este frame
2025-11-16 11:46:22,662 - PictionaryLive - INFO - No se detectó mano en este frame
2025-11-16 11:46:22,692 - PictionaryLive - INFO - No se detectó mano en este frame
2025-11-16 11:46:22,721 - PictionaryLive - INFO - No se detectó mano en este frame
2025-11-16 11:46:22,764 - PictionaryLive - INFO - No se detectó mano en este frame
2025-11-16 11:46:22,788 - PictionaryLive - INFO - No se detectó mano en este frame
2025-11-16 11:46:22,827 - PictionaryLive - INFO - No se detectó mano en este frame
2025-11-16 11:46:22,859 - PictionaryLive - INFO - No se detectó mano en este frame
2025-11-16 11:46:22,895 - PictionaryLive - INFO - No se detectó mano en este frame
2025-11-16 11:46:22,937 - PictionaryLive - INFO - Usuario cerró la ventana - saliendo
2025-11-16 11:46:23,215 - PictionaryLive - INFO - 
Aplicación cerrada
