2025-11-16 11:06:05,314 - PictionaryLive - INFO - ======================================================================
2025-11-16 11:06:05,314 - PictionaryLive - INFO - PICTIONARY LIVE - Inicializando
2025-11-16 11:06:05,315 - PictionaryLive - INFO - ======================================================================
2025-11-16 11:06:05,316 - PictionaryLive - INFO - MediaPipe Hands inicializado
2025-11-16 11:06:05,316 - PictionaryLive - INFO -   Thresholds: detection=0.2, tracking=0.2
2025-11-16 11:06:05,323 - PictionaryLive - INFO - Modelo info cargado: 228 clases
2025-11-16 11:06:05,324 - PictionaryLive - WARNING - Error al cargar sketch_classifier_model.keras: Keras cannot be imported. Check that it is installed.
2025-11-16 11:06:05,327 - PictionaryLive - WARNING - Error al cargar sketch_classifier_model.h5: maximum recursion depth exceeded
2025-11-16 11:06:05,327 - PictionaryLive - INFO - No se encontró modelo, usando predicciones demo
2025-11-16 11:06:05,327 - PictionaryLive - INFO - 
======================================================================
2025-11-16 11:06:05,328 - PictionaryLive - INFO - VALIDACIÓN DE SETUP
2025-11-16 11:06:05,328 - PictionaryLive - INFO - ======================================================================
2025-11-16 11:06:05,328 - PictionaryLive - INFO -   [OK] IA folder
2025-11-16 11:06:05,328 - PictionaryLive - INFO -   [OK] model_info.json
2025-11-16 11:06:05,328 - PictionaryLive - INFO -   [OK] Hand Detector
2025-11-16 11:06:05,328 - PictionaryLive - INFO -   [OK] Classifier
2025-11-16 11:06:12,218 - PictionaryLive - INFO -   [OK] Camara 0 (640x480)
2025-11-16 11:06:12,220 - PictionaryLive - INFO - ======================================================================

2025-11-16 11:06:12,220 - PictionaryLive - INFO - Aplicación inicializada correctamente
2025-11-16 11:06:35,702 - PictionaryLive - INFO - Cámara inicializada: 640x480 @ 30FPS
2025-11-16 11:06:35,702 - PictionaryLive - INFO - [VIVO] Iniciando captura. Presiona 'q' para salir, 's' para guardar.
2025-11-16 11:06:37,020 - PictionaryLive - INFO - No se detectó mano en este frame
2025-11-16 11:06:37,069 - PictionaryLive - INFO - No se detectó mano en este frame
2025-11-16 11:06:37,104 - PictionaryLive - INFO - No se detectó mano en este frame
2025-11-16 11:06:37,131 - PictionaryLive - INFO - No se detectó mano en este frame
2025-11-16 11:06:37,165 - PictionaryLive - INFO - No se detectó mano en este frame
2025-11-16 11:06:37,213 - PictionaryLive - INFO - No se detectó mano en este frame
2025-11-16 11:06:37,244 - PictionaryLive - INFO - No se detectó mano en este frame
2025-11-16 11:06:37,278 - PictionaryLive - INFO - No se detectó mano en este frame
2025-11-16 11:06:37,303 - PictionaryLive - INFO - No se detectó mano en este frame
2025-11-16 11:06:37,338 - PictionaryLive - INFO - No se detectó mano en este frame
2025-11-16 11:06:37,367 - PictionaryLive - INFO - No se detectó mano en este frame
2025-11-16 11:06:37,416 - PictionaryLive - INFO - No se detectó mano en este frame
2025-11-16 11:06:37,449 - PictionaryLive - INFO - No se detectó mano en este frame
2025-11-16 11:06:37,491 - PictionaryLive - INFO - No se detectó mano en este frame
2025-11-16 11:06:37,520 - PictionaryLive - INFO - No se detectó mano en este frame
2025-11-16 11:06:37,555 - PictionaryLive - INFO - No se detectó mano en este frame
2025-11-16 11:06:37,587 - PictionaryLive - INFO - No se detectó mano en este frame
2025-11-16 11:06:37,620 - PictionaryLive - INFO - No se detectó mano en este frame
2025-11-16 11:06:37,650 - PictionaryLive - INFO - No se detectó mano en este frame
2025-11-16 11:06:37,692 - PictionaryLive - INFO - No se detectó mano en este frame
2025-11-16 11:06:37,727 - PictionaryLive - INFO - No se detectó mano en este frame
2025-11-16 11:06:37,757 - PictionaryLive - INFO - No se detectó mano en este frame
2025-11-16 11:06:37,787 - PictionaryLive - INFO - No se detectó mano en este frame
2025-11-16 11:06:37,821 - PictionaryLive - INFO - No se detectó mano en este frame
2025-11-16 11:06:37,849 - PictionaryLive - INFO - No se detectó mano en este frame
2025-11-16 11:06:37,901 - PictionaryLive - INFO - No se detectó mano en este frame
2025-11-16 11:06:37,938 - PictionaryLive - INFO - No se detectó mano en este frame
2025-11-16 11:06:37,966 - PictionaryLive - INFO - No se detectó mano en este frame
2025-11-16 11:06:37,995 - PictionaryLive - INFO - No se detectó mano en este frame
2025-11-16 11:06:38,028 - PictionaryLive - INFO - No se detectó mano en este frame
2025-11-16 11:06:38,057 - PictionaryLive - INFO - No se detectó mano en este frame
2025-11-16 11:06:38,091 - PictionaryLive - INFO - No se detectó mano en este frame
2025-11-16 11:06:38,129 - PictionaryLive - INFO - No se detectó mano en este frame
2025-11-16 11:06:38,159 - PictionaryLive - INFO - No se detectó mano en este frame
2025-11-16 11:06:38,193 - PictionaryLive - INFO - No se detectó mano en este frame
2025-11-16 11:06:38,222 - PictionaryLive - INFO - No se detectó mano en este frame
2025-11-16 11:06:38,254 - PictionaryLive - INFO - No se detectó mano en este frame
2025-11-16 11:06:38,282 - PictionaryLive - INFO - No se detectó mano en este frame
2025-11-16 11:06:38,315 - PictionaryLive - INFO - No se detectó mano en este frame
2025-11-16 11:06:38,354 - PictionaryLive - INFO - No se detectó mano en este frame
2025-11-16 11:06:38,383 - PictionaryLive - INFO - No se detectó mano en este frame
2025-11-16 11:06:38,416 - PictionaryLive - INFO - No se detectó mano en este frame
2025-11-16 11:06:38,450 - PictionaryLive - INFO - No se detectó mano en este frame
2025-11-16 11:06:38,492 - PictionaryLive - INFO - No se detectó mano en este frame
2025-11-16 11:06:38,522 - PictionaryLive - INFO - No se detectó mano en este frame
2025-11-16 11:06:38,555 - PictionaryLive - INFO - No se detectó mano en este frame
2025-11-16 11:06:38,583 - PictionaryLive - INFO - No se detectó mano en este frame
2025-11-16 11:06:38,617 - PictionaryLive - INFO - No se detectó mano en este frame
2025-11-16 11:06:38,656 - PictionaryLive - INFO - No se detectó mano en este frame
2025-11-16 11:06:38,687 - PictionaryLive - INFO - No se detectó mano en este frame
2025-11-16 11:06:38,716 - PictionaryLive - INFO - No se detectó mano en este frame
2025-11-16 11:06:38,749 - PictionaryLive - INFO - No se detectó mano en este frame
2025-11-16 11:06:38,789 - PictionaryLive - INFO - No se detectó mano en este frame
2025-11-16 11:06:38,820 - PictionaryLive - INFO - No se detectó mano en este frame
2025-11-16 11:06:38,857 - PictionaryLive - INFO - No se detectó mano en este frame
2025-11-16 11:06:38,883 - PictionaryLive - INFO - No se detectó mano en este frame
2025-11-16 11:06:38,925 - PictionaryLive - INFO - No se detectó mano en este frame
2025-11-16 11:06:38,955 - PictionaryLive - INFO - No se detectó mano en este frame
2025-11-16 11:06:38,987 - PictionaryLive - INFO - No se detectó mano en este frame
2025-11-16 11:06:39,020 - PictionaryLive - INFO - No se detectó mano en este frame
2025-11-16 11:06:39,050 - PictionaryLive - INFO - No se detectó mano en este frame
2025-11-16 11:06:39,081 - PictionaryLive - INFO - No se detectó mano en este frame
2025-11-16 11:06:39,134 - PictionaryLive - INFO - No se detectó mano en este frame
2025-11-16 11:06:39,174 - PictionaryLive - INFO - No se detectó mano en este frame
2025-11-16 11:06:39,207 - PictionaryLive - INFO - No se detectó mano en este frame
2025-11-16 11:06:39,239 - PictionaryLive - INFO - No se detectó mano en este frame
2025-11-16 11:06:39,266 - PictionaryLive - INFO - No se detectó mano en este frame
2025-11-16 11:06:39,305 - PictionaryLive - INFO - No se detectó mano en este frame
2025-11-16 11:06:39,333 - PictionaryLive - INFO - No se detectó mano en este frame
2025-11-16 11:06:39,366 - PictionaryLive - INFO - No se detectó mano en este frame
2025-11-16 11:06:39,405 - PictionaryLive - INFO - No se detectó mano en este frame
2025-11-16 11:06:39,440 - PictionaryLive - INFO - No se detectó mano en este frame
2025-11-16 11:06:39,473 - PictionaryLive - INFO - No se detectó mano en este frame
2025-11-16 11:06:39,504 - PictionaryLive - INFO - No se detectó mano en este frame
2025-11-16 11:06:39,532 - PictionaryLive - INFO - No se detectó mano en este frame
2025-11-16 11:06:39,562 - PictionaryLive - INFO - No se detectó mano en este frame
2025-11-16 11:06:39,594 - PictionaryLive - INFO - No se detectó mano en este frame
2025-11-16 11:06:39,625 - PictionaryLive - INFO - No se detectó mano en este frame
2025-11-16 11:06:39,665 - PictionaryLive - INFO - No se detectó mano en este frame
2025-11-16 11:06:39,707 - PictionaryLive - INFO - No se detectó mano en este frame
2025-11-16 11:06:39,741 - PictionaryLive - INFO - No se detectó mano en este frame
2025-11-16 11:06:39,772 - PictionaryLive - INFO - No se detectó mano en este frame
2025-11-16 11:06:39,806 - PictionaryLive - INFO - No se detectó mano en este frame
2025-11-16 11:06:39,833 - PictionaryLive - INFO - No se detectó mano en este frame
2025-11-16 11:06:39,876 - PictionaryLive - INFO - No se detectó mano en este frame
2025-11-16 11:06:39,912 - PictionaryLive - INFO - No se detectó mano en este frame
2025-11-16 11:06:39,944 - PictionaryLive - INFO - No se detectó mano en este frame
2025-11-16 11:06:39,978 - PictionaryLive - INFO - No se detectó mano en este frame
2025-11-16 11:06:40,011 - PictionaryLive - INFO - No se detectó mano en este frame
2025-11-16 11:06:40,044 - PictionaryLive - INFO - No se detectó mano en este frame
2025-11-16 11:06:40,089 - PictionaryLive - INFO - No se detectó mano en este frame
2025-11-16 11:06:40,120 - PictionaryLive - INFO - No se detectó mano en este frame
2025-11-16 11:06:40,150 - PictionaryLive - INFO - No se detectó mano en este frame
2025-11-16 11:06:40,184 - PictionaryLive - INFO - No se detectó mano en este frame
2025-11-16 11:06:40,214 - PictionaryLive - INFO - No se detectó mano en este frame
2025-11-16 11:06:40,241 - PictionaryLive - INFO - No se detectó mano en este frame
2025-11-16 11:06:40,277 - PictionaryLive - INFO - No se detectó mano en este frame
2025-11-16 11:06:40,312 - PictionaryLive - INFO - No se detectó mano en este frame
2025-11-16 11:06:40,357 - PictionaryLive - INFO - No se detectó mano en este frame
2025-11-16 11:06:40,388 - PictionaryLive - INFO - No se detectó mano en este frame
2025-11-16 11:06:40,419 - PictionaryLive - INFO - No se detectó mano en este frame
2025-11-16 11:06:40,445 - PictionaryLive - INFO - No se detectó mano en este frame
2025-11-16 11:06:40,479 - PictionaryLive - INFO - No se detectó mano en este frame
2025-11-16 11:06:40,509 - PictionaryLive - INFO - No se detectó mano en este frame
2025-11-16 11:06:40,544 - PictionaryLive - INFO - No se detectó mano en este frame
2025-11-16 11:06:40,575 - PictionaryLive - INFO - No se detectó mano en este frame
2025-11-16 11:06:40,608 - PictionaryLive - INFO - No se detectó mano en este frame
2025-11-16 11:06:40,652 - PictionaryLive - INFO - No se detectó mano en este frame
2025-11-16 11:06:40,682 - PictionaryLive - INFO - No se detectó mano en este frame
2025-11-16 11:06:40,712 - PictionaryLive - INFO - No se detectó mano en este frame
2025-11-16 11:06:40,743 - PictionaryLive - INFO - No se detectó mano en este frame
2025-11-16 11:06:40,776 - PictionaryLive - INFO - No se detectó mano en este frame
2025-11-16 11:06:40,813 - PictionaryLive - INFO - No se detectó mano en este frame
2025-11-16 11:06:40,859 - PictionaryLive - INFO - No se detectó mano en este frame
2025-11-16 11:06:40,898 - PictionaryLive - INFO - No se detectó mano en este frame
2025-11-16 11:06:40,932 - PictionaryLive - INFO - No se detectó mano en este frame
2025-11-16 11:06:40,968 - PictionaryLive - INFO - No se detectó mano en este frame
2025-11-16 11:06:41,005 - PictionaryLive - INFO - No se detectó mano en este frame
2025-11-16 11:06:41,033 - PictionaryLive - INFO - No se detectó mano en este frame
2025-11-16 11:06:41,071 - PictionaryLive - INFO - No se detectó mano en este frame
2025-11-16 11:06:41,104 - PictionaryLive - INFO - No se detectó mano en este frame
2025-11-16 11:06:41,138 - PictionaryLive - INFO - No se detectó mano en este frame
2025-11-16 11:06:41,166 - PictionaryLive - INFO - No se detectó mano en este frame
2025-11-16 11:06:41,205 - PictionaryLive - INFO - No se detectó mano en este frame
2025-11-16 11:06:41,233 - PictionaryLive - INFO - No se detectó mano en este frame
2025-11-16 11:06:41,271 - PictionaryLive - INFO - No se detectó mano en este frame
2025-11-16 11:06:41,300 - PictionaryLive - INFO - No se detectó mano en este frame
2025-11-16 11:06:41,338 - PictionaryLive - INFO - No se detectó mano en este frame
2025-11-16 11:06:41,382 - PictionaryLive - INFO - No se detectó mano en este frame
2025-11-16 11:06:41,415 - PictionaryLive - INFO - No se detectó mano en este frame
2025-11-16 11:06:41,466 - PictionaryLive - INFO - No se detectó mano en este frame
2025-11-16 11:06:41,536 - PictionaryLive - INFO - No se detectó mano en este frame
2025-11-16 11:06:41,565 - PictionaryLive - INFO - No se detectó mano en este frame
2025-11-16 11:06:41,599 - PictionaryLive - INFO - No se detectó mano en este frame
2025-11-16 11:06:41,636 - PictionaryLive - INFO - No se detectó mano en este frame
2025-11-16 11:06:41,666 - PictionaryLive - INFO - No se detectó mano en este frame
2025-11-16 11:06:41,705 - PictionaryLive - INFO - No se detectó mano en este frame
2025-11-16 11:06:41,732 - PictionaryLive - INFO - No se detectó mano en este frame
2025-11-16 11:06:41,771 - PictionaryLive - INFO - No se detectó mano en este frame
2025-11-16 11:06:41,800 - PictionaryLive - INFO - No se detectó mano en este frame
2025-11-16 11:06:41,838 - PictionaryLive - INFO - No se detectó mano en este frame
2025-11-16 11:06:41,866 - PictionaryLive - INFO - No se detectó mano en este frame
2025-11-16 11:06:41,904 - PictionaryLive - INFO - No se detectó mano en este frame
2025-11-16 11:06:41,933 - PictionaryLive - INFO - No se detectó mano en este frame
2025-11-16 11:06:41,972 - PictionaryLive - INFO - No se detectó mano en este frame
2025-11-16 11:06:41,999 - PictionaryLive - INFO - No se detectó mano en este frame
2025-11-16 11:06:42,038 - PictionaryLive - INFO - No se detectó mano en este frame
2025-11-16 11:06:42,066 - PictionaryLive - INFO - No se detectó mano en este frame
2025-11-16 11:06:42,104 - PictionaryLive - INFO - No se detectó mano en este frame
2025-11-16 11:06:42,142 - PictionaryLive - INFO - No se detectó mano en este frame
2025-11-16 11:06:42,171 - PictionaryLive - INFO - No se detectó mano en este frame
2025-11-16 11:06:42,204 - PictionaryLive - INFO - No se detectó mano en este frame
2025-11-16 11:06:42,238 - PictionaryLive - INFO - No se detectó mano en este frame
2025-11-16 11:06:42,272 - PictionaryLive - INFO - No se detectó mano en este frame
2025-11-16 11:06:42,305 - PictionaryLive - INFO - No se detectó mano en este frame
2025-11-16 11:06:42,338 - PictionaryLive - INFO - No se detectó mano en este frame
2025-11-16 11:06:42,371 - PictionaryLive - INFO - No se detectó mano en este frame
2025-11-16 11:06:42,405 - PictionaryLive - INFO - No se detectó mano en este frame
2025-11-16 11:06:42,512 - PictionaryLive - INFO - Usuario cerró la ventana - saliendo
2025-11-16 11:06:42,762 - PictionaryLive - INFO - 
Aplicación cerrada
