2025-11-16 11:54:54,120 - PictionaryLive - INFO - ======================================================================
2025-11-16 11:54:54,120 - PictionaryLive - INFO - PICTIONARY LIVE - Inicializando
2025-11-16 11:54:54,120 - PictionaryLive - INFO - ======================================================================
2025-11-16 11:54:54,137 - PictionaryLive - INFO - MediaPipe Hands inicializado
2025-11-16 11:54:54,137 - PictionaryLive - INFO -   Thresholds: detection=0.2, tracking=0.2
2025-11-16 11:54:54,139 - PictionaryLive - INFO - Modelo info cargado: 3 clases
2025-11-16 11:54:54,140 - PictionaryLive - INFO - No se encontró modelo, usando predicciones demo
2025-11-16 11:54:54,140 - PictionaryLive - INFO - 
======================================================================
2025-11-16 11:54:54,140 - PictionaryLive - INFO - VALIDACIÓN DE SETUP
2025-11-16 11:54:54,140 - PictionaryLive - INFO - ======================================================================
2025-11-16 11:54:54,140 - PictionaryLive - INFO -   [OK] IA folder
2025-11-16 11:54:54,140 - PictionaryLive - INFO -   [OK] model_info.json
2025-11-16 11:54:54,140 - PictionaryLive - INFO -   [OK] Hand Detector
2025-11-16 11:54:54,140 - PictionaryLive - INFO -   [OK] Classifier
2025-11-16 11:54:54,140 - PictionaryLive - WARNING -   [FAIL] Camara 0
2025-11-16 11:54:54,157 - PictionaryLive - INFO - ======================================================================
2025-11-16 11:54:54,157 - PictionaryLive - INFO - PICTIONARY LIVE - Inicializando
2025-11-16 11:54:54,157 - PictionaryLive - INFO - ======================================================================
2025-11-16 11:54:54,159 - PictionaryLive - INFO - MediaPipe Hands inicializado
2025-11-16 11:54:54,159 - PictionaryLive - INFO -   Thresholds: detection=0.2, tracking=0.2
2025-11-16 11:54:54,159 - PictionaryLive - INFO - Modelo info cargado: 3 clases
2025-11-16 11:54:54,159 - PictionaryLive - INFO - No se encontró modelo, usando predicciones demo
2025-11-16 11:54:54,159 - PictionaryLive - INFO - 
======================================================================
2025-11-16 11:54:54,159 - PictionaryLive - INFO - VALIDACIÓN DE SETUP
2025-11-16 11:54:54,159 - PictionaryLive - INFO - ======================================================================
2025-11-16 11:54:54,159 - PictionaryLive - INFO -   [OK] IA folder
2025-11-16 11:54:54,159 - PictionaryLive - INFO -   [OK] model_info.json
2025-11-16 11:54:54,159 - PictionaryLive - INFO -   [OK] Hand Detector
2025-11-16 11:54:54,159 - PictionaryLive - INFO -   [OK] Classifier
2025-11-16 11:54:54,159 - PictionaryLive - INFO - ======================================================================

2025-11-16 11:54:54,159 - PictionaryLive - INFO - Aplicación inicializada correctamente
2025-11-16 11:54:54,159 - PictionaryLive - INFO - 
[DRY RUN] Informacion del modelo:
2025-11-16 11:54:54,159 - PictionaryLive - INFO -   Input shape: (28, 28, 1)
2025-11-16 11:54:54,159 - PictionaryLive - INFO -   Total de clases: 3
2025-11-16 11:54:54,159 - PictionaryLive - INFO -   Primeras 10 clases: ['apple', 'banana', 'car']
2025-11-16 11:54:54,159 - PictionaryLive - INFO - [DRY RUN] Setup validado correctamente - Listo para usar

2025-11-16 11:54:54,177 - PictionaryLive - INFO - ======================================================================
2025-11-16 11:54:54,177 - PictionaryLive - INFO - PICTIONARY LIVE - Inicializando
2025-11-16 11:54:54,177 - PictionaryLive - INFO - ======================================================================
2025-11-16 11:54:54,186 - PictionaryLive - INFO - MediaPipe Hands inicializado
2025-11-16 11:54:54,186 - PictionaryLive - INFO -   Thresholds: detection=0.2, tracking=0.2
2025-11-16 11:54:54,188 - PictionaryLive - INFO - Modelo info cargado: 3 clases
2025-11-16 11:54:54,188 - PictionaryLive - INFO - No se encontró modelo, usando predicciones demo
2025-11-16 11:54:54,188 - PictionaryLive - INFO - 
======================================================================
2025-11-16 11:54:54,188 - PictionaryLive - INFO - VALIDACIÓN DE SETUP
2025-11-16 11:54:54,189 - PictionaryLive - INFO - ======================================================================
2025-11-16 11:54:54,189 - PictionaryLive - INFO -   [OK] IA folder
2025-11-16 11:54:54,189 - PictionaryLive - INFO -   [OK] model_info.json
2025-11-16 11:54:54,189 - PictionaryLive - INFO -   [OK] Hand Detector
2025-11-16 11:54:54,189 - PictionaryLive - INFO -   [OK] Classifier
2025-11-16 11:54:54,190 - PictionaryLive - ERROR -   [FAIL] Error al validar camara: int() argument must be a string, a bytes-like object or a real number, not 'Mock'
2025-11-16 11:54:54,219 - PictionaryLive - INFO - ======================================================================
2025-11-16 11:54:54,219 - PictionaryLive - INFO - PICTIONARY LIVE - Inicializando
2025-11-16 11:54:54,219 - PictionaryLive - INFO - ======================================================================
2025-11-16 11:54:54,230 - PictionaryLive - INFO - MediaPipe Hands inicializado
2025-11-16 11:54:54,230 - PictionaryLive - INFO -   Thresholds: detection=0.2, tracking=0.2
2025-11-16 11:54:54,233 - PictionaryLive - INFO - Modelo info cargado: 3 clases
2025-11-16 11:54:54,233 - PictionaryLive - INFO - No se encontró modelo, usando predicciones demo
2025-11-16 11:54:54,233 - PictionaryLive - INFO - 
======================================================================
2025-11-16 11:54:54,233 - PictionaryLive - INFO - VALIDACIÓN DE SETUP
2025-11-16 11:54:54,233 - PictionaryLive - INFO - ======================================================================
2025-11-16 11:54:54,236 - PictionaryLive - INFO -   [OK] IA folder
2025-11-16 11:54:54,236 - PictionaryLive - INFO -   [OK] model_info.json
2025-11-16 11:54:54,236 - PictionaryLive - INFO -   [OK] Hand Detector
2025-11-16 11:54:54,236 - PictionaryLive - INFO -   [OK] Classifier
2025-11-16 11:54:54,237 - PictionaryLive - INFO -   [OK] Camara 0 (640x480)
2025-11-16 11:54:54,237 - PictionaryLive - INFO - ======================================================================

2025-11-16 11:54:54,237 - PictionaryLive - INFO - Aplicación inicializada correctamente
2025-11-16 11:54:54,237 - PictionaryLive - ERROR - Error al inicializar cámara: 
2025-11-16 11:54:54,254 - PictionaryLive - INFO - ======================================================================
2025-11-16 11:54:54,255 - PictionaryLive - INFO - PICTIONARY LIVE - Inicializando
2025-11-16 11:54:54,255 - PictionaryLive - INFO - ======================================================================
2025-11-16 11:54:54,263 - PictionaryLive - INFO - MediaPipe Hands inicializado
2025-11-16 11:54:54,264 - PictionaryLive - INFO -   Thresholds: detection=0.2, tracking=0.2
2025-11-16 11:54:54,264 - PictionaryLive - INFO - Modelo info cargado: 3 clases
2025-11-16 11:54:54,264 - PictionaryLive - INFO - No se encontró modelo, usando predicciones demo
2025-11-16 11:54:54,264 - PictionaryLive - INFO - 
======================================================================
2025-11-16 11:54:54,264 - PictionaryLive - INFO - VALIDACIÓN DE SETUP
2025-11-16 11:54:54,264 - PictionaryLive - INFO - ======================================================================
2025-11-16 11:54:54,264 - PictionaryLive - INFO -   [OK] IA folder
2025-11-16 11:54:54,264 - PictionaryLive - INFO -   [OK] model_info.json
2025-11-16 11:54:54,264 - PictionaryLive - INFO -   [OK] Hand Detector
2025-11-16 11:54:54,264 - PictionaryLive - INFO -   [OK] Classifier
2025-11-16 11:54:54,264 - PictionaryLive - WARNING -   [FAIL] Camara 0
2025-11-16 11:54:54,287 - PictionaryLive - INFO - ======================================================================
2025-11-16 11:54:54,288 - PictionaryLive - INFO - PICTIONARY LIVE - Inicializando
2025-11-16 11:54:54,288 - PictionaryLive - INFO - ======================================================================
2025-11-16 11:54:54,288 - PictionaryLive - INFO - MediaPipe Hands inicializado
2025-11-16 11:54:54,288 - PictionaryLive - INFO -   Thresholds: detection=0.2, tracking=0.2
2025-11-16 11:54:54,288 - PictionaryLive - INFO - Modelo info cargado: 3 clases
2025-11-16 11:54:54,288 - PictionaryLive - INFO - No se encontró modelo, usando predicciones demo
2025-11-16 11:54:54,288 - PictionaryLive - INFO - 
======================================================================
2025-11-16 11:54:54,288 - PictionaryLive - INFO - VALIDACIÓN DE SETUP
2025-11-16 11:54:54,288 - PictionaryLive - INFO - ======================================================================
2025-11-16 11:54:54,288 - PictionaryLive - INFO -   [OK] IA folder
2025-11-16 11:54:54,288 - PictionaryLive - INFO -   [OK] model_info.json
2025-11-16 11:54:54,288 - PictionaryLive - INFO -   [OK] Hand Detector
2025-11-16 11:54:54,288 - PictionaryLive - INFO -   [OK] Classifier
2025-11-16 11:55:02,103 - PictionaryLive - INFO -   [OK] Camara 0 (640x480)
2025-11-16 11:55:02,109 - PictionaryLive - INFO - ======================================================================

2025-11-16 11:55:02,109 - PictionaryLive - INFO - Aplicación inicializada correctamente
2025-11-16 11:55:02,109 - PictionaryLive - INFO - [OK] Captura guardada: frame_20251116_115502.png
