2025-11-16 11:26:37,817 - PictionaryLive - INFO - ======================================================================
2025-11-16 11:26:37,817 - PictionaryLive - INFO - PICTIONARY LIVE - Inicializando
2025-11-16 11:26:37,817 - PictionaryLive - INFO - ======================================================================
2025-11-16 11:26:37,823 - PictionaryLive - INFO - MediaPipe Hands inicializado
2025-11-16 11:26:37,823 - PictionaryLive - INFO -   Thresholds: detection=0.2, tracking=0.2
2025-11-16 11:26:37,826 - PictionaryLive - INFO - Modelo info cargado: 228 clases
2025-11-16 11:26:37,826 - PictionaryLive - INFO - 
======================================================================
2025-11-16 11:26:37,826 - PictionaryLive - INFO - VALIDACIÓN DE SETUP
2025-11-16 11:26:37,827 - PictionaryLive - INFO - ======================================================================
2025-11-16 11:26:37,827 - PictionaryLive - INFO -   [OK] IA folder
2025-11-16 11:26:37,827 - PictionaryLive - INFO -   [OK] model_info.json
2025-11-16 11:26:37,828 - PictionaryLive - INFO -   [OK] Hand Detector
2025-11-16 11:26:37,828 - PictionaryLive - INFO -   [OK] Classifier
2025-11-16 11:26:44,089 - PictionaryLive - INFO -   [OK] Camara 0 (640x480)
2025-11-16 11:26:44,105 - PictionaryLive - INFO - ======================================================================

2025-11-16 11:26:44,105 - PictionaryLive - INFO - Aplicación inicializada correctamente
2025-11-16 11:27:06,697 - PictionaryLive - INFO - Cámara inicializada: 640x480 @ 30FPS
2025-11-16 11:27:06,697 - PictionaryLive - INFO - [VIVO] Iniciando captura. Presiona 'q' para salir, 's' para guardar.
2025-11-16 11:27:08,000 - PictionaryLive - INFO - No se detectó mano en este frame
2025-11-16 11:27:08,067 - PictionaryLive - INFO - No se detectó mano en este frame
2025-11-16 11:27:08,105 - PictionaryLive - INFO - No se detectó mano en este frame
2025-11-16 11:27:08,138 - PictionaryLive - INFO - No se detectó mano en este frame
2025-11-16 11:27:08,172 - PictionaryLive - INFO - No se detectó mano en este frame
2025-11-16 11:27:08,206 - PictionaryLive - INFO - No se detectó mano en este frame
2025-11-16 11:27:08,239 - PictionaryLive - INFO - No se detectó mano en este frame
2025-11-16 11:27:08,284 - PictionaryLive - INFO - No se detectó mano en este frame
2025-11-16 11:27:08,338 - PictionaryLive - INFO - No se detectó mano en este frame
2025-11-16 11:27:08,372 - PictionaryLive - INFO - No se detectó mano en este frame
2025-11-16 11:27:08,407 - PictionaryLive - INFO - No se detectó mano en este frame
2025-11-16 11:27:08,434 - PictionaryLive - INFO - No se detectó mano en este frame
2025-11-16 11:27:08,468 - PictionaryLive - INFO - No se detectó mano en este frame
2025-11-16 11:27:08,506 - PictionaryLive - INFO - No se detectó mano en este frame
2025-11-16 11:27:08,535 - PictionaryLive - INFO - No se detectó mano en este frame
2025-11-16 11:27:08,574 - PictionaryLive - INFO - No se detectó mano en este frame
2025-11-16 11:27:08,605 - PictionaryLive - INFO - No se detectó mano en este frame
2025-11-16 11:27:08,641 - PictionaryLive - INFO - No se detectó mano en este frame
2025-11-16 11:27:08,671 - PictionaryLive - INFO - No se detectó mano en este frame
2025-11-16 11:27:08,707 - PictionaryLive - INFO - No se detectó mano en este frame
2025-11-16 11:27:08,738 - PictionaryLive - INFO - No se detectó mano en este frame
2025-11-16 11:27:08,771 - PictionaryLive - INFO - No se detectó mano en este frame
2025-11-16 11:27:08,807 - PictionaryLive - INFO - No se detectó mano en este frame
2025-11-16 11:27:08,850 - PictionaryLive - INFO - No se detectó mano en este frame
2025-11-16 11:27:08,884 - PictionaryLive - INFO - No se detectó mano en este frame
2025-11-16 11:27:08,966 - PictionaryLive - INFO - No se detectó mano en este frame
2025-11-16 11:27:09,000 - PictionaryLive - INFO - No se detectó mano en este frame
2025-11-16 11:27:09,035 - PictionaryLive - INFO - No se detectó mano en este frame
2025-11-16 11:27:09,074 - PictionaryLive - INFO - No se detectó mano en este frame
2025-11-16 11:27:09,106 - PictionaryLive - INFO - No se detectó mano en este frame
2025-11-16 11:27:09,138 - PictionaryLive - INFO - No se detectó mano en este frame
2025-11-16 11:27:09,175 - PictionaryLive - INFO - No se detectó mano en este frame
2025-11-16 11:27:09,201 - PictionaryLive - INFO - No se detectó mano en este frame
2025-11-16 11:27:09,240 - PictionaryLive - INFO - No se detectó mano en este frame
2025-11-16 11:27:09,274 - PictionaryLive - INFO - No se detectó mano en este frame
2025-11-16 11:27:09,301 - PictionaryLive - INFO - No se detectó mano en este frame
2025-11-16 11:27:09,339 - PictionaryLive - INFO - No se detectó mano en este frame
2025-11-16 11:27:09,373 - PictionaryLive - INFO - No se detectó mano en este frame
2025-11-16 11:27:09,408 - PictionaryLive - INFO - No se detectó mano en este frame
2025-11-16 11:27:09,438 - PictionaryLive - INFO - No se detectó mano en este frame
2025-11-16 11:27:09,473 - PictionaryLive - INFO - No se detectó mano en este frame
2025-11-16 11:27:09,510 - PictionaryLive - INFO - No se detectó mano en este frame
2025-11-16 11:27:09,538 - PictionaryLive - INFO - No se detectó mano en este frame
2025-11-16 11:27:09,573 - PictionaryLive - INFO - No se detectó mano en este frame
2025-11-16 11:27:09,605 - PictionaryLive - INFO - No se detectó mano en este frame
2025-11-16 11:27:09,638 - PictionaryLive - INFO - No se detectó mano en este frame
2025-11-16 11:27:09,671 - PictionaryLive - INFO - No se detectó mano en este frame
2025-11-16 11:27:09,719 - PictionaryLive - INFO - No se detectó mano en este frame
2025-11-16 11:27:09,751 - PictionaryLive - INFO - No se detectó mano en este frame
2025-11-16 11:27:09,784 - PictionaryLive - INFO - No se detectó mano en este frame
2025-11-16 11:27:09,818 - PictionaryLive - INFO - No se detectó mano en este frame
2025-11-16 11:27:09,851 - PictionaryLive - INFO - No se detectó mano en este frame
2025-11-16 11:27:09,884 - PictionaryLive - INFO - No se detectó mano en este frame
2025-11-16 11:27:09,918 - PictionaryLive - INFO - No se detectó mano en este frame
2025-11-16 11:27:09,957 - PictionaryLive - INFO - No se detectó mano en este frame
2025-11-16 11:27:09,990 - PictionaryLive - INFO - No se detectó mano en este frame
2025-11-16 11:27:10,023 - PictionaryLive - INFO - No se detectó mano en este frame
2025-11-16 11:27:10,055 - PictionaryLive - INFO - No se detectó mano en este frame
2025-11-16 11:27:10,088 - PictionaryLive - INFO - No se detectó mano en este frame
2025-11-16 11:27:10,121 - PictionaryLive - INFO - No se detectó mano en este frame
2025-11-16 11:27:10,157 - PictionaryLive - INFO - No se detectó mano en este frame
2025-11-16 11:27:10,190 - PictionaryLive - INFO - No se detectó mano en este frame
2025-11-16 11:27:10,221 - PictionaryLive - INFO - No se detectó mano en este frame
2025-11-16 11:27:10,257 - PictionaryLive - INFO - No se detectó mano en este frame
2025-11-16 11:27:10,290 - PictionaryLive - INFO - No se detectó mano en este frame
2025-11-16 11:27:10,321 - PictionaryLive - INFO - No se detectó mano en este frame
2025-11-16 11:27:10,359 - PictionaryLive - INFO - No se detectó mano en este frame
2025-11-16 11:27:10,384 - PictionaryLive - INFO - No se detectó mano en este frame
2025-11-16 11:27:10,423 - PictionaryLive - INFO - No se detectó mano en este frame
2025-11-16 11:27:10,452 - PictionaryLive - INFO - No se detectó mano en este frame
2025-11-16 11:27:10,492 - PictionaryLive - INFO - No se detectó mano en este frame
2025-11-16 11:27:10,520 - PictionaryLive - INFO - No se detectó mano en este frame
2025-11-16 11:27:10,557 - PictionaryLive - INFO - No se detectó mano en este frame
2025-11-16 11:27:10,590 - PictionaryLive - INFO - No se detectó mano en este frame
2025-11-16 11:27:10,624 - PictionaryLive - INFO - No se detectó mano en este frame
2025-11-16 11:27:10,657 - PictionaryLive - INFO - No se detectó mano en este frame
2025-11-16 11:27:10,697 - PictionaryLive - INFO - No se detectó mano en este frame
2025-11-16 11:27:10,738 - PictionaryLive - INFO - No se detectó mano en este frame
2025-11-16 11:27:10,772 - PictionaryLive - INFO - No se detectó mano en este frame
2025-11-16 11:27:10,812 - PictionaryLive - INFO - No se detectó mano en este frame
2025-11-16 11:27:10,838 - PictionaryLive - INFO - No se detectó mano en este frame
2025-11-16 11:27:10,874 - PictionaryLive - INFO - No se detectó mano en este frame
2025-11-16 11:27:10,914 - PictionaryLive - INFO - No se detectó mano en este frame
2025-11-16 11:27:10,951 - PictionaryLive - INFO - No se detectó mano en este frame
2025-11-16 11:27:11,000 - PictionaryLive - INFO - No se detectó mano en este frame
2025-11-16 11:27:11,050 - PictionaryLive - INFO - No se detectó mano en este frame
2025-11-16 11:27:11,096 - PictionaryLive - INFO - No se detectó mano en este frame
2025-11-16 11:27:11,128 - PictionaryLive - INFO - No se detectó mano en este frame
2025-11-16 11:27:11,155 - PictionaryLive - INFO - No se detectó mano en este frame
2025-11-16 11:27:11,190 - PictionaryLive - INFO - No se detectó mano en este frame
2025-11-16 11:27:11,235 - PictionaryLive - INFO - No se detectó mano en este frame
2025-11-16 11:27:11,268 - PictionaryLive - INFO - No se detectó mano en este frame
2025-11-16 11:27:11,307 - PictionaryLive - INFO - No se detectó mano en este frame
2025-11-16 11:27:11,345 - PictionaryLive - INFO - No se detectó mano en este frame
2025-11-16 11:27:11,371 - PictionaryLive - INFO - No se detectó mano en este frame
2025-11-16 11:27:11,418 - PictionaryLive - INFO - No se detectó mano en este frame
2025-11-16 11:27:11,451 - PictionaryLive - INFO - No se detectó mano en este frame
2025-11-16 11:27:11,488 - PictionaryLive - INFO - No se detectó mano en este frame
2025-11-16 11:27:11,531 - PictionaryLive - INFO - No se detectó mano en este frame
2025-11-16 11:27:11,563 - PictionaryLive - INFO - No se detectó mano en este frame
2025-11-16 11:27:11,590 - PictionaryLive - INFO - No se detectó mano en este frame
2025-11-16 11:27:11,623 - PictionaryLive - INFO - No se detectó mano en este frame
2025-11-16 11:27:11,655 - PictionaryLive - INFO - No se detectó mano en este frame
2025-11-16 11:27:11,692 - PictionaryLive - INFO - No se detectó mano en este frame
2025-11-16 11:27:11,722 - PictionaryLive - INFO - No se detectó mano en este frame
2025-11-16 11:27:11,757 - PictionaryLive - INFO - No se detectó mano en este frame
2025-11-16 11:27:11,796 - PictionaryLive - INFO - No se detectó mano en este frame
2025-11-16 11:27:11,823 - PictionaryLive - INFO - No se detectó mano en este frame
2025-11-16 11:27:11,852 - PictionaryLive - INFO - No se detectó mano en este frame
2025-11-16 11:27:11,889 - PictionaryLive - INFO - No se detectó mano en este frame
2025-11-16 11:27:11,924 - PictionaryLive - INFO - No se detectó mano en este frame
2025-11-16 11:27:11,957 - PictionaryLive - INFO - No se detectó mano en este frame
2025-11-16 11:27:11,985 - PictionaryLive - INFO - No se detectó mano en este frame
2025-11-16 11:27:12,035 - PictionaryLive - INFO - No se detectó mano en este frame
2025-11-16 11:27:12,068 - PictionaryLive - INFO - No se detectó mano en este frame
2025-11-16 11:27:12,105 - PictionaryLive - INFO - No se detectó mano en este frame
2025-11-16 11:27:12,140 - PictionaryLive - INFO - No se detectó mano en este frame
2025-11-16 11:27:12,174 - PictionaryLive - INFO - No se detectó mano en este frame
2025-11-16 11:27:12,207 - PictionaryLive - INFO - No se detectó mano en este frame
2025-11-16 11:27:12,238 - PictionaryLive - INFO - No se detectó mano en este frame
2025-11-16 11:27:12,274 - PictionaryLive - INFO - No se detectó mano en este frame
2025-11-16 11:27:12,305 - PictionaryLive - INFO - No se detectó mano en este frame
2025-11-16 11:27:12,345 - PictionaryLive - INFO - No se detectó mano en este frame
2025-11-16 11:27:12,373 - PictionaryLive - INFO - No se detectó mano en este frame
2025-11-16 11:27:12,407 - PictionaryLive - INFO - No se detectó mano en este frame
2025-11-16 11:27:12,440 - PictionaryLive - INFO - No se detectó mano en este frame
2025-11-16 11:27:12,474 - PictionaryLive - INFO - No se detectó mano en este frame
2025-11-16 11:27:12,505 - PictionaryLive - INFO - No se detectó mano en este frame
2025-11-16 11:27:12,546 - PictionaryLive - INFO - No se detectó mano en este frame
2025-11-16 11:27:12,573 - PictionaryLive - INFO - No se detectó mano en este frame
2025-11-16 11:27:12,608 - PictionaryLive - INFO - No se detectó mano en este frame
2025-11-16 11:27:12,640 - PictionaryLive - INFO - No se detectó mano en este frame
2025-11-16 11:27:12,674 - PictionaryLive - INFO - No se detectó mano en este frame
2025-11-16 11:27:12,707 - PictionaryLive - INFO - No se detectó mano en este frame
2025-11-16 11:27:12,735 - PictionaryLive - INFO - No se detectó mano en este frame
2025-11-16 11:27:12,772 - PictionaryLive - INFO - No se detectó mano en este frame
2025-11-16 11:27:12,807 - PictionaryLive - INFO - No se detectó mano en este frame
2025-11-16 11:27:12,843 - PictionaryLive - INFO - No se detectó mano en este frame
2025-11-16 11:27:12,868 - PictionaryLive - INFO - No se detectó mano en este frame
2025-11-16 11:27:12,904 - PictionaryLive - INFO - No se detectó mano en este frame
2025-11-16 11:27:12,940 - PictionaryLive - INFO - No se detectó mano en este frame
2025-11-16 11:27:12,969 - PictionaryLive - INFO - No se detectó mano en este frame
2025-11-16 11:27:13,005 - PictionaryLive - INFO - No se detectó mano en este frame
2025-11-16 11:27:13,046 - PictionaryLive - INFO - No se detectó mano en este frame
2025-11-16 11:27:13,074 - PictionaryLive - INFO - No se detectó mano en este frame
2025-11-16 11:27:13,108 - PictionaryLive - INFO - No se detectó mano en este frame
2025-11-16 11:27:13,140 - PictionaryLive - INFO - No se detectó mano en este frame
2025-11-16 11:27:13,176 - PictionaryLive - INFO - No se detectó mano en este frame
2025-11-16 11:27:13,207 - PictionaryLive - INFO - No se detectó mano en este frame
2025-11-16 11:27:13,240 - PictionaryLive - INFO - No se detectó mano en este frame
2025-11-16 11:27:13,274 - PictionaryLive - INFO - No se detectó mano en este frame
2025-11-16 11:27:13,302 - PictionaryLive - INFO - No se detectó mano en este frame
2025-11-16 11:27:13,340 - PictionaryLive - INFO - No se detectó mano en este frame
2025-11-16 11:27:13,379 - PictionaryLive - INFO - No se detectó mano en este frame
2025-11-16 11:27:13,404 - PictionaryLive - INFO - No se detectó mano en este frame
2025-11-16 11:27:13,435 - PictionaryLive - INFO - No se detectó mano en este frame
2025-11-16 11:27:13,472 - PictionaryLive - INFO - No se detectó mano en este frame
2025-11-16 11:27:13,512 - PictionaryLive - INFO - No se detectó mano en este frame
2025-11-16 11:27:13,545 - PictionaryLive - INFO - No se detectó mano en este frame
2025-11-16 11:27:13,584 - PictionaryLive - INFO - No se detectó mano en este frame
2025-11-16 11:27:13,618 - PictionaryLive - INFO - No se detectó mano en este frame
2025-11-16 11:27:13,688 - PictionaryLive - INFO - No se detectó mano en este frame
2025-11-16 11:27:13,718 - PictionaryLive - INFO - No se detectó mano en este frame
2025-11-16 11:27:13,768 - PictionaryLive - INFO - No se detectó mano en este frame
2025-11-16 11:27:13,814 - PictionaryLive - INFO - No se detectó mano en este frame
2025-11-16 11:27:13,846 - PictionaryLive - INFO - No se detectó mano en este frame
2025-11-16 11:27:13,873 - PictionaryLive - INFO - No se detectó mano en este frame
2025-11-16 11:27:13,907 - PictionaryLive - INFO - No se detectó mano en este frame
2025-11-16 11:27:13,940 - PictionaryLive - INFO - No se detectó mano en este frame
2025-11-16 11:27:13,974 - PictionaryLive - INFO - No se detectó mano en este frame
2025-11-16 11:27:14,007 - PictionaryLive - INFO - No se detectó mano en este frame
2025-11-16 11:27:14,047 - PictionaryLive - INFO - No se detectó mano en este frame
2025-11-16 11:27:14,088 - PictionaryLive - INFO - No se detectó mano en este frame
2025-11-16 11:27:14,119 - PictionaryLive - INFO - No se detectó mano en este frame
2025-11-16 11:27:14,156 - PictionaryLive - INFO - No se detectó mano en este frame
2025-11-16 11:27:14,185 - PictionaryLive - INFO - No se detectó mano en este frame
2025-11-16 11:27:14,224 - PictionaryLive - INFO - No se detectó mano en este frame
2025-11-16 11:27:14,252 - PictionaryLive - INFO - No se detectó mano en este frame
2025-11-16 11:27:14,291 - PictionaryLive - INFO - No se detectó mano en este frame
2025-11-16 11:27:14,318 - PictionaryLive - INFO - No se detectó mano en este frame
2025-11-16 11:27:14,357 - PictionaryLive - INFO - No se detectó mano en este frame
2025-11-16 11:27:14,385 - PictionaryLive - INFO - No se detectó mano en este frame
2025-11-16 11:27:14,419 - PictionaryLive - INFO - No se detectó mano en este frame
2025-11-16 11:27:14,452 - PictionaryLive - INFO - No se detectó mano en este frame
2025-11-16 11:27:14,490 - PictionaryLive - INFO - No se detectó mano en este frame
2025-11-16 11:27:14,521 - PictionaryLive - INFO - No se detectó mano en este frame
2025-11-16 11:27:14,557 - PictionaryLive - INFO - No se detectó mano en este frame
2025-11-16 11:27:14,586 - PictionaryLive - INFO - No se detectó mano en este frame
2025-11-16 11:27:14,624 - PictionaryLive - INFO - No se detectó mano en este frame
2025-11-16 11:27:14,661 - PictionaryLive - INFO - No se detectó mano en este frame
2025-11-16 11:27:14,691 - PictionaryLive - INFO - No se detectó mano en este frame
2025-11-16 11:27:14,724 - PictionaryLive - INFO - No se detectó mano en este frame
2025-11-16 11:27:14,756 - PictionaryLive - INFO - No se detectó mano en este frame
2025-11-16 11:27:14,785 - PictionaryLive - INFO - No se detectó mano en este frame
2025-11-16 11:27:14,824 - PictionaryLive - INFO - No se detectó mano en este frame
2025-11-16 11:27:14,862 - PictionaryLive - INFO - No se detectó mano en este frame
2025-11-16 11:27:14,890 - PictionaryLive - INFO - No se detectó mano en este frame
2025-11-16 11:27:14,935 - PictionaryLive - INFO - No se detectó mano en este frame
2025-11-16 11:27:14,968 - PictionaryLive - INFO - No se detectó mano en este frame
2025-11-16 11:27:15,007 - PictionaryLive - INFO - No se detectó mano en este frame
2025-11-16 11:27:15,040 - PictionaryLive - INFO - No se detectó mano en este frame
2025-11-16 11:27:15,078 - PictionaryLive - INFO - No se detectó mano en este frame
2025-11-16 11:27:15,102 - PictionaryLive - INFO - No se detectó mano en este frame
2025-11-16 11:27:15,140 - PictionaryLive - INFO - No se detectó mano en este frame
2025-11-16 11:27:15,169 - PictionaryLive - INFO - No se detectó mano en este frame
2025-11-16 11:27:15,208 - PictionaryLive - INFO - No se detectó mano en este frame
2025-11-16 11:27:15,240 - PictionaryLive - INFO - No se detectó mano en este frame
2025-11-16 11:27:15,274 - PictionaryLive - INFO - No se detectó mano en este frame
2025-11-16 11:27:15,307 - PictionaryLive - INFO - No se detectó mano en este frame
2025-11-16 11:27:15,341 - PictionaryLive - INFO - No se detectó mano en este frame
2025-11-16 11:27:15,369 - PictionaryLive - INFO - No se detectó mano en este frame
2025-11-16 11:27:15,411 - PictionaryLive - INFO - No se detectó mano en este frame
2025-11-16 11:27:15,440 - PictionaryLive - INFO - No se detectó mano en este frame
2025-11-16 11:27:15,473 - PictionaryLive - INFO - No se detectó mano en este frame
2025-11-16 11:27:15,502 - PictionaryLive - INFO - No se detectó mano en este frame
2025-11-16 11:27:15,545 - PictionaryLive - INFO - No se detectó mano en este frame
2025-11-16 11:27:15,573 - PictionaryLive - INFO - No se detectó mano en este frame
2025-11-16 11:27:15,607 - PictionaryLive - INFO - No se detectó mano en este frame
2025-11-16 11:27:15,640 - PictionaryLive - INFO - No se detectó mano en este frame
2025-11-16 11:27:15,673 - PictionaryLive - INFO - No se detectó mano en este frame
2025-11-16 11:27:15,702 - PictionaryLive - INFO - No se detectó mano en este frame
2025-11-16 11:27:15,739 - PictionaryLive - INFO - No se detectó mano en este frame
2025-11-16 11:27:15,769 - PictionaryLive - INFO - No se detectó mano en este frame
2025-11-16 11:27:15,807 - PictionaryLive - INFO - No se detectó mano en este frame
2025-11-16 11:27:15,844 - PictionaryLive - INFO - No se detectó mano en este frame
2025-11-16 11:27:15,873 - PictionaryLive - INFO - No se detectó mano en este frame
2025-11-16 11:27:15,902 - PictionaryLive - INFO - No se detectó mano en este frame
2025-11-16 11:27:15,941 - PictionaryLive - INFO - No se detectó mano en este frame
2025-11-16 11:27:15,969 - PictionaryLive - INFO - No se detectó mano en este frame
2025-11-16 11:27:16,006 - PictionaryLive - INFO - No se detectó mano en este frame
2025-11-16 11:27:16,045 - PictionaryLive - INFO - No se detectó mano en este frame
2025-11-16 11:27:16,074 - PictionaryLive - INFO - No se detectó mano en este frame
2025-11-16 11:27:16,107 - PictionaryLive - INFO - No se detectó mano en este frame
2025-11-16 11:27:16,140 - PictionaryLive - INFO - No se detectó mano en este frame
2025-11-16 11:27:16,176 - PictionaryLive - INFO - No se detectó mano en este frame
2025-11-16 11:27:16,206 - PictionaryLive - INFO - No se detectó mano en este frame
2025-11-16 11:27:16,239 - PictionaryLive - INFO - No se detectó mano en este frame
2025-11-16 11:27:16,274 - PictionaryLive - INFO - No se detectó mano en este frame
2025-11-16 11:27:16,302 - PictionaryLive - INFO - No se detectó mano en este frame
2025-11-16 11:27:16,335 - PictionaryLive - INFO - No se detectó mano en este frame
2025-11-16 11:27:16,379 - PictionaryLive - INFO - No se detectó mano en este frame
2025-11-16 11:27:16,406 - PictionaryLive - INFO - No se detectó mano en este frame
2025-11-16 11:27:16,435 - PictionaryLive - INFO - No se detectó mano en este frame
2025-11-16 11:27:16,474 - PictionaryLive - INFO - No se detectó mano en este frame
2025-11-16 11:27:16,513 - PictionaryLive - INFO - No se detectó mano en este frame
2025-11-16 11:27:16,544 - PictionaryLive - INFO - No se detectó mano en este frame
2025-11-16 11:27:16,573 - PictionaryLive - INFO - No se detectó mano en este frame
2025-11-16 11:27:16,607 - PictionaryLive - INFO - No se detectó mano en este frame
2025-11-16 11:27:16,640 - PictionaryLive - INFO - No se detectó mano en este frame
2025-11-16 11:27:16,674 - PictionaryLive - INFO - No se detectó mano en este frame
2025-11-16 11:27:16,708 - PictionaryLive - INFO - No se detectó mano en este frame
2025-11-16 11:27:16,739 - PictionaryLive - INFO - No se detectó mano en este frame
2025-11-16 11:27:16,784 - PictionaryLive - INFO - No se detectó mano en este frame
2025-11-16 11:27:16,841 - PictionaryLive - INFO - No se detectó mano en este frame
2025-11-16 11:27:16,867 - PictionaryLive - INFO - No se detectó mano en este frame
2025-11-16 11:27:16,912 - PictionaryLive - INFO - No se detectó mano en este frame
2025-11-16 11:27:16,939 - PictionaryLive - INFO - No se detectó mano en este frame
2025-11-16 11:27:16,983 - PictionaryLive - INFO - No se detectó mano en este frame
2025-11-16 11:27:17,018 - PictionaryLive - INFO - No se detectó mano en este frame
2025-11-16 11:27:17,063 - PictionaryLive - INFO - No se detectó mano en este frame
2025-11-16 11:27:17,108 - PictionaryLive - INFO - No se detectó mano en este frame
2025-11-16 11:27:17,134 - PictionaryLive - INFO - No se detectó mano en este frame
2025-11-16 11:27:17,168 - PictionaryLive - INFO - No se detectó mano en este frame
2025-11-16 11:27:17,205 - PictionaryLive - INFO - No se detectó mano en este frame
2025-11-16 11:27:17,239 - PictionaryLive - INFO - No se detectó mano en este frame
2025-11-16 11:27:17,269 - PictionaryLive - INFO - No se detectó mano en este frame
2025-11-16 11:27:17,306 - PictionaryLive - INFO - No se detectó mano en este frame
2025-11-16 11:27:17,347 - PictionaryLive - INFO - No se detectó mano en este frame
2025-11-16 11:27:17,373 - PictionaryLive - INFO - No se detectó mano en este frame
2025-11-16 11:27:17,403 - PictionaryLive - INFO - No se detectó mano en este frame
2025-11-16 11:27:17,445 - PictionaryLive - INFO - No se detectó mano en este frame
2025-11-16 11:27:17,473 - PictionaryLive - INFO - No se detectó mano en este frame
2025-11-16 11:27:17,507 - PictionaryLive - INFO - No se detectó mano en este frame
2025-11-16 11:27:17,535 - PictionaryLive - INFO - No se detectó mano en este frame
2025-11-16 11:27:17,574 - PictionaryLive - INFO - No se detectó mano en este frame
2025-11-16 11:27:17,605 - PictionaryLive - INFO - No se detectó mano en este frame
2025-11-16 11:27:17,639 - PictionaryLive - INFO - No se detectó mano en este frame
2025-11-16 11:27:17,677 - PictionaryLive - INFO - No se detectó mano en este frame
2025-11-16 11:27:17,706 - PictionaryLive - INFO - No se detectó mano en este frame
2025-11-16 11:27:17,751 - PictionaryLive - INFO - No se detectó mano en este frame
2025-11-16 11:27:17,785 - PictionaryLive - INFO - No se detectó mano en este frame
2025-11-16 11:27:17,818 - PictionaryLive - INFO - No se detectó mano en este frame
2025-11-16 11:27:17,867 - PictionaryLive - INFO - No se detectó mano en este frame
2025-11-16 11:27:17,901 - PictionaryLive - INFO - No se detectó mano en este frame
2025-11-16 11:27:17,945 - PictionaryLive - INFO - No se detectó mano en este frame
2025-11-16 11:27:17,973 - PictionaryLive - INFO - No se detectó mano en este frame
2025-11-16 11:27:18,006 - PictionaryLive - INFO - No se detectó mano en este frame
2025-11-16 11:27:18,041 - PictionaryLive - INFO - No se detectó mano en este frame
2025-11-16 11:27:18,078 - PictionaryLive - INFO - No se detectó mano en este frame
2025-11-16 11:27:18,114 - PictionaryLive - INFO - No se detectó mano en este frame
2025-11-16 11:27:18,151 - PictionaryLive - INFO - No se detectó mano en este frame
2025-11-16 11:27:18,231 - PictionaryLive - INFO - No se detectó mano en este frame
2025-11-16 11:27:18,268 - PictionaryLive - INFO - No se detectó mano en este frame
2025-11-16 11:27:18,301 - PictionaryLive - INFO - No se detectó mano en este frame
2025-11-16 11:27:18,338 - PictionaryLive - INFO - No se detectó mano en este frame
2025-11-16 11:27:18,384 - PictionaryLive - WARNING - No se pudo obtener confianza de mano: 'google._upb._message.RepeatedCompositeContainer' object has no attribute 'score'
2025-11-16 11:27:18,384 - PictionaryLive - INFO - Mano(s) detectada(s): 1, confianza: 0.00, velocidad: 0.0000
2025-11-16 11:27:18,439 - PictionaryLive - INFO - No se detectó mano en este frame
2025-11-16 11:27:18,469 - PictionaryLive - INFO - No se detectó mano en este frame
2025-11-16 11:27:18,506 - PictionaryLive - INFO - No se detectó mano en este frame
2025-11-16 11:27:18,545 - PictionaryLive - INFO - No se detectó mano en este frame
2025-11-16 11:27:18,571 - PictionaryLive - INFO - No se detectó mano en este frame
2025-11-16 11:27:18,607 - PictionaryLive - INFO - No se detectó mano en este frame
2025-11-16 11:27:18,645 - PictionaryLive - INFO - No se detectó mano en este frame
2025-11-16 11:27:18,674 - PictionaryLive - INFO - No se detectó mano en este frame
2025-11-16 11:27:18,708 - PictionaryLive - INFO - No se detectó mano en este frame
2025-11-16 11:27:18,740 - PictionaryLive - INFO - No se detectó mano en este frame
2025-11-16 11:27:18,774 - PictionaryLive - INFO - No se detectó mano en este frame
2025-11-16 11:27:18,818 - PictionaryLive - INFO - No se detectó mano en este frame
2025-11-16 11:27:18,880 - PictionaryLive - INFO - No se detectó mano en este frame
2025-11-16 11:27:18,918 - PictionaryLive - INFO - No se detectó mano en este frame
2025-11-16 11:27:18,984 - PictionaryLive - INFO - No se detectó mano en este frame
2025-11-16 11:27:19,018 - PictionaryLive - INFO - No se detectó mano en este frame
2025-11-16 11:27:19,062 - PictionaryLive - INFO - No se detectó mano en este frame
2025-11-16 11:27:19,088 - PictionaryLive - INFO - No se detectó mano en este frame
2025-11-16 11:27:19,119 - PictionaryLive - INFO - No se detectó mano en este frame
2025-11-16 11:27:19,156 - PictionaryLive - INFO - No se detectó mano en este frame
2025-11-16 11:27:19,186 - PictionaryLive - INFO - No se detectó mano en este frame
2025-11-16 11:27:19,224 - PictionaryLive - INFO - No se detectó mano en este frame
2025-11-16 11:27:19,252 - PictionaryLive - INFO - No se detectó mano en este frame
2025-11-16 11:27:19,290 - PictionaryLive - INFO - No se detectó mano en este frame
2025-11-16 11:27:19,319 - PictionaryLive - INFO - No se detectó mano en este frame
2025-11-16 11:27:19,375 - PictionaryLive - WARNING - No se pudo obtener confianza de mano: 'google._upb._message.RepeatedCompositeContainer' object has no attribute 'score'
2025-11-16 11:27:19,375 - PictionaryLive - INFO - Mano(s) detectada(s): 1, confianza: 0.00, velocidad: 0.0000
2025-11-16 11:27:19,423 - PictionaryLive - WARNING - No se pudo obtener confianza de mano: 'google._upb._message.RepeatedCompositeContainer' object has no attribute 'score'
2025-11-16 11:27:19,423 - PictionaryLive - INFO - Mano(s) detectada(s): 1, confianza: 0.00, velocidad: 0.0076
2025-11-16 11:27:19,473 - PictionaryLive - WARNING - No se pudo obtener confianza de mano: 'google._upb._message.RepeatedCompositeContainer' object has no attribute 'score'
2025-11-16 11:27:19,473 - PictionaryLive - INFO - Mano(s) detectada(s): 1, confianza: 0.00, velocidad: 0.0895
2025-11-16 11:27:19,524 - PictionaryLive - WARNING - No se pudo obtener confianza de mano: 'google._upb._message.RepeatedCompositeContainer' object has no attribute 'score'
2025-11-16 11:27:19,524 - PictionaryLive - INFO - Mano(s) detectada(s): 1, confianza: 0.00, velocidad: 0.0922
2025-11-16 11:27:19,578 - PictionaryLive - WARNING - No se pudo obtener confianza de mano: 'google._upb._message.RepeatedCompositeContainer' object has no attribute 'score'
2025-11-16 11:27:19,579 - PictionaryLive - INFO - Mano(s) detectada(s): 1, confianza: 0.00, velocidad: 0.0111
2025-11-16 11:27:19,619 - PictionaryLive - WARNING - No se pudo obtener confianza de mano: 'google._upb._message.RepeatedCompositeContainer' object has no attribute 'score'
2025-11-16 11:27:19,619 - PictionaryLive - INFO - Mano(s) detectada(s): 1, confianza: 0.00, velocidad: 0.1059
2025-11-16 11:27:19,673 - PictionaryLive - WARNING - No se pudo obtener confianza de mano: 'google._upb._message.RepeatedCompositeContainer' object has no attribute 'score'
2025-11-16 11:27:19,673 - PictionaryLive - INFO - Mano(s) detectada(s): 1, confianza: 0.00, velocidad: 0.0036
2025-11-16 11:27:19,724 - PictionaryLive - WARNING - No se pudo obtener confianza de mano: 'google._upb._message.RepeatedCompositeContainer' object has no attribute 'score'
2025-11-16 11:27:19,724 - PictionaryLive - INFO - Mano(s) detectada(s): 1, confianza: 0.00, velocidad: 0.0947
2025-11-16 11:27:19,775 - PictionaryLive - WARNING - No se pudo obtener confianza de mano: 'google._upb._message.RepeatedCompositeContainer' object has no attribute 'score'
2025-11-16 11:27:19,775 - PictionaryLive - INFO - Mano(s) detectada(s): 1, confianza: 0.00, velocidad: 0.0058
2025-11-16 11:27:19,822 - PictionaryLive - WARNING - No se pudo obtener confianza de mano: 'google._upb._message.RepeatedCompositeContainer' object has no attribute 'score'
2025-11-16 11:27:19,822 - PictionaryLive - INFO - Mano(s) detectada(s): 1, confianza: 0.00, velocidad: 0.0698
2025-11-16 11:27:19,873 - PictionaryLive - WARNING - No se pudo obtener confianza de mano: 'google._upb._message.RepeatedCompositeContainer' object has no attribute 'score'
2025-11-16 11:27:19,873 - PictionaryLive - INFO - Mano(s) detectada(s): 1, confianza: 0.00, velocidad: 0.0413
2025-11-16 11:27:19,923 - PictionaryLive - INFO - No se detectó mano en este frame
2025-11-16 11:27:19,952 - PictionaryLive - INFO - No se detectó mano en este frame
2025-11-16 11:27:19,989 - PictionaryLive - INFO - No se detectó mano en este frame
2025-11-16 11:27:20,020 - PictionaryLive - INFO - No se detectó mano en este frame
2025-11-16 11:27:20,057 - PictionaryLive - INFO - No se detectó mano en este frame
2025-11-16 11:27:20,097 - PictionaryLive - INFO - No se detectó mano en este frame
2025-11-16 11:27:20,134 - PictionaryLive - INFO - No se detectó mano en este frame
2025-11-16 11:27:20,168 - PictionaryLive - INFO - No se detectó mano en este frame
2025-11-16 11:27:20,205 - PictionaryLive - INFO - No se detectó mano en este frame
2025-11-16 11:27:20,240 - PictionaryLive - INFO - No se detectó mano en este frame
2025-11-16 11:27:20,274 - PictionaryLive - INFO - No se detectó mano en este frame
2025-11-16 11:27:20,307 - PictionaryLive - INFO - No se detectó mano en este frame
2025-11-16 11:27:20,336 - PictionaryLive - INFO - No se detectó mano en este frame
2025-11-16 11:27:20,374 - PictionaryLive - INFO - No se detectó mano en este frame
2025-11-16 11:27:20,419 - PictionaryLive - WARNING - No se pudo obtener confianza de mano: 'google._upb._message.RepeatedCompositeContainer' object has no attribute 'score'
2025-11-16 11:27:20,419 - PictionaryLive - INFO - Mano(s) detectada(s): 1, confianza: 0.00, velocidad: 0.0000
2025-11-16 11:27:20,419 - PictionaryLive - INFO - Predicción: chair (66.6%)
2025-11-16 11:27:20,473 - PictionaryLive - WARNING - No se pudo obtener confianza de mano: 'google._upb._message.RepeatedCompositeContainer' object has no attribute 'score'
2025-11-16 11:27:20,473 - PictionaryLive - INFO - Mano(s) detectada(s): 1, confianza: 0.00, velocidad: 0.0064
2025-11-16 11:27:20,540 - PictionaryLive - WARNING - No se pudo obtener confianza de mano: 'google._upb._message.RepeatedCompositeContainer' object has no attribute 'score'
2025-11-16 11:27:20,540 - PictionaryLive - INFO - Mano(s) detectada(s): 1, confianza: 0.00, velocidad: 0.0091
2025-11-16 11:27:20,603 - PictionaryLive - WARNING - No se pudo obtener confianza de mano: 'google._upb._message.RepeatedCompositeContainer' object has no attribute 'score'
2025-11-16 11:27:20,603 - PictionaryLive - INFO - Mano(s) detectada(s): 1, confianza: 0.00, velocidad: 0.0098
2025-11-16 11:27:20,668 - PictionaryLive - WARNING - No se pudo obtener confianza de mano: 'google._upb._message.RepeatedCompositeContainer' object has no attribute 'score'
2025-11-16 11:27:20,668 - PictionaryLive - INFO - Mano(s) detectada(s): 1, confianza: 0.00, velocidad: 0.0033
2025-11-16 11:27:20,734 - PictionaryLive - WARNING - No se pudo obtener confianza de mano: 'google._upb._message.RepeatedCompositeContainer' object has no attribute 'score'
2025-11-16 11:27:20,734 - PictionaryLive - INFO - Mano(s) detectada(s): 1, confianza: 0.00, velocidad: 0.0063
2025-11-16 11:27:20,785 - PictionaryLive - WARNING - No se pudo obtener confianza de mano: 'google._upb._message.RepeatedCompositeContainer' object has no attribute 'score'
2025-11-16 11:27:20,785 - PictionaryLive - INFO - Mano(s) detectada(s): 1, confianza: 0.00, velocidad: 0.0072
2025-11-16 11:27:20,840 - PictionaryLive - WARNING - No se pudo obtener confianza de mano: 'google._upb._message.RepeatedCompositeContainer' object has no attribute 'score'
2025-11-16 11:27:20,840 - PictionaryLive - INFO - Mano(s) detectada(s): 1, confianza: 0.00, velocidad: 0.0066
2025-11-16 11:27:20,902 - PictionaryLive - WARNING - No se pudo obtener confianza de mano: 'google._upb._message.RepeatedCompositeContainer' object has no attribute 'score'
2025-11-16 11:27:20,902 - PictionaryLive - INFO - Mano(s) detectada(s): 1, confianza: 0.00, velocidad: 0.0069
2025-11-16 11:27:20,973 - PictionaryLive - WARNING - No se pudo obtener confianza de mano: 'google._upb._message.RepeatedCompositeContainer' object has no attribute 'score'
2025-11-16 11:27:20,973 - PictionaryLive - INFO - Mano(s) detectada(s): 1, confianza: 0.00, velocidad: 0.0043
2025-11-16 11:27:21,019 - PictionaryLive - WARNING - No se pudo obtener confianza de mano: 'google._upb._message.RepeatedCompositeContainer' object has no attribute 'score'
2025-11-16 11:27:21,019 - PictionaryLive - INFO - Mano(s) detectada(s): 1, confianza: 0.00, velocidad: 0.0081
2025-11-16 11:27:21,091 - PictionaryLive - WARNING - No se pudo obtener confianza de mano: 'google._upb._message.RepeatedCompositeContainer' object has no attribute 'score'
2025-11-16 11:27:21,091 - PictionaryLive - INFO - Mano(s) detectada(s): 2, confianza: 0.00, velocidad: 0.0442
2025-11-16 11:27:21,118 - PictionaryLive - WARNING - No se pudo obtener confianza de mano: 'google._upb._message.RepeatedCompositeContainer' object has no attribute 'score'
2025-11-16 11:27:21,118 - PictionaryLive - INFO - Mano(s) detectada(s): 1, confianza: 0.00, velocidad: 0.0533
2025-11-16 11:27:21,187 - PictionaryLive - WARNING - No se pudo obtener confianza de mano: 'google._upb._message.RepeatedCompositeContainer' object has no attribute 'score'
2025-11-16 11:27:21,188 - PictionaryLive - INFO - Mano(s) detectada(s): 1, confianza: 0.00, velocidad: 0.0372
2025-11-16 11:27:21,251 - PictionaryLive - WARNING - No se pudo obtener confianza de mano: 'google._upb._message.RepeatedCompositeContainer' object has no attribute 'score'
2025-11-16 11:27:21,251 - PictionaryLive - INFO - Mano(s) detectada(s): 1, confianza: 0.00, velocidad: 0.0093
2025-11-16 11:27:21,318 - PictionaryLive - WARNING - No se pudo obtener confianza de mano: 'google._upb._message.RepeatedCompositeContainer' object has no attribute 'score'
2025-11-16 11:27:21,318 - PictionaryLive - INFO - Mano(s) detectada(s): 1, confianza: 0.00, velocidad: 0.0671
2025-11-16 11:27:21,369 - PictionaryLive - WARNING - No se pudo obtener confianza de mano: 'google._upb._message.RepeatedCompositeContainer' object has no attribute 'score'
2025-11-16 11:27:21,369 - PictionaryLive - INFO - Mano(s) detectada(s): 1, confianza: 0.00, velocidad: 0.0326
2025-11-16 11:27:21,435 - PictionaryLive - WARNING - No se pudo obtener confianza de mano: 'google._upb._message.RepeatedCompositeContainer' object has no attribute 'score'
2025-11-16 11:27:21,435 - PictionaryLive - INFO - Mano(s) detectada(s): 1, confianza: 0.00, velocidad: 0.0653
2025-11-16 11:27:21,501 - PictionaryLive - WARNING - No se pudo obtener confianza de mano: 'google._upb._message.RepeatedCompositeContainer' object has no attribute 'score'
2025-11-16 11:27:21,501 - PictionaryLive - INFO - Mano(s) detectada(s): 1, confianza: 0.00, velocidad: 0.0659
2025-11-16 11:27:21,568 - PictionaryLive - WARNING - No se pudo obtener confianza de mano: 'google._upb._message.RepeatedCompositeContainer' object has no attribute 'score'
2025-11-16 11:27:21,568 - PictionaryLive - INFO - Mano(s) detectada(s): 1, confianza: 0.00, velocidad: 0.0035
2025-11-16 11:27:21,627 - PictionaryLive - WARNING - No se pudo obtener confianza de mano: 'google._upb._message.RepeatedCompositeContainer' object has no attribute 'score'
2025-11-16 11:27:21,627 - PictionaryLive - INFO - Mano(s) detectada(s): 1, confianza: 0.00, velocidad: 0.2822
2025-11-16 11:27:21,673 - PictionaryLive - WARNING - No se pudo obtener confianza de mano: 'google._upb._message.RepeatedCompositeContainer' object has no attribute 'score'
2025-11-16 11:27:21,673 - PictionaryLive - INFO - Mano(s) detectada(s): 1, confianza: 0.00, velocidad: 0.0622
2025-11-16 11:27:21,723 - PictionaryLive - WARNING - No se pudo obtener confianza de mano: 'google._upb._message.RepeatedCompositeContainer' object has no attribute 'score'
2025-11-16 11:27:21,723 - PictionaryLive - INFO - Mano(s) detectada(s): 1, confianza: 0.00, velocidad: 0.0143
2025-11-16 11:27:21,774 - PictionaryLive - WARNING - No se pudo obtener confianza de mano: 'google._upb._message.RepeatedCompositeContainer' object has no attribute 'score'
2025-11-16 11:27:21,774 - PictionaryLive - INFO - Mano(s) detectada(s): 1, confianza: 0.00, velocidad: 0.0200
2025-11-16 11:27:21,827 - PictionaryLive - WARNING - No se pudo obtener confianza de mano: 'google._upb._message.RepeatedCompositeContainer' object has no attribute 'score'
2025-11-16 11:27:21,827 - PictionaryLive - INFO - Mano(s) detectada(s): 1, confianza: 0.00, velocidad: 0.0057
2025-11-16 11:27:21,872 - PictionaryLive - WARNING - No se pudo obtener confianza de mano: 'google._upb._message.RepeatedCompositeContainer' object has no attribute 'score'
2025-11-16 11:27:21,872 - PictionaryLive - INFO - Mano(s) detectada(s): 1, confianza: 0.00, velocidad: 0.0247
2025-11-16 11:27:21,919 - PictionaryLive - WARNING - No se pudo obtener confianza de mano: 'google._upb._message.RepeatedCompositeContainer' object has no attribute 'score'
2025-11-16 11:27:21,919 - PictionaryLive - INFO - Mano(s) detectada(s): 1, confianza: 0.00, velocidad: 0.0114
2025-11-16 11:27:21,973 - PictionaryLive - INFO - No se detectó mano en este frame
2025-11-16 11:27:22,005 - PictionaryLive - INFO - No se detectó mano en este frame
2025-11-16 11:27:22,045 - PictionaryLive - INFO - No se detectó mano en este frame
2025-11-16 11:27:22,084 - PictionaryLive - INFO - No se detectó mano en este frame
2025-11-16 11:27:22,128 - PictionaryLive - INFO - No se detectó mano en este frame
2025-11-16 11:27:22,161 - PictionaryLive - INFO - No se detectó mano en este frame
2025-11-16 11:27:22,190 - PictionaryLive - INFO - No se detectó mano en este frame
2025-11-16 11:27:22,224 - PictionaryLive - INFO - No se detectó mano en este frame
2025-11-16 11:27:22,257 - PictionaryLive - INFO - No se detectó mano en este frame
2025-11-16 11:27:22,290 - PictionaryLive - INFO - No se detectó mano en este frame
2025-11-16 11:27:22,324 - PictionaryLive - INFO - No se detectó mano en este frame
2025-11-16 11:27:22,364 - PictionaryLive - INFO - No se detectó mano en este frame
2025-11-16 11:27:22,390 - PictionaryLive - INFO - No se detectó mano en este frame
2025-11-16 11:27:22,424 - PictionaryLive - INFO - No se detectó mano en este frame
2025-11-16 11:27:22,452 - PictionaryLive - INFO - No se detectó mano en este frame
2025-11-16 11:27:22,490 - PictionaryLive - INFO - No se detectó mano en este frame
2025-11-16 11:27:22,524 - PictionaryLive - INFO - No se detectó mano en este frame
2025-11-16 11:27:22,557 - PictionaryLive - INFO - No se detectó mano en este frame
2025-11-16 11:27:22,594 - PictionaryLive - INFO - No se detectó mano en este frame
2025-11-16 11:27:22,630 - PictionaryLive - INFO - No se detectó mano en este frame
2025-11-16 11:27:22,673 - PictionaryLive - INFO - No se detectó mano en este frame
2025-11-16 11:27:22,709 - PictionaryLive - INFO - No se detectó mano en este frame
2025-11-16 11:27:22,759 - PictionaryLive - INFO - No se detectó mano en este frame
2025-11-16 11:27:22,807 - PictionaryLive - INFO - No se detectó mano en este frame
2025-11-16 11:27:22,856 - PictionaryLive - INFO - No se detectó mano en este frame
2025-11-16 11:27:22,909 - PictionaryLive - INFO - No se detectó mano en este frame
2025-11-16 11:27:22,958 - PictionaryLive - INFO - No se detectó mano en este frame
2025-11-16 11:27:23,008 - PictionaryLive - INFO - No se detectó mano en este frame
2025-11-16 11:27:23,057 - PictionaryLive - INFO - No se detectó mano en este frame
2025-11-16 11:27:23,084 - PictionaryLive - INFO - No se detectó mano en este frame
2025-11-16 11:27:23,131 - PictionaryLive - INFO - No se detectó mano en este frame
2025-11-16 11:27:23,169 - PictionaryLive - INFO - No se detectó mano en este frame
2025-11-16 11:27:23,255 - PictionaryLive - WARNING - No se pudo obtener confianza de mano: 'google._upb._message.RepeatedCompositeContainer' object has no attribute 'score'
2025-11-16 11:27:23,255 - PictionaryLive - INFO - Mano(s) detectada(s): 1, confianza: 0.00, velocidad: 0.0000
2025-11-16 11:27:23,256 - PictionaryLive - INFO - Predicción: cactus (52.9%)
2025-11-16 11:27:23,302 - PictionaryLive - WARNING - No se pudo obtener confianza de mano: 'google._upb._message.RepeatedCompositeContainer' object has no attribute 'score'
2025-11-16 11:27:23,302 - PictionaryLive - INFO - Mano(s) detectada(s): 1, confianza: 0.00, velocidad: 0.3724
2025-11-16 11:27:23,360 - PictionaryLive - WARNING - No se pudo obtener confianza de mano: 'google._upb._message.RepeatedCompositeContainer' object has no attribute 'score'
2025-11-16 11:27:23,361 - PictionaryLive - INFO - Mano(s) detectada(s): 1, confianza: 0.00, velocidad: 0.0492
2025-11-16 11:27:23,410 - PictionaryLive - WARNING - No se pudo obtener confianza de mano: 'google._upb._message.RepeatedCompositeContainer' object has no attribute 'score'
2025-11-16 11:27:23,410 - PictionaryLive - INFO - Mano(s) detectada(s): 1, confianza: 0.00, velocidad: 0.0079
2025-11-16 11:27:23,456 - PictionaryLive - WARNING - No se pudo obtener confianza de mano: 'google._upb._message.RepeatedCompositeContainer' object has no attribute 'score'
2025-11-16 11:27:23,456 - PictionaryLive - INFO - Mano(s) detectada(s): 1, confianza: 0.00, velocidad: 0.0247
2025-11-16 11:27:23,502 - PictionaryLive - WARNING - No se pudo obtener confianza de mano: 'google._upb._message.RepeatedCompositeContainer' object has no attribute 'score'
2025-11-16 11:27:23,510 - PictionaryLive - INFO - Mano(s) detectada(s): 1, confianza: 0.00, velocidad: 0.0072
2025-11-16 11:27:23,562 - PictionaryLive - WARNING - No se pudo obtener confianza de mano: 'google._upb._message.RepeatedCompositeContainer' object has no attribute 'score'
2025-11-16 11:27:23,562 - PictionaryLive - INFO - Mano(s) detectada(s): 1, confianza: 0.00, velocidad: 0.0444
2025-11-16 11:27:23,611 - PictionaryLive - WARNING - No se pudo obtener confianza de mano: 'google._upb._message.RepeatedCompositeContainer' object has no attribute 'score'
2025-11-16 11:27:23,611 - PictionaryLive - INFO - Mano(s) detectada(s): 1, confianza: 0.00, velocidad: 0.0073
2025-11-16 11:27:23,655 - PictionaryLive - WARNING - No se pudo obtener confianza de mano: 'google._upb._message.RepeatedCompositeContainer' object has no attribute 'score'
2025-11-16 11:27:23,656 - PictionaryLive - INFO - Mano(s) detectada(s): 1, confianza: 0.00, velocidad: 0.0132
2025-11-16 11:27:23,702 - PictionaryLive - WARNING - No se pudo obtener confianza de mano: 'google._upb._message.RepeatedCompositeContainer' object has no attribute 'score'
2025-11-16 11:27:23,702 - PictionaryLive - INFO - Mano(s) detectada(s): 1, confianza: 0.00, velocidad: 0.0089
2025-11-16 11:27:23,752 - PictionaryLive - WARNING - No se pudo obtener confianza de mano: 'google._upb._message.RepeatedCompositeContainer' object has no attribute 'score'
2025-11-16 11:27:23,752 - PictionaryLive - INFO - Mano(s) detectada(s): 1, confianza: 0.00, velocidad: 0.0012
2025-11-16 11:27:23,819 - PictionaryLive - WARNING - No se pudo obtener confianza de mano: 'google._upb._message.RepeatedCompositeContainer' object has no attribute 'score'
2025-11-16 11:27:23,819 - PictionaryLive - INFO - Mano(s) detectada(s): 2, confianza: 0.00, velocidad: 0.2423
2025-11-16 11:27:23,852 - PictionaryLive - WARNING - No se pudo obtener confianza de mano: 'google._upb._message.RepeatedCompositeContainer' object has no attribute 'score'
2025-11-16 11:27:23,852 - PictionaryLive - INFO - Mano(s) detectada(s): 1, confianza: 0.00, velocidad: 0.2774
2025-11-16 11:27:23,918 - PictionaryLive - WARNING - No se pudo obtener confianza de mano: 'google._upb._message.RepeatedCompositeContainer' object has no attribute 'score'
2025-11-16 11:27:23,918 - PictionaryLive - INFO - Mano(s) detectada(s): 2, confianza: 0.00, velocidad: 0.0913
2025-11-16 11:27:23,957 - PictionaryLive - WARNING - No se pudo obtener confianza de mano: 'google._upb._message.RepeatedCompositeContainer' object has no attribute 'score'
2025-11-16 11:27:23,957 - PictionaryLive - INFO - Mano(s) detectada(s): 1, confianza: 0.00, velocidad: 0.1124
2025-11-16 11:27:24,011 - PictionaryLive - WARNING - No se pudo obtener confianza de mano: 'google._upb._message.RepeatedCompositeContainer' object has no attribute 'score'
2025-11-16 11:27:24,011 - PictionaryLive - INFO - Mano(s) detectada(s): 1, confianza: 0.00, velocidad: 0.0887
2025-11-16 11:27:24,068 - PictionaryLive - WARNING - No se pudo obtener confianza de mano: 'google._upb._message.RepeatedCompositeContainer' object has no attribute 'score'
2025-11-16 11:27:24,068 - PictionaryLive - INFO - Mano(s) detectada(s): 1, confianza: 0.00, velocidad: 0.0542
2025-11-16 11:27:24,125 - PictionaryLive - WARNING - No se pudo obtener confianza de mano: 'google._upb._message.RepeatedCompositeContainer' object has no attribute 'score'
2025-11-16 11:27:24,125 - PictionaryLive - INFO - Mano(s) detectada(s): 1, confianza: 0.00, velocidad: 0.0114
2025-11-16 11:27:24,172 - PictionaryLive - WARNING - No se pudo obtener confianza de mano: 'google._upb._message.RepeatedCompositeContainer' object has no attribute 'score'
2025-11-16 11:27:24,172 - PictionaryLive - INFO - Mano(s) detectada(s): 1, confianza: 0.00, velocidad: 0.0453
2025-11-16 11:27:24,227 - PictionaryLive - WARNING - No se pudo obtener confianza de mano: 'google._upb._message.RepeatedCompositeContainer' object has no attribute 'score'
2025-11-16 11:27:24,227 - PictionaryLive - INFO - Mano(s) detectada(s): 1, confianza: 0.00, velocidad: 0.0055
2025-11-16 11:27:24,284 - PictionaryLive - WARNING - No se pudo obtener confianza de mano: 'google._upb._message.RepeatedCompositeContainer' object has no attribute 'score'
2025-11-16 11:27:24,284 - PictionaryLive - INFO - Mano(s) detectada(s): 2, confianza: 0.00, velocidad: 0.3637
2025-11-16 11:27:24,339 - PictionaryLive - WARNING - No se pudo obtener confianza de mano: 'google._upb._message.RepeatedCompositeContainer' object has no attribute 'score'
2025-11-16 11:27:24,340 - PictionaryLive - INFO - Mano(s) detectada(s): 2, confianza: 0.00, velocidad: 0.3247
2025-11-16 11:27:24,386 - PictionaryLive - WARNING - No se pudo obtener confianza de mano: 'google._upb._message.RepeatedCompositeContainer' object has no attribute 'score'
2025-11-16 11:27:24,386 - PictionaryLive - INFO - Mano(s) detectada(s): 1, confianza: 0.00, velocidad: 0.3350
2025-11-16 11:27:24,445 - PictionaryLive - WARNING - No se pudo obtener confianza de mano: 'google._upb._message.RepeatedCompositeContainer' object has no attribute 'score'
2025-11-16 11:27:24,445 - PictionaryLive - INFO - Mano(s) detectada(s): 1, confianza: 0.00, velocidad: 0.0467
2025-11-16 11:27:24,490 - PictionaryLive - WARNING - No se pudo obtener confianza de mano: 'google._upb._message.RepeatedCompositeContainer' object has no attribute 'score'
2025-11-16 11:27:24,490 - PictionaryLive - INFO - Mano(s) detectada(s): 1, confianza: 0.00, velocidad: 0.0051
2025-11-16 11:27:24,540 - PictionaryLive - WARNING - No se pudo obtener confianza de mano: 'google._upb._message.RepeatedCompositeContainer' object has no attribute 'score'
2025-11-16 11:27:24,540 - PictionaryLive - INFO - Mano(s) detectada(s): 1, confianza: 0.00, velocidad: 0.0333
2025-11-16 11:27:24,590 - PictionaryLive - WARNING - No se pudo obtener confianza de mano: 'google._upb._message.RepeatedCompositeContainer' object has no attribute 'score'
2025-11-16 11:27:24,590 - PictionaryLive - INFO - Mano(s) detectada(s): 1, confianza: 0.00, velocidad: 0.0011
2025-11-16 11:27:24,644 - PictionaryLive - WARNING - No se pudo obtener confianza de mano: 'google._upb._message.RepeatedCompositeContainer' object has no attribute 'score'
2025-11-16 11:27:24,644 - PictionaryLive - INFO - Mano(s) detectada(s): 1, confianza: 0.00, velocidad: 0.0497
2025-11-16 11:27:24,690 - PictionaryLive - WARNING - No se pudo obtener confianza de mano: 'google._upb._message.RepeatedCompositeContainer' object has no attribute 'score'
2025-11-16 11:27:24,690 - PictionaryLive - INFO - Mano(s) detectada(s): 1, confianza: 0.00, velocidad: 0.0262
2025-11-16 11:27:24,740 - PictionaryLive - WARNING - No se pudo obtener confianza de mano: 'google._upb._message.RepeatedCompositeContainer' object has no attribute 'score'
2025-11-16 11:27:24,740 - PictionaryLive - INFO - Mano(s) detectada(s): 1, confianza: 0.00, velocidad: 0.0035
2025-11-16 11:27:24,786 - PictionaryLive - WARNING - No se pudo obtener confianza de mano: 'google._upb._message.RepeatedCompositeContainer' object has no attribute 'score'
2025-11-16 11:27:24,786 - PictionaryLive - INFO - Mano(s) detectada(s): 1, confianza: 0.00, velocidad: 0.0068
2025-11-16 11:27:24,840 - PictionaryLive - WARNING - No se pudo obtener confianza de mano: 'google._upb._message.RepeatedCompositeContainer' object has no attribute 'score'
2025-11-16 11:27:24,840 - PictionaryLive - INFO - Mano(s) detectada(s): 1, confianza: 0.00, velocidad: 0.0033
2025-11-16 11:27:24,892 - PictionaryLive - WARNING - No se pudo obtener confianza de mano: 'google._upb._message.RepeatedCompositeContainer' object has no attribute 'score'
2025-11-16 11:27:24,893 - PictionaryLive - INFO - Mano(s) detectada(s): 1, confianza: 0.00, velocidad: 0.0064
2025-11-16 11:27:24,940 - PictionaryLive - WARNING - No se pudo obtener confianza de mano: 'google._upb._message.RepeatedCompositeContainer' object has no attribute 'score'
2025-11-16 11:27:24,940 - PictionaryLive - INFO - Mano(s) detectada(s): 1, confianza: 0.00, velocidad: 0.0172
2025-11-16 11:27:24,990 - PictionaryLive - WARNING - No se pudo obtener confianza de mano: 'google._upb._message.RepeatedCompositeContainer' object has no attribute 'score'
2025-11-16 11:27:24,990 - PictionaryLive - INFO - Mano(s) detectada(s): 1, confianza: 0.00, velocidad: 0.0078
2025-11-16 11:27:25,040 - PictionaryLive - WARNING - No se pudo obtener confianza de mano: 'google._upb._message.RepeatedCompositeContainer' object has no attribute 'score'
2025-11-16 11:27:25,040 - PictionaryLive - INFO - Mano(s) detectada(s): 1, confianza: 0.00, velocidad: 0.0082
2025-11-16 11:27:25,090 - PictionaryLive - WARNING - No se pudo obtener confianza de mano: 'google._upb._message.RepeatedCompositeContainer' object has no attribute 'score'
2025-11-16 11:27:25,090 - PictionaryLive - INFO - Mano(s) detectada(s): 1, confianza: 0.00, velocidad: 0.0175
2025-11-16 11:27:25,140 - PictionaryLive - WARNING - No se pudo obtener confianza de mano: 'google._upb._message.RepeatedCompositeContainer' object has no attribute 'score'
2025-11-16 11:27:25,140 - PictionaryLive - INFO - Mano(s) detectada(s): 1, confianza: 0.00, velocidad: 0.0039
2025-11-16 11:27:25,190 - PictionaryLive - WARNING - No se pudo obtener confianza de mano: 'google._upb._message.RepeatedCompositeContainer' object has no attribute 'score'
2025-11-16 11:27:25,190 - PictionaryLive - INFO - Mano(s) detectada(s): 1, confianza: 0.00, velocidad: 0.0420
2025-11-16 11:27:25,240 - PictionaryLive - WARNING - No se pudo obtener confianza de mano: 'google._upb._message.RepeatedCompositeContainer' object has no attribute 'score'
2025-11-16 11:27:25,240 - PictionaryLive - INFO - Mano(s) detectada(s): 1, confianza: 0.00, velocidad: 0.0074
2025-11-16 11:27:25,290 - PictionaryLive - WARNING - No se pudo obtener confianza de mano: 'google._upb._message.RepeatedCompositeContainer' object has no attribute 'score'
2025-11-16 11:27:25,290 - PictionaryLive - INFO - Mano(s) detectada(s): 1, confianza: 0.00, velocidad: 0.0033
2025-11-16 11:27:25,340 - PictionaryLive - WARNING - No se pudo obtener confianza de mano: 'google._upb._message.RepeatedCompositeContainer' object has no attribute 'score'
2025-11-16 11:27:25,340 - PictionaryLive - INFO - Mano(s) detectada(s): 1, confianza: 0.00, velocidad: 0.0229
2025-11-16 11:27:25,391 - PictionaryLive - WARNING - No se pudo obtener confianza de mano: 'google._upb._message.RepeatedCompositeContainer' object has no attribute 'score'
2025-11-16 11:27:25,391 - PictionaryLive - INFO - Mano(s) detectada(s): 1, confianza: 0.00, velocidad: 0.0039
2025-11-16 11:27:25,439 - PictionaryLive - WARNING - No se pudo obtener confianza de mano: 'google._upb._message.RepeatedCompositeContainer' object has no attribute 'score'
2025-11-16 11:27:25,439 - PictionaryLive - INFO - Mano(s) detectada(s): 1, confianza: 0.00, velocidad: 0.0107
2025-11-16 11:27:25,490 - PictionaryLive - WARNING - No se pudo obtener confianza de mano: 'google._upb._message.RepeatedCompositeContainer' object has no attribute 'score'
2025-11-16 11:27:25,490 - PictionaryLive - INFO - Mano(s) detectada(s): 1, confianza: 0.00, velocidad: 0.0049
2025-11-16 11:27:25,541 - PictionaryLive - WARNING - No se pudo obtener confianza de mano: 'google._upb._message.RepeatedCompositeContainer' object has no attribute 'score'
2025-11-16 11:27:25,541 - PictionaryLive - INFO - Mano(s) detectada(s): 1, confianza: 0.00, velocidad: 0.1013
2025-11-16 11:27:25,590 - PictionaryLive - WARNING - No se pudo obtener confianza de mano: 'google._upb._message.RepeatedCompositeContainer' object has no attribute 'score'
2025-11-16 11:27:25,590 - PictionaryLive - INFO - Mano(s) detectada(s): 1, confianza: 0.00, velocidad: 0.2347
2025-11-16 11:27:25,642 - PictionaryLive - WARNING - No se pudo obtener confianza de mano: 'google._upb._message.RepeatedCompositeContainer' object has no attribute 'score'
2025-11-16 11:27:25,643 - PictionaryLive - INFO - Mano(s) detectada(s): 1, confianza: 0.00, velocidad: 0.0101
2025-11-16 11:27:25,690 - PictionaryLive - WARNING - No se pudo obtener confianza de mano: 'google._upb._message.RepeatedCompositeContainer' object has no attribute 'score'
2025-11-16 11:27:25,690 - PictionaryLive - INFO - Mano(s) detectada(s): 1, confianza: 0.00, velocidad: 0.0872
2025-11-16 11:27:25,742 - PictionaryLive - WARNING - No se pudo obtener confianza de mano: 'google._upb._message.RepeatedCompositeContainer' object has no attribute 'score'
2025-11-16 11:27:25,743 - PictionaryLive - INFO - Mano(s) detectada(s): 1, confianza: 0.00, velocidad: 0.0104
2025-11-16 11:27:25,789 - PictionaryLive - INFO - No se detectó mano en este frame
2025-11-16 11:27:25,847 - PictionaryLive - INFO - No se detectó mano en este frame
2025-11-16 11:27:25,884 - PictionaryLive - INFO - No se detectó mano en este frame
2025-11-16 11:27:25,918 - PictionaryLive - INFO - No se detectó mano en este frame
2025-11-16 11:27:25,967 - PictionaryLive - INFO - No se detectó mano en este frame
2025-11-16 11:27:26,001 - PictionaryLive - INFO - No se detectó mano en este frame
2025-11-16 11:27:26,038 - PictionaryLive - INFO - No se detectó mano en este frame
2025-11-16 11:27:26,080 - PictionaryLive - INFO - No se detectó mano en este frame
2025-11-16 11:27:26,106 - PictionaryLive - INFO - No se detectó mano en este frame
2025-11-16 11:27:26,147 - PictionaryLive - INFO - No se detectó mano en este frame
2025-11-16 11:27:26,192 - PictionaryLive - INFO - No se detectó mano en este frame
2025-11-16 11:27:26,247 - PictionaryLive - INFO - No se detectó mano en este frame
2025-11-16 11:27:26,272 - PictionaryLive - INFO - No se detectó mano en este frame
2025-11-16 11:27:26,319 - PictionaryLive - INFO - No se detectó mano en este frame
2025-11-16 11:27:26,352 - PictionaryLive - INFO - No se detectó mano en este frame
2025-11-16 11:27:26,386 - PictionaryLive - INFO - No se detectó mano en este frame
2025-11-16 11:27:26,423 - PictionaryLive - INFO - No se detectó mano en este frame
2025-11-16 11:27:26,457 - PictionaryLive - INFO - No se detectó mano en este frame
2025-11-16 11:27:26,490 - PictionaryLive - INFO - No se detectó mano en este frame
2025-11-16 11:27:26,535 - PictionaryLive - INFO - No se detectó mano en este frame
2025-11-16 11:27:26,568 - PictionaryLive - INFO - No se detectó mano en este frame
2025-11-16 11:27:26,613 - PictionaryLive - INFO - No se detectó mano en este frame
2025-11-16 11:27:26,640 - PictionaryLive - INFO - No se detectó mano en este frame
2025-11-16 11:27:26,669 - PictionaryLive - INFO - No se detectó mano en este frame
2025-11-16 11:27:26,706 - PictionaryLive - INFO - No se detectó mano en este frame
2025-11-16 11:27:26,740 - PictionaryLive - INFO - No se detectó mano en este frame
2025-11-16 11:27:26,774 - PictionaryLive - INFO - No se detectó mano en este frame
2025-11-16 11:27:26,815 - PictionaryLive - INFO - No se detectó mano en este frame
2025-11-16 11:27:26,852 - PictionaryLive - INFO - No se detectó mano en este frame
2025-11-16 11:27:26,885 - PictionaryLive - INFO - No se detectó mano en este frame
2025-11-16 11:27:26,923 - PictionaryLive - INFO - No se detectó mano en este frame
2025-11-16 11:27:26,952 - PictionaryLive - INFO - No se detectó mano en este frame
2025-11-16 11:27:26,990 - PictionaryLive - INFO - No se detectó mano en este frame
2025-11-16 11:27:27,019 - PictionaryLive - INFO - No se detectó mano en este frame
2025-11-16 11:27:27,058 - PictionaryLive - INFO - No se detectó mano en este frame
2025-11-16 11:27:27,090 - PictionaryLive - INFO - No se detectó mano en este frame
2025-11-16 11:27:27,130 - PictionaryLive - INFO - No se detectó mano en este frame
2025-11-16 11:27:27,164 - PictionaryLive - INFO - No se detectó mano en este frame
2025-11-16 11:27:27,202 - PictionaryLive - INFO - No se detectó mano en este frame
2025-11-16 11:27:27,236 - PictionaryLive - INFO - No se detectó mano en este frame
2025-11-16 11:27:27,274 - PictionaryLive - INFO - No se detectó mano en este frame
2025-11-16 11:27:27,308 - PictionaryLive - INFO - No se detectó mano en este frame
2025-11-16 11:27:27,346 - PictionaryLive - INFO - No se detectó mano en este frame
2025-11-16 11:27:27,377 - PictionaryLive - INFO - No se detectó mano en este frame
2025-11-16 11:27:27,408 - PictionaryLive - INFO - No se detectó mano en este frame
2025-11-16 11:27:27,441 - PictionaryLive - INFO - No se detectó mano en este frame
2025-11-16 11:27:27,480 - PictionaryLive - INFO - No se detectó mano en este frame
2025-11-16 11:27:27,512 - PictionaryLive - INFO - No se detectó mano en este frame
2025-11-16 11:27:27,545 - PictionaryLive - INFO - No se detectó mano en este frame
2025-11-16 11:27:27,585 - PictionaryLive - INFO - No se detectó mano en este frame
2025-11-16 11:27:27,621 - PictionaryLive - INFO - No se detectó mano en este frame
2025-11-16 11:27:27,689 - PictionaryLive - INFO - No se detectó mano en este frame
2025-11-16 11:27:27,717 - PictionaryLive - INFO - No se detectó mano en este frame
2025-11-16 11:27:27,767 - PictionaryLive - INFO - No se detectó mano en este frame
2025-11-16 11:27:27,797 - PictionaryLive - INFO - No se detectó mano en este frame
2025-11-16 11:27:27,835 - PictionaryLive - INFO - No se detectó mano en este frame
2025-11-16 11:27:27,869 - PictionaryLive - INFO - No se detectó mano en este frame
2025-11-16 11:27:27,911 - PictionaryLive - INFO - No se detectó mano en este frame
2025-11-16 11:27:27,940 - PictionaryLive - INFO - No se detectó mano en este frame
2025-11-16 11:27:27,973 - PictionaryLive - INFO - No se detectó mano en este frame
2025-11-16 11:27:28,012 - PictionaryLive - INFO - No se detectó mano en este frame
2025-11-16 11:27:28,039 - PictionaryLive - INFO - No se detectó mano en este frame
2025-11-16 11:27:28,086 - PictionaryLive - INFO - No se detectó mano en este frame
2025-11-16 11:27:28,129 - PictionaryLive - INFO - No se detectó mano en este frame
2025-11-16 11:27:28,157 - PictionaryLive - INFO - No se detectó mano en este frame
2025-11-16 11:27:28,197 - PictionaryLive - INFO - No se detectó mano en este frame
2025-11-16 11:27:28,238 - PictionaryLive - INFO - No se detectó mano en este frame
2025-11-16 11:27:28,269 - PictionaryLive - INFO - No se detectó mano en este frame
2025-11-16 11:27:28,306 - PictionaryLive - INFO - No se detectó mano en este frame
2025-11-16 11:27:28,345 - PictionaryLive - INFO - No se detectó mano en este frame
2025-11-16 11:27:28,373 - PictionaryLive - INFO - No se detectó mano en este frame
2025-11-16 11:27:28,407 - PictionaryLive - INFO - No se detectó mano en este frame
2025-11-16 11:27:28,445 - PictionaryLive - INFO - No se detectó mano en este frame
2025-11-16 11:27:28,473 - PictionaryLive - INFO - No se detectó mano en este frame
2025-11-16 11:27:28,507 - PictionaryLive - INFO - No se detectó mano en este frame
2025-11-16 11:27:28,568 - PictionaryLive - INFO - No se detectó mano en este frame
2025-11-16 11:27:28,602 - PictionaryLive - INFO - No se detectó mano en este frame
2025-11-16 11:27:28,651 - PictionaryLive - INFO - No se detectó mano en este frame
2025-11-16 11:27:28,709 - PictionaryLive - INFO - No se detectó mano en este frame
2025-11-16 11:27:28,739 - PictionaryLive - INFO - No se detectó mano en este frame
2025-11-16 11:27:28,773 - PictionaryLive - INFO - No se detectó mano en este frame
2025-11-16 11:27:28,806 - PictionaryLive - INFO - No se detectó mano en este frame
2025-11-16 11:27:28,852 - PictionaryLive - INFO - No se detectó mano en este frame
2025-11-16 11:27:28,895 - PictionaryLive - INFO - No se detectó mano en este frame
2025-11-16 11:27:28,925 - PictionaryLive - INFO - No se detectó mano en este frame
2025-11-16 11:27:28,992 - PictionaryLive - INFO - Usuario cerró la ventana - saliendo
2025-11-16 11:27:29,250 - PictionaryLive - INFO - 
Aplicación cerrada
