2025-11-16 12:30:00,564 - PictionaryLive - INFO - ======================================================================
2025-11-16 12:30:00,564 - PictionaryLive - INFO - PICTIONARY LIVE - Inicializando
2025-11-16 12:30:00,564 - PictionaryLive - INFO - ======================================================================
2025-11-16 12:30:00,571 - PictionaryLive - INFO - MediaPipe Hands inicializado
2025-11-16 12:30:00,571 - PictionaryLive - INFO -   Thresholds: detection=0.2, tracking=0.2
2025-11-16 12:30:00,572 - PictionaryLive - INFO - Modelo info cargado: 3 clases
2025-11-16 12:30:00,572 - PictionaryLive - INFO - Modo demo activado
2025-11-16 12:30:00,572 - PictionaryLive - INFO - 
======================================================================
2025-11-16 12:30:00,573 - PictionaryLive - INFO - VALIDACIÓN DE SETUP
2025-11-16 12:30:00,573 - PictionaryLive - INFO - ======================================================================
2025-11-16 12:30:00,573 - PictionaryLive - INFO -   [OK] IA folder
2025-11-16 12:30:00,573 - PictionaryLive - INFO -   [OK] model_info.json
2025-11-16 12:30:00,574 - PictionaryLive - INFO -   [OK] Hand Detector
2025-11-16 12:30:00,574 - PictionaryLive - INFO -   [OK] Classifier
2025-11-16 12:30:00,574 - PictionaryLive - INFO -   [OK] Stroke Accumulator
2025-11-16 12:30:00,574 - PictionaryLive - INFO -   [OK] Preprocessor
2025-11-16 12:30:00,574 - PictionaryLive - INFO -   [OK] UI
2025-11-16 12:30:00,574 - PictionaryLive - INFO - ======================================================================

2025-11-16 12:30:00,574 - PictionaryLive - INFO - Aplicación inicializada correctamente
2025-11-16 12:30:00,574 - PictionaryLive - INFO - 
[DRY RUN] Informacion del modelo:
2025-11-16 12:30:00,574 - PictionaryLive - INFO -   Input shape: (28, 28, 1)
2025-11-16 12:30:00,574 - PictionaryLive - INFO -   Total de clases: 3
2025-11-16 12:30:00,575 - PictionaryLive - INFO -   Primeras 10 clases: ['apple', 'banana', 'car']
2025-11-16 12:30:00,575 - PictionaryLive - INFO - [DRY RUN] Setup validado correctamente - Listo para usar

2025-11-16 12:30:00,583 - PictionaryLive - INFO - ======================================================================
2025-11-16 12:30:00,583 - PictionaryLive - INFO - PICTIONARY LIVE - Inicializando
2025-11-16 12:30:00,583 - PictionaryLive - INFO - ======================================================================
2025-11-16 12:30:00,590 - PictionaryLive - INFO - MediaPipe Hands inicializado
2025-11-16 12:30:00,590 - PictionaryLive - INFO -   Thresholds: detection=0.2, tracking=0.2
2025-11-16 12:30:00,592 - PictionaryLive - INFO - Modelo info cargado: 3 clases
2025-11-16 12:30:00,592 - PictionaryLive - INFO - Modo demo activado
2025-11-16 12:30:00,592 - PictionaryLive - INFO - 
======================================================================
2025-11-16 12:30:00,592 - PictionaryLive - INFO - VALIDACIÓN DE SETUP
2025-11-16 12:30:00,592 - PictionaryLive - INFO - ======================================================================
2025-11-16 12:30:00,593 - PictionaryLive - INFO -   [OK] IA folder
2025-11-16 12:30:00,593 - PictionaryLive - INFO -   [OK] model_info.json
2025-11-16 12:30:00,593 - PictionaryLive - INFO -   [OK] Hand Detector
2025-11-16 12:30:00,593 - PictionaryLive - INFO -   [OK] Classifier
2025-11-16 12:30:00,593 - PictionaryLive - INFO -   [OK] Stroke Accumulator
2025-11-16 12:30:00,593 - PictionaryLive - INFO -   [OK] Preprocessor
2025-11-16 12:30:00,593 - PictionaryLive - INFO -   [OK] UI
2025-11-16 12:30:00,594 - PictionaryLive - INFO -   [OK] Camara 0 (640x480)
2025-11-16 12:30:00,594 - PictionaryLive - INFO - ======================================================================

2025-11-16 12:30:00,594 - PictionaryLive - INFO - Aplicación inicializada correctamente
2025-11-16 12:30:00,594 - PictionaryLive - INFO - Cámara inicializada: 640x480 @ 30FPS
2025-11-16 12:30:00,594 - PictionaryLive - INFO - [VIVO] Iniciando captura. Presiona 'q' para salir, 's' para guardar.
2025-11-16 12:30:00,641 - PictionaryLive - INFO - No se detectó mano en este frame
2025-11-16 12:30:00,659 - PictionaryLive - INFO - No se detectó mano en este frame
2025-11-16 12:30:00,660 - PictionaryLive - INFO - Usuario presionó 'q' - saliendo
2025-11-16 12:30:00,660 - PictionaryLive - INFO - 
Aplicación cerrada
2025-11-16 12:30:00,664 - PictionaryLive - INFO - ======================================================================
2025-11-16 12:30:00,664 - PictionaryLive - INFO - PICTIONARY LIVE - Inicializando
2025-11-16 12:30:00,664 - PictionaryLive - INFO - ======================================================================
2025-11-16 12:30:00,670 - PictionaryLive - INFO - MediaPipe Hands inicializado
2025-11-16 12:30:00,670 - PictionaryLive - INFO -   Thresholds: detection=0.2, tracking=0.2
2025-11-16 12:30:00,672 - PictionaryLive - INFO - Modelo info cargado: 3 clases
2025-11-16 12:30:00,672 - PictionaryLive - INFO - Modo demo activado
2025-11-16 12:30:00,672 - PictionaryLive - INFO - 
======================================================================
2025-11-16 12:30:00,672 - PictionaryLive - INFO - VALIDACIÓN DE SETUP
2025-11-16 12:30:00,672 - PictionaryLive - INFO - ======================================================================
2025-11-16 12:30:00,673 - PictionaryLive - INFO -   [OK] IA folder
2025-11-16 12:30:00,673 - PictionaryLive - INFO -   [OK] model_info.json
2025-11-16 12:30:00,673 - PictionaryLive - INFO -   [OK] Hand Detector
2025-11-16 12:30:00,673 - PictionaryLive - INFO -   [OK] Classifier
2025-11-16 12:30:00,673 - PictionaryLive - INFO -   [OK] Stroke Accumulator
2025-11-16 12:30:00,673 - PictionaryLive - INFO -   [OK] Preprocessor
2025-11-16 12:30:00,673 - PictionaryLive - INFO -   [OK] UI
2025-11-16 12:30:00,674 - PictionaryLive - INFO -   [OK] Camara 0 (640x480)
2025-11-16 12:30:00,674 - PictionaryLive - INFO - ======================================================================

2025-11-16 12:30:00,674 - PictionaryLive - INFO - Aplicación inicializada correctamente
2025-11-16 12:30:00,674 - PictionaryLive - INFO - Cámara inicializada: 640x480 @ 30FPS
2025-11-16 12:30:00,679 - PictionaryLive - INFO - ======================================================================
2025-11-16 12:30:00,679 - PictionaryLive - INFO - PICTIONARY LIVE - Inicializando
2025-11-16 12:30:00,679 - PictionaryLive - INFO - ======================================================================
2025-11-16 12:30:00,686 - PictionaryLive - INFO - MediaPipe Hands inicializado
2025-11-16 12:30:00,686 - PictionaryLive - INFO -   Thresholds: detection=0.2, tracking=0.2
2025-11-16 12:30:00,688 - PictionaryLive - INFO - Modelo info cargado: 3 clases
2025-11-16 12:30:00,688 - PictionaryLive - INFO - Modo demo activado
2025-11-16 12:30:00,688 - PictionaryLive - INFO - 
======================================================================
2025-11-16 12:30:00,689 - PictionaryLive - INFO - VALIDACIÓN DE SETUP
2025-11-16 12:30:00,689 - PictionaryLive - INFO - ======================================================================
2025-11-16 12:30:00,689 - PictionaryLive - INFO -   [OK] IA folder
2025-11-16 12:30:00,689 - PictionaryLive - INFO -   [OK] model_info.json
2025-11-16 12:30:00,689 - PictionaryLive - INFO -   [OK] Hand Detector
2025-11-16 12:30:00,689 - PictionaryLive - INFO -   [OK] Classifier
2025-11-16 12:30:00,690 - PictionaryLive - INFO -   [OK] Stroke Accumulator
2025-11-16 12:30:00,690 - PictionaryLive - INFO -   [OK] Preprocessor
2025-11-16 12:30:00,690 - PictionaryLive - INFO -   [OK] UI
2025-11-16 12:30:00,690 - PictionaryLive - WARNING -   [FAIL] Camara 0 - intento 1/3
2025-11-16 12:30:01,691 - PictionaryLive - WARNING -   [FAIL] Camara 0 - intento 2/3
2025-11-16 12:30:02,692 - PictionaryLive - WARNING -   [FAIL] Camara 0 - intento 3/3
2025-11-16 12:30:02,692 - PictionaryLive - ERROR -   [FAIL] Camara 0 no disponible después de 3 intentos
2025-11-16 12:30:02,692 - PictionaryLive - INFO - ======================================================================

2025-11-16 12:30:02,692 - PictionaryLive - WARNING - Algunos componentes fallaron - la aplicación puede funcionar con limitaciones
2025-11-16 12:30:02,692 - PictionaryLive - INFO - Componentes críticos: Hand Detector, Classifier, Camera
2025-11-16 12:30:02,692 - PictionaryLive - WARNING - Validación de setup incompleta - continuando con fallbacks
2025-11-16 12:30:02,692 - PictionaryLive - INFO - Aplicación inicializada correctamente
