2025-11-16 12:24:53,014 - PictionaryLive - INFO - ======================================================================
2025-11-16 12:24:53,014 - PictionaryLive - INFO - PICTIONARY LIVE - Inicializando
2025-11-16 12:24:53,014 - PictionaryLive - INFO - ======================================================================
2025-11-16 12:24:53,031 - PictionaryLive - INFO - MediaPipe Hands inicializado
2025-11-16 12:24:53,031 - PictionaryLive - INFO -   Thresholds: detection=0.2, tracking=0.2
2025-11-16 12:24:53,033 - PictionaryLive - INFO - Modelo info cargado: 3 clases
2025-11-16 12:24:53,033 - PictionaryLive - INFO - Modo demo activado
2025-11-16 12:24:53,033 - PictionaryLive - INFO - 
======================================================================
2025-11-16 12:24:53,033 - PictionaryLive - INFO - VALIDACIÓN DE SETUP
2025-11-16 12:24:53,033 - PictionaryLive - INFO - ======================================================================
2025-11-16 12:24:53,034 - PictionaryLive - INFO -   [OK] IA folder
2025-11-16 12:24:53,034 - PictionaryLive - INFO -   [OK] model_info.json
2025-11-16 12:24:53,034 - PictionaryLive - INFO -   [OK] Hand Detector
2025-11-16 12:24:53,034 - PictionaryLive - INFO -   [OK] Classifier
2025-11-16 12:24:53,034 - PictionaryLive - INFO -   [OK] Stroke Accumulator
2025-11-16 12:24:53,034 - PictionaryLive - INFO -   [OK] Preprocessor
2025-11-16 12:24:53,034 - PictionaryLive - INFO -   [OK] UI
2025-11-16 12:25:00,317 - PictionaryLive - INFO -   [OK] Camara 0 (640x480)
2025-11-16 12:25:00,334 - PictionaryLive - INFO - ======================================================================

2025-11-16 12:25:00,334 - PictionaryLive - INFO - Aplicación inicializada correctamente
2025-11-16 12:25:00,335 - PictionaryLive - INFO - [OK] Captura guardada: frame_20251116_122500.png
