2025-11-16 12:40:13,587 - PictionaryLive - INFO - ======================================================================
2025-11-16 12:40:13,588 - PictionaryLive - INFO - PICTIONARY LIVE - Inicializando
2025-11-16 12:40:13,588 - PictionaryLive - INFO - ======================================================================
2025-11-16 12:40:13,595 - PictionaryLive - INFO - MediaPipe Hands inicializado
2025-11-16 12:40:13,596 - PictionaryLive - INFO -   Thresholds: detection=0.2, tracking=0.2
2025-11-16 12:40:13,596 - PictionaryLive - INFO - Modelo info cargado: 228 clases
2025-11-16 12:40:13,597 - PictionaryLive - INFO - Modo demo activado
2025-11-16 12:40:13,597 - PictionaryLive - INFO - 
======================================================================
2025-11-16 12:40:13,597 - PictionaryLive - INFO - VALIDACIÓN DE SETUP
2025-11-16 12:40:13,597 - PictionaryLive - INFO - ======================================================================
2025-11-16 12:40:13,598 - PictionaryLive - INFO -   [OK] IA folder
2025-11-16 12:40:13,598 - PictionaryLive - INFO -   [OK] model_info.json
2025-11-16 12:40:13,598 - PictionaryLive - INFO -   [OK] Hand Detector
2025-11-16 12:40:13,598 - PictionaryLive - INFO -   [OK] Classifier
2025-11-16 12:40:13,599 - PictionaryLive - INFO -   [OK] Stroke Accumulator
2025-11-16 12:40:13,599 - PictionaryLive - INFO -   [OK] Preprocessor
2025-11-16 12:40:13,599 - PictionaryLive - INFO -   [OK] UI
2025-11-16 12:40:21,475 - PictionaryLive - INFO -   [OK] Camara 0 (640x480)
2025-11-16 12:40:21,475 - PictionaryLive - INFO - ======================================================================

2025-11-16 12:40:21,475 - PictionaryLive - INFO - Aplicación inicializada correctamente
2025-11-16 12:40:50,932 - PictionaryLive - INFO - Cámara inicializada: 640x480 @ 30FPS
2025-11-16 12:40:50,932 - PictionaryLive - INFO - [VIVO] Iniciando captura. Presiona 'q' para salir, 's' para guardar.
2025-11-16 12:40:52,108 - PictionaryLive - INFO - No se detectó mano en este frame
2025-11-16 12:40:52,147 - PictionaryLive - INFO - No se detectó mano en este frame
2025-11-16 12:40:52,182 - PictionaryLive - INFO - No se detectó mano en este frame
2025-11-16 12:40:52,210 - PictionaryLive - INFO - No se detectó mano en este frame
2025-11-16 12:40:52,249 - PictionaryLive - INFO - No se detectó mano en este frame
2025-11-16 12:40:52,282 - PictionaryLive - INFO - No se detectó mano en este frame
2025-11-16 12:40:52,310 - PictionaryLive - INFO - No se detectó mano en este frame
2025-11-16 12:40:52,359 - PictionaryLive - INFO - No se detectó mano en este frame
2025-11-16 12:40:52,410 - PictionaryLive - INFO - No se detectó mano en este frame
2025-11-16 12:40:52,459 - PictionaryLive - WARNING - No se pudo obtener confianza de mano: 'google._upb._message.RepeatedCompositeContainer' object has no attribute 'score'
2025-11-16 12:40:52,459 - PictionaryLive - INFO - Mano(s) detectada(s): 1, confianza: 0.00, velocidad: 0.0000
2025-11-16 12:40:52,509 - PictionaryLive - WARNING - No se pudo obtener confianza de mano: 'google._upb._message.RepeatedCompositeContainer' object has no attribute 'score'
2025-11-16 12:40:52,509 - PictionaryLive - INFO - Mano(s) detectada(s): 1, confianza: 0.00, velocidad: 0.0803
2025-11-16 12:40:52,562 - PictionaryLive - WARNING - No se pudo obtener confianza de mano: 'google._upb._message.RepeatedCompositeContainer' object has no attribute 'score'
2025-11-16 12:40:52,562 - PictionaryLive - INFO - Mano(s) detectada(s): 1, confianza: 0.00, velocidad: 0.0616
2025-11-16 12:40:52,626 - PictionaryLive - WARNING - No se pudo obtener confianza de mano: 'google._upb._message.RepeatedCompositeContainer' object has no attribute 'score'
2025-11-16 12:40:52,626 - PictionaryLive - INFO - Mano(s) detectada(s): 2, confianza: 0.00, velocidad: 0.1776
2025-11-16 12:40:52,663 - PictionaryLive - WARNING - No se pudo obtener confianza de mano: 'google._upb._message.RepeatedCompositeContainer' object has no attribute 'score'
2025-11-16 12:40:52,664 - PictionaryLive - INFO - Mano(s) detectada(s): 1, confianza: 0.00, velocidad: 0.0321
2025-11-16 12:40:52,710 - PictionaryLive - WARNING - No se pudo obtener confianza de mano: 'google._upb._message.RepeatedCompositeContainer' object has no attribute 'score'
2025-11-16 12:40:52,710 - PictionaryLive - INFO - Mano(s) detectada(s): 1, confianza: 0.00, velocidad: 0.0294
2025-11-16 12:40:52,760 - PictionaryLive - WARNING - No se pudo obtener confianza de mano: 'google._upb._message.RepeatedCompositeContainer' object has no attribute 'score'
2025-11-16 12:40:52,760 - PictionaryLive - INFO - Mano(s) detectada(s): 1, confianza: 0.00, velocidad: 0.0241
2025-11-16 12:40:52,810 - PictionaryLive - WARNING - No se pudo obtener confianza de mano: 'google._upb._message.RepeatedCompositeContainer' object has no attribute 'score'
2025-11-16 12:40:52,810 - PictionaryLive - INFO - Mano(s) detectada(s): 1, confianza: 0.00, velocidad: 0.0185
2025-11-16 12:40:52,860 - PictionaryLive - WARNING - No se pudo obtener confianza de mano: 'google._upb._message.RepeatedCompositeContainer' object has no attribute 'score'
2025-11-16 12:40:52,860 - PictionaryLive - INFO - Mano(s) detectada(s): 1, confianza: 0.00, velocidad: 0.0169
2025-11-16 12:40:52,909 - PictionaryLive - WARNING - No se pudo obtener confianza de mano: 'google._upb._message.RepeatedCompositeContainer' object has no attribute 'score'
2025-11-16 12:40:52,909 - PictionaryLive - INFO - Mano(s) detectada(s): 1, confianza: 0.00, velocidad: 0.0191
2025-11-16 12:40:52,963 - PictionaryLive - WARNING - No se pudo obtener confianza de mano: 'google._upb._message.RepeatedCompositeContainer' object has no attribute 'score'
2025-11-16 12:40:52,963 - PictionaryLive - INFO - Mano(s) detectada(s): 1, confianza: 0.00, velocidad: 0.0472
2025-11-16 12:40:53,009 - PictionaryLive - WARNING - No se pudo obtener confianza de mano: 'google._upb._message.RepeatedCompositeContainer' object has no attribute 'score'
2025-11-16 12:40:53,009 - PictionaryLive - INFO - Mano(s) detectada(s): 1, confianza: 0.00, velocidad: 0.0040
2025-11-16 12:40:53,060 - PictionaryLive - WARNING - No se pudo obtener confianza de mano: 'google._upb._message.RepeatedCompositeContainer' object has no attribute 'score'
2025-11-16 12:40:53,060 - PictionaryLive - INFO - Mano(s) detectada(s): 1, confianza: 0.00, velocidad: 0.0111
2025-11-16 12:40:53,110 - PictionaryLive - WARNING - No se pudo obtener confianza de mano: 'google._upb._message.RepeatedCompositeContainer' object has no attribute 'score'
2025-11-16 12:40:53,110 - PictionaryLive - INFO - Mano(s) detectada(s): 1, confianza: 0.00, velocidad: 0.0105
2025-11-16 12:40:53,160 - PictionaryLive - WARNING - No se pudo obtener confianza de mano: 'google._upb._message.RepeatedCompositeContainer' object has no attribute 'score'
2025-11-16 12:40:53,160 - PictionaryLive - INFO - Mano(s) detectada(s): 1, confianza: 0.00, velocidad: 0.0122
2025-11-16 12:40:53,213 - PictionaryLive - WARNING - No se pudo obtener confianza de mano: 'google._upb._message.RepeatedCompositeContainer' object has no attribute 'score'
2025-11-16 12:40:53,214 - PictionaryLive - INFO - Mano(s) detectada(s): 1, confianza: 0.00, velocidad: 0.0115
2025-11-16 12:40:53,260 - PictionaryLive - WARNING - No se pudo obtener confianza de mano: 'google._upb._message.RepeatedCompositeContainer' object has no attribute 'score'
2025-11-16 12:40:53,260 - PictionaryLive - INFO - Mano(s) detectada(s): 1, confianza: 0.00, velocidad: 0.0190
2025-11-16 12:40:53,313 - PictionaryLive - WARNING - No se pudo obtener confianza de mano: 'google._upb._message.RepeatedCompositeContainer' object has no attribute 'score'
2025-11-16 12:40:53,313 - PictionaryLive - INFO - Mano(s) detectada(s): 1, confianza: 0.00, velocidad: 0.0048
2025-11-16 12:40:53,360 - PictionaryLive - WARNING - No se pudo obtener confianza de mano: 'google._upb._message.RepeatedCompositeContainer' object has no attribute 'score'
2025-11-16 12:40:53,360 - PictionaryLive - INFO - Mano(s) detectada(s): 1, confianza: 0.00, velocidad: 0.0182
2025-11-16 12:40:53,410 - PictionaryLive - WARNING - No se pudo obtener confianza de mano: 'google._upb._message.RepeatedCompositeContainer' object has no attribute 'score'
2025-11-16 12:40:53,410 - PictionaryLive - INFO - Mano(s) detectada(s): 1, confianza: 0.00, velocidad: 0.0097
2025-11-16 12:40:53,460 - PictionaryLive - WARNING - No se pudo obtener confianza de mano: 'google._upb._message.RepeatedCompositeContainer' object has no attribute 'score'
2025-11-16 12:40:53,460 - PictionaryLive - INFO - Mano(s) detectada(s): 1, confianza: 0.00, velocidad: 0.0091
2025-11-16 12:40:53,510 - PictionaryLive - WARNING - No se pudo obtener confianza de mano: 'google._upb._message.RepeatedCompositeContainer' object has no attribute 'score'
2025-11-16 12:40:53,510 - PictionaryLive - INFO - Mano(s) detectada(s): 1, confianza: 0.00, velocidad: 0.0478
2025-11-16 12:40:53,560 - PictionaryLive - WARNING - No se pudo obtener confianza de mano: 'google._upb._message.RepeatedCompositeContainer' object has no attribute 'score'
2025-11-16 12:40:53,560 - PictionaryLive - INFO - Mano(s) detectada(s): 1, confianza: 0.00, velocidad: 0.0194
2025-11-16 12:40:53,610 - PictionaryLive - WARNING - No se pudo obtener confianza de mano: 'google._upb._message.RepeatedCompositeContainer' object has no attribute 'score'
2025-11-16 12:40:53,610 - PictionaryLive - INFO - Mano(s) detectada(s): 1, confianza: 0.00, velocidad: 0.0164
2025-11-16 12:40:53,660 - PictionaryLive - WARNING - No se pudo obtener confianza de mano: 'google._upb._message.RepeatedCompositeContainer' object has no attribute 'score'
2025-11-16 12:40:53,660 - PictionaryLive - INFO - Mano(s) detectada(s): 1, confianza: 0.00, velocidad: 0.0182
2025-11-16 12:40:53,710 - PictionaryLive - WARNING - No se pudo obtener confianza de mano: 'google._upb._message.RepeatedCompositeContainer' object has no attribute 'score'
2025-11-16 12:40:53,710 - PictionaryLive - INFO - Mano(s) detectada(s): 1, confianza: 0.00, velocidad: 0.0033
2025-11-16 12:40:53,762 - PictionaryLive - WARNING - No se pudo obtener confianza de mano: 'google._upb._message.RepeatedCompositeContainer' object has no attribute 'score'
2025-11-16 12:40:53,763 - PictionaryLive - INFO - Mano(s) detectada(s): 1, confianza: 0.00, velocidad: 0.0178
2025-11-16 12:40:53,810 - PictionaryLive - WARNING - No se pudo obtener confianza de mano: 'google._upb._message.RepeatedCompositeContainer' object has no attribute 'score'
2025-11-16 12:40:53,810 - PictionaryLive - INFO - Mano(s) detectada(s): 1, confianza: 0.00, velocidad: 0.0953
2025-11-16 12:40:53,860 - PictionaryLive - WARNING - No se pudo obtener confianza de mano: 'google._upb._message.RepeatedCompositeContainer' object has no attribute 'score'
2025-11-16 12:40:53,860 - PictionaryLive - INFO - Mano(s) detectada(s): 1, confianza: 0.00, velocidad: 0.0268
2025-11-16 12:40:53,910 - PictionaryLive - WARNING - No se pudo obtener confianza de mano: 'google._upb._message.RepeatedCompositeContainer' object has no attribute 'score'
2025-11-16 12:40:53,910 - PictionaryLive - INFO - Mano(s) detectada(s): 1, confianza: 0.00, velocidad: 0.0280
2025-11-16 12:40:53,962 - PictionaryLive - WARNING - No se pudo obtener confianza de mano: 'google._upb._message.RepeatedCompositeContainer' object has no attribute 'score'
2025-11-16 12:40:53,963 - PictionaryLive - INFO - Mano(s) detectada(s): 1, confianza: 0.00, velocidad: 0.0275
2025-11-16 12:40:54,010 - PictionaryLive - WARNING - No se pudo obtener confianza de mano: 'google._upb._message.RepeatedCompositeContainer' object has no attribute 'score'
2025-11-16 12:40:54,010 - PictionaryLive - INFO - Mano(s) detectada(s): 1, confianza: 0.00, velocidad: 0.0335
2025-11-16 12:40:54,060 - PictionaryLive - WARNING - No se pudo obtener confianza de mano: 'google._upb._message.RepeatedCompositeContainer' object has no attribute 'score'
2025-11-16 12:40:54,060 - PictionaryLive - INFO - Mano(s) detectada(s): 1, confianza: 0.00, velocidad: 0.1185
2025-11-16 12:40:54,110 - PictionaryLive - WARNING - No se pudo obtener confianza de mano: 'google._upb._message.RepeatedCompositeContainer' object has no attribute 'score'
2025-11-16 12:40:54,110 - PictionaryLive - INFO - Mano(s) detectada(s): 1, confianza: 0.00, velocidad: 0.0412
2025-11-16 12:40:54,160 - PictionaryLive - WARNING - No se pudo obtener confianza de mano: 'google._upb._message.RepeatedCompositeContainer' object has no attribute 'score'
2025-11-16 12:40:54,160 - PictionaryLive - INFO - Mano(s) detectada(s): 1, confianza: 0.00, velocidad: 0.0080
2025-11-16 12:40:54,210 - PictionaryLive - WARNING - No se pudo obtener confianza de mano: 'google._upb._message.RepeatedCompositeContainer' object has no attribute 'score'
2025-11-16 12:40:54,210 - PictionaryLive - INFO - Mano(s) detectada(s): 1, confianza: 0.00, velocidad: 0.0148
2025-11-16 12:40:54,265 - PictionaryLive - WARNING - No se pudo obtener confianza de mano: 'google._upb._message.RepeatedCompositeContainer' object has no attribute 'score'
2025-11-16 12:40:54,265 - PictionaryLive - INFO - Mano(s) detectada(s): 1, confianza: 0.00, velocidad: 0.0175
2025-11-16 12:40:54,313 - PictionaryLive - WARNING - No se pudo obtener confianza de mano: 'google._upb._message.RepeatedCompositeContainer' object has no attribute 'score'
2025-11-16 12:40:54,313 - PictionaryLive - INFO - Mano(s) detectada(s): 1, confianza: 0.00, velocidad: 0.0239
2025-11-16 12:40:54,360 - PictionaryLive - WARNING - No se pudo obtener confianza de mano: 'google._upb._message.RepeatedCompositeContainer' object has no attribute 'score'
2025-11-16 12:40:54,360 - PictionaryLive - INFO - Mano(s) detectada(s): 1, confianza: 0.00, velocidad: 0.0806
2025-11-16 12:40:54,418 - PictionaryLive - WARNING - No se pudo obtener confianza de mano: 'google._upb._message.RepeatedCompositeContainer' object has no attribute 'score'
2025-11-16 12:40:54,418 - PictionaryLive - INFO - Mano(s) detectada(s): 1, confianza: 0.00, velocidad: 0.0310
2025-11-16 12:40:54,462 - PictionaryLive - WARNING - No se pudo obtener confianza de mano: 'google._upb._message.RepeatedCompositeContainer' object has no attribute 'score'
2025-11-16 12:40:54,462 - PictionaryLive - INFO - Mano(s) detectada(s): 1, confianza: 0.00, velocidad: 0.0291
2025-11-16 12:40:54,510 - PictionaryLive - WARNING - No se pudo obtener confianza de mano: 'google._upb._message.RepeatedCompositeContainer' object has no attribute 'score'
2025-11-16 12:40:54,510 - PictionaryLive - INFO - Mano(s) detectada(s): 1, confianza: 0.00, velocidad: 0.0262
2025-11-16 12:40:54,565 - PictionaryLive - WARNING - No se pudo obtener confianza de mano: 'google._upb._message.RepeatedCompositeContainer' object has no attribute 'score'
2025-11-16 12:40:54,565 - PictionaryLive - INFO - Mano(s) detectada(s): 1, confianza: 0.00, velocidad: 0.0465
2025-11-16 12:40:54,610 - PictionaryLive - WARNING - No se pudo obtener confianza de mano: 'google._upb._message.RepeatedCompositeContainer' object has no attribute 'score'
2025-11-16 12:40:54,610 - PictionaryLive - INFO - Mano(s) detectada(s): 1, confianza: 0.00, velocidad: 0.0247
2025-11-16 12:40:54,665 - PictionaryLive - WARNING - No se pudo obtener confianza de mano: 'google._upb._message.RepeatedCompositeContainer' object has no attribute 'score'
2025-11-16 12:40:54,665 - PictionaryLive - INFO - Mano(s) detectada(s): 1, confianza: 0.00, velocidad: 0.0232
2025-11-16 12:40:54,715 - PictionaryLive - WARNING - No se pudo obtener confianza de mano: 'google._upb._message.RepeatedCompositeContainer' object has no attribute 'score'
2025-11-16 12:40:54,716 - PictionaryLive - INFO - Mano(s) detectada(s): 1, confianza: 0.00, velocidad: 0.0831
2025-11-16 12:40:54,764 - PictionaryLive - WARNING - No se pudo obtener confianza de mano: 'google._upb._message.RepeatedCompositeContainer' object has no attribute 'score'
2025-11-16 12:40:54,764 - PictionaryLive - INFO - Mano(s) detectada(s): 1, confianza: 0.00, velocidad: 0.0398
2025-11-16 12:40:54,810 - PictionaryLive - WARNING - No se pudo obtener confianza de mano: 'google._upb._message.RepeatedCompositeContainer' object has no attribute 'score'
2025-11-16 12:40:54,810 - PictionaryLive - INFO - Mano(s) detectada(s): 1, confianza: 0.00, velocidad: 0.0407
2025-11-16 12:40:54,860 - PictionaryLive - WARNING - No se pudo obtener confianza de mano: 'google._upb._message.RepeatedCompositeContainer' object has no attribute 'score'
2025-11-16 12:40:54,860 - PictionaryLive - INFO - Mano(s) detectada(s): 1, confianza: 0.00, velocidad: 0.0499
2025-11-16 12:40:54,910 - PictionaryLive - WARNING - No se pudo obtener confianza de mano: 'google._upb._message.RepeatedCompositeContainer' object has no attribute 'score'
2025-11-16 12:40:54,910 - PictionaryLive - INFO - Mano(s) detectada(s): 1, confianza: 0.00, velocidad: 0.0564
2025-11-16 12:40:54,965 - PictionaryLive - WARNING - No se pudo obtener confianza de mano: 'google._upb._message.RepeatedCompositeContainer' object has no attribute 'score'
2025-11-16 12:40:54,965 - PictionaryLive - INFO - Mano(s) detectada(s): 1, confianza: 0.00, velocidad: 0.0611
2025-11-16 12:40:55,015 - PictionaryLive - WARNING - No se pudo obtener confianza de mano: 'google._upb._message.RepeatedCompositeContainer' object has no attribute 'score'
2025-11-16 12:40:55,015 - PictionaryLive - INFO - Mano(s) detectada(s): 1, confianza: 0.00, velocidad: 0.1036
2025-11-16 12:40:55,060 - PictionaryLive - WARNING - No se pudo obtener confianza de mano: 'google._upb._message.RepeatedCompositeContainer' object has no attribute 'score'
2025-11-16 12:40:55,060 - PictionaryLive - INFO - Mano(s) detectada(s): 1, confianza: 0.00, velocidad: 0.1935
2025-11-16 12:40:55,110 - PictionaryLive - WARNING - No se pudo obtener confianza de mano: 'google._upb._message.RepeatedCompositeContainer' object has no attribute 'score'
2025-11-16 12:40:55,110 - PictionaryLive - INFO - Mano(s) detectada(s): 1, confianza: 0.00, velocidad: 0.0044
2025-11-16 12:40:55,161 - PictionaryLive - WARNING - No se pudo obtener confianza de mano: 'google._upb._message.RepeatedCompositeContainer' object has no attribute 'score'
2025-11-16 12:40:55,161 - PictionaryLive - INFO - Mano(s) detectada(s): 1, confianza: 0.00, velocidad: 0.0161
2025-11-16 12:40:55,210 - PictionaryLive - WARNING - No se pudo obtener confianza de mano: 'google._upb._message.RepeatedCompositeContainer' object has no attribute 'score'
2025-11-16 12:40:55,210 - PictionaryLive - INFO - Mano(s) detectada(s): 1, confianza: 0.00, velocidad: 0.0129
2025-11-16 12:40:55,267 - PictionaryLive - WARNING - No se pudo obtener confianza de mano: 'google._upb._message.RepeatedCompositeContainer' object has no attribute 'score'
2025-11-16 12:40:55,267 - PictionaryLive - INFO - Mano(s) detectada(s): 1, confianza: 0.00, velocidad: 0.0335
2025-11-16 12:40:55,326 - PictionaryLive - WARNING - No se pudo obtener confianza de mano: 'google._upb._message.RepeatedCompositeContainer' object has no attribute 'score'
2025-11-16 12:40:55,334 - PictionaryLive - INFO - Mano(s) detectada(s): 2, confianza: 0.00, velocidad: 0.1216
2025-11-16 12:40:55,381 - PictionaryLive - WARNING - No se pudo obtener confianza de mano: 'google._upb._message.RepeatedCompositeContainer' object has no attribute 'score'
2025-11-16 12:40:55,381 - PictionaryLive - INFO - Mano(s) detectada(s): 2, confianza: 0.00, velocidad: 0.0385
2025-11-16 12:40:55,429 - PictionaryLive - WARNING - No se pudo obtener confianza de mano: 'google._upb._message.RepeatedCompositeContainer' object has no attribute 'score'
2025-11-16 12:40:55,429 - PictionaryLive - INFO - Mano(s) detectada(s): 2, confianza: 0.00, velocidad: 0.0374
2025-11-16 12:40:55,465 - PictionaryLive - WARNING - No se pudo obtener confianza de mano: 'google._upb._message.RepeatedCompositeContainer' object has no attribute 'score'
2025-11-16 12:40:55,465 - PictionaryLive - INFO - Mano(s) detectada(s): 1, confianza: 0.00, velocidad: 0.0627
2025-11-16 12:40:55,512 - PictionaryLive - WARNING - No se pudo obtener confianza de mano: 'google._upb._message.RepeatedCompositeContainer' object has no attribute 'score'
2025-11-16 12:40:55,512 - PictionaryLive - INFO - Mano(s) detectada(s): 1, confianza: 0.00, velocidad: 0.0127
2025-11-16 12:40:55,513 - PictionaryLive - INFO - Predicción: baseball bat (66.4%)
2025-11-16 12:40:55,560 - PictionaryLive - WARNING - No se pudo obtener confianza de mano: 'google._upb._message.RepeatedCompositeContainer' object has no attribute 'score'
2025-11-16 12:40:55,560 - PictionaryLive - INFO - Mano(s) detectada(s): 1, confianza: 0.00, velocidad: 0.0501
2025-11-16 12:40:55,615 - PictionaryLive - WARNING - No se pudo obtener confianza de mano: 'google._upb._message.RepeatedCompositeContainer' object has no attribute 'score'
2025-11-16 12:40:55,615 - PictionaryLive - INFO - Mano(s) detectada(s): 1, confianza: 0.00, velocidad: 0.0314
2025-11-16 12:40:55,660 - PictionaryLive - WARNING - No se pudo obtener confianza de mano: 'google._upb._message.RepeatedCompositeContainer' object has no attribute 'score'
2025-11-16 12:40:55,660 - PictionaryLive - INFO - Mano(s) detectada(s): 1, confianza: 0.00, velocidad: 0.0349
2025-11-16 12:40:55,715 - PictionaryLive - WARNING - No se pudo obtener confianza de mano: 'google._upb._message.RepeatedCompositeContainer' object has no attribute 'score'
2025-11-16 12:40:55,715 - PictionaryLive - INFO - Mano(s) detectada(s): 1, confianza: 0.00, velocidad: 0.0901
2025-11-16 12:40:55,764 - PictionaryLive - WARNING - No se pudo obtener confianza de mano: 'google._upb._message.RepeatedCompositeContainer' object has no attribute 'score'
2025-11-16 12:40:55,765 - PictionaryLive - INFO - Mano(s) detectada(s): 1, confianza: 0.00, velocidad: 0.0292
2025-11-16 12:40:55,810 - PictionaryLive - WARNING - No se pudo obtener confianza de mano: 'google._upb._message.RepeatedCompositeContainer' object has no attribute 'score'
2025-11-16 12:40:55,810 - PictionaryLive - INFO - Mano(s) detectada(s): 1, confianza: 0.00, velocidad: 0.0897
2025-11-16 12:40:55,860 - PictionaryLive - WARNING - No se pudo obtener confianza de mano: 'google._upb._message.RepeatedCompositeContainer' object has no attribute 'score'
2025-11-16 12:40:55,860 - PictionaryLive - INFO - Mano(s) detectada(s): 1, confianza: 0.00, velocidad: 0.0809
2025-11-16 12:40:55,914 - PictionaryLive - WARNING - No se pudo obtener confianza de mano: 'google._upb._message.RepeatedCompositeContainer' object has no attribute 'score'
2025-11-16 12:40:55,915 - PictionaryLive - INFO - Mano(s) detectada(s): 1, confianza: 0.00, velocidad: 0.0083
2025-11-16 12:40:55,965 - PictionaryLive - WARNING - No se pudo obtener confianza de mano: 'google._upb._message.RepeatedCompositeContainer' object has no attribute 'score'
2025-11-16 12:40:55,966 - PictionaryLive - INFO - Mano(s) detectada(s): 1, confianza: 0.00, velocidad: 0.1473
2025-11-16 12:40:56,014 - PictionaryLive - WARNING - No se pudo obtener confianza de mano: 'google._upb._message.RepeatedCompositeContainer' object has no attribute 'score'
2025-11-16 12:40:56,014 - PictionaryLive - INFO - Mano(s) detectada(s): 1, confianza: 0.00, velocidad: 0.0128
2025-11-16 12:40:56,060 - PictionaryLive - WARNING - No se pudo obtener confianza de mano: 'google._upb._message.RepeatedCompositeContainer' object has no attribute 'score'
2025-11-16 12:40:56,060 - PictionaryLive - INFO - Mano(s) detectada(s): 1, confianza: 0.00, velocidad: 0.0149
2025-11-16 12:40:56,110 - PictionaryLive - WARNING - No se pudo obtener confianza de mano: 'google._upb._message.RepeatedCompositeContainer' object has no attribute 'score'
2025-11-16 12:40:56,110 - PictionaryLive - INFO - Mano(s) detectada(s): 1, confianza: 0.00, velocidad: 0.0234
2025-11-16 12:40:56,177 - PictionaryLive - WARNING - No se pudo obtener confianza de mano: 'google._upb._message.RepeatedCompositeContainer' object has no attribute 'score'
2025-11-16 12:40:56,177 - PictionaryLive - INFO - Mano(s) detectada(s): 2, confianza: 0.00, velocidad: 0.1673
2025-11-16 12:40:56,216 - PictionaryLive - WARNING - No se pudo obtener confianza de mano: 'google._upb._message.RepeatedCompositeContainer' object has no attribute 'score'
2025-11-16 12:40:56,216 - PictionaryLive - INFO - Mano(s) detectada(s): 1, confianza: 0.00, velocidad: 0.0190
2025-11-16 12:40:56,276 - PictionaryLive - WARNING - No se pudo obtener confianza de mano: 'google._upb._message.RepeatedCompositeContainer' object has no attribute 'score'
2025-11-16 12:40:56,276 - PictionaryLive - INFO - Mano(s) detectada(s): 2, confianza: 0.00, velocidad: 0.0192
2025-11-16 12:40:56,310 - PictionaryLive - WARNING - No se pudo obtener confianza de mano: 'google._upb._message.RepeatedCompositeContainer' object has no attribute 'score'
2025-11-16 12:40:56,310 - PictionaryLive - INFO - Mano(s) detectada(s): 1, confianza: 0.00, velocidad: 0.0110
2025-11-16 12:40:56,359 - PictionaryLive - WARNING - No se pudo obtener confianza de mano: 'google._upb._message.RepeatedCompositeContainer' object has no attribute 'score'
2025-11-16 12:40:56,359 - PictionaryLive - INFO - Mano(s) detectada(s): 1, confianza: 0.00, velocidad: 0.0176
2025-11-16 12:40:56,410 - PictionaryLive - WARNING - No se pudo obtener confianza de mano: 'google._upb._message.RepeatedCompositeContainer' object has no attribute 'score'
2025-11-16 12:40:56,410 - PictionaryLive - INFO - Mano(s) detectada(s): 1, confianza: 0.00, velocidad: 0.0139
2025-11-16 12:40:56,467 - PictionaryLive - WARNING - No se pudo obtener confianza de mano: 'google._upb._message.RepeatedCompositeContainer' object has no attribute 'score'
2025-11-16 12:40:56,467 - PictionaryLive - INFO - Mano(s) detectada(s): 1, confianza: 0.00, velocidad: 0.1061
2025-11-16 12:40:56,526 - PictionaryLive - WARNING - No se pudo obtener confianza de mano: 'google._upb._message.RepeatedCompositeContainer' object has no attribute 'score'
2025-11-16 12:40:56,526 - PictionaryLive - INFO - Mano(s) detectada(s): 1, confianza: 0.00, velocidad: 0.0823
2025-11-16 12:40:56,581 - PictionaryLive - WARNING - No se pudo obtener confianza de mano: 'google._upb._message.RepeatedCompositeContainer' object has no attribute 'score'
2025-11-16 12:40:56,581 - PictionaryLive - INFO - Mano(s) detectada(s): 1, confianza: 0.00, velocidad: 0.0235
2025-11-16 12:40:56,627 - PictionaryLive - WARNING - No se pudo obtener confianza de mano: 'google._upb._message.RepeatedCompositeContainer' object has no attribute 'score'
2025-11-16 12:40:56,627 - PictionaryLive - INFO - Mano(s) detectada(s): 1, confianza: 0.00, velocidad: 0.0408
2025-11-16 12:40:56,677 - PictionaryLive - WARNING - No se pudo obtener confianza de mano: 'google._upb._message.RepeatedCompositeContainer' object has no attribute 'score'
2025-11-16 12:40:56,677 - PictionaryLive - INFO - Mano(s) detectada(s): 1, confianza: 0.00, velocidad: 0.0573
2025-11-16 12:40:56,727 - PictionaryLive - WARNING - No se pudo obtener confianza de mano: 'google._upb._message.RepeatedCompositeContainer' object has no attribute 'score'
2025-11-16 12:40:56,727 - PictionaryLive - INFO - Mano(s) detectada(s): 1, confianza: 0.00, velocidad: 0.1703
2025-11-16 12:40:56,782 - PictionaryLive - WARNING - No se pudo obtener confianza de mano: 'google._upb._message.RepeatedCompositeContainer' object has no attribute 'score'
2025-11-16 12:40:56,782 - PictionaryLive - INFO - Mano(s) detectada(s): 1, confianza: 0.00, velocidad: 0.1040
2025-11-16 12:40:56,826 - PictionaryLive - WARNING - No se pudo obtener confianza de mano: 'google._upb._message.RepeatedCompositeContainer' object has no attribute 'score'
2025-11-16 12:40:56,826 - PictionaryLive - INFO - Mano(s) detectada(s): 1, confianza: 0.00, velocidad: 0.0465
2025-11-16 12:40:56,881 - PictionaryLive - WARNING - No se pudo obtener confianza de mano: 'google._upb._message.RepeatedCompositeContainer' object has no attribute 'score'
2025-11-16 12:40:56,882 - PictionaryLive - INFO - Mano(s) detectada(s): 1, confianza: 0.00, velocidad: 0.0432
2025-11-16 12:40:56,926 - PictionaryLive - WARNING - No se pudo obtener confianza de mano: 'google._upb._message.RepeatedCompositeContainer' object has no attribute 'score'
2025-11-16 12:40:56,926 - PictionaryLive - INFO - Mano(s) detectada(s): 1, confianza: 0.00, velocidad: 0.0440
2025-11-16 12:40:56,985 - PictionaryLive - WARNING - No se pudo obtener confianza de mano: 'google._upb._message.RepeatedCompositeContainer' object has no attribute 'score'
2025-11-16 12:40:56,985 - PictionaryLive - INFO - Mano(s) detectada(s): 1, confianza: 0.00, velocidad: 0.0498
2025-11-16 12:40:57,043 - PictionaryLive - WARNING - No se pudo obtener confianza de mano: 'google._upb._message.RepeatedCompositeContainer' object has no attribute 'score'
2025-11-16 12:40:57,043 - PictionaryLive - INFO - Mano(s) detectada(s): 1, confianza: 0.00, velocidad: 0.2634
2025-11-16 12:40:57,093 - PictionaryLive - WARNING - No se pudo obtener confianza de mano: 'google._upb._message.RepeatedCompositeContainer' object has no attribute 'score'
2025-11-16 12:40:57,093 - PictionaryLive - INFO - Mano(s) detectada(s): 1, confianza: 0.00, velocidad: 0.0889
2025-11-16 12:40:57,143 - PictionaryLive - WARNING - No se pudo obtener confianza de mano: 'google._upb._message.RepeatedCompositeContainer' object has no attribute 'score'
2025-11-16 12:40:57,143 - PictionaryLive - INFO - Mano(s) detectada(s): 1, confianza: 0.00, velocidad: 0.1329
2025-11-16 12:40:57,200 - PictionaryLive - WARNING - No se pudo obtener confianza de mano: 'google._upb._message.RepeatedCompositeContainer' object has no attribute 'score'
2025-11-16 12:40:57,200 - PictionaryLive - INFO - Mano(s) detectada(s): 1, confianza: 0.00, velocidad: 0.0351
2025-11-16 12:40:57,246 - PictionaryLive - WARNING - No se pudo obtener confianza de mano: 'google._upb._message.RepeatedCompositeContainer' object has no attribute 'score'
2025-11-16 12:40:57,246 - PictionaryLive - INFO - Mano(s) detectada(s): 1, confianza: 0.00, velocidad: 0.1979
2025-11-16 12:40:57,294 - PictionaryLive - WARNING - No se pudo obtener confianza de mano: 'google._upb._message.RepeatedCompositeContainer' object has no attribute 'score'
2025-11-16 12:40:57,294 - PictionaryLive - INFO - Mano(s) detectada(s): 1, confianza: 0.00, velocidad: 0.0818
2025-11-16 12:40:57,360 - PictionaryLive - WARNING - No se pudo obtener confianza de mano: 'google._upb._message.RepeatedCompositeContainer' object has no attribute 'score'
2025-11-16 12:40:57,360 - PictionaryLive - INFO - Mano(s) detectada(s): 2, confianza: 0.00, velocidad: 0.2105
2025-11-16 12:40:57,399 - PictionaryLive - WARNING - No se pudo obtener confianza de mano: 'google._upb._message.RepeatedCompositeContainer' object has no attribute 'score'
2025-11-16 12:40:57,399 - PictionaryLive - INFO - Mano(s) detectada(s): 1, confianza: 0.00, velocidad: 0.0117
2025-11-16 12:40:57,452 - PictionaryLive - WARNING - No se pudo obtener confianza de mano: 'google._upb._message.RepeatedCompositeContainer' object has no attribute 'score'
2025-11-16 12:40:57,452 - PictionaryLive - INFO - Mano(s) detectada(s): 1, confianza: 0.00, velocidad: 0.0702
2025-11-16 12:40:57,497 - PictionaryLive - WARNING - No se pudo obtener confianza de mano: 'google._upb._message.RepeatedCompositeContainer' object has no attribute 'score'
2025-11-16 12:40:57,497 - PictionaryLive - INFO - Mano(s) detectada(s): 1, confianza: 0.00, velocidad: 0.0231
2025-11-16 12:40:57,543 - PictionaryLive - WARNING - No se pudo obtener confianza de mano: 'google._upb._message.RepeatedCompositeContainer' object has no attribute 'score'
2025-11-16 12:40:57,543 - PictionaryLive - INFO - Mano(s) detectada(s): 1, confianza: 0.00, velocidad: 0.0212
2025-11-16 12:40:57,593 - PictionaryLive - WARNING - No se pudo obtener confianza de mano: 'google._upb._message.RepeatedCompositeContainer' object has no attribute 'score'
2025-11-16 12:40:57,593 - PictionaryLive - INFO - Mano(s) detectada(s): 1, confianza: 0.00, velocidad: 0.0124
2025-11-16 12:40:57,643 - PictionaryLive - WARNING - No se pudo obtener confianza de mano: 'google._upb._message.RepeatedCompositeContainer' object has no attribute 'score'
2025-11-16 12:40:57,643 - PictionaryLive - INFO - Mano(s) detectada(s): 1, confianza: 0.00, velocidad: 0.0237
2025-11-16 12:40:57,693 - PictionaryLive - WARNING - No se pudo obtener confianza de mano: 'google._upb._message.RepeatedCompositeContainer' object has no attribute 'score'
2025-11-16 12:40:57,693 - PictionaryLive - INFO - Mano(s) detectada(s): 1, confianza: 0.00, velocidad: 0.0030
2025-11-16 12:40:57,748 - PictionaryLive - WARNING - No se pudo obtener confianza de mano: 'google._upb._message.RepeatedCompositeContainer' object has no attribute 'score'
2025-11-16 12:40:57,748 - PictionaryLive - INFO - Mano(s) detectada(s): 1, confianza: 0.00, velocidad: 0.0026
2025-11-16 12:40:57,793 - PictionaryLive - WARNING - No se pudo obtener confianza de mano: 'google._upb._message.RepeatedCompositeContainer' object has no attribute 'score'
2025-11-16 12:40:57,793 - PictionaryLive - INFO - Mano(s) detectada(s): 1, confianza: 0.00, velocidad: 0.0029
2025-11-16 12:40:57,843 - PictionaryLive - WARNING - No se pudo obtener confianza de mano: 'google._upb._message.RepeatedCompositeContainer' object has no attribute 'score'
2025-11-16 12:40:57,843 - PictionaryLive - INFO - Mano(s) detectada(s): 1, confianza: 0.00, velocidad: 0.0042
2025-11-16 12:40:57,893 - PictionaryLive - WARNING - No se pudo obtener confianza de mano: 'google._upb._message.RepeatedCompositeContainer' object has no attribute 'score'
2025-11-16 12:40:57,893 - PictionaryLive - INFO - Mano(s) detectada(s): 1, confianza: 0.00, velocidad: 0.0100
2025-11-16 12:40:57,950 - PictionaryLive - WARNING - No se pudo obtener confianza de mano: 'google._upb._message.RepeatedCompositeContainer' object has no attribute 'score'
2025-11-16 12:40:57,950 - PictionaryLive - INFO - Mano(s) detectada(s): 1, confianza: 0.00, velocidad: 0.0043
2025-11-16 12:40:57,996 - PictionaryLive - WARNING - No se pudo obtener confianza de mano: 'google._upb._message.RepeatedCompositeContainer' object has no attribute 'score'
2025-11-16 12:40:57,996 - PictionaryLive - INFO - Mano(s) detectada(s): 1, confianza: 0.00, velocidad: 0.0029
2025-11-16 12:40:58,043 - PictionaryLive - WARNING - No se pudo obtener confianza de mano: 'google._upb._message.RepeatedCompositeContainer' object has no attribute 'score'
2025-11-16 12:40:58,043 - PictionaryLive - INFO - Mano(s) detectada(s): 1, confianza: 0.00, velocidad: 0.0013
2025-11-16 12:40:58,094 - PictionaryLive - WARNING - No se pudo obtener confianza de mano: 'google._upb._message.RepeatedCompositeContainer' object has no attribute 'score'
2025-11-16 12:40:58,094 - PictionaryLive - INFO - Mano(s) detectada(s): 1, confianza: 0.00, velocidad: 0.0025
2025-11-16 12:40:58,149 - PictionaryLive - WARNING - No se pudo obtener confianza de mano: 'google._upb._message.RepeatedCompositeContainer' object has no attribute 'score'
2025-11-16 12:40:58,149 - PictionaryLive - INFO - Mano(s) detectada(s): 1, confianza: 0.00, velocidad: 0.0017
2025-11-16 12:40:58,198 - PictionaryLive - WARNING - No se pudo obtener confianza de mano: 'google._upb._message.RepeatedCompositeContainer' object has no attribute 'score'
2025-11-16 12:40:58,198 - PictionaryLive - INFO - Mano(s) detectada(s): 1, confianza: 0.00, velocidad: 0.0018
2025-11-16 12:40:58,248 - PictionaryLive - WARNING - No se pudo obtener confianza de mano: 'google._upb._message.RepeatedCompositeContainer' object has no attribute 'score'
2025-11-16 12:40:58,248 - PictionaryLive - INFO - Mano(s) detectada(s): 1, confianza: 0.00, velocidad: 0.0009
2025-11-16 12:40:58,299 - PictionaryLive - WARNING - No se pudo obtener confianza de mano: 'google._upb._message.RepeatedCompositeContainer' object has no attribute 'score'
2025-11-16 12:40:58,299 - PictionaryLive - INFO - Mano(s) detectada(s): 1, confianza: 0.00, velocidad: 0.0019
2025-11-16 12:40:58,348 - PictionaryLive - WARNING - No se pudo obtener confianza de mano: 'google._upb._message.RepeatedCompositeContainer' object has no attribute 'score'
2025-11-16 12:40:58,348 - PictionaryLive - INFO - Mano(s) detectada(s): 1, confianza: 0.00, velocidad: 0.0023
2025-11-16 12:40:58,396 - PictionaryLive - WARNING - No se pudo obtener confianza de mano: 'google._upb._message.RepeatedCompositeContainer' object has no attribute 'score'
2025-11-16 12:40:58,396 - PictionaryLive - INFO - Mano(s) detectada(s): 1, confianza: 0.00, velocidad: 0.0024
2025-11-16 12:40:58,443 - PictionaryLive - WARNING - No se pudo obtener confianza de mano: 'google._upb._message.RepeatedCompositeContainer' object has no attribute 'score'
2025-11-16 12:40:58,443 - PictionaryLive - INFO - Mano(s) detectada(s): 1, confianza: 0.00, velocidad: 0.0011
2025-11-16 12:40:58,501 - PictionaryLive - WARNING - No se pudo obtener confianza de mano: 'google._upb._message.RepeatedCompositeContainer' object has no attribute 'score'
2025-11-16 12:40:58,501 - PictionaryLive - INFO - Mano(s) detectada(s): 1, confianza: 0.00, velocidad: 0.0026
2025-11-16 12:40:58,548 - PictionaryLive - WARNING - No se pudo obtener confianza de mano: 'google._upb._message.RepeatedCompositeContainer' object has no attribute 'score'
2025-11-16 12:40:58,548 - PictionaryLive - INFO - Mano(s) detectada(s): 1, confianza: 0.00, velocidad: 0.0039
2025-11-16 12:40:58,599 - PictionaryLive - WARNING - No se pudo obtener confianza de mano: 'google._upb._message.RepeatedCompositeContainer' object has no attribute 'score'
2025-11-16 12:40:58,599 - PictionaryLive - INFO - Mano(s) detectada(s): 1, confianza: 0.00, velocidad: 0.0013
2025-11-16 12:40:58,643 - PictionaryLive - WARNING - No se pudo obtener confianza de mano: 'google._upb._message.RepeatedCompositeContainer' object has no attribute 'score'
2025-11-16 12:40:58,643 - PictionaryLive - INFO - Mano(s) detectada(s): 1, confianza: 0.00, velocidad: 0.0018
2025-11-16 12:40:58,693 - PictionaryLive - WARNING - No se pudo obtener confianza de mano: 'google._upb._message.RepeatedCompositeContainer' object has no attribute 'score'
2025-11-16 12:40:58,693 - PictionaryLive - INFO - Mano(s) detectada(s): 1, confianza: 0.00, velocidad: 0.0027
2025-11-16 12:40:58,693 - PictionaryLive - INFO - Predicción: aircraft carrier (83.6%)
2025-11-16 12:40:58,743 - PictionaryLive - WARNING - No se pudo obtener confianza de mano: 'google._upb._message.RepeatedCompositeContainer' object has no attribute 'score'
2025-11-16 12:40:58,743 - PictionaryLive - INFO - Mano(s) detectada(s): 1, confianza: 0.00, velocidad: 0.0036
2025-11-16 12:40:58,798 - PictionaryLive - WARNING - No se pudo obtener confianza de mano: 'google._upb._message.RepeatedCompositeContainer' object has no attribute 'score'
2025-11-16 12:40:58,798 - PictionaryLive - INFO - Mano(s) detectada(s): 1, confianza: 0.00, velocidad: 0.0020
2025-11-16 12:40:58,843 - PictionaryLive - WARNING - No se pudo obtener confianza de mano: 'google._upb._message.RepeatedCompositeContainer' object has no attribute 'score'
2025-11-16 12:40:58,843 - PictionaryLive - INFO - Mano(s) detectada(s): 1, confianza: 0.00, velocidad: 0.0078
2025-11-16 12:40:58,893 - PictionaryLive - WARNING - No se pudo obtener confianza de mano: 'google._upb._message.RepeatedCompositeContainer' object has no attribute 'score'
2025-11-16 12:40:58,893 - PictionaryLive - INFO - Mano(s) detectada(s): 1, confianza: 0.00, velocidad: 0.0018
2025-11-16 12:40:58,945 - PictionaryLive - WARNING - No se pudo obtener confianza de mano: 'google._upb._message.RepeatedCompositeContainer' object has no attribute 'score'
2025-11-16 12:40:58,945 - PictionaryLive - INFO - Mano(s) detectada(s): 1, confianza: 0.00, velocidad: 0.0041
2025-11-16 12:40:58,999 - PictionaryLive - WARNING - No se pudo obtener confianza de mano: 'google._upb._message.RepeatedCompositeContainer' object has no attribute 'score'
2025-11-16 12:40:58,999 - PictionaryLive - INFO - Mano(s) detectada(s): 1, confianza: 0.00, velocidad: 0.0033
2025-11-16 12:40:59,046 - PictionaryLive - WARNING - No se pudo obtener confianza de mano: 'google._upb._message.RepeatedCompositeContainer' object has no attribute 'score'
2025-11-16 12:40:59,046 - PictionaryLive - INFO - Mano(s) detectada(s): 1, confianza: 0.00, velocidad: 0.0042
2025-11-16 12:40:59,093 - PictionaryLive - WARNING - No se pudo obtener confianza de mano: 'google._upb._message.RepeatedCompositeContainer' object has no attribute 'score'
2025-11-16 12:40:59,093 - PictionaryLive - INFO - Mano(s) detectada(s): 1, confianza: 0.00, velocidad: 0.0044
2025-11-16 12:40:59,148 - PictionaryLive - WARNING - No se pudo obtener confianza de mano: 'google._upb._message.RepeatedCompositeContainer' object has no attribute 'score'
2025-11-16 12:40:59,148 - PictionaryLive - INFO - Mano(s) detectada(s): 1, confianza: 0.00, velocidad: 0.0031
2025-11-16 12:40:59,198 - PictionaryLive - WARNING - No se pudo obtener confianza de mano: 'google._upb._message.RepeatedCompositeContainer' object has no attribute 'score'
2025-11-16 12:40:59,198 - PictionaryLive - INFO - Mano(s) detectada(s): 1, confianza: 0.00, velocidad: 0.0015
2025-11-16 12:40:59,248 - PictionaryLive - WARNING - No se pudo obtener confianza de mano: 'google._upb._message.RepeatedCompositeContainer' object has no attribute 'score'
2025-11-16 12:40:59,249 - PictionaryLive - INFO - Mano(s) detectada(s): 1, confianza: 0.00, velocidad: 0.0023
2025-11-16 12:40:59,293 - PictionaryLive - WARNING - No se pudo obtener confianza de mano: 'google._upb._message.RepeatedCompositeContainer' object has no attribute 'score'
2025-11-16 12:40:59,293 - PictionaryLive - INFO - Mano(s) detectada(s): 1, confianza: 0.00, velocidad: 0.0029
2025-11-16 12:40:59,348 - PictionaryLive - WARNING - No se pudo obtener confianza de mano: 'google._upb._message.RepeatedCompositeContainer' object has no attribute 'score'
2025-11-16 12:40:59,348 - PictionaryLive - INFO - Mano(s) detectada(s): 1, confianza: 0.00, velocidad: 0.0009
2025-11-16 12:40:59,398 - PictionaryLive - WARNING - No se pudo obtener confianza de mano: 'google._upb._message.RepeatedCompositeContainer' object has no attribute 'score'
2025-11-16 12:40:59,398 - PictionaryLive - INFO - Mano(s) detectada(s): 1, confianza: 0.00, velocidad: 0.0043
2025-11-16 12:40:59,452 - PictionaryLive - WARNING - No se pudo obtener confianza de mano: 'google._upb._message.RepeatedCompositeContainer' object has no attribute 'score'
2025-11-16 12:40:59,452 - PictionaryLive - INFO - Mano(s) detectada(s): 1, confianza: 0.00, velocidad: 0.0441
2025-11-16 12:40:59,500 - PictionaryLive - WARNING - No se pudo obtener confianza de mano: 'google._upb._message.RepeatedCompositeContainer' object has no attribute 'score'
2025-11-16 12:40:59,500 - PictionaryLive - INFO - Mano(s) detectada(s): 1, confianza: 0.00, velocidad: 0.0327
2025-11-16 12:40:59,543 - PictionaryLive - WARNING - No se pudo obtener confianza de mano: 'google._upb._message.RepeatedCompositeContainer' object has no attribute 'score'
2025-11-16 12:40:59,543 - PictionaryLive - INFO - Mano(s) detectada(s): 1, confianza: 0.00, velocidad: 0.0343
2025-11-16 12:40:59,593 - PictionaryLive - WARNING - No se pudo obtener confianza de mano: 'google._upb._message.RepeatedCompositeContainer' object has no attribute 'score'
2025-11-16 12:40:59,593 - PictionaryLive - INFO - Mano(s) detectada(s): 1, confianza: 0.00, velocidad: 0.0374
2025-11-16 12:40:59,643 - PictionaryLive - WARNING - No se pudo obtener confianza de mano: 'google._upb._message.RepeatedCompositeContainer' object has no attribute 'score'
2025-11-16 12:40:59,643 - PictionaryLive - INFO - Mano(s) detectada(s): 1, confianza: 0.00, velocidad: 0.0512
2025-11-16 12:40:59,693 - PictionaryLive - WARNING - No se pudo obtener confianza de mano: 'google._upb._message.RepeatedCompositeContainer' object has no attribute 'score'
2025-11-16 12:40:59,693 - PictionaryLive - INFO - Mano(s) detectada(s): 1, confianza: 0.00, velocidad: 0.0472
2025-11-16 12:40:59,743 - PictionaryLive - WARNING - No se pudo obtener confianza de mano: 'google._upb._message.RepeatedCompositeContainer' object has no attribute 'score'
2025-11-16 12:40:59,743 - PictionaryLive - INFO - Mano(s) detectada(s): 1, confianza: 0.00, velocidad: 0.1732
2025-11-16 12:40:59,793 - PictionaryLive - WARNING - No se pudo obtener confianza de mano: 'google._upb._message.RepeatedCompositeContainer' object has no attribute 'score'
2025-11-16 12:40:59,793 - PictionaryLive - INFO - Mano(s) detectada(s): 1, confianza: 0.00, velocidad: 0.0517
2025-11-16 12:40:59,843 - PictionaryLive - WARNING - No se pudo obtener confianza de mano: 'google._upb._message.RepeatedCompositeContainer' object has no attribute 'score'
2025-11-16 12:40:59,843 - PictionaryLive - INFO - Mano(s) detectada(s): 1, confianza: 0.00, velocidad: 0.0476
2025-11-16 12:40:59,896 - PictionaryLive - WARNING - No se pudo obtener confianza de mano: 'google._upb._message.RepeatedCompositeContainer' object has no attribute 'score'
2025-11-16 12:40:59,896 - PictionaryLive - INFO - Mano(s) detectada(s): 1, confianza: 0.00, velocidad: 0.0483
2025-11-16 12:40:59,943 - PictionaryLive - WARNING - No se pudo obtener confianza de mano: 'google._upb._message.RepeatedCompositeContainer' object has no attribute 'score'
2025-11-16 12:40:59,943 - PictionaryLive - INFO - Mano(s) detectada(s): 1, confianza: 0.00, velocidad: 0.0570
2025-11-16 12:40:59,997 - PictionaryLive - WARNING - No se pudo obtener confianza de mano: 'google._upb._message.RepeatedCompositeContainer' object has no attribute 'score'
2025-11-16 12:40:59,998 - PictionaryLive - INFO - Mano(s) detectada(s): 1, confianza: 0.00, velocidad: 0.0615
2025-11-16 12:41:00,059 - PictionaryLive - WARNING - No se pudo obtener confianza de mano: 'google._upb._message.RepeatedCompositeContainer' object has no attribute 'score'
2025-11-16 12:41:00,059 - PictionaryLive - INFO - Mano(s) detectada(s): 2, confianza: 0.00, velocidad: 0.2483
2025-11-16 12:41:00,100 - PictionaryLive - WARNING - No se pudo obtener confianza de mano: 'google._upb._message.RepeatedCompositeContainer' object has no attribute 'score'
2025-11-16 12:41:00,100 - PictionaryLive - INFO - Mano(s) detectada(s): 1, confianza: 0.00, velocidad: 0.0354
2025-11-16 12:41:00,147 - PictionaryLive - WARNING - No se pudo obtener confianza de mano: 'google._upb._message.RepeatedCompositeContainer' object has no attribute 'score'
2025-11-16 12:41:00,147 - PictionaryLive - INFO - Mano(s) detectada(s): 1, confianza: 0.00, velocidad: 0.0766
2025-11-16 12:41:00,198 - PictionaryLive - WARNING - No se pudo obtener confianza de mano: 'google._upb._message.RepeatedCompositeContainer' object has no attribute 'score'
2025-11-16 12:41:00,198 - PictionaryLive - INFO - Mano(s) detectada(s): 1, confianza: 0.00, velocidad: 0.0622
2025-11-16 12:41:00,243 - PictionaryLive - WARNING - No se pudo obtener confianza de mano: 'google._upb._message.RepeatedCompositeContainer' object has no attribute 'score'
2025-11-16 12:41:00,243 - PictionaryLive - INFO - Mano(s) detectada(s): 1, confianza: 0.00, velocidad: 0.0487
2025-11-16 12:41:00,293 - PictionaryLive - WARNING - No se pudo obtener confianza de mano: 'google._upb._message.RepeatedCompositeContainer' object has no attribute 'score'
2025-11-16 12:41:00,293 - PictionaryLive - INFO - Mano(s) detectada(s): 1, confianza: 0.00, velocidad: 0.0429
2025-11-16 12:41:00,360 - PictionaryLive - WARNING - No se pudo obtener confianza de mano: 'google._upb._message.RepeatedCompositeContainer' object has no attribute 'score'
2025-11-16 12:41:00,360 - PictionaryLive - INFO - Mano(s) detectada(s): 2, confianza: 0.00, velocidad: 0.1108
2025-11-16 12:41:00,399 - PictionaryLive - WARNING - No se pudo obtener confianza de mano: 'google._upb._message.RepeatedCompositeContainer' object has no attribute 'score'
2025-11-16 12:41:00,400 - PictionaryLive - INFO - Mano(s) detectada(s): 1, confianza: 0.00, velocidad: 0.0149
2025-11-16 12:41:00,443 - PictionaryLive - WARNING - No se pudo obtener confianza de mano: 'google._upb._message.RepeatedCompositeContainer' object has no attribute 'score'
2025-11-16 12:41:00,443 - PictionaryLive - INFO - Mano(s) detectada(s): 1, confianza: 0.00, velocidad: 0.0162
2025-11-16 12:41:00,498 - PictionaryLive - WARNING - No se pudo obtener confianza de mano: 'google._upb._message.RepeatedCompositeContainer' object has no attribute 'score'
2025-11-16 12:41:00,498 - PictionaryLive - INFO - Mano(s) detectada(s): 1, confianza: 0.00, velocidad: 0.0149
2025-11-16 12:41:00,543 - PictionaryLive - WARNING - No se pudo obtener confianza de mano: 'google._upb._message.RepeatedCompositeContainer' object has no attribute 'score'
2025-11-16 12:41:00,543 - PictionaryLive - INFO - Mano(s) detectada(s): 1, confianza: 0.00, velocidad: 0.0136
2025-11-16 12:41:00,593 - PictionaryLive - WARNING - No se pudo obtener confianza de mano: 'google._upb._message.RepeatedCompositeContainer' object has no attribute 'score'
2025-11-16 12:41:00,593 - PictionaryLive - INFO - Mano(s) detectada(s): 1, confianza: 0.00, velocidad: 0.0111
2025-11-16 12:41:00,646 - PictionaryLive - WARNING - No se pudo obtener confianza de mano: 'google._upb._message.RepeatedCompositeContainer' object has no attribute 'score'
2025-11-16 12:41:00,646 - PictionaryLive - INFO - Mano(s) detectada(s): 1, confianza: 0.00, velocidad: 0.0292
2025-11-16 12:41:00,699 - PictionaryLive - WARNING - No se pudo obtener confianza de mano: 'google._upb._message.RepeatedCompositeContainer' object has no attribute 'score'
2025-11-16 12:41:00,699 - PictionaryLive - INFO - Mano(s) detectada(s): 1, confianza: 0.00, velocidad: 0.0036
2025-11-16 12:41:00,752 - PictionaryLive - WARNING - No se pudo obtener confianza de mano: 'google._upb._message.RepeatedCompositeContainer' object has no attribute 'score'
2025-11-16 12:41:00,753 - PictionaryLive - INFO - Mano(s) detectada(s): 1, confianza: 0.00, velocidad: 0.0032
2025-11-16 12:41:00,798 - PictionaryLive - WARNING - No se pudo obtener confianza de mano: 'google._upb._message.RepeatedCompositeContainer' object has no attribute 'score'
2025-11-16 12:41:00,798 - PictionaryLive - INFO - Mano(s) detectada(s): 1, confianza: 0.00, velocidad: 0.0065
2025-11-16 12:41:00,847 - PictionaryLive - WARNING - No se pudo obtener confianza de mano: 'google._upb._message.RepeatedCompositeContainer' object has no attribute 'score'
2025-11-16 12:41:00,847 - PictionaryLive - INFO - Mano(s) detectada(s): 1, confianza: 0.00, velocidad: 0.0058
2025-11-16 12:41:00,893 - PictionaryLive - WARNING - No se pudo obtener confianza de mano: 'google._upb._message.RepeatedCompositeContainer' object has no attribute 'score'
2025-11-16 12:41:00,893 - PictionaryLive - INFO - Mano(s) detectada(s): 1, confianza: 0.00, velocidad: 0.0072
2025-11-16 12:41:00,958 - PictionaryLive - WARNING - No se pudo obtener confianza de mano: 'google._upb._message.RepeatedCompositeContainer' object has no attribute 'score'
2025-11-16 12:41:00,958 - PictionaryLive - INFO - Mano(s) detectada(s): 1, confianza: 0.00, velocidad: 0.0041
2025-11-16 12:41:01,010 - PictionaryLive - WARNING - No se pudo obtener confianza de mano: 'google._upb._message.RepeatedCompositeContainer' object has no attribute 'score'
2025-11-16 12:41:01,010 - PictionaryLive - INFO - Mano(s) detectada(s): 1, confianza: 0.00, velocidad: 0.0045
2025-11-16 12:41:01,066 - PictionaryLive - WARNING - No se pudo obtener confianza de mano: 'google._upb._message.RepeatedCompositeContainer' object has no attribute 'score'
2025-11-16 12:41:01,066 - PictionaryLive - INFO - Mano(s) detectada(s): 1, confianza: 0.00, velocidad: 0.0027
2025-11-16 12:41:01,112 - PictionaryLive - WARNING - No se pudo obtener confianza de mano: 'google._upb._message.RepeatedCompositeContainer' object has no attribute 'score'
2025-11-16 12:41:01,112 - PictionaryLive - INFO - Mano(s) detectada(s): 1, confianza: 0.00, velocidad: 0.0013
2025-11-16 12:41:01,159 - PictionaryLive - WARNING - No se pudo obtener confianza de mano: 'google._upb._message.RepeatedCompositeContainer' object has no attribute 'score'
2025-11-16 12:41:01,159 - PictionaryLive - INFO - Mano(s) detectada(s): 1, confianza: 0.00, velocidad: 0.0008
2025-11-16 12:41:01,209 - PictionaryLive - WARNING - No se pudo obtener confianza de mano: 'google._upb._message.RepeatedCompositeContainer' object has no attribute 'score'
2025-11-16 12:41:01,209 - PictionaryLive - INFO - Mano(s) detectada(s): 1, confianza: 0.00, velocidad: 0.0018
2025-11-16 12:41:01,260 - PictionaryLive - WARNING - No se pudo obtener confianza de mano: 'google._upb._message.RepeatedCompositeContainer' object has no attribute 'score'
2025-11-16 12:41:01,260 - PictionaryLive - INFO - Mano(s) detectada(s): 1, confianza: 0.00, velocidad: 0.0035
2025-11-16 12:41:01,315 - PictionaryLive - WARNING - No se pudo obtener confianza de mano: 'google._upb._message.RepeatedCompositeContainer' object has no attribute 'score'
2025-11-16 12:41:01,315 - PictionaryLive - INFO - Mano(s) detectada(s): 1, confianza: 0.00, velocidad: 0.0004
2025-11-16 12:41:01,365 - PictionaryLive - WARNING - No se pudo obtener confianza de mano: 'google._upb._message.RepeatedCompositeContainer' object has no attribute 'score'
2025-11-16 12:41:01,365 - PictionaryLive - INFO - Mano(s) detectada(s): 1, confianza: 0.00, velocidad: 0.0013
2025-11-16 12:41:01,411 - PictionaryLive - WARNING - No se pudo obtener confianza de mano: 'google._upb._message.RepeatedCompositeContainer' object has no attribute 'score'
2025-11-16 12:41:01,411 - PictionaryLive - INFO - Mano(s) detectada(s): 1, confianza: 0.00, velocidad: 0.0004
2025-11-16 12:41:01,459 - PictionaryLive - WARNING - No se pudo obtener confianza de mano: 'google._upb._message.RepeatedCompositeContainer' object has no attribute 'score'
2025-11-16 12:41:01,459 - PictionaryLive - INFO - Mano(s) detectada(s): 1, confianza: 0.00, velocidad: 0.0019
2025-11-16 12:41:01,515 - PictionaryLive - WARNING - No se pudo obtener confianza de mano: 'google._upb._message.RepeatedCompositeContainer' object has no attribute 'score'
2025-11-16 12:41:01,515 - PictionaryLive - INFO - Mano(s) detectada(s): 1, confianza: 0.00, velocidad: 0.0004
2025-11-16 12:41:01,564 - PictionaryLive - WARNING - No se pudo obtener confianza de mano: 'google._upb._message.RepeatedCompositeContainer' object has no attribute 'score'
2025-11-16 12:41:01,564 - PictionaryLive - INFO - Mano(s) detectada(s): 1, confianza: 0.00, velocidad: 0.0026
2025-11-16 12:41:01,610 - PictionaryLive - WARNING - No se pudo obtener confianza de mano: 'google._upb._message.RepeatedCompositeContainer' object has no attribute 'score'
2025-11-16 12:41:01,610 - PictionaryLive - INFO - Mano(s) detectada(s): 1, confianza: 0.00, velocidad: 0.0005
2025-11-16 12:41:01,665 - PictionaryLive - WARNING - No se pudo obtener confianza de mano: 'google._upb._message.RepeatedCompositeContainer' object has no attribute 'score'
2025-11-16 12:41:01,665 - PictionaryLive - INFO - Mano(s) detectada(s): 1, confianza: 0.00, velocidad: 0.0004
2025-11-16 12:41:01,720 - PictionaryLive - WARNING - No se pudo obtener confianza de mano: 'google._upb._message.RepeatedCompositeContainer' object has no attribute 'score'
2025-11-16 12:41:01,720 - PictionaryLive - INFO - Mano(s) detectada(s): 1, confianza: 0.00, velocidad: 0.0017
2025-11-16 12:41:01,765 - PictionaryLive - WARNING - No se pudo obtener confianza de mano: 'google._upb._message.RepeatedCompositeContainer' object has no attribute 'score'
2025-11-16 12:41:01,765 - PictionaryLive - INFO - Mano(s) detectada(s): 1, confianza: 0.00, velocidad: 0.0006
2025-11-16 12:41:01,815 - PictionaryLive - WARNING - No se pudo obtener confianza de mano: 'google._upb._message.RepeatedCompositeContainer' object has no attribute 'score'
2025-11-16 12:41:01,815 - PictionaryLive - INFO - Mano(s) detectada(s): 1, confianza: 0.00, velocidad: 0.0041
2025-11-16 12:41:01,815 - PictionaryLive - INFO - Predicción: duck (53.6%)
2025-11-16 12:41:01,865 - PictionaryLive - WARNING - No se pudo obtener confianza de mano: 'google._upb._message.RepeatedCompositeContainer' object has no attribute 'score'
2025-11-16 12:41:01,865 - PictionaryLive - INFO - Mano(s) detectada(s): 1, confianza: 0.00, velocidad: 0.0013
2025-11-16 12:41:01,916 - PictionaryLive - WARNING - No se pudo obtener confianza de mano: 'google._upb._message.RepeatedCompositeContainer' object has no attribute 'score'
2025-11-16 12:41:01,916 - PictionaryLive - INFO - Mano(s) detectada(s): 1, confianza: 0.00, velocidad: 0.0022
2025-11-16 12:41:01,960 - PictionaryLive - WARNING - No se pudo obtener confianza de mano: 'google._upb._message.RepeatedCompositeContainer' object has no attribute 'score'
2025-11-16 12:41:01,960 - PictionaryLive - INFO - Mano(s) detectada(s): 1, confianza: 0.00, velocidad: 0.0012
2025-11-16 12:41:02,010 - PictionaryLive - WARNING - No se pudo obtener confianza de mano: 'google._upb._message.RepeatedCompositeContainer' object has no attribute 'score'
2025-11-16 12:41:02,010 - PictionaryLive - INFO - Mano(s) detectada(s): 1, confianza: 0.00, velocidad: 0.0005
2025-11-16 12:41:02,059 - PictionaryLive - WARNING - No se pudo obtener confianza de mano: 'google._upb._message.RepeatedCompositeContainer' object has no attribute 'score'
2025-11-16 12:41:02,059 - PictionaryLive - INFO - Mano(s) detectada(s): 1, confianza: 0.00, velocidad: 0.0005
2025-11-16 12:41:02,110 - PictionaryLive - WARNING - No se pudo obtener confianza de mano: 'google._upb._message.RepeatedCompositeContainer' object has no attribute 'score'
2025-11-16 12:41:02,110 - PictionaryLive - INFO - Mano(s) detectada(s): 1, confianza: 0.00, velocidad: 0.0008
2025-11-16 12:41:02,165 - PictionaryLive - WARNING - No se pudo obtener confianza de mano: 'google._upb._message.RepeatedCompositeContainer' object has no attribute 'score'
2025-11-16 12:41:02,165 - PictionaryLive - INFO - Mano(s) detectada(s): 1, confianza: 0.00, velocidad: 0.0015
2025-11-16 12:41:02,210 - PictionaryLive - WARNING - No se pudo obtener confianza de mano: 'google._upb._message.RepeatedCompositeContainer' object has no attribute 'score'
2025-11-16 12:41:02,210 - PictionaryLive - INFO - Mano(s) detectada(s): 1, confianza: 0.00, velocidad: 0.0011
2025-11-16 12:41:02,260 - PictionaryLive - WARNING - No se pudo obtener confianza de mano: 'google._upb._message.RepeatedCompositeContainer' object has no attribute 'score'
2025-11-16 12:41:02,260 - PictionaryLive - INFO - Mano(s) detectada(s): 1, confianza: 0.00, velocidad: 0.0009
2025-11-16 12:41:02,310 - PictionaryLive - WARNING - No se pudo obtener confianza de mano: 'google._upb._message.RepeatedCompositeContainer' object has no attribute 'score'
2025-11-16 12:41:02,310 - PictionaryLive - INFO - Mano(s) detectada(s): 1, confianza: 0.00, velocidad: 0.0014
2025-11-16 12:41:02,363 - PictionaryLive - WARNING - No se pudo obtener confianza de mano: 'google._upb._message.RepeatedCompositeContainer' object has no attribute 'score'
2025-11-16 12:41:02,363 - PictionaryLive - INFO - Mano(s) detectada(s): 1, confianza: 0.00, velocidad: 0.0003
2025-11-16 12:41:02,410 - PictionaryLive - WARNING - No se pudo obtener confianza de mano: 'google._upb._message.RepeatedCompositeContainer' object has no attribute 'score'
2025-11-16 12:41:02,410 - PictionaryLive - INFO - Mano(s) detectada(s): 1, confianza: 0.00, velocidad: 0.0018
2025-11-16 12:41:02,465 - PictionaryLive - WARNING - No se pudo obtener confianza de mano: 'google._upb._message.RepeatedCompositeContainer' object has no attribute 'score'
2025-11-16 12:41:02,466 - PictionaryLive - INFO - Mano(s) detectada(s): 1, confianza: 0.00, velocidad: 0.0008
2025-11-16 12:41:02,514 - PictionaryLive - WARNING - No se pudo obtener confianza de mano: 'google._upb._message.RepeatedCompositeContainer' object has no attribute 'score'
2025-11-16 12:41:02,514 - PictionaryLive - INFO - Mano(s) detectada(s): 1, confianza: 0.00, velocidad: 0.0009
2025-11-16 12:41:02,564 - PictionaryLive - WARNING - No se pudo obtener confianza de mano: 'google._upb._message.RepeatedCompositeContainer' object has no attribute 'score'
2025-11-16 12:41:02,565 - PictionaryLive - INFO - Mano(s) detectada(s): 1, confianza: 0.00, velocidad: 0.0012
2025-11-16 12:41:02,613 - PictionaryLive - WARNING - No se pudo obtener confianza de mano: 'google._upb._message.RepeatedCompositeContainer' object has no attribute 'score'
2025-11-16 12:41:02,614 - PictionaryLive - INFO - Mano(s) detectada(s): 1, confianza: 0.00, velocidad: 0.0012
2025-11-16 12:41:02,665 - PictionaryLive - WARNING - No se pudo obtener confianza de mano: 'google._upb._message.RepeatedCompositeContainer' object has no attribute 'score'
2025-11-16 12:41:02,665 - PictionaryLive - INFO - Mano(s) detectada(s): 1, confianza: 0.00, velocidad: 0.0009
2025-11-16 12:41:02,709 - PictionaryLive - WARNING - No se pudo obtener confianza de mano: 'google._upb._message.RepeatedCompositeContainer' object has no attribute 'score'
2025-11-16 12:41:02,709 - PictionaryLive - INFO - Mano(s) detectada(s): 1, confianza: 0.00, velocidad: 0.0001
2025-11-16 12:41:02,765 - PictionaryLive - WARNING - No se pudo obtener confianza de mano: 'google._upb._message.RepeatedCompositeContainer' object has no attribute 'score'
2025-11-16 12:41:02,765 - PictionaryLive - INFO - Mano(s) detectada(s): 1, confianza: 0.00, velocidad: 0.0014
2025-11-16 12:41:02,810 - PictionaryLive - WARNING - No se pudo obtener confianza de mano: 'google._upb._message.RepeatedCompositeContainer' object has no attribute 'score'
2025-11-16 12:41:02,810 - PictionaryLive - INFO - Mano(s) detectada(s): 1, confianza: 0.00, velocidad: 0.0031
2025-11-16 12:41:02,860 - PictionaryLive - WARNING - No se pudo obtener confianza de mano: 'google._upb._message.RepeatedCompositeContainer' object has no attribute 'score'
2025-11-16 12:41:02,860 - PictionaryLive - INFO - Mano(s) detectada(s): 1, confianza: 0.00, velocidad: 0.0067
2025-11-16 12:41:02,911 - PictionaryLive - WARNING - No se pudo obtener confianza de mano: 'google._upb._message.RepeatedCompositeContainer' object has no attribute 'score'
2025-11-16 12:41:02,911 - PictionaryLive - INFO - Mano(s) detectada(s): 1, confianza: 0.00, velocidad: 0.0137
2025-11-16 12:41:02,965 - PictionaryLive - WARNING - No se pudo obtener confianza de mano: 'google._upb._message.RepeatedCompositeContainer' object has no attribute 'score'
2025-11-16 12:41:02,965 - PictionaryLive - INFO - Mano(s) detectada(s): 1, confianza: 0.00, velocidad: 0.0233
2025-11-16 12:41:03,014 - PictionaryLive - WARNING - No se pudo obtener confianza de mano: 'google._upb._message.RepeatedCompositeContainer' object has no attribute 'score'
2025-11-16 12:41:03,014 - PictionaryLive - INFO - Mano(s) detectada(s): 1, confianza: 0.00, velocidad: 0.0716
2025-11-16 12:41:03,060 - PictionaryLive - WARNING - No se pudo obtener confianza de mano: 'google._upb._message.RepeatedCompositeContainer' object has no attribute 'score'
2025-11-16 12:41:03,060 - PictionaryLive - INFO - Mano(s) detectada(s): 1, confianza: 0.00, velocidad: 0.1713
2025-11-16 12:41:03,114 - PictionaryLive - WARNING - No se pudo obtener confianza de mano: 'google._upb._message.RepeatedCompositeContainer' object has no attribute 'score'
2025-11-16 12:41:03,115 - PictionaryLive - INFO - Mano(s) detectada(s): 1, confianza: 0.00, velocidad: 0.0013
2025-11-16 12:41:03,160 - PictionaryLive - WARNING - No se pudo obtener confianza de mano: 'google._upb._message.RepeatedCompositeContainer' object has no attribute 'score'
2025-11-16 12:41:03,160 - PictionaryLive - INFO - Mano(s) detectada(s): 1, confianza: 0.00, velocidad: 0.0364
2025-11-16 12:41:03,216 - PictionaryLive - WARNING - No se pudo obtener confianza de mano: 'google._upb._message.RepeatedCompositeContainer' object has no attribute 'score'
2025-11-16 12:41:03,217 - PictionaryLive - INFO - Mano(s) detectada(s): 1, confianza: 0.00, velocidad: 0.0405
2025-11-16 12:41:03,264 - PictionaryLive - WARNING - No se pudo obtener confianza de mano: 'google._upb._message.RepeatedCompositeContainer' object has no attribute 'score'
2025-11-16 12:41:03,264 - PictionaryLive - INFO - Mano(s) detectada(s): 1, confianza: 0.00, velocidad: 0.1677
2025-11-16 12:41:03,315 - PictionaryLive - WARNING - No se pudo obtener confianza de mano: 'google._upb._message.RepeatedCompositeContainer' object has no attribute 'score'
2025-11-16 12:41:03,315 - PictionaryLive - INFO - Mano(s) detectada(s): 1, confianza: 0.00, velocidad: 0.1189
2025-11-16 12:41:03,365 - PictionaryLive - WARNING - No se pudo obtener confianza de mano: 'google._upb._message.RepeatedCompositeContainer' object has no attribute 'score'
2025-11-16 12:41:03,365 - PictionaryLive - INFO - Mano(s) detectada(s): 1, confianza: 0.00, velocidad: 0.0538
2025-11-16 12:41:03,410 - PictionaryLive - WARNING - No se pudo obtener confianza de mano: 'google._upb._message.RepeatedCompositeContainer' object has no attribute 'score'
2025-11-16 12:41:03,410 - PictionaryLive - INFO - Mano(s) detectada(s): 1, confianza: 0.00, velocidad: 0.0482
2025-11-16 12:41:03,460 - PictionaryLive - WARNING - No se pudo obtener confianza de mano: 'google._upb._message.RepeatedCompositeContainer' object has no attribute 'score'
2025-11-16 12:41:03,460 - PictionaryLive - INFO - Mano(s) detectada(s): 1, confianza: 0.00, velocidad: 0.0794
2025-11-16 12:41:03,510 - PictionaryLive - WARNING - No se pudo obtener confianza de mano: 'google._upb._message.RepeatedCompositeContainer' object has no attribute 'score'
2025-11-16 12:41:03,510 - PictionaryLive - INFO - Mano(s) detectada(s): 1, confianza: 0.00, velocidad: 0.0146
2025-11-16 12:41:03,565 - PictionaryLive - WARNING - No se pudo obtener confianza de mano: 'google._upb._message.RepeatedCompositeContainer' object has no attribute 'score'
2025-11-16 12:41:03,566 - PictionaryLive - INFO - Mano(s) detectada(s): 1, confianza: 0.00, velocidad: 0.1905
2025-11-16 12:41:03,614 - PictionaryLive - WARNING - No se pudo obtener confianza de mano: 'google._upb._message.RepeatedCompositeContainer' object has no attribute 'score'
2025-11-16 12:41:03,614 - PictionaryLive - INFO - Mano(s) detectada(s): 1, confianza: 0.00, velocidad: 0.0525
2025-11-16 12:41:03,676 - PictionaryLive - WARNING - No se pudo obtener confianza de mano: 'google._upb._message.RepeatedCompositeContainer' object has no attribute 'score'
2025-11-16 12:41:03,676 - PictionaryLive - INFO - Mano(s) detectada(s): 2, confianza: 0.00, velocidad: 0.0384
2025-11-16 12:41:03,716 - PictionaryLive - WARNING - No se pudo obtener confianza de mano: 'google._upb._message.RepeatedCompositeContainer' object has no attribute 'score'
2025-11-16 12:41:03,716 - PictionaryLive - INFO - Mano(s) detectada(s): 1, confianza: 0.00, velocidad: 0.0204
2025-11-16 12:41:03,767 - PictionaryLive - WARNING - No se pudo obtener confianza de mano: 'google._upb._message.RepeatedCompositeContainer' object has no attribute 'score'
2025-11-16 12:41:03,768 - PictionaryLive - INFO - Mano(s) detectada(s): 1, confianza: 0.00, velocidad: 0.0482
2025-11-16 12:41:03,814 - PictionaryLive - WARNING - No se pudo obtener confianza de mano: 'google._upb._message.RepeatedCompositeContainer' object has no attribute 'score'
2025-11-16 12:41:03,814 - PictionaryLive - INFO - Mano(s) detectada(s): 1, confianza: 0.00, velocidad: 0.0258
2025-11-16 12:41:03,860 - PictionaryLive - WARNING - No se pudo obtener confianza de mano: 'google._upb._message.RepeatedCompositeContainer' object has no attribute 'score'
2025-11-16 12:41:03,860 - PictionaryLive - INFO - Mano(s) detectada(s): 1, confianza: 0.00, velocidad: 0.0585
2025-11-16 12:41:03,910 - PictionaryLive - WARNING - No se pudo obtener confianza de mano: 'google._upb._message.RepeatedCompositeContainer' object has no attribute 'score'
2025-11-16 12:41:03,910 - PictionaryLive - INFO - Mano(s) detectada(s): 1, confianza: 0.00, velocidad: 0.0167
2025-11-16 12:41:03,965 - PictionaryLive - WARNING - No se pudo obtener confianza de mano: 'google._upb._message.RepeatedCompositeContainer' object has no attribute 'score'
2025-11-16 12:41:03,965 - PictionaryLive - INFO - Mano(s) detectada(s): 1, confianza: 0.00, velocidad: 0.0132
2025-11-16 12:41:04,015 - PictionaryLive - WARNING - No se pudo obtener confianza de mano: 'google._upb._message.RepeatedCompositeContainer' object has no attribute 'score'
2025-11-16 12:41:04,015 - PictionaryLive - INFO - Mano(s) detectada(s): 1, confianza: 0.00, velocidad: 0.0116
2025-11-16 12:41:04,060 - PictionaryLive - WARNING - No se pudo obtener confianza de mano: 'google._upb._message.RepeatedCompositeContainer' object has no attribute 'score'
2025-11-16 12:41:04,060 - PictionaryLive - INFO - Mano(s) detectada(s): 1, confianza: 0.00, velocidad: 0.0106
2025-11-16 12:41:04,114 - PictionaryLive - WARNING - No se pudo obtener confianza de mano: 'google._upb._message.RepeatedCompositeContainer' object has no attribute 'score'
2025-11-16 12:41:04,114 - PictionaryLive - INFO - Mano(s) detectada(s): 1, confianza: 0.00, velocidad: 0.0123
2025-11-16 12:41:04,165 - PictionaryLive - WARNING - No se pudo obtener confianza de mano: 'google._upb._message.RepeatedCompositeContainer' object has no attribute 'score'
2025-11-16 12:41:04,165 - PictionaryLive - INFO - Mano(s) detectada(s): 1, confianza: 0.00, velocidad: 0.0312
2025-11-16 12:41:04,220 - PictionaryLive - WARNING - No se pudo obtener confianza de mano: 'google._upb._message.RepeatedCompositeContainer' object has no attribute 'score'
2025-11-16 12:41:04,220 - PictionaryLive - INFO - Mano(s) detectada(s): 1, confianza: 0.00, velocidad: 0.0060
2025-11-16 12:41:04,265 - PictionaryLive - WARNING - No se pudo obtener confianza de mano: 'google._upb._message.RepeatedCompositeContainer' object has no attribute 'score'
2025-11-16 12:41:04,265 - PictionaryLive - INFO - Mano(s) detectada(s): 1, confianza: 0.00, velocidad: 0.0059
2025-11-16 12:41:04,315 - PictionaryLive - WARNING - No se pudo obtener confianza de mano: 'google._upb._message.RepeatedCompositeContainer' object has no attribute 'score'
2025-11-16 12:41:04,315 - PictionaryLive - INFO - Mano(s) detectada(s): 1, confianza: 0.00, velocidad: 0.0063
2025-11-16 12:41:04,360 - PictionaryLive - WARNING - No se pudo obtener confianza de mano: 'google._upb._message.RepeatedCompositeContainer' object has no attribute 'score'
2025-11-16 12:41:04,360 - PictionaryLive - INFO - Mano(s) detectada(s): 1, confianza: 0.00, velocidad: 0.0045
2025-11-16 12:41:04,410 - PictionaryLive - WARNING - No se pudo obtener confianza de mano: 'google._upb._message.RepeatedCompositeContainer' object has no attribute 'score'
2025-11-16 12:41:04,410 - PictionaryLive - INFO - Mano(s) detectada(s): 1, confianza: 0.00, velocidad: 0.0037
2025-11-16 12:41:04,460 - PictionaryLive - WARNING - No se pudo obtener confianza de mano: 'google._upb._message.RepeatedCompositeContainer' object has no attribute 'score'
2025-11-16 12:41:04,460 - PictionaryLive - INFO - Mano(s) detectada(s): 1, confianza: 0.00, velocidad: 0.0049
2025-11-16 12:41:04,534 - PictionaryLive - WARNING - No se pudo obtener confianza de mano: 'google._upb._message.RepeatedCompositeContainer' object has no attribute 'score'
2025-11-16 12:41:04,534 - PictionaryLive - INFO - Mano(s) detectada(s): 1, confianza: 0.00, velocidad: 0.0037
2025-11-16 12:41:04,582 - PictionaryLive - WARNING - No se pudo obtener confianza de mano: 'google._upb._message.RepeatedCompositeContainer' object has no attribute 'score'
2025-11-16 12:41:04,582 - PictionaryLive - INFO - Mano(s) detectada(s): 1, confianza: 0.00, velocidad: 0.0003
2025-11-16 12:41:04,629 - PictionaryLive - WARNING - No se pudo obtener confianza de mano: 'google._upb._message.RepeatedCompositeContainer' object has no attribute 'score'
2025-11-16 12:41:04,629 - PictionaryLive - INFO - Mano(s) detectada(s): 1, confianza: 0.00, velocidad: 0.0011
2025-11-16 12:41:04,677 - PictionaryLive - WARNING - No se pudo obtener confianza de mano: 'google._upb._message.RepeatedCompositeContainer' object has no attribute 'score'
2025-11-16 12:41:04,677 - PictionaryLive - INFO - Mano(s) detectada(s): 1, confianza: 0.00, velocidad: 0.0017
2025-11-16 12:41:04,732 - PictionaryLive - WARNING - No se pudo obtener confianza de mano: 'google._upb._message.RepeatedCompositeContainer' object has no attribute 'score'
2025-11-16 12:41:04,732 - PictionaryLive - INFO - Mano(s) detectada(s): 1, confianza: 0.00, velocidad: 0.0009
2025-11-16 12:41:04,777 - PictionaryLive - WARNING - No se pudo obtener confianza de mano: 'google._upb._message.RepeatedCompositeContainer' object has no attribute 'score'
2025-11-16 12:41:04,777 - PictionaryLive - INFO - Mano(s) detectada(s): 1, confianza: 0.00, velocidad: 0.0010
2025-11-16 12:41:04,832 - PictionaryLive - WARNING - No se pudo obtener confianza de mano: 'google._upb._message.RepeatedCompositeContainer' object has no attribute 'score'
2025-11-16 12:41:04,832 - PictionaryLive - INFO - Mano(s) detectada(s): 1, confianza: 0.00, velocidad: 0.0005
2025-11-16 12:41:04,877 - PictionaryLive - WARNING - No se pudo obtener confianza de mano: 'google._upb._message.RepeatedCompositeContainer' object has no attribute 'score'
2025-11-16 12:41:04,877 - PictionaryLive - INFO - Mano(s) detectada(s): 1, confianza: 0.00, velocidad: 0.0007
2025-11-16 12:41:04,926 - PictionaryLive - WARNING - No se pudo obtener confianza de mano: 'google._upb._message.RepeatedCompositeContainer' object has no attribute 'score'
2025-11-16 12:41:04,926 - PictionaryLive - INFO - Mano(s) detectada(s): 1, confianza: 0.00, velocidad: 0.0027
2025-11-16 12:41:04,926 - PictionaryLive - INFO - Predicción: giraffe (72.2%)
2025-11-16 12:41:04,986 - PictionaryLive - WARNING - No se pudo obtener confianza de mano: 'google._upb._message.RepeatedCompositeContainer' object has no attribute 'score'
2025-11-16 12:41:04,986 - PictionaryLive - INFO - Mano(s) detectada(s): 1, confianza: 0.00, velocidad: 0.0009
2025-11-16 12:41:05,032 - PictionaryLive - WARNING - No se pudo obtener confianza de mano: 'google._upb._message.RepeatedCompositeContainer' object has no attribute 'score'
2025-11-16 12:41:05,032 - PictionaryLive - INFO - Mano(s) detectada(s): 1, confianza: 0.00, velocidad: 0.0023
2025-11-16 12:41:05,081 - PictionaryLive - WARNING - No se pudo obtener confianza de mano: 'google._upb._message.RepeatedCompositeContainer' object has no attribute 'score'
2025-11-16 12:41:05,082 - PictionaryLive - INFO - Mano(s) detectada(s): 1, confianza: 0.00, velocidad: 0.0005
2025-11-16 12:41:05,127 - PictionaryLive - WARNING - No se pudo obtener confianza de mano: 'google._upb._message.RepeatedCompositeContainer' object has no attribute 'score'
2025-11-16 12:41:05,127 - PictionaryLive - INFO - Mano(s) detectada(s): 1, confianza: 0.00, velocidad: 0.0013
2025-11-16 12:41:05,181 - PictionaryLive - WARNING - No se pudo obtener confianza de mano: 'google._upb._message.RepeatedCompositeContainer' object has no attribute 'score'
2025-11-16 12:41:05,181 - PictionaryLive - INFO - Mano(s) detectada(s): 1, confianza: 0.00, velocidad: 0.0007
2025-11-16 12:41:05,227 - PictionaryLive - WARNING - No se pudo obtener confianza de mano: 'google._upb._message.RepeatedCompositeContainer' object has no attribute 'score'
2025-11-16 12:41:05,227 - PictionaryLive - INFO - Mano(s) detectada(s): 1, confianza: 0.00, velocidad: 0.0002
2025-11-16 12:41:05,280 - PictionaryLive - WARNING - No se pudo obtener confianza de mano: 'google._upb._message.RepeatedCompositeContainer' object has no attribute 'score'
2025-11-16 12:41:05,280 - PictionaryLive - INFO - Mano(s) detectada(s): 1, confianza: 0.00, velocidad: 0.0002
2025-11-16 12:41:05,326 - PictionaryLive - WARNING - No se pudo obtener confianza de mano: 'google._upb._message.RepeatedCompositeContainer' object has no attribute 'score'
2025-11-16 12:41:05,326 - PictionaryLive - INFO - Mano(s) detectada(s): 1, confianza: 0.00, velocidad: 0.0019
2025-11-16 12:41:05,377 - PictionaryLive - WARNING - No se pudo obtener confianza de mano: 'google._upb._message.RepeatedCompositeContainer' object has no attribute 'score'
2025-11-16 12:41:05,377 - PictionaryLive - INFO - Mano(s) detectada(s): 1, confianza: 0.00, velocidad: 0.0176
2025-11-16 12:41:05,427 - PictionaryLive - WARNING - No se pudo obtener confianza de mano: 'google._upb._message.RepeatedCompositeContainer' object has no attribute 'score'
2025-11-16 12:41:05,427 - PictionaryLive - INFO - Mano(s) detectada(s): 1, confianza: 0.00, velocidad: 0.0174
2025-11-16 12:41:05,477 - PictionaryLive - WARNING - No se pudo obtener confianza de mano: 'google._upb._message.RepeatedCompositeContainer' object has no attribute 'score'
2025-11-16 12:41:05,477 - PictionaryLive - INFO - Mano(s) detectada(s): 1, confianza: 0.00, velocidad: 0.0202
2025-11-16 12:41:05,527 - PictionaryLive - WARNING - No se pudo obtener confianza de mano: 'google._upb._message.RepeatedCompositeContainer' object has no attribute 'score'
2025-11-16 12:41:05,527 - PictionaryLive - INFO - Mano(s) detectada(s): 1, confianza: 0.00, velocidad: 0.0238
2025-11-16 12:41:05,576 - PictionaryLive - WARNING - No se pudo obtener confianza de mano: 'google._upb._message.RepeatedCompositeContainer' object has no attribute 'score'
2025-11-16 12:41:05,576 - PictionaryLive - INFO - Mano(s) detectada(s): 1, confianza: 0.00, velocidad: 0.0297
2025-11-16 12:41:05,630 - PictionaryLive - WARNING - No se pudo obtener confianza de mano: 'google._upb._message.RepeatedCompositeContainer' object has no attribute 'score'
2025-11-16 12:41:05,630 - PictionaryLive - INFO - Mano(s) detectada(s): 1, confianza: 0.00, velocidad: 0.0325
2025-11-16 12:41:05,676 - PictionaryLive - WARNING - No se pudo obtener confianza de mano: 'google._upb._message.RepeatedCompositeContainer' object has no attribute 'score'
2025-11-16 12:41:05,676 - PictionaryLive - INFO - Mano(s) detectada(s): 1, confianza: 0.00, velocidad: 0.1233
2025-11-16 12:41:05,732 - PictionaryLive - WARNING - No se pudo obtener confianza de mano: 'google._upb._message.RepeatedCompositeContainer' object has no attribute 'score'
2025-11-16 12:41:05,733 - PictionaryLive - INFO - Mano(s) detectada(s): 1, confianza: 0.00, velocidad: 0.0324
2025-11-16 12:41:05,777 - PictionaryLive - WARNING - No se pudo obtener confianza de mano: 'google._upb._message.RepeatedCompositeContainer' object has no attribute 'score'
2025-11-16 12:41:05,777 - PictionaryLive - INFO - Mano(s) detectada(s): 1, confianza: 0.00, velocidad: 0.0319
2025-11-16 12:41:05,827 - PictionaryLive - WARNING - No se pudo obtener confianza de mano: 'google._upb._message.RepeatedCompositeContainer' object has no attribute 'score'
2025-11-16 12:41:05,827 - PictionaryLive - INFO - Mano(s) detectada(s): 1, confianza: 0.00, velocidad: 0.0309
2025-11-16 12:41:05,877 - PictionaryLive - WARNING - No se pudo obtener confianza de mano: 'google._upb._message.RepeatedCompositeContainer' object has no attribute 'score'
2025-11-16 12:41:05,877 - PictionaryLive - INFO - Mano(s) detectada(s): 1, confianza: 0.00, velocidad: 0.0338
2025-11-16 12:41:05,927 - PictionaryLive - WARNING - No se pudo obtener confianza de mano: 'google._upb._message.RepeatedCompositeContainer' object has no attribute 'score'
2025-11-16 12:41:05,927 - PictionaryLive - INFO - Mano(s) detectada(s): 1, confianza: 0.00, velocidad: 0.0329
2025-11-16 12:41:05,977 - PictionaryLive - WARNING - No se pudo obtener confianza de mano: 'google._upb._message.RepeatedCompositeContainer' object has no attribute 'score'
2025-11-16 12:41:05,977 - PictionaryLive - INFO - Mano(s) detectada(s): 1, confianza: 0.00, velocidad: 0.1425
2025-11-16 12:41:06,027 - PictionaryLive - WARNING - No se pudo obtener confianza de mano: 'google._upb._message.RepeatedCompositeContainer' object has no attribute 'score'
2025-11-16 12:41:06,027 - PictionaryLive - INFO - Mano(s) detectada(s): 1, confianza: 0.00, velocidad: 0.0491
2025-11-16 12:41:06,081 - PictionaryLive - WARNING - No se pudo obtener confianza de mano: 'google._upb._message.RepeatedCompositeContainer' object has no attribute 'score'
2025-11-16 12:41:06,081 - PictionaryLive - INFO - Mano(s) detectada(s): 1, confianza: 0.00, velocidad: 0.0570
2025-11-16 12:41:06,127 - PictionaryLive - WARNING - No se pudo obtener confianza de mano: 'google._upb._message.RepeatedCompositeContainer' object has no attribute 'score'
2025-11-16 12:41:06,127 - PictionaryLive - INFO - Mano(s) detectada(s): 1, confianza: 0.00, velocidad: 0.0504
2025-11-16 12:41:06,177 - PictionaryLive - WARNING - No se pudo obtener confianza de mano: 'google._upb._message.RepeatedCompositeContainer' object has no attribute 'score'
2025-11-16 12:41:06,177 - PictionaryLive - INFO - Mano(s) detectada(s): 1, confianza: 0.00, velocidad: 0.0771
2025-11-16 12:41:06,227 - PictionaryLive - WARNING - No se pudo obtener confianza de mano: 'google._upb._message.RepeatedCompositeContainer' object has no attribute 'score'
2025-11-16 12:41:06,227 - PictionaryLive - INFO - Mano(s) detectada(s): 1, confianza: 0.00, velocidad: 0.1726
2025-11-16 12:41:06,277 - PictionaryLive - WARNING - No se pudo obtener confianza de mano: 'google._upb._message.RepeatedCompositeContainer' object has no attribute 'score'
2025-11-16 12:41:06,277 - PictionaryLive - INFO - Mano(s) detectada(s): 1, confianza: 0.00, velocidad: 0.0439
2025-11-16 12:41:06,327 - PictionaryLive - WARNING - No se pudo obtener confianza de mano: 'google._upb._message.RepeatedCompositeContainer' object has no attribute 'score'
2025-11-16 12:41:06,327 - PictionaryLive - INFO - Mano(s) detectada(s): 1, confianza: 0.00, velocidad: 0.0347
2025-11-16 12:41:06,381 - PictionaryLive - WARNING - No se pudo obtener confianza de mano: 'google._upb._message.RepeatedCompositeContainer' object has no attribute 'score'
2025-11-16 12:41:06,381 - PictionaryLive - INFO - Mano(s) detectada(s): 1, confianza: 0.00, velocidad: 0.0257
2025-11-16 12:41:06,427 - PictionaryLive - WARNING - No se pudo obtener confianza de mano: 'google._upb._message.RepeatedCompositeContainer' object has no attribute 'score'
2025-11-16 12:41:06,427 - PictionaryLive - INFO - Mano(s) detectada(s): 1, confianza: 0.00, velocidad: 0.0307
2025-11-16 12:41:06,483 - PictionaryLive - WARNING - No se pudo obtener confianza de mano: 'google._upb._message.RepeatedCompositeContainer' object has no attribute 'score'
2025-11-16 12:41:06,483 - PictionaryLive - INFO - Mano(s) detectada(s): 1, confianza: 0.00, velocidad: 0.0327
2025-11-16 12:41:06,531 - PictionaryLive - WARNING - No se pudo obtener confianza de mano: 'google._upb._message.RepeatedCompositeContainer' object has no attribute 'score'
2025-11-16 12:41:06,531 - PictionaryLive - INFO - Mano(s) detectada(s): 1, confianza: 0.00, velocidad: 0.0315
2025-11-16 12:41:06,577 - PictionaryLive - WARNING - No se pudo obtener confianza de mano: 'google._upb._message.RepeatedCompositeContainer' object has no attribute 'score'
2025-11-16 12:41:06,577 - PictionaryLive - INFO - Mano(s) detectada(s): 1, confianza: 0.00, velocidad: 0.0862
2025-11-16 12:41:06,631 - PictionaryLive - WARNING - No se pudo obtener confianza de mano: 'google._upb._message.RepeatedCompositeContainer' object has no attribute 'score'
2025-11-16 12:41:06,631 - PictionaryLive - INFO - Mano(s) detectada(s): 1, confianza: 0.00, velocidad: 0.0168
2025-11-16 12:41:06,681 - PictionaryLive - WARNING - No se pudo obtener confianza de mano: 'google._upb._message.RepeatedCompositeContainer' object has no attribute 'score'
2025-11-16 12:41:06,681 - PictionaryLive - INFO - Mano(s) detectada(s): 1, confianza: 0.00, velocidad: 0.0173
2025-11-16 12:41:06,729 - PictionaryLive - WARNING - No se pudo obtener confianza de mano: 'google._upb._message.RepeatedCompositeContainer' object has no attribute 'score'
2025-11-16 12:41:06,729 - PictionaryLive - INFO - Mano(s) detectada(s): 1, confianza: 0.00, velocidad: 0.0139
2025-11-16 12:41:06,777 - PictionaryLive - WARNING - No se pudo obtener confianza de mano: 'google._upb._message.RepeatedCompositeContainer' object has no attribute 'score'
2025-11-16 12:41:06,777 - PictionaryLive - INFO - Mano(s) detectada(s): 1, confianza: 0.00, velocidad: 0.0160
2025-11-16 12:41:06,826 - PictionaryLive - WARNING - No se pudo obtener confianza de mano: 'google._upb._message.RepeatedCompositeContainer' object has no attribute 'score'
2025-11-16 12:41:06,826 - PictionaryLive - INFO - Mano(s) detectada(s): 1, confianza: 0.00, velocidad: 0.0128
2025-11-16 12:41:06,877 - PictionaryLive - WARNING - No se pudo obtener confianza de mano: 'google._upb._message.RepeatedCompositeContainer' object has no attribute 'score'
2025-11-16 12:41:06,877 - PictionaryLive - INFO - Mano(s) detectada(s): 1, confianza: 0.00, velocidad: 0.0549
2025-11-16 12:41:06,927 - PictionaryLive - WARNING - No se pudo obtener confianza de mano: 'google._upb._message.RepeatedCompositeContainer' object has no attribute 'score'
2025-11-16 12:41:06,927 - PictionaryLive - INFO - Mano(s) detectada(s): 1, confianza: 0.00, velocidad: 0.0075
2025-11-16 12:41:06,976 - PictionaryLive - WARNING - No se pudo obtener confianza de mano: 'google._upb._message.RepeatedCompositeContainer' object has no attribute 'score'
2025-11-16 12:41:06,976 - PictionaryLive - INFO - Mano(s) detectada(s): 1, confianza: 0.00, velocidad: 0.0042
2025-11-16 12:41:07,031 - PictionaryLive - WARNING - No se pudo obtener confianza de mano: 'google._upb._message.RepeatedCompositeContainer' object has no attribute 'score'
2025-11-16 12:41:07,031 - PictionaryLive - INFO - Mano(s) detectada(s): 1, confianza: 0.00, velocidad: 0.0045
2025-11-16 12:41:07,077 - PictionaryLive - WARNING - No se pudo obtener confianza de mano: 'google._upb._message.RepeatedCompositeContainer' object has no attribute 'score'
2025-11-16 12:41:07,077 - PictionaryLive - INFO - Mano(s) detectada(s): 1, confianza: 0.00, velocidad: 0.0040
2025-11-16 12:41:07,132 - PictionaryLive - WARNING - No se pudo obtener confianza de mano: 'google._upb._message.RepeatedCompositeContainer' object has no attribute 'score'
2025-11-16 12:41:07,133 - PictionaryLive - INFO - Mano(s) detectada(s): 1, confianza: 0.00, velocidad: 0.0055
2025-11-16 12:41:07,177 - PictionaryLive - WARNING - No se pudo obtener confianza de mano: 'google._upb._message.RepeatedCompositeContainer' object has no attribute 'score'
2025-11-16 12:41:07,177 - PictionaryLive - INFO - Mano(s) detectada(s): 1, confianza: 0.00, velocidad: 0.0089
2025-11-16 12:41:07,232 - PictionaryLive - WARNING - No se pudo obtener confianza de mano: 'google._upb._message.RepeatedCompositeContainer' object has no attribute 'score'
2025-11-16 12:41:07,233 - PictionaryLive - INFO - Mano(s) detectada(s): 1, confianza: 0.00, velocidad: 0.0013
2025-11-16 12:41:07,277 - PictionaryLive - WARNING - No se pudo obtener confianza de mano: 'google._upb._message.RepeatedCompositeContainer' object has no attribute 'score'
2025-11-16 12:41:07,277 - PictionaryLive - INFO - Mano(s) detectada(s): 1, confianza: 0.00, velocidad: 0.0044
2025-11-16 12:41:07,327 - PictionaryLive - WARNING - No se pudo obtener confianza de mano: 'google._upb._message.RepeatedCompositeContainer' object has no attribute 'score'
2025-11-16 12:41:07,327 - PictionaryLive - INFO - Mano(s) detectada(s): 1, confianza: 0.00, velocidad: 0.0031
2025-11-16 12:41:07,377 - PictionaryLive - WARNING - No se pudo obtener confianza de mano: 'google._upb._message.RepeatedCompositeContainer' object has no attribute 'score'
2025-11-16 12:41:07,377 - PictionaryLive - INFO - Mano(s) detectada(s): 1, confianza: 0.00, velocidad: 0.0020
2025-11-16 12:41:07,433 - PictionaryLive - WARNING - No se pudo obtener confianza de mano: 'google._upb._message.RepeatedCompositeContainer' object has no attribute 'score'
2025-11-16 12:41:07,433 - PictionaryLive - INFO - Mano(s) detectada(s): 1, confianza: 0.00, velocidad: 0.0017
2025-11-16 12:41:07,477 - PictionaryLive - WARNING - No se pudo obtener confianza de mano: 'google._upb._message.RepeatedCompositeContainer' object has no attribute 'score'
2025-11-16 12:41:07,477 - PictionaryLive - INFO - Mano(s) detectada(s): 1, confianza: 0.00, velocidad: 0.0055
2025-11-16 12:41:07,532 - PictionaryLive - WARNING - No se pudo obtener confianza de mano: 'google._upb._message.RepeatedCompositeContainer' object has no attribute 'score'
2025-11-16 12:41:07,532 - PictionaryLive - INFO - Mano(s) detectada(s): 1, confianza: 0.00, velocidad: 0.0015
2025-11-16 12:41:07,581 - PictionaryLive - WARNING - No se pudo obtener confianza de mano: 'google._upb._message.RepeatedCompositeContainer' object has no attribute 'score'
2025-11-16 12:41:07,581 - PictionaryLive - INFO - Mano(s) detectada(s): 1, confianza: 0.00, velocidad: 0.0001
2025-11-16 12:41:07,627 - PictionaryLive - WARNING - No se pudo obtener confianza de mano: 'google._upb._message.RepeatedCompositeContainer' object has no attribute 'score'
2025-11-16 12:41:07,627 - PictionaryLive - INFO - Mano(s) detectada(s): 1, confianza: 0.00, velocidad: 0.0002
2025-11-16 12:41:07,681 - PictionaryLive - WARNING - No se pudo obtener confianza de mano: 'google._upb._message.RepeatedCompositeContainer' object has no attribute 'score'
2025-11-16 12:41:07,681 - PictionaryLive - INFO - Mano(s) detectada(s): 1, confianza: 0.00, velocidad: 0.0008
2025-11-16 12:41:07,731 - PictionaryLive - WARNING - No se pudo obtener confianza de mano: 'google._upb._message.RepeatedCompositeContainer' object has no attribute 'score'
2025-11-16 12:41:07,731 - PictionaryLive - INFO - Mano(s) detectada(s): 1, confianza: 0.00, velocidad: 0.0026
2025-11-16 12:41:07,776 - PictionaryLive - WARNING - No se pudo obtener confianza de mano: 'google._upb._message.RepeatedCompositeContainer' object has no attribute 'score'
2025-11-16 12:41:07,776 - PictionaryLive - INFO - Mano(s) detectada(s): 1, confianza: 0.00, velocidad: 0.0066
2025-11-16 12:41:07,831 - PictionaryLive - WARNING - No se pudo obtener confianza de mano: 'google._upb._message.RepeatedCompositeContainer' object has no attribute 'score'
2025-11-16 12:41:07,831 - PictionaryLive - INFO - Mano(s) detectada(s): 1, confianza: 0.00, velocidad: 0.0017
2025-11-16 12:41:07,877 - PictionaryLive - WARNING - No se pudo obtener confianza de mano: 'google._upb._message.RepeatedCompositeContainer' object has no attribute 'score'
2025-11-16 12:41:07,877 - PictionaryLive - INFO - Mano(s) detectada(s): 1, confianza: 0.00, velocidad: 0.0012
2025-11-16 12:41:07,927 - PictionaryLive - WARNING - No se pudo obtener confianza de mano: 'google._upb._message.RepeatedCompositeContainer' object has no attribute 'score'
2025-11-16 12:41:07,927 - PictionaryLive - INFO - Mano(s) detectada(s): 1, confianza: 0.00, velocidad: 0.0017
2025-11-16 12:41:07,981 - PictionaryLive - WARNING - No se pudo obtener confianza de mano: 'google._upb._message.RepeatedCompositeContainer' object has no attribute 'score'
2025-11-16 12:41:07,981 - PictionaryLive - INFO - Mano(s) detectada(s): 1, confianza: 0.00, velocidad: 0.0013
2025-11-16 12:41:08,026 - PictionaryLive - WARNING - No se pudo obtener confianza de mano: 'google._upb._message.RepeatedCompositeContainer' object has no attribute 'score'
2025-11-16 12:41:08,026 - PictionaryLive - INFO - Mano(s) detectada(s): 1, confianza: 0.00, velocidad: 0.0026
2025-11-16 12:41:08,084 - PictionaryLive - WARNING - No se pudo obtener confianza de mano: 'google._upb._message.RepeatedCompositeContainer' object has no attribute 'score'
2025-11-16 12:41:08,084 - PictionaryLive - INFO - Mano(s) detectada(s): 1, confianza: 0.00, velocidad: 0.0452
2025-11-16 12:41:08,084 - PictionaryLive - INFO - Predicción: couch (77.3%)
2025-11-16 12:41:08,131 - PictionaryLive - WARNING - No se pudo obtener confianza de mano: 'google._upb._message.RepeatedCompositeContainer' object has no attribute 'score'
2025-11-16 12:41:08,131 - PictionaryLive - INFO - Mano(s) detectada(s): 1, confianza: 0.00, velocidad: 0.0153
2025-11-16 12:41:08,182 - PictionaryLive - WARNING - No se pudo obtener confianza de mano: 'google._upb._message.RepeatedCompositeContainer' object has no attribute 'score'
2025-11-16 12:41:08,182 - PictionaryLive - INFO - Mano(s) detectada(s): 1, confianza: 0.00, velocidad: 0.0057
2025-11-16 12:41:08,230 - PictionaryLive - WARNING - No se pudo obtener confianza de mano: 'google._upb._message.RepeatedCompositeContainer' object has no attribute 'score'
2025-11-16 12:41:08,230 - PictionaryLive - INFO - Mano(s) detectada(s): 1, confianza: 0.00, velocidad: 0.0104
2025-11-16 12:41:08,276 - PictionaryLive - WARNING - No se pudo obtener confianza de mano: 'google._upb._message.RepeatedCompositeContainer' object has no attribute 'score'
2025-11-16 12:41:08,276 - PictionaryLive - INFO - Mano(s) detectada(s): 1, confianza: 0.00, velocidad: 0.0198
2025-11-16 12:41:08,327 - PictionaryLive - WARNING - No se pudo obtener confianza de mano: 'google._upb._message.RepeatedCompositeContainer' object has no attribute 'score'
2025-11-16 12:41:08,327 - PictionaryLive - INFO - Mano(s) detectada(s): 1, confianza: 0.00, velocidad: 0.0144
2025-11-16 12:41:08,376 - PictionaryLive - WARNING - No se pudo obtener confianza de mano: 'google._upb._message.RepeatedCompositeContainer' object has no attribute 'score'
2025-11-16 12:41:08,376 - PictionaryLive - INFO - Mano(s) detectada(s): 1, confianza: 0.00, velocidad: 0.0648
2025-11-16 12:41:08,427 - PictionaryLive - WARNING - No se pudo obtener confianza de mano: 'google._upb._message.RepeatedCompositeContainer' object has no attribute 'score'
2025-11-16 12:41:08,427 - PictionaryLive - INFO - Mano(s) detectada(s): 1, confianza: 0.00, velocidad: 0.0352
2025-11-16 12:41:08,501 - PictionaryLive - WARNING - No se pudo obtener confianza de mano: 'google._upb._message.RepeatedCompositeContainer' object has no attribute 'score'
2025-11-16 12:41:08,501 - PictionaryLive - INFO - Mano(s) detectada(s): 1, confianza: 0.00, velocidad: 0.0464
2025-11-16 12:41:08,547 - PictionaryLive - WARNING - No se pudo obtener confianza de mano: 'google._upb._message.RepeatedCompositeContainer' object has no attribute 'score'
2025-11-16 12:41:08,547 - PictionaryLive - INFO - Mano(s) detectada(s): 1, confianza: 0.00, velocidad: 0.0549
2025-11-16 12:41:08,593 - PictionaryLive - INFO - No se detectó mano en este frame
2025-11-16 12:41:08,635 - PictionaryLive - INFO - No se detectó mano en este frame
2025-11-16 12:41:08,667 - PictionaryLive - INFO - No se detectó mano en este frame
2025-11-16 12:41:08,697 - PictionaryLive - INFO - No se detectó mano en este frame
2025-11-16 12:41:08,738 - PictionaryLive - INFO - No se detectó mano en este frame
2025-11-16 12:41:08,765 - PictionaryLive - INFO - No se detectó mano en este frame
2025-11-16 12:41:08,798 - PictionaryLive - INFO - No se detectó mano en este frame
2025-11-16 12:41:08,838 - PictionaryLive - INFO - No se detectó mano en este frame
2025-11-16 12:41:08,882 - PictionaryLive - INFO - No se detectó mano en este frame
2025-11-16 12:41:08,925 - PictionaryLive - INFO - No se detectó mano en este frame
2025-11-16 12:41:08,960 - PictionaryLive - INFO - No se detectó mano en este frame
2025-11-16 12:41:08,993 - PictionaryLive - INFO - No se detectó mano en este frame
2025-11-16 12:41:09,032 - PictionaryLive - INFO - No se detectó mano en este frame
2025-11-16 12:41:09,060 - PictionaryLive - INFO - No se detectó mano en este frame
2025-11-16 12:41:09,099 - PictionaryLive - INFO - No se detectó mano en este frame
2025-11-16 12:41:09,126 - PictionaryLive - INFO - No se detectó mano en este frame
2025-11-16 12:41:09,171 - PictionaryLive - INFO - No se detectó mano en este frame
2025-11-16 12:41:09,195 - PictionaryLive - INFO - No se detectó mano en este frame
2025-11-16 12:41:09,226 - PictionaryLive - INFO - No se detectó mano en este frame
2025-11-16 12:41:09,270 - PictionaryLive - INFO - No se detectó mano en este frame
2025-11-16 12:41:09,298 - PictionaryLive - INFO - No se detectó mano en este frame
2025-11-16 12:41:09,330 - PictionaryLive - INFO - No se detectó mano en este frame
2025-11-16 12:41:09,364 - PictionaryLive - INFO - No se detectó mano en este frame
2025-11-16 12:41:09,393 - PictionaryLive - INFO - No se detectó mano en este frame
2025-11-16 12:41:09,427 - PictionaryLive - INFO - No se detectó mano en este frame
2025-11-16 12:41:09,471 - PictionaryLive - INFO - No se detectó mano en este frame
2025-11-16 12:41:09,495 - PictionaryLive - INFO - No se detectó mano en este frame
2025-11-16 12:41:09,531 - PictionaryLive - INFO - No se detectó mano en este frame
2025-11-16 12:41:09,565 - PictionaryLive - INFO - No se detectó mano en este frame
2025-11-16 12:41:09,593 - PictionaryLive - INFO - No se detectó mano en este frame
2025-11-16 12:41:09,630 - PictionaryLive - INFO - No se detectó mano en este frame
2025-11-16 12:41:09,665 - PictionaryLive - INFO - No se detectó mano en este frame
2025-11-16 12:41:09,697 - PictionaryLive - INFO - No se detectó mano en este frame
2025-11-16 12:41:09,726 - PictionaryLive - INFO - No se detectó mano en este frame
2025-11-16 12:41:09,760 - PictionaryLive - INFO - No se detectó mano en este frame
2025-11-16 12:41:09,800 - PictionaryLive - INFO - No se detectó mano en este frame
2025-11-16 12:41:09,826 - PictionaryLive - INFO - No se detectó mano en este frame
2025-11-16 12:41:09,866 - PictionaryLive - INFO - No se detectó mano en este frame
2025-11-16 12:41:09,893 - PictionaryLive - INFO - No se detectó mano en este frame
2025-11-16 12:41:09,932 - PictionaryLive - INFO - No se detectó mano en este frame
2025-11-16 12:41:09,960 - PictionaryLive - INFO - No se detectó mano en este frame
2025-11-16 12:41:10,047 - PictionaryLive - INFO - Usuario cerró la ventana - saliendo
2025-11-16 12:41:10,313 - PictionaryLive - INFO - 
Aplicación cerrada
