2025-11-16 12:16:45,958 - PictionaryLive - INFO - ======================================================================
2025-11-16 12:16:45,958 - PictionaryLive - INFO - PICTIONARY LIVE - Inicializando
2025-11-16 12:16:45,958 - PictionaryLive - INFO - ======================================================================
2025-11-16 12:16:45,973 - PictionaryLive - INFO - MediaPipe Hands inicializado
2025-11-16 12:16:45,974 - PictionaryLive - INFO -   Thresholds: detection=0.2, tracking=0.2
2025-11-16 12:16:45,975 - PictionaryLive - INFO - Modelo info cargado: 3 clases
2025-11-16 12:16:45,976 - PictionaryLive - INFO - Modo demo activado
2025-11-16 12:16:45,976 - PictionaryLive - INFO - 
======================================================================
2025-11-16 12:16:45,976 - PictionaryLive - INFO - VALIDACIÓN DE SETUP
2025-11-16 12:16:45,976 - PictionaryLive - INFO - ======================================================================
2025-11-16 12:16:45,976 - PictionaryLive - INFO -   [OK] IA folder
2025-11-16 12:16:45,976 - PictionaryLive - INFO -   [OK] model_info.json
2025-11-16 12:16:45,977 - PictionaryLive - INFO -   [OK] Hand Detector
2025-11-16 12:16:45,977 - PictionaryLive - INFO -   [OK] Classifier
2025-11-16 12:16:45,977 - PictionaryLive - INFO -   [OK] Stroke Accumulator
2025-11-16 12:16:45,977 - PictionaryLive - INFO -   [OK] Preprocessor
2025-11-16 12:16:45,977 - PictionaryLive - INFO -   [OK] UI
2025-11-16 12:16:53,426 - PictionaryLive - INFO -   [OK] Camara 0 (640x480)
2025-11-16 12:16:53,427 - PictionaryLive - INFO - ======================================================================

2025-11-16 12:16:53,427 - PictionaryLive - INFO - Aplicación inicializada correctamente
2025-11-16 12:16:53,427 - PictionaryLive - INFO - [OK] Captura guardada: frame_20251116_121653.png
