1763301158 | bucket (87.9%) | Top-3: cookie: 62.0%; ceiling fan: 71.9%; helmet: 71.8%
1763301163 | church (74.0%) | Top-3: birthday cake: 60.3%; hamburger: 28.9%; ambulance: 39.7%
1763301170 | drums (74.7%) | Top-3: grass: 69.3%; hammer: 67.8%; bird: 30.6%
1763301173 | dumbbell (93.8%) | Top-3: fence: 33.6%; feather: 63.8%; cookie: 10.9%
1763301177 | aircraft carrier (71.6%) | Top-3: elephant: 11.6%; bulldozer: 15.5%; binoculars: 50.7%
1763301180 | arm (57.9%) | Top-3: flip flops: 54.0%; hot dog: 42.9%; bed: 30.9%
1763301183 | drill (76.3%) | Top-3: cat: 72.3%; cake: 13.1%; fish: 35.9%
1763301186 | cannon (82.4%) | Top-3: bucket: 58.2%; hot air balloon: 21.7%; bulldozer: 26.3%
1763301188 | flashlight (94.7%) | Top-3: bat: 44.5%; bread: 70.2%; garden: 75.5%
1763301191 | bowtie (79.7%) | Top-3: baseball bat: 16.8%; giraffe: 74.1%; cannon: 64.5%
1763301194 | envelope (88.0%) | Top-3: fish: 81.7%; crown: 28.8%; firetruck: 39.2%
1763301627 | giraffe (84.0%) | Top-3: grapes: 69.5%; beach: 71.0%; bucket: 79.0%
1763301629 | cat (70.7%) | Top-3: giraffe: 69.6%; alarm clock: 47.6%; drill: 40.6%
1763301632 | butterfly (56.9%) | Top-3: firetruck: 15.3%; beard: 14.7%; book: 52.2%
1763301635 | bat (78.3%) | Top-3: giraffe: 39.1%; bat: 18.4%; bench: 44.1%
1763301638 | bench (93.6%) | Top-3: canoe: 86.8%; duck: 79.6%; feather: 71.3%
1763301649 | butterfly (84.8%) | Top-3: fish: 69.3%; camel: 80.9%; bracelet: 75.2%
1763302666 | ambulance (78.8%) | Top-3: bridge: 20.9%; binoculars: 34.1%; drill: 27.3%
1763302908 | boomerang (66.4%) | Top-3: baseball bat: 12.6%; couch: 66.1%; belt: 38.6%
1763303240 | chair (66.6%) | Top-3: belt: 14.4%; frog: 29.3%; eraser: 40.1%
1763303243 | cactus (52.9%) | Top-3: elephant: 43.8%; bracelet: 45.9%; crab: 25.7%
1763304484 | brain (13.9%) | Top-3: brain: 13.9%; bush: 8.2%; soccer ball: 7.0%
1763304488 | beard (17.0%) | Top-3: beard: 17.0%; brain: 10.3%; moustache: 5.1%
1763304491 | brain (18.5%) | Top-3: brain: 18.5%; soccer ball: 10.4%; bush: 5.2%
1763304494 | brain (22.9%) | Top-3: brain: 22.9%; beard: 14.4%; bush: 9.7%
1763304497 | brain (20.1%) | Top-3: brain: 20.1%; bush: 19.1%; beard: 8.3%
1763304501 | beard (32.3%) | Top-3: beard: 32.3%; moustache: 21.8%; brain: 9.1%
1763304504 | beard (21.8%) | Top-3: beard: 21.8%; brain: 8.3%; tornado: 5.6%
1763304507 | brain (19.8%) | Top-3: brain: 19.8%; bush: 16.3%; soccer ball: 8.3%
1763304510 | beard (33.2%) | Top-3: beard: 33.2%; brain: 8.3%; soccer ball: 4.8%
1763304514 | brain (8.4%) | Top-3: brain: 8.4%; wristwatch: 4.2%; soccer ball: 4.1%
1763304518 | panda (20.3%) | Top-3: panda: 20.3%; penguin: 6.5%; nail: 3.4%
1763304521 | soccer ball (23.8%) | Top-3: soccer ball: 23.8%; cookie: 9.2%; brain: 8.6%
1763304523 | soccer ball (19.1%) | Top-3: soccer ball: 19.1%; brain: 5.7%; moustache: 5.6%
1763304527 | basketball (10.1%) | Top-3: basketball: 10.1%; baseball: 6.6%; peas: 6.3%
1763304530 | raccoon (30.3%) | Top-3: raccoon: 30.3%; panda: 16.2%; beard: 15.1%
1763304533 | basketball (13.3%) | Top-3: basketball: 13.3%; baseball: 11.8%; soccer ball: 9.0%
1763304536 | beard (46.3%) | Top-3: beard: 46.3%; raccoon: 18.1%; moustache: 11.2%
1763304539 | beard (82.9%) | Top-3: beard: 82.9%; bush: 2.2%; raccoon: 1.7%
1763307448 | The Eiffel Tower (76.4%) | Top-3: bathtub: 52.6%; headphones: 45.4%; guitar: 43.4%
1763307451 | asparagus (68.2%) | Top-3: The Eiffel Tower: 44.2%; drums: 65.3%; cell phone: 58.1%
1763307454 | The Eiffel Tower (73.5%) | Top-3: computer: 23.4%; couch: 10.8%; baseball bat: 31.6%
1763307461 | arm (68.7%) | Top-3: bulldozer: 38.6%; baseball bat: 15.1%; camera: 34.3%
1763307543 | dolphin (76.8%) | Top-3: ear: 73.8%; dolphin: 37.7%; church: 75.2%
1763307546 | camera (75.3%) | Top-3: crab: 74.0%; chandelier: 31.3%; basketball: 41.5%
1763307553 | beard (59.8%) | Top-3: bridge: 40.7%; hat: 25.3%; drill: 43.8%
1763307556 | dolphin (75.0%) | Top-3: couch: 73.0%; book: 19.9%; eraser: 31.4%
1763307559 | fork (50.6%) | Top-3: hot air balloon: 42.8%; birthday cake: 35.5%; golf club: 23.4%
1763307655 | baseball bat (66.4%) | Top-3: broccoli: 39.7%; fan: 63.7%; bed: 52.6%
1763307659 | aircraft carrier (83.6%) | Top-3: beard: 47.4%; duck: 28.1%; guitar: 28.6%
1763307662 | duck (53.6%) | Top-3: dumbbell: 19.3%; bear: 43.0%; bush: 13.5%
1763307665 | giraffe (72.2%) | Top-3: butterfly: 33.5%; ceiling fan: 38.7%; chandelier: 43.6%
1763307668 | couch (77.3%) | Top-3: bear: 11.6%; belt: 68.7%; canoe: 75.0%
